1367432431.95508,0
1367432431.979343,0
1367432432.142074,0
1367432432.173968,0
1367432432.211404,0
1367432432.256882,0
1367432432.402706,0
1367432432.438081,0
1367432432.441756,0
1367432432.52484,0
1367432432.891051,0
1367432432.968619,0
1367432433.136593,0
1367432433.251737,0
1367432433.385231,0
1367432433.603833,0
1367432433.698775,0
1367432433.930136,0
1367432434.164304,0
1367432434.455938,0
1367432434.602835,0
1367432434.769729,0
1367432434.964446,0
1367432435.009961,0
1367432435.058078,0
1367432435.183076,0
1367432435.25622,0
1367432435.466863,0
1367432435.596159,0
1367432435.640972,0
1367432435.643073,0
1367432435.859168,0
1367432435.935034,0
1367432436.034926,0
1367432436.162154,0
1367432436.264605,0
1367432436.327048,0
1367432436.398532,0
1367432436.421443,0
1367432436.435327,0
1367432436.792551,0
1367432436.985604,0
1367432437.033835,0
1367432437.121722,0
1367432437.214091,0
1367432437.247838,0
1367432437.314277,0
1367432437.529035,0
1367432437.533961,0
1367432437.767145,0
1367432437.926732,0
1367432437.960526,0
1367432438.063305,0
1367432438.266411,0
1367432438.302999,0
1367432438.324467,0
1367432438.338648,0
1367432438.348626,0
1367432438.354564,0
1367432438.408728,0
1367432438.681286,0
1367432438.80293,0
1367432438.900628,0
1367432438.913396,0
1367432439.086521,0
1367432439.119612,0
1367432439.36402,0
1367432439.431736,0
1367432439.551405,0
1367432439.694024,0
1367432439.70345,0
1367432439.797501,0
1367432439.962748,0
1367432439.971172,0
1367432440.028024,0
1367432440.084978,0
1367432440.138149,0
1367432440.170083,0
1367432440.233691,0
1367432440.292484,0
1367432440.349691,0
1367432440.46371,0
1367432440.717551,0
1367432440.874773,0
1367432440.931384,0
1367432440.960033,0
1367432440.999911,0
1367432441.147396,0
1367432441.164555,0
1367432441.181265,0
1367432441.255309,0
1367432441.341651,0
1367432441.472967,0
1367432441.554116,0
1367432441.730267,0
1367432441.733166,0
1367432441.745003,0
1367432441.924772,0
1367432441.954202,0
1367432442.010513,0
1367432442.064827,0
1367432442.280331,0
1367432442.366086,0
1367432442.395034,0
1367432442.696038,0
1367432442.906265,0
1367432443.199103,0
1367432443.507405,0
1367432443.769232,0
1367432443.889106,0
1367432443.948934,0
1367432444.083627,0
1367432444.355805,0
1367432444.774773,0
1367432444.82821,0
1367432445.072908,0
1367432445.31348,0
1367432445.329778,0
1367432445.360675,0
1367432445.503407,0
1367432445.858721,0
1367432445.898297,0
1367432446.160987,0
1367432446.220904,0
1367432446.348236,0
1367432446.474687,0
1367432446.800156,0
1367432447.035938,0
1367432447.168508,0
1367432447.426172,0
1367432447.673283,0
1367432447.898875,0
1367432448.305341,0
1367432448.341056,0
1367432448.426597,0
1367432448.721615,0
1367432448.948285,0
1367432449.064845,0
1367432449.315248,0
1367432449.551754,0
1367432449.636135,0
1367432449.682578,0
1367432449.771938,0
1367432449.922692,0
1367432450.350889,0
1367432450.367678,0
1367432450.456698,0
1367432450.73984,0
1367432451.086295,0
1367432451.106266,0
1367432451.229707,0
1367432451.273034,0
1367432451.36892,0
1367432451.641684,0
1367432451.791395,0
1367432451.940947,0
1367432452.00504,0
1367432452.14613,0
1367432452.451856,0
1367432452.518531,0
1367432452.711257,0
1367432452.876228,0
1367432452.974487,0
1367432453.257008,0
1367432453.309762,0
1367432453.374928,0
1367432453.469333,0
1367432453.541419,0
1367432453.711679,0
1367432453.717821,0
1367432453.730938,0
1367432453.748759,0
1367432453.828937,0
1367432453.898383,0
1367432454.050872,0
1367432454.415777,0
1367432454.452164,0
1367432454.674139,0
1367432454.901675,0
1367432454.941313,0
1367432455.024666,0
1367432455.225648,0
1367432455.378616,0
1367432455.486329,0
1367432455.663554,0
1367432455.733665,0
1367432455.809798,0
1367432455.979394,0
1367432456.083334,0
1367432456.213273,0
1367432456.2203,0
1367432456.259794,0
1367432456.328313,0
1367432456.594402,0
1367432456.801852,0
1367432457.090081,0
1367432457.126716,0
1367432457.173785,0
1367432457.310309,0
1367432457.368708,0
1367432457.661393,0
1367432457.791214,0
1367432457.863599,0
1367432458.153781,0
1367432458.230752,0
1367432458.311177,0
1367432458.370979,0
1367432458.402258,0
1367432458.570037,0
1367432458.771568,0
1367432458.835401,0
1367432458.962597,0
1367432459.131884,0
1367432459.280482,0
1367432459.503886,0
1367432459.594012,0
1367432459.830779,0
1367432459.963312,0
1367432459.988146,0
1367432460.055911,0
1367432460.211758,0
1367432460.222626,0
1367432460.268683,0
1367432460.432546,0
1367432460.581611,0
1367432460.596366,0
1367432460.598661,0
1367432460.787204,0
1367432460.806723,0
1367432460.90433,0
1367432461.310447,0
1367432461.357903,0
1367432461.436904,0
1367432461.733913,0
1367432462.008248,0
1367432463.04388,0
1367432463.250364,0
1367432463.296857,0
1367432463.35752,0
1367432463.381909,0
1367432463.433227,0
1367432463.488642,0
1367432463.528189,0
1367432463.635349,0
1367432463.772234,0
1367432463.904362,0
1367432464.093998,0
1367432464.207774,0
1367432464.392546,0
1367432464.510154,0
1367432464.693012,0
1367432464.785246,0
1367432464.824243,0
1367432464.997061,0
1367432465.228837,0
1367432465.246682,0
1367432465.295999,0
1367432465.488665,0
1367432465.698559,0
1367432465.716483,0
1367432465.762705,0
1367432465.961737,0
1367432466.096703,0
1367432466.234147,0
1367432466.407796,0
1367432466.44107,0
1367432466.628081,0
1367432467.934421,0
1367432469.051881,0
1367432469.404498,0
1367432470.976194,0
1367432471.318359,0
1367432473.334987,0
1367432473.643025,0
1367432473.776731,0
1367432475.494764,0
1367432475.750933,0
1367432476.323619,0
1367432477.033747,0
1367432477.399219,0
1367432478.033971,0
1367432478.173229,0
1367432478.745509,0
1367432480.25023,0
1367432481.305389,0
1367432482.257573,0
1367432482.680239,0
1367432483.278439,0
1367432484.357662,0
1367432485.51037,0
1367432485.985082,0
1367432487.090231,0
1367432488.038578,0
1367432488.551417,0
1367432488.616308,0
1367432488.816828,0
1367432489.58213,0
1367432489.82363,0
1367432490.905317,0
1367432495.904059,0
1367432497.946651,0
1367432500.317725,0
1367432502.700904,0
1367432502.93207,0
1367432503.247796,0
1367432503.356708,0
1367432503.825451,0
1367432504.307854,0
1367432504.314129,0
1367432504.386152,0
1367432504.450055,0
1367432505.219456,0
1367432505.557028,0
1367432505.720344,0
1367432506.551021,0
1367432507.162012,0
1367432507.450536,0
1367432508.280297,0
1367432508.885733,0
1367432509.020401,0
1367432509.246921,0
1367432509.55939,0
1367432509.602011,0
1367432509.899024,0
1367432509.950679,0
1367432509.964314,0
1367432510.111871,0
1367432510.222335,0
1367432510.320684,0
1367432510.590018,0
1367432510.620198,0
1367432510.793801,0
1367432511.005189,0
1367432511.169587,0
1367432511.309816,0
1367432511.41044,0
1367432511.440179,0
1367432511.585508,0
1367432511.632814,0
1367432511.662669,0
1367432511.7062,0
1367432511.850611,0
1367432511.979753,0
1367432512.153624,0
1367432512.261952,0
1367432512.351548,0
1367432512.523663,0
1367432512.902938,0
1367432513.066699,0
1367432513.21947,0
1367432513.430049,0
1367432513.530792,0
1367432513.581463,0
1367432513.657836,0
1367432513.77227,0
1367432513.833694,0
1367432513.995895,0
1367432514.181432,0
1367432514.346709,0
1367432514.491867,0
1367432514.514861,0
1367432514.6789,0
1367432514.874425,0
1367432514.913555,0
1367432514.976011,0
1367432514.994089,0
1367432515.181276,0
1367432515.425924,0
1367432515.907525,0
1367432515.959097,0
1367432516.101454,0
1367432516.217533,0
1367432516.307029,0
1367432516.431778,0
1367432516.440808,0
1367432516.658405,0
1367432516.711124,0
1367432517.086597,0
1367432517.537514,0
1367432517.97244,0
1367432519.221103,0
1367432520.064,0
1367432520.340736,0
1367432521.867191,0
1367432523.082289,0
1367432524.103643,0
1367432524.155074,0
1367432525.209998,0
1367432526.04068,0
1367432526.676575,0
1367432527.412922,0
1367432528.577382,0
1367432530.576068,0
1367432531.834084,0
1367432532.066835,0
1367432533.045991,0
1367432533.632882,0
1367432534.953853,0
1367432536.672878,0
1367432536.902664,0
1367432538.612473,0
1367432538.88815,0
1367432539.703915,0
1367432539.85985,0
1367432540.212186,0
1367432540.697537,0
1367432541.320974,0
1367432541.869486,0
1367432541.92915,0
1367432542.119754,0
1367432542.344975,0
1367432542.596115,0
1367432542.916095,0
1367432543.01987,0
1367432543.163729,0
1367432543.377228,0
1367432543.563673,0
1367432543.779168,0
1367432543.809028,0
1367432543.834118,0
1367432544.102918,0
1367432544.122066,0
1367432544.25222,0
1367432544.285099,0
1367432544.395349,0
1367432544.414985,0
1367432544.42957,0
1367432544.503496,0
1367432544.512873,0
1367432544.552912,0
1367432544.63942,0
1367432544.732868,0
1367432544.950085,0
1367432544.993118,0
1367432545.007074,0
1367432545.088036,0
1367432545.137052,0
1367432545.19814,0
1367432545.289212,0
1367432545.558167,0
1367432545.701332,0
1367432545.805568,0
1367432545.896695,0
1367432546.013818,0
1367432546.063191,0
1367432546.320298,0
1367432546.593508,0
1367432546.6802,0
1367432546.875796,0
1367432547.065243,0
1367432547.139562,0
1367432547.269297,0
1367432547.314944,0
1367432547.334013,0
1367432547.463449,0
1367432547.546203,0
1367432547.554179,0
1367432547.607734,0
1367432547.62211,0
1367432547.693611,0
1367432547.921393,0
1367432548.028391,0
1367432548.186202,0
1367432548.200577,0
1367432548.242126,0
1367432548.492461,0
1367432548.557043,0
1367432548.595756,0
1367432548.76255,0
1367432548.910419,0
1367432549.158254,0
1367432549.283591,0
1367432549.538786,0
1367432549.566326,0
1367432549.739301,0
1367432549.926137,0
1367432550.156569,0
1367432550.228249,0
1367432550.412147,0
1367432550.46656,0
1367432550.524243,0
1367432550.558371,0
1367432550.574202,0
1367432550.585449,0
1367432550.761586,0
1367432550.868396,0
1367432550.925001,0
1367432551.056183,0
1367432551.112335,0
1367432551.204541,0
1367432551.22706,0
1367432551.281468,0
1367432551.405311,0
1367432552.078983,0
1367432554.143476,0
1367432554.57658,0
1367432555.382754,0
1367432556.237994,0
1367432557.379108,0
1367432557.527976,0
1367432557.572559,0
1367432558.742306,0
1367432559.528144,0
1367432561.165263,0
1367432561.906434,0
1367432561.975969,0
1367432563.067904,0
1367432563.415214,0
1367432563.93351,0
1367432564.089544,0
1367432564.097641,0
1367432564.297058,0
1367432564.630459,0
1367432565.455765,0
1367432565.927369,0
1367432566.098526,0
1367432566.612142,0
1367432567.01843,0
1367432567.84023,0
1367432568.775484,0
1367432569.71494,0
1367432570.554572,0
1367432570.857867,0
1367432571.783152,0
1367432572.945238,0
1367432573.27116,0
1367432573.279927,0
1367432573.750667,0
1367432574.029849,0
1367432574.74475,0
1367432575.863817,0
1367432576.787117,0
1367432577.948674,0
1367432578.992192,0
1367432579.099295,0
1367432580.407528,0
1367432581.28641,0
1367432581.37813,0
1367432581.857147,0
1367432583.08411,0
1367432585.907753,0
1367432587.652674,0
1367432588.874914,0
1367432589.969919,0
1367432590.404736,0
1367432591.158748,0
1367432592.054949,0
1367432592.597868,0
1367432592.854056,0
1367432592.966953,0
1367432593.220482,0
1367432593.450268,0
1367432593.576659,0
1367432594.035623,0
1367432594.306181,0
1367432594.535001,0
1367432594.973784,0
1367432595.054102,0
1367432595.659807,0
1367432595.915165,0
1367432596.035297,0
1367432597.098903,0
1367432597.323826,0
1367432597.63528,0
1367432597.897986,0
1367432598.109816,0
1367432598.153787,0
1367432598.295406,0
1367432598.51544,0
1367432598.692677,0
1367432598.707977,0
1367432598.95759,0
1367432599.037577,0
1367432599.049971,0
1367432599.233719,0
1367432599.439482,0
1367432599.526683,0
1367432599.556144,0
1367432599.569853,0
1367432599.794513,0
1367432600.756423,0
1367432601.021931,0
1367432601.282615,0
1367432601.3786,0
1367432601.417992,0
1367432601.62738,0
1367432601.674722,0
1367432601.852826,0
1367432601.865753,0
1367432601.973183,0
1367432602.217576,0
1367432602.327551,0
1367432602.337616,0
1367432602.453039,0
1367432602.462859,0
1367432602.483782,0
1367432602.59201,0
1367432602.696555,0
1367432602.724331,0
1367432602.785583,0
1367432602.990783,0
1367432603.003732,0
1367432603.019605,0
1367432603.138648,0
1367432603.396183,0
1367432603.506166,0
1367432603.632007,0
1367432606.83026,0
1367432607.778789,0
1367432610.309378,0
1367432610.661553,0
1367432612.017226,0
1367432613.497244,0
1367432614.540242,0
1367432615.691143,0
1367432617.100468,0
1367432624.116393,0
1367432624.338389,0
1367432624.490672,0
1367432625.096115,0
1367432625.535906,0
1367432625.600537,0
1367432625.663436,0
1367432625.72148,0
1367432625.748792,0
1367432625.806447,0
1367432626.015461,0
1367432626.283175,0
1367432626.533861,0
1367432626.702074,0
1367432626.907754,0
1367432627.091677,0
1367432627.167071,0
1367432627.37807,0
1367432627.589417,0
1367432627.788504,0
1367432627.891751,0
1367432628.068434,0
1367432628.294444,0
1367432628.624804,0
1367432629.145935,0
1367432629.364832,0
1367432629.42458,0
1367432629.596038,0
1367432629.717878,0
1367432629.804802,0
1367432629.894454,0
1367432630.082719,0
1367432630.3621,0
1367432630.839203,0
1367432630.924368,0
1367432630.991114,0
1367432631.17465,0
1367432631.186136,0
1367432631.195917,0
1367432631.238344,0
1367432631.374775,0
1367432631.395938,0
1367432631.417205,0
1367432631.54365,0
1367432631.725322,0
1367432631.826855,0
1367432631.978945,0
1367432632.140669,0
1367432632.487268,0
1367432632.53778,0
1367432632.707125,0
1367432632.835371,0
1367432632.85316,0
1367432632.936193,0
1367432632.98546,0
1367432633.004334,0
1367432633.239298,0
1367432633.463785,0
1367432633.56381,0
1367432633.656384,0
1367432633.743955,0
1367432633.805189,0
1367432633.894196,0
1367432634.042248,0
1367432634.230139,0
1367432634.289783,0
1367432634.31439,0
1367432634.332575,0
1367432634.365059,0
1367432634.635304,0
1367432634.764542,0
1367432635.653671,0
1367432637.018726,0
1367432637.169363,0
1367432637.627009,0
1367432639.092008,0
1367432640.002502,0
1367432640.67206,0
1367432641.169396,0
1367432642.210023,0
1367432642.978385,0
1367432643.260249,0
1367432643.435785,0
1367432644.636229,0
1367432646.868436,0
1367432648.099229,0
1367432648.167962,0
1367432649.218715,0
1367432649.419379,0
1367432650.074029,0
1367432651.583957,0
1367432652.598164,0
1367432652.676212,0
1367432652.74297,0
1367432653.300918,0
1367432654.073395,0
1367432654.381623,0
1367432655.328888,0
1367432656.451575,0
1367432657.457651,0
1367432657.531939,0
1367432657.740909,0
1367432657.778329,0
1367432657.833793,0
1367432657.912308,0
1367432658.025819,0
1367432658.564456,0
1367432659.043509,0
1367432660.16721,0
1367432660.822926,0
1367432661.463876,0
1367432662.621177,0
1367432664.258619,0
1367432664.579274,0
1367432665.191764,0
1367432666.481609,0
1367432667.179705,0
1367432667.432243,0
1367432668.305362,0
1367432669.864468,0
1367432670.813167,0
1367432671.761672,0
1367432673.296439,0
1367432674.483425,0
1367432675.296891,0
1367432676.081698,0
1367432676.308488,0
1367432676.853355,0
1367432677.893903,0
1367432678.244573,0
1367432678.787479,0
1367432679.163456,0
1367432680.253726,0
1367432680.361232,0
1367432680.673128,0
1367432680.955849,0
1367432681.996531,0
1367432682.099627,0
1367432682.719873,0
1367432683.049072,0
1367432683.375885,0
1367432684.101304,0
1367432684.737562,0
1367432685.511906,0
1367432685.586593,0
1367432685.860245,0
1367432686.529002,0
1367432686.534618,0
1367432686.576223,0
1367432686.647157,0
1367432686.722027,0
1367432686.784029,0
1367432687.039823,0
1367432687.136898,0
1367432687.281174,0
1367432687.496888,0
1367432687.731077,0
1367432687.791836,0
1367432687.886494,0
1367432688.102418,0
1367432688.13656,0
1367432688.354184,0
1367432688.589869,0
1367432688.746166,0
1367432688.926217,0
1367432689.045208,0
1367432689.247855,0
1367432689.377715,0
1367432689.552291,0
1367432689.613744,0
1367432689.626105,0
1367432689.760938,0
1367432690.006495,0
1367432690.097591,0
1367432690.218994,0
1367432690.851203,0
1367432691.352555,0
1367432691.564874,0
1367432691.797109,0
1367432691.908385,0
1367432692.325128,0
1367432692.42899,0
1367432692.548749,0
1367432693.580572,0
1367432693.831053,0
1367432695.021591,0
1367432695.567201,0
1367432695.715313,0
1367432696.034492,0
1367432696.348823,0
1367432697.062359,0
1367432697.775673,0
1367432698.188291,0
1367432698.367366,0
1367432699.495663,0
1367432699.662463,0
1367432702.405421,0
1367432702.526889,0
1367432704.062927,0
1367432704.503553,0
1367432705.246589,0
1367432706.103672,0
1367432707.063912,0
1367432707.268477,0
1367432707.325733,0
1367432707.369403,0
1367432707.81928,0
1367432708.085658,0
1367432708.351264,0
1367432708.422808,0
1367432708.808172,0
1367432709.666784,0
1367432710.631061,0
1367432711.443324,0
1367432711.630105,0
1367432711.668287,0
1367432711.696364,0
1367432711.846765,0
1367432712.223989,0
1367432712.454556,0
1367432712.603216,0
1367432712.671453,0
1367432712.72301,0
1367432712.754212,0
1367432712.788357,0
1367432712.831396,0
1367432712.964518,0
1367432712.978597,0
1367432713.054321,0
1367432713.097556,0
1367432713.227143,0
1367432713.384069,0
1367432713.616905,0
1367432713.840642,0
1367432714.215126,0
1367432714.439547,0
1367432714.468356,0
1367432714.501803,0
1367432714.56115,0
1367432714.66952,0
1367432714.726694,0
1367432714.744997,0
1367432714.833058,0
1367432714.965631,0
1367432714.975769,0
1367432715.114401,0
1367432715.251709,0
1367432715.40063,0
1367432715.668346,0
1367432716.024226,0
1367432716.436643,0
1367432716.531988,0
1367432716.548941,0
1367432716.617691,0
1367432716.74012,0
1367432716.856196,0
1367432716.939394,0
1367432716.992676,0
1367432717.066897,0
1367432717.133079,0
1367432717.165939,0
1367432717.22839,0
1367432717.292489,0
1367432717.466654,0
1367432718.193781,0
1367432718.465319,0
1367432718.841531,0
1367432719.061754,0
1367432719.163248,0
1367432719.298487,0
1367432719.351179,0
1367432719.760469,0
1367432720.945689,0
1367432721.010034,0
1367432721.434677,0
1367432722.687341,0
1367432723.692707,0
1367432724.230727,0
1367432725.400836,0
1367432727.134262,0
1367432727.700355,0
1367432727.975234,0
1367432728.267082,0
1367432729.016239,0
1367432730.849606,0
1367432735.79066,0
1367432735.853612,0
1367432736.191531,0
1367432737.523023,0
1367432737.987954,0
1367432738.933314,0
1367432740.242281,0
1367432740.931387,0
1367432741.350018,0
1367432742.256318,0
1367432742.330793,0
1367432743.538441,0
1367432743.674536,0
1367432743.745321,0
1367432744.672403,0
1367432746.308814,0
1367432748.561125,0
1367432748.856036,0
1367432749.552639,0
1367432750.602107,0
1367432750.99766,0
1367432751.126186,0
1367432751.478529,0
1367432752.307334,0
1367432752.523015,0
1367432752.969199,0
1367432753.091712,0
1367432753.273132,0
1367432754.459028,0
1367432755.94208,0
1367432756.574782,0
1367432757.325959,0
1367432758.249403,0
1367432758.367445,0
1367432758.656232,0
1367432758.931079,0
1367432759.234497,0
1367432759.677452,0
1367432760.322645,0
1367432761.96605,0
1367432766.703901,0
1367432767.255849,0
1367432767.610088,0
1367432767.715739,0
1367432767.804234,0
1367432767.882098,0
1367432768.677539,0
1367432769.273119,0
1367432769.667317,0
1367432770.093329,0
1367432770.932983,0
1367432771.297879,0
1367432771.651879,0
1367432771.782109,0
1367432773.329631,0
1367432773.543833,0
1367432773.610449,0
1367432773.655978,0
1367432773.843107,0
1367432773.945921,0
1367432774.004753,0
1367432774.316135,0
1367432774.351679,0
1367432774.545796,0
1367432774.614654,0
1367432774.776646,0
1367432774.875302,0
1367432774.958689,0
1367432775.327846,0
1367432775.762716,0
1367432775.76947,0
1367432775.910024,0
1367432776.081812,0
1367432776.292679,0
1367432776.400313,0
1367432776.424208,0
1367432776.594839,0
1367432776.933834,0
1367432777.293541,0
1367432777.644393,0
1367432777.863098,0
1367432777.870117,0
1367432777.954901,0
1367432777.971408,0
1367432778.195793,0
1367432778.276817,0
1367432778.334809,0
1367432778.479776,0
1367432778.521716,0
1367432778.585208,0
1367432778.614599,0
1367432778.665843,0
1367432778.906179,0
1367432779.212152,0
1367432779.306205,0
1367432779.368797,0
1367432779.50339,0
1367432779.697335,0
1367432780.077631,0
1367432780.236304,0
1367432780.259836,0
1367432780.384082,0
1367432780.571839,0
1367432780.680661,0
1367432780.691886,0
1367432780.730568,0
1367432781.047346,0
1367432781.154627,0
1367432781.16576,0
1367432781.290608,0
1367432781.3869,0
1367432781.405214,0
1367432781.497063,0
1367432781.515831,0
1367432781.573203,0
1367432781.698533,0
1367432781.708957,0
1367432782.007139,0
1367432782.107475,0
1367432782.16212,0
1367432782.245043,0
1367432782.279782,0
1367432782.315766,0
1367432782.497674,0
1367432782.546594,0
1367432782.806514,0
1367432782.940025,0
1367432783.234872,0
1367432783.358308,0
1367432783.420071,0
1367432783.671318,0
1367432783.789052,0
1367432784.0487,0
1367432784.242166,0
1367432784.453889,0
1367432784.539468,0
1367432784.603249,0
1367432784.668985,0
1367432784.846654,0
1367432784.902012,0
1367432784.935899,0
1367432784.962954,0
1367432785.174707,0
1367432785.31762,0
1367432786.151465,0
1367432786.297664,0
1367432786.330497,0
1367432786.394329,0
1367432786.535964,0
1367432787.243351,0
1367432787.445682,0
1367432787.556704,0
1367432787.660304,0
1367432787.870624,0
1367432787.902419,0
1367432787.938754,0
1367432788.135441,0
1367432788.152254,0
1367432788.187762,0
1367432788.207742,0
1367432788.270656,0
1367432788.487069,0
1367432788.566191,0
1367432788.604379,0
1367432788.718887,0
1367432788.727772,0
1367432788.732898,0
1367432788.826917,0
1367432788.909017,0
1367432788.997575,0
1367432789.030373,0
1367432789.253051,0
1367432789.530298,0
1367432789.726528,0
1367432789.826756,0
1367432789.91302,0
1367432790.064281,0
1367432790.126462,0
1367432790.219377,0
1367432790.292114,0
1367432790.476967,0
1367432790.647622,0
1367432790.983633,0
1367432792.095463,0
1367432793.039551,0
1367432793.832777,0
1367432794.366071,0
1367432794.677368,0
1367432795.851898,0
1367432796.466919,0
1367432797.066378,0
1367432797.543649,0
1367432798.485929,0
1367432799.886809,0
1367432800.094867,0
1367432800.978718,0
1367432801.158705,0
1367432803.00487,0
1367432804.408655,0
1367432804.76391,0
1367432806.099655,0
1367432806.859303,0
1367432807.959577,0
1367432808.952245,0
1367432810.166201,0
1367432811.633476,0
1367432812.82441,0
1367432813.216601,0
1367432814.726846,0
1367432815.922084,0
1367432816.982479,0
1367432818.843377,0
1367432823.048992,0
1367432824.485681,0
1367432826.740029,0
1367432827.375334,0
1367432828.694888,0
1367432828.896796,0
1367432829.146028,0
1367432829.389164,0
1367432830.053778,0
1367432831.227288,0
1367432832.193249,0
1367432832.696772,0
1367432833.985526,0
1367432835.083151,0
1367432837.299799,0
1367432838.98824,0
1367432839.824741,0
1367432840.337932,0
1367432840.345554,0
1367432841.873007,0
1367432843.493651,0
1367432843.845217,0
1367432844.466541,0
1367432844.967358,0
1367432845.070254,0
1367432845.873353,0
1367432847.056956,0
1367432848.386226,0
1367432849.831583,0
1367432850.770808,0
1367432851.60673,0
1367432852.518854,0
1367432853.093916,0
1367432853.997629,0
1367432854.485505,0
1367432855.11097,0
1367432856.426291,0
1367432858.195038,0
1367432858.278294,0
1367432859.363927,0
1367432859.861144,0
1367432860.769412,0
1367432860.830255,0
1367432861.313412,0
1367432861.687841,0
1367432862.22393,0
1367432862.893765,0
1367432863.205886,0
1367432864.776999,0
1367432865.246536,0
1367432866.488421,0
1367432867.114942,0
1367432867.574258,0
1367432867.830123,0
1367432868.47015,0
1367432868.644741,0
1367432868.904948,0
1367432869.690179,0
1367432869.946283,0
1367432869.97943,0
1367432870.001149,0
1367432870.250186,0
1367432870.49677,0
1367432870.861447,0
1367432871.059957,0
1367432871.253055,0
1367432871.280817,0
1367432871.358658,0
1367432871.412933,0
1367432871.431737,0
1367432871.504169,0
1367432871.539174,0
1367432871.788025,0
1367432871.887149,0
1367432871.947545,0
1367432871.962535,0
1367432871.965961,0
1367432872.04418,0
1367432872.066494,0
1367432872.165735,0
1367432872.279755,0
1367432872.440538,0
1367432872.464892,0
1367432872.47113,0
1367432872.668231,0
1367432872.840234,0
1367432872.927287,0
1367432872.939913,0
1367432873.07835,0
1367432873.246877,0
1367432873.447437,0
1367432873.48202,0
1367432873.658428,0
1367432873.860647,0
1367432873.88513,0
1367432873.892848,0
1367432873.997539,0
1367432874.066666,0
1367432874.123733,0
1367432874.147672,0
1367432874.211476,0
1367432874.246617,0
1367432874.301177,0
1367432874.308273,0
1367432874.442258,0
1367432874.561355,0
1367432874.736764,0
1367432875.04936,0
1367432875.311613,0
1367432875.453632,0
1367432875.593048,0
1367432875.73033,0
1367432875.922513,0
1367432875.943876,0
1367432875.982657,0
1367432876.016054,0
1367432876.139655,0
1367432876.164462,0
1367432876.23801,0
1367432876.247324,0
1367432876.367779,0
1367432876.56821,0
1367432876.682273,0
1367432876.807221,0
1367432876.856027,0
1367432876.961795,0
1367432877.004032,0
1367432877.146618,0
1367432877.230114,0
1367432877.447273,0
1367432877.574808,0
1367432877.845647,0
1367432877.926404,0
1367432877.987924,0
1367432878.111088,0
1367432878.172839,0
1367432878.24778,0
1367432878.285021,0
1367432878.371821,0
1367432878.397667,0
1367432878.513638,0
1367432878.745498,0
1367432878.879942,0
1367432879.107333,0
1367432879.186614,0
1367432879.21109,0
1367432879.266329,0
1367432879.429175,0
1367432879.668481,0
1367432879.685439,0
1367432879.715489,0
1367432879.988195,0
1367432880.007413,0
1367432880.151447,0
1367432880.373929,0
1367432880.618411,0
1367432880.942773,0
1367432881.365585,0
1367432881.971155,0
1367432882.557692,0
1367432883.017462,0
1367432884.214045,0
1367432884.655134,0
1367432885.109038,0
1367432885.472584,0
1367432886.013403,0
1367432886.559403,0
1367432887.054351,0
1367432889.563575,0
1367432890.169819,0
1367432890.695747,0
1367432891.716251,0
1367432892.640828,0
1367432892.770406,0
1367432893.745201,0
1367432897.008296,0
1367432898.888349,0
1367432901.123435,0
1367432901.746264,0
1367432901.899768,0
1367432903.296818,0
1367432903.732853,0
1367432904.210616,0
1367432905.065509,0
1367432906.446147,0
1367432908.783835,0
1367432909.699591,0
1367432909.815992,0
1367432911.45562,0
1367432911.810583,0
1367432912.699994,0
1367432913.927412,0
1367432914.328935,0
1367432914.850799,0
1367432916.033109,0
1367432917.42422,0
1367432918.879683,0
1367432919.693989,0
1367432920.319992,0
1367432922.768636,0
1367432923.571617,0
1367432924.290824,0
1367432925.05942,0
1367432926.507831,0
1367432927.643024,0
1367432928.189472,0
1367432928.451943,0
1367432928.678328,0
1367432929.392075,0
1367432931.265873,0
1367432932.419187,0
1367432933.226053,0
1367432933.802896,0
1367432935.173609,0
1367432936.084005,0
1367432938.346704,0
1367432939.242873,0
1367432939.844737,0
1367432939.919511,0
1367432940.164316,0
1367432941.341949,0
1367432942.276593,0
1367432943.174824,0
1367432944.00501,0
1367432944.638663,0
1367432944.991087,0
1367432945.424003,0
1367432945.428668,0
1367432945.629074,0
1367432945.852898,0
1367432945.90504,0
1367432945.985517,0
1367432946.133295,0
1367432946.223268,0
1367432946.284972,0
1367432946.425495,0
1367432946.451641,0
1367432946.616278,0
1367432946.865224,0
1367432946.961183,0
1367432947.087928,0
1367432947.096544,0
1367432947.152448,0
1367432947.315605,0
1367432947.366858,0
1367432947.407944,0
1367432947.466794,0
1367432947.561038,0
1367432947.70896,0
1367432947.832543,0
1367432947.963781,0
1367432948.331572,0
1367432948.615631,0
1367432948.643389,0
1367432948.709995,0
1367432948.858242,0
1367432948.885744,0
1367432949.118894,0
1367432949.268965,0
1367432949.409242,0
1367432949.550012,0
1367432949.619436,0
1367432949.639355,0
1367432949.664217,0
1367432949.863042,0
1367432949.939912,0
1367432950.06207,0
1367432950.192066,0
1367432950.457384,0
1367432950.63134,0
1367432950.752232,0
1367432950.960596,0
1367432951.108764,0
1367432951.281319,0
1367432951.374709,0
1367432951.634385,0
1367432951.675073,0
1367432951.897408,0
1367432951.976778,0
1367432952.109604,0
1367432952.237998,0
1367432952.514987,0
1367432952.575937,0
1367432952.696951,0
1367432952.868124,0
1367432952.908908,0
1367432953.06199,0
1367432953.118156,0
1367432953.179547,0
1367432953.214496,0
1367432953.315617,0
1367432953.32395,0
1367432953.4213,0
1367432953.619278,0
1367432953.802436,0
1367432953.870243,0
1367432953.95413,0
1367432953.977081,0
1367432954.007977,0
1367432954.15834,0
1367432954.178551,0
1367432954.188037,0
1367432954.405398,0
1367432954.639957,0
1367432954.755059,0
1367432954.883913,0
1367432954.913995,0
1367432955.041939,0
1367432955.211132,0
1367432955.249255,0
1367432955.273797,0
1367432955.318978,0
1367432955.388325,0
1367432955.618321,0
1367432955.705137,0
1367432955.914742,0
1367432956.0146,0
1367432956.040039,0
1367432956.088564,0
1367432956.280303,0
1367432956.432499,0
1367432956.581321,0
1367432956.67217,0
1367432956.94987,0
1367432957.008622,0
1367432957.192274,0
1367432957.23534,0
1367432957.290954,0
1367432957.518385,0
1367432957.846793,0
1367432958.511951,0
1367432958.650396,0
1367432958.702783,0
1367432958.894319,0
1367432959.053763,0
1367432959.067284,0
1367432959.1514,0
1367432959.255523,0
1367432959.373185,0
1367432959.427941,0
1367432959.539829,0
1367432959.551935,0
1367432959.639755,0
1367432959.721353,0
1367432960.776576,0
1367432961.092667,0
1367432961.315155,0
1367432962.24164,0
1367432963.557735,0
1367432963.636544,0
1367432963.800065,0
1367432963.854214,0
1367432963.995451,0
1367432964.440716,0
1367432964.97279,0
1367432964.97853,0
1367432965.600371,0
1367432965.950084,0
1367432966.135366,0
1367432967.308397,0
1367432967.381203,0
1367432968.872905,0
1367432970.053359,0
1367432970.651116,0
1367432971.458784,0
1367432971.537548,0
1367432972.188315,0
1367432973.172209,0
1367432973.616813,0
1367432974.639227,0
1367432975.572098,0
1367432977.620527,0
1367432978.205956,0
1367432978.792369,0
1367432978.9829,0
1367432979.341207,0
1367432981.366716,0
1367432982.225074,0
1367432982.594355,0
1367432983.930069,0
1367432984.634637,0
1367432985.33347,0
1367432986.376722,0
1367432988.48565,0
1367432990.01523,0
1367432990.123106,0
1367432991.069526,0
1367432991.656986,0
1367432993.013015,0
1367432994.78867,0
1367432996.306995,0
1367432997.429306,0
1367433000.196999,0
1367433000.614909,0
1367433003.343616,0
1367433006.987048,0
1367433007.008693,0
1367433008.897669,0
1367433009.566522,0
1367433009.792054,0
1367433011.531306,0
1367433012.028726,0
1367433012.270286,0
1367433013.140291,0
1367433014.737793,0
1367433014.86306,0
1367433016.485538,0
1367433017.771792,0
1367433020.09026,0
1367433021.175349,0
1367433022.223055,0
1367433022.796071,0
1367433024.352059,0
1367433024.967141,0
1367433025.541784,0
1367433026.152841,0
1367433026.363591,0
1367433026.802328,0
1367433027.319073,0
1367433028.406334,0
1367433028.933361,0
1367433029.988182,0
1367433030.214977,0
1367433030.461245,0
1367433031.365421,0
1367433031.598227,0
1367433032.160395,0
1367433032.43513,0
1367433032.515152,0
1367433032.607749,0
1367433032.663658,0
1367433032.786794,0
1367433032.838424,0
1367433032.915252,0
1367433033.061607,0
1367433033.192504,0
1367433033.260141,0
1367433033.356667,0
1367433033.498882,0
1367433033.523757,0
1367433033.664029,0
1367433033.804197,0
1367433033.947409,0
1367433033.958643,0
1367433034.184765,0
1367433034.500654,0
1367433034.687026,0
1367433034.762667,0
1367433034.963742,0
1367433035.035416,0
1367433035.093869,0
1367433035.143232,0
1367433035.162753,0
1367433035.219206,0
1367433035.259626,0
1367433035.301538,0
1367433035.33987,0
1367433035.466671,0
1367433035.685948,0
1367433035.775559,0
1367433035.889317,0
1367433036.083754,0
1367433036.23655,0
1367433036.275032,0
1367433036.34646,0
1367433036.467303,0
1367433036.637645,0
1367433036.718837,0
1367433036.791549,0
1367433036.807494,0
1367433036.885525,0
1367433036.966295,0
1367433037.177296,0
1367433037.184297,0
1367433037.197161,0
1367433037.202678,0
1367433037.273943,0
1367433037.471784,0
1367433037.592325,0
1367433037.937294,0
1367433037.967766,0
1367433038.004419,0
1367433038.182631,0
1367433038.233067,0
1367433038.288577,0
1367433038.451763,0
1367433038.590272,0
1367433038.822746,0
1367433038.926052,0
1367433039.002788,0
1367433039.104735,0
1367433039.326022,0
1367433039.401992,0
1367433039.416956,0
1367433039.434329,0
1367433039.593622,0
1367433039.640452,0
1367433039.726699,0
1367433039.88677,0
1367433039.97525,0
1367433040.097028,0
1367433040.219861,0
1367433040.358017,0
1367433040.427775,0
1367433040.454254,0
1367433040.523893,0
1367433040.61231,0
1367433040.632781,0
1367433040.731217,0
1367433040.909576,0
1367433040.949345,0
1367433041.040921,0
1367433041.264493,0
1367433041.366816,0
1367433041.389408,0
1367433041.444125,0
1367433041.47575,0
1367433041.589994,0
1367433041.689436,0
1367433041.713091,0
1367433041.786329,0
1367433041.80315,0
1367433041.844415,0
1367433042.101639,0
1367433042.20819,0
1367433042.436017,0
1367433042.540892,0
1367433042.623544,0
1367433042.747905,0
1367433042.994796,0
1367433043.236693,0
1367433043.251166,0
1367433043.324405,0
1367433043.470903,0
1367433043.506297,0
1367433043.623239,0
1367433043.637931,0
1367433043.734721,0
1367433043.831131,0
1367433044.028708,0
1367433044.141074,0
1367433044.246933,0
1367433044.337058,0
1367433044.420718,0
1367433044.575663,0
1367433044.598464,0
1367433044.675293,0
1367433044.782041,0
1367433045.024271,0
1367433045.308137,0
1367433045.319926,0
1367433045.352368,0
1367433045.376068,0
1367433045.538672,0
1367433045.602016,0
1367433045.755567,0
1367433045.876552,0
1367433046.091167,0
1367433046.265219,0
1367433046.332481,0
1367433046.386976,0
1367433046.426166,0
1367433046.526906,0
1367433046.544025,0
1367433046.652897,0
1367433046.96419,0
1367433047.105463,0
1367433047.351516,0
1367433047.52906,0
1367433047.565148,0
1367433047.570384,0
1367433047.630928,0
1367433047.723785,0
1367433048.177049,0
1367433048.562694,0
1367433048.999539,0
1367433049.418154,0
1367433049.763944,0
1367433050.291474,0
1367433050.43303,0
1367433050.642779,0
1367433051.559322,0
1367433052.063896,0
1367433052.425887,0
1367433052.483682,0
1367433052.544452,0
1367433053.25265,0
1367433053.325923,0
1367433053.904228,0
1367433054.817997,0
1367433055.782799,0
1367433055.90039,0
1367433056.334783,0
1367433057.699038,0
1367433059.09698,0
1367433059.53604,0
1367433060.603389,0
1367433062.959041,0
1367433064.771367,0
1367433065.336746,0
1367433066.0053,0
1367433067.224023,0
1367433067.733582,0
1367433068.196368,0
1367433069.050616,0
1367433069.633823,0
1367433070.001071,0
1367433070.761957,0
1367433071.694287,0
1367433073.471952,0
1367433076.619423,0
1367433078.361812,0
1367433079.348989,0
1367433079.712087,0
1367433079.966569,0
1367433080.820672,0
1367433083.408041,0
1367433083.64428,0
1367433084.790549,0
1367433085.056442,0
1367433086.78706,0
1367433089.341828,0
1367433091.16428,0
1367433092.222871,0
1367433092.548926,0
1367433092.723486,0
1367433094.859301,0
1367433095.573956,0
1367433095.837328,0
1367433096.245696,0
1367433097.082362,0
1367433098.323976,0
1367433099.819037,0
1367433101.31336,0
1367433102.55259,0
1367433105.786012,0
1367433106.981501,0
1367433108.132775,0
1367433108.75002,0
1367433109.996958,0
1367433110.727617,0
1367433110.784947,0
1367433111.924238,0
1367433112.132438,0
1367433112.550905,0
1367433113.684953,0
1367433114.528189,0
1367433114.532919,0
1367433114.838916,0
1367433114.894433,0
1367433116.194025,0
1367433117.445282,0
1367433117.594493,0
1367433117.705955,0
1367433117.721524,0
1367433117.948409,0
1367433118.590499,0
1367433118.654395,0
1367433118.694771,0
1367433118.726926,0
1367433118.812188,0
1367433118.924217,0
1367433118.966285,0
1367433119.107951,0
1367433119.157768,0
1367433119.16292,0
1367433119.235245,0
1367433119.296793,0
1367433119.371867,0
1367433119.421439,0
1367433119.438595,0
1367433119.655328,0
1367433120.487938,0
1367433120.717451,0
1367433121.262709,0
1367433121.593268,0
1367433121.867933,0
1367433121.922168,0
1367433122.072436,0
1367433122.360471,0
1367433122.420777,0
1367433122.492891,0
1367433122.635793,0
1367433122.874589,0
1367433123.110366,0
1367433123.285264,0
1367433123.599469,0
1367433123.794777,0
1367433123.894069,0
1367433124.155777,0
1367433124.286034,0
1367433124.295767,0
1367433124.38753,0
1367433124.453283,0
1367433124.471394,0
1367433124.523879,0
1367433124.638074,0
1367433124.804696,0
1367433125.729393,0
1367433125.830076,0
1367433125.967754,0
1367433126.214871,0
1367433126.669348,0
1367433127.537948,0
1367433127.581458,0
1367433127.669568,0
1367433127.70415,0
1367433127.736356,0
1367433127.785832,0
1367433127.974682,0
1367433128.121669,0
1367433128.343719,0
1367433128.411955,0
1367433128.572801,0
1367433128.60633,0
1367433128.660681,0
1367433129.059944,0
1367433129.32988,0
1367433129.356454,0
1367433129.466971,0
1367433129.580781,0
1367433129.606985,0
1367433129.621624,0
1367433129.640195,0
1367433129.764871,0
1367433129.978871,0
1367433130.249187,0
1367433130.458337,0
1367433130.551088,0
1367433130.670109,0
1367433130.789945,0
1367433130.889823,0
1367433130.946049,0
1367433131.086144,0
1367433131.146995,0
1367433131.333892,0
1367433131.354802,0
1367433131.546141,0
1367433131.722157,0
1367433131.854389,0
1367433132.007789,0
1367433132.165574,0
1367433132.275091,0
1367433132.422548,0
1367433132.480261,0
1367433132.490385,0
1367433132.594277,0
1367433132.725403,0
1367433132.796338,0
1367433133.066028,0
1367433133.153138,0
1367433133.213732,0
1367433133.405289,0
1367433133.516236,0
1367433134.114285,0
1367433135.465575,0
1367433135.684514,0
1367433136.270828,0
1367433136.571533,0
1367433136.579515,0
1367433137.442667,0
1367433138.657933,0
1367433139.040436,0
1367433139.247908,0
1367433141.448971,0
1367433150.8044,0
1367433152.140186,0
1367433154.245672,0
1367433154.550823,0
1367433154.650458,0
1367433156.579956,0
1367433156.915913,0
1367433157.138338,0
1367433158.714452,0
1367433159.233601,0
1367433160.663971,0
1367433160.915828,0
1367433162.367577,0
1367433163.753576,0
1367433166.664023,0
1367433167.840741,0
1367433168.680914,0
1367433170.329691,0
1367433175.052735,0
1367433176.093137,0
1367433177.095602,0
1367433178.424699,0
1367433179.136782,0
1367433179.640824,0
1367433181.686927,0
1367433184.316921,0
1367433185.870012,0
1367433186.49883,0
1367433188.06679,0
1367433189.119789,0
1367433190.076772,0
1367433190.412274,0
1367433191.498455,0
1367433192.733468,0
1367433193.874874,0
1367433194.576291,0
1367433194.68175,0
1367433196.014497,0
1367433197.999071,0
1367433198.204319,0
1367433200.139999,0
1367433200.662004,0
1367433202.237475,0
1367433202.499474,0
1367433202.561022,0
1367433202.881801,0
1367433202.928265,0
1367433203.010274,0
1367433203.190186,0
1367433203.409103,0
1367433203.688528,0
1367433203.742784,0
1367433203.788062,0
1367433203.936417,0
1367433204.044187,0
1367433204.132005,0
1367433204.284785,0
1367433204.342005,0
1367433204.415129,0
1367433204.483516,0
1367433204.688491,0
1367433204.799401,0
1367433204.856794,0
1367433204.910312,0
1367433204.922347,0
1367433205.047795,0
1367433205.166452,0
1367433205.496347,0
1367433205.527302,0
1367433205.55,0
1367433205.570107,0
1367433205.645161,0
1367433205.81483,0
1367433205.903487,0
1367433205.97197,0
1367433205.990939,0
1367433206.021683,0
1367433206.143378,0
1367433206.194256,0
1367433206.449045,0
1367433206.808897,0
1367433206.875334,0
1367433206.968384,0
1367433206.981513,0
1367433207.040623,0
1367433207.089736,0
1367433207.102814,0
1367433207.27857,0
1367433207.585776,0
1367433207.776014,0
1367433207.940738,0
1367433208.232368,0
1367433208.454352,0
1367433208.648316,0
1367433208.680317,0
1367433208.881602,0
1367433209.256481,0
1367433209.304728,0
1367433209.523397,0
1367433209.622825,0
1367433209.781113,0
1367433209.819814,0
1367433209.827199,0
1367433210.028766,0
1367433210.205925,0
1367433210.405336,0
1367433210.702749,0
1367433210.930778,0
1367433211.201934,0
1367433211.405151,0
1367433211.574765,0
1367433211.630228,0
1367433211.668409,0
1367433211.694716,0
1367433211.765711,0
1367433211.865889,0
1367433211.947751,0
1367433212.051166,0
1367433212.111117,0
1367433212.356832,0
1367433213.2277,0
1367433213.430704,0
1367433213.465994,0
1367433213.506023,0
1367433213.603762,0
1367433213.899177,0
1367433213.914802,0
1367433213.943407,0
1367433214.090974,0
1367433214.143565,0
1367433214.286598,0
1367433214.331927,0
1367433214.419676,0
1367433214.585858,0
1367433214.943281,0
1367433215.463759,0
1367433215.496301,0
1367433215.603929,0
1367433215.681757,0
1367433215.794415,0
1367433215.955302,0
1367433216.002928,0
1367433216.073769,0
1367433216.140757,0
1367433216.199012,0
1367433216.223513,0
1367433216.431873,0
1367433216.647249,0
1367433216.889037,0
1367433217.043226,0
1367433217.401527,0
1367433217.429689,0
1367433217.455695,0
1367433217.554062,0
1367433218.454594,0
1367433218.684351,0
1367433219.661584,0
1367433220.388098,0
1367433221.573306,0
1367433222.463032,0
1367433223.299222,0
1367433225.151322,0
1367433226.884711,0
1367433228.366147,0
1367433230.068084,0
1367433230.534311,0
1367433231.688409,0
1367433233.196935,0
1367433233.454006,0
1367433233.690174,0
1367433234.299519,0
1367433235.437289,0
1367433235.699479,0
1367433235.906788,0
1367433236.422387,0
1367433236.687053,0
1367433237.880308,0
1367433238.302112,0
1367433239.382376,0
1367433242.029835,0
1367433242.383775,0
1367433244.113259,0
1367433245.447358,0
1367433247.379562,0
1367433248.414357,0
1367433249.274142,0
1367433250.100236,0
1367433251.196444,0
1367433252.725276,0
1367433254.711062,0
1367433255.897381,0
1367433256.844697,0
1367433257.794099,0
1367433258.711317,0
1367433259.614328,0
1367433261.214902,0
1367433261.610845,0
1367433264.075056,0
1367433265.234286,0
1367433266.125995,0
1367433267.184048,0
1367433267.19219,0
1367433267.717208,0
1367433268.53268,0
1367433270.207725,0
1367433270.653873,0
1367433271.148307,0
1367433271.280763,0
1367433273.017318,0
1367433273.813906,0
1367433275.206561,0
1367433276.398658,0
1367433276.988885,0
1367433277.799854,0
1367433278.280692,0
1367433278.469414,0
1367433279.482849,0
1367433280.037124,0
1367433280.111202,0
1367433281.447458,0
1367433281.883669,0
1367433282.715425,0
1367433283.427102,0
1367433284.165439,0
1367433284.32323,0
1367433285.129205,0
1367433285.814531,0
1367433285.867135,0
1367433285.973941,0
1367433286.197663,0
1367433286.482295,0
1367433286.537359,0
1367433286.551852,0
1367433286.723367,0
1367433287.531862,0
1367433287.562909,0
1367433287.748057,0
1367433287.925807,0
1367433288.031939,0
1367433288.373272,0
1367433288.435109,0
1367433288.480137,0
1367433288.592265,0
1367433288.695711,0
1367433289.360937,0
1367433289.508008,0
1367433289.652165,0
1367433289.762976,0
1367433289.813052,0
1367433289.850141,0
1367433290.0171,0
1367433290.059298,0
1367433290.328363,0
1367433290.715885,0
1367433290.917888,0
1367433290.949778,0
1367433291.092056,0
1367433291.169721,0
1367433291.288672,0
1367433291.415473,0
1367433291.533793,0
1367433291.80353,0
1367433291.849466,0
1367433291.985199,0
1367433292.003453,0
1367433292.140591,0
1367433292.244709,0
1367433292.288683,0
1367433292.316943,0
1367433292.327275,0
1367433292.399406,0
1367433292.648445,0
1367433292.778337,0
1367433292.916605,0
1367433293.019189,0
1367433293.116699,0
1367433293.18793,0
1367433293.4