1367432432.274839,0
1367432432.394541,0
1367432432.612573,0
1367432432.838477,0
1367432432.968143,0
1367432433.053467,0
1367432433.215159,0
1367432433.42336,0
1367432433.547587,0
1367432433.821734,0
1367432434.214456,0
1367432434.268579,0
1367432434.520346,0
1367432435.018404,0
1367432435.112229,0
1367432435.284558,0
1367432435.296419,0
1367432435.308653,0
1367432435.385263,0
1367432435.453181,0
1367432435.52816,0
1367432435.617251,0
1367432435.642285,0
1367432435.881069,0
1367432435.989231,0
1367432435.996018,0
1367432436.068038,0
1367432436.090526,0
1367432436.094841,0
1367432436.096619,0
1367432436.128339,0
1367432436.170741,0
1367432436.294879,0
1367432436.523864,0
1367432436.62734,0
1367432436.833794,0
1367432436.952099,0
1367432436.966775,0
1367432437.07927,0
1367432437.083985,0
1367432437.129047,0
1367432437.234296,0
1367432437.293028,0
1367432437.497276,0
1367432437.683926,0
1367432437.896081,0
1367432437.926077,0
1367432438.017739,0
1367432438.208227,0
1367432438.233595,0
1367432438.331749,0
1367432438.350263,0
1367432438.505972,0
1367432438.602529,0
1367432438.722824,0
1367432438.736342,0
1367432438.831345,0
1367432438.928762,0
1367432439.006413,0
1367432439.060699,0
1367432439.166508,0
1367432439.363283,0
1367432439.432681,0
1367432439.467641,0
1367432439.489666,0
1367432439.643647,0
1367432439.906967,0
1367432439.93401,0
1367432440.0856,0
1367432440.188623,0
1367432440.335793,0
1367432440.467355,0
1367432440.60098,0
1367432440.660883,0
1367432440.835953,0
1367432440.976225,0
1367432441.224267,0
1367432441.328267,0
1367432441.461317,0
1367432441.506311,0
1367432441.537475,0
1367432441.607597,0
1367432441.878938,0
1367432441.903139,0
1367432442.037468,0
1367432442.343404,0
1367432442.559442,0
1367432442.60067,0
1367432442.878697,0
1367432443.15678,0
1367432443.174317,0
1367432443.312861,0
1367432443.522334,0
1367432443.937954,0
1367432444.227194,0
1367432444.417736,0
1367432444.514205,0
1367432444.669017,0
1367432444.892207,0
1367432445.134512,0
1367432445.462058,0
1367432445.618805,0
1367432445.698585,0
1367432445.877953,0
1367432445.915468,0
1367432446.003038,0
1367432446.094974,0
1367432446.111945,0
1367432446.150932,0
1367432446.46252,0
1367432446.879077,0
1367432447.060309,0
1367432447.108095,0
1367432447.350568,0
1367432447.553668,0
1367432447.630246,0
1367432447.732417,0
1367432447.881353,0
1367432448.018413,0
1367432448.076982,0
1367432448.284859,0
1367432448.429262,0
1367432448.537305,0
1367432448.65731,0
1367432448.707972,0
1367432449.005061,0
1367432449.453139,0
1367432449.561103,0
1367432449.720169,0
1367432449.785528,0
1367432449.8216,0
1367432449.939729,0
1367432450.104898,0
1367432450.45739,0
1367432450.841613,0
1367432451.200587,0
1367432451.486156,0
1367432451.718518,0
1367432451.779357,0
1367432451.909202,0
1367432451.978238,0
1367432452.177707,0
1367432452.221287,0
1367432452.249567,0
1367432452.391094,0
1367432452.430134,0
1367432452.689473,0
1367432453.029849,0
1367432453.128701,0
1367432453.161152,0
1367432453.332469,0
1367432453.429486,0
1367432453.543551,0
1367432453.736201,0
1367432453.750146,0
1367432453.866864,0
1367432453.896092,0
1367432453.947795,0
1367432454.061709,0
1367432454.31495,0
1367432454.477207,0
1367432454.553964,0
1367432454.57653,0
1367432454.716342,0
1367432454.813743,0
1367432454.844752,0
1367432455.022866,0
1367432455.186795,0
1367432455.381312,0
1367432455.509116,0
1367432455.521492,0
1367432455.802337,0
1367432456.171901,0
1367432456.366,0
1367432456.492643,0
1367432456.694072,0
1367432456.916124,0
1367432457.189152,0
1367432457.318241,0
1367432457.378558,0
1367432457.429355,0
1367432457.632722,0
1367432457.736273,0
1367432457.83016,0
1367432457.854012,0
1367432457.917093,0
1367432457.922099,0
1367432458.042923,0
1367432458.22409,0
1367432458.414331,0
1367432458.607241,0
1367432458.613139,0
1367432458.710968,0
1367432458.724696,0
1367432458.838152,0
1367432458.909014,0
1367432459.08989,0
1367432459.963092,0
1367432459.994713,0
1367432460.149653,0
1367432460.207626,0
1367432460.469191,0
1367432460.709512,0
1367432460.829644,0
1367432460.841732,0
1367432460.90813,0
1367432461.126257,0
1367432461.145348,0
1367432461.372004,0
1367432461.62507,0
1367432461.940571,0
1367432461.984089,0
1367432462.234961,0
1367432462.453653,0
1367432462.56681,0
1367432462.716473,0
1367432462.982558,0
1367432463.134362,0
1367432463.165016,0
1367432463.446673,0
1367432463.500584,0
1367432463.634948,0
1367432463.973159,0
1367432464.12798,0
1367432464.2898,0
1367432464.350066,0
1367432464.438346,0
1367432464.711551,0
1367432464.966683,0
1367432465.315258,0
1367432465.464968,0
1367432465.711494,0
1367432465.809678,0
1367432465.818399,0
1367432465.873483,0
1367432465.966265,0
1367432466.146132,0
1367432466.47546,0
1367432466.577625,0
1367432466.615651,0
1367432466.650059,0
1367432466.761512,0
1367432466.778749,0
1367432466.927607,0
1367432467.844242,0
1367432472.788294,0
1367432473.481993,0
1367432473.60742,0
1367432474.315903,0
1367432474.816067,0
1367432475.384929,0
1367432476.599141,0
1367432477.246792,0
1367432477.54088,0
1367432477.66246,0
1367432478.536365,0
1367432478.6229,0
1367432480.176296,0
1367432482.217177,0
1367432482.411621,0
1367432483.541667,0
1367432484.622361,0
1367432486.516738,0
1367432488.097969,0
1367432488.241404,0
1367432489.273364,0
1367432490.525041,0
1367432490.66476,0
1367432492.442909,0
1367432493.946292,0
1367432495.233788,0
1367432495.990805,0
1367432497.455624,0
1367432497.535968,0
1367432498.846712,0
1367432500.367376,0
1367432502.626376,0
1367432503.51534,0
1367432504.954006,0
1367432505.738556,0
1367432506.186148,0
1367432506.826392,0
1367432508.316036,0
1367432508.480898,0
1367432509.211725,0
1367432509.750699,0
1367432509.764773,0
1367432509.975039,0
1367432510.07308,0
1367432510.266538,0
1367432510.359501,0
1367432510.610661,0
1367432510.873185,0
1367432511.029777,0
1367432511.085956,0
1367432511.236558,0
1367432511.294819,0
1367432511.473597,0
1367432511.599386,0
1367432511.688056,0
1367432511.761795,0
1367432511.772088,0
1367432511.871282,0
1367432511.918104,0
1367432512.008448,0
1367432512.060189,0
1367432512.085953,0
1367432512.317965,0
1367432512.516058,0
1367432512.536155,0
1367432512.611493,0
1367432512.726873,0
1367432512.832477,0
1367432512.856596,0
1367432513.060965,0
1367432513.070109,0
1367432513.159602,0
1367432513.256139,0
1367432513.38154,0
1367432513.426726,0
1367432513.582141,0
1367432513.665392,0
1367432513.807535,0
1367432513.945423,0
1367432513.964078,0
1367432514.036091,0
1367432514.054885,0
1367432514.219748,0
1367432514.449685,0
1367432514.550124,0
1367432514.748595,0
1367432514.997969,0
1367432515.328225,0
1367432515.388214,0
1367432515.411424,0
1367432515.529157,0
1367432515.682538,0
1367432515.947124,0
1367432516.256228,0
1367432516.50699,0
1367432516.660856,0
1367432516.837979,0
1367432517.264947,0
1367432517.709585,0
1367432517.990284,0
1367432518.245501,0
1367432518.249004,0
1367432519.163071,0
1367432519.317747,0
1367432519.553385,0
1367432520.870729,0
1367432521.211849,0
1367432522.496813,0
1367432523.456918,0
1367432524.578078,0
1367432527.90906,0
1367432529.37843,0
1367432531.594493,0
1367432532.638394,0
1367432533.595725,0
1367432534.795825,0
1367432537.708388,0
1367432539.279037,0
1367432539.695757,0
1367432540.796652,0
1367432541.129237,0
1367432542.192394,0
1367432543.012113,0
1367432543.072975,0
1367432543.288888,0
1367432543.330731,0
1367432543.519603,0
1367432543.580805,0
1367432543.731608,0
1367432544.204047,0
1367432544.320495,0
1367432544.345844,0
1367432544.599788,0
1367432545.019281,0
1367432545.27882,0
1367432545.550974,0
1367432545.808594,0
1367432546.076014,0
1367432546.152445,0
1367432546.222274,0
1367432546.254664,0
1367432546.434467,0
1367432546.439018,0
1367432546.465998,0
1367432546.612482,0
1367432546.766263,0
1367432546.827983,0
1367432546.976777,0
1367432547.068656,0
1367432547.285626,0
1367432548.051644,0
1367432548.262365,0
1367432548.392123,0
1367432548.473528,0
1367432548.61064,0
1367432548.675506,0
1367432548.758405,0
1367432548.825048,0
1367432548.921144,0
1367432549.10141,0
1367432549.297142,0
1367432549.485639,0
1367432549.74398,0
1367432549.757049,0
1367432549.801039,0
1367432549.938024,0
1367432550.043669,0
1367432550.136136,0
1367432550.257201,0
1367432550.492348,0
1367432550.725954,0
1367432550.883646,0
1367432551.114386,0
1367432551.214174,0
1367432551.30719,0
1367432551.394757,0
1367432551.461748,0
1367432551.554826,0
1367432552.142735,0
1367432553.216642,0
1367432553.616555,0
1367432554.117729,0
1367432555.278298,0
1367432556.70657,0
1367432558.090411,0
1367432558.79171,0
1367432559.127907,0
1367432560.32407,0
1367432560.584265,0
1367432560.808206,0
1367432561.120527,0
1367432561.91603,0
1367432562.509147,0
1367432562.629325,0
1367432563.491206,0
1367432564.210694,0
1367432565.248725,0
1367432566.096318,0
1367432567.111442,0
1367432567.548268,0
1367432568.433796,0
1367432569.492558,0
1367432570.746553,0
1367432571.134374,0
1367432571.43144,0
1367432572.494764,0
1367432574.116946,0
1367432575.013954,0
1367432576.31395,0
1367432579.643269,0
1367432579.952359,0
1367432580.669159,0
1367432582.452672,0
1367432583.069212,0
1367432584.164397,0
1367432584.973986,0
1367432586.172792,0
1367432587.404197,0
1367432588.13526,0
1367432588.314493,0
1367432589.198316,0
1367432589.679268,0
1367432590.486915,0
1367432591.87483,0
1367432593.042226,0
1367432594.04704,0
1367432594.644993,0
1367432595.520613,0
1367432596.249695,0
1367432596.744406,0
1367432597.429549,0
1367432597.75652,0
1367432597.794368,0
1367432597.937202,0
1367432598.05325,0
1367432598.119319,0
1367432598.182303,0
1367432598.220507,0
1367432598.350552,0
1367432598.562855,0
1367432598.608496,0
1367432598.753272,0
1367432598.900164,0
1367432598.958096,0
1367432599.047581,0
1367432599.063724,0
1367432599.081436,0
1367432599.113544,0
1367432599.128756,0
1367432599.134763,0
1367432599.184596,0
1367432599.395634,0
1367432599.406822,0
1367432599.452149,0
1367432599.698232,0
1367432599.763136,0
1367432600.00557,0
1367432600.251256,0
1367432600.281187,0
1367432600.35958,0
1367432600.442369,0
1367432600.45353,0
1367432600.484427,0
1367432600.735588,0
1367432600.824933,0
1367432600.916376,0
1367432600.975994,0
1367432601.002929,0
1367432601.057656,0
1367432601.183201,0
1367432601.194385,0
1367432601.433204,0
1367432601.718462,0
1367432601.865321,0
1367432602.028309,0
1367432602.215271,0
1367432602.44822,0
1367432603.212886,0
1367432603.329705,0
1367432603.362325,0
1367432603.42952,0
1367432603.433153,0
1367432603.468197,0
1367432603.571078,0
1367432603.716527,0
1367432603.818529,0
1367432603.859509,0
1367432604.654974,0
1367432605.481515,0
1367432605.927115,0
1367432606.99591,0
1367432607.416552,0
1367432608.042,0
1367432608.669402,0
1367432610.053282,0
1367432611.445249,0
1367432612.199775,0
1367432613.312577,0
1367432614.957198,0
1367432615.957366,0
1367432616.216974,0
1367432616.487653,0
1367432617.193142,0
1367432618.62711,0
1367432619.18192,0
1367432619.874486,0
1367432620.109107,0
1367432621.247452,0
1367432623.554066,0
1367432623.680364,0
1367432625.083423,0
1367432625.763811,0
1367432625.838068,0
1367432625.94157,0
1367432626.011324,0
1367432626.312738,0
1367432626.530357,0
1367432626.566225,0
1367432626.666678,0
1367432626.679865,0
1367432626.70841,0
1367432626.803823,0
1367432626.833267,0
1367432626.942761,0
1367432627.044979,0
1367432627.109287,0
1367432627.221391,0
1367432627.250986,0
1367432627.261181,0
1367432627.507334,0
1367432627.953537,0
1367432628.124886,0
1367432628.260694,0
1367432628.356044,0
1367432628.470804,0
1367432628.527733,0
1367432628.611098,0
1367432628.787393,0
1367432628.908017,0
1367432629.007497,0
1367432629.114394,0
1367432629.204889,0
1367432629.274918,0
1367432629.457739,0
1367432629.827642,0
1367432630.544656,0
1367432630.649496,0
1367432630.699109,0
1367432630.78477,0
1367432630.876092,0
1367432631.118585,0
1367432631.396848,0
1367432631.564734,0
1367432631.630713,0
1367432631.836246,0
1367432632.041881,0
1367432632.266704,0
1367432632.558215,0
1367432632.581829,0
1367432632.64638,0
1367432632.655447,0
1367432632.809089,0
1367432633.005221,0
1367432633.048839,0
1367432633.107258,0
1367432633.153909,0
1367432633.386739,0
1367432633.52194,0
1367432633.724543,0
1367432633.73978,0
1367432633.97517,0
1367432634.161847,0
1367432634.461442,0
1367432634.52529,0
1367432634.565589,0
1367432635.027175,0
1367432635.607099,0
1367432637.028935,0
1367432637.901974,0
1367432639.795575,0
1367432640.810346,0
1367432640.933902,0
1367432642.059595,0
1367432643.272577,0
1367432644.055166,0
1367432645.38125,0
1367432646.185712,0
1367432647.596413,0
1367432648.637857,0
1367432648.929234,0
1367432649.758985,0
1367432650.698776,0
1367432653.121468,0
1367432653.238944,0
1367432654.53259,0
1367432654.647296,0
1367432655.269744,0
1367432656.376137,0
1367432656.514847,0
1367432656.727644,0
1367432658.225817,0
1367432658.58154,0
1367432659.904044,0
1367432660.438255,0
1367432661.173256,0
1367432664.712752,0
1367432664.772338,0
1367432666.227559,0
1367432666.30951,0
1367432667.037613,0
1367432667.542268,0
1367432667.786372,0
1367432669.67387,0
1367432671.293184,0
1367432672.256071,0
1367432673.716235,0
1367432674.400743,0
1367432677.865449,0
1367432679.303334,0
1367432680.625822,0
1367432682.097563,0
1367432683.683011,0
1367432684.120729,0
1367432685.33692,0
1367432686.040518,0
1367432686.827582,0
1367432687.178378,0
1367432687.308211,0
1367432687.358625,0
1367432687.512549,0
1367432687.557123,0
1367432687.607401,0
1367432687.639825,0
1367432687.861521,0
1367432688.074011,0
1367432688.128802,0
1367432688.307028,0
1367432688.446106,0
1367432688.538001,0
1367432688.599438,0
1367432688.618532,0
1367432688.633127,0
1367432688.663577,0
1367432688.714003,0
1367432688.777338,0
1367432688.792646,0
1367432688.799766,0
1367432688.819054,0
1367432688.845655,0
1367432688.867381,0
1367432688.983494,0
1367432689.126584,0
1367432689.148608,0
1367432689.208371,0
1367432689.239667,0
1367432689.447688,0
1367432689.554522,0
1367432689.65508,0
1367432689.726672,0
1367432689.791554,0
1367432689.812681,0
1367432689.896014,0
1367432689.89977,0
1367432690.080375,0
1367432690.187558,0
1367432690.209457,0
1367432690.245004,0
1367432690.350975,0
1367432690.496122,0
1367432690.548513,0
1367432690.828708,0
1367432690.885644,0
1367432691.119158,0
1367432691.244012,0
1367432691.324706,0
1367432691.436677,0
1367432691.575239,0
1367432691.801991,0
1367432691.959739,0
1367432691.993422,0
1367432692.074263,0
1367432693.323212,0
1367432693.785873,0
1367432693.855272,0
1367432694.792415,0
1367432694.867058,0
1367432695.8039,0
1367432695.925438,0
1367432696.373069,0
1367432697.040385,0
1367432697.33523,0
1367432697.961126,0
1367432698.167643,0
1367432700.37063,0
1367432701.117051,0
1367432702.99762,0
1367432703.670378,0
1367432705.262833,0
1367432706.704736,0
1367432707.628364,0
1367432707.997211,0
1367432708.083986,0
1367432708.262883,0
1367432709.725088,0
1367432710.256744,0
1367432711.278969,0
1367432711.836416,0
1367432711.938998,0
1367432712.078261,0
1367432712.342479,0
1367432712.352638,0
1367432712.374153,0
1367432712.440869,0
1367432712.682042,0
1367432712.713647,0
1367432712.781842,0
1367432712.846164,0
1367432712.902702,0
1367432712.993215,0
1367432713.224737,0
1367432713.23677,0
1367432713.297192,0
1367432713.353074,0
1367432713.502147,0
1367432713.691413,0
1367432713.749374,0
1367432713.81601,0
1367432713.822746,0
1367432713.932849,0
1367432713.950386,0
1367432714.018852,0
1367432714.290408,0
1367432714.515097,0
1367432715.363941,0
1367432715.557624,0
1367432715.758883,0
1367432715.854981,0
1367432715.90225,0
1367432716.036312,0
1367432716.167129,0
1367432716.232966,0
1367432716.346711,0
1367432716.494122,0
1367432716.838231,0
1367432716.96993,0
1367432717.017043,0
1367432717.117309,0
1367432717.151785,0
1367432717.34778,0
1367432717.482713,0
1367432717.616701,0
1367432717.842575,0
1367432718.199079,0
1367432718.456217,0
1367432718.612907,0
1367432718.740343,0
1367432719.667985,0
1367432720.025986,0
1367432721.481489,0
1367432721.83171,0
1367432722.307148,0
1367432723.153666,0
1367432724.609152,0
1367432724.842628,0
1367432725.299528,0
1367432726.09176,0
1367432726.93225,0
1367432728.330732,0
1367432729.078395,0
1367432730.344897,0
1367432730.743299,0
1367432731.582777,0
1367432731.795878,0
1367432734.193548,0
1367432735.479669,0
1367432735.893725,0
1367432736.265113,0
1367432736.526234,0
1367432737.257288,0
1367432737.536186,0
1367432738.149098,0
1367432738.154696,0
1367432738.487789,0
1367432738.752872,0
1367432739.534484,0
1367432740.515181,0
1367432740.720191,0
1367432741.423346,0
1367432741.428136,0
1367432741.805441,0
1367432742.081352,0
1367432742.091711,0
1367432743.242044,0
1367432743.387474,0
1367432743.50522,0
1367432744.93869,0
1367432745.595921,0
1367432747.643843,0
1367432749.951571,0
1367432750.045548,0
1367432750.399306,0
1367432750.459062,0
1367432751.394905,0
1367432752.031757,0
1367432753.171937,0
1367432754.310426,0
1367432755.329737,0
1367432755.430886,0
1367432755.893533,0
1367432756.033025,0
1367432757.363324,0
1367432758.918643,0
1367432760.481574,0
1367432760.70126,0
1367432761.806679,0
1367432763.150836,0
1367432764.176283,0
1367432765.674273,0
1367432766.245171,0
1367432766.598219,0
1367432767.460105,0
1367432769.341397,0
1367432770.290911,0
1367432770.830154,0
1367432771.133112,0
1367432772.644891,0
1367432773.933477,0
1367432774.045067,0
1367432774.275212,0
1367432774.393294,0
1367432774.626772,0
1367432774.787159,0
1367432775.042263,0
1367432775.29289,0
1367432775.326315,0
1367432775.349905,0
1367432775.581362,0
1367432775.774258,0
1367432775.814152,0
1367432775.858646,0
1367432776.121989,0
1367432776.354012,0
1367432776.6386,0
1367432776.651022,0
1367432776.994759,0
1367432777.078994,0
1367432777.197433,0
1367432777.264005,0
1367432777.479159,0
1367432777.672885,0
1367432777.880832,0
1367432778.044093,0
1367432778.117933,0
1367432778.179335,0
1367432778.547077,0
1367432778.687677,0
1367432778.765048,0
1367432778.855852,0
1367432779.033364,0
1367432779.291316,0
1367432779.456025,0
1367432779.718317,0
1367432779.804293,0
1367432779.969713,0
1367432780.115401,0
1367432780.407581,0
1367432780.520952,0
1367432780.613434,0
1367432780.702287,0
1367432780.799154,0
1367432780.859047,0
1367432780.903754,0
1367432781.069523,0
1367432781.207802,0
1367432781.242316,0
1367432781.331173,0
1367432781.506977,0
1367432781.649337,0
1367432781.747147,0
1367432781.786284,0
1367432781.909125,0
1367432782.200426,0
1367432782.353733,0
1367432782.498767,0
1367432782.67876,0
1367432782.777486,0
1367432782.971353,0
1367432783.175448,0
1367432783.218365,0
1367432783.24351,0
1367432783.318572,0
1367432783.397805,0
1367432783.500159,0
1367432783.623033,0
1367432783.65241,0
1367432783.718651,0
1367432783.83906,0
1367432783.878821,0
1367432784.094783,0
1367432784.212904,0
1367432784.389727,0
1367432784.684178,0
1367432785.456187,0
1367432785.633409,0
1367432785.850696,0
1367432785.927958,0
1367432785.953502,0
1367432786.125454,0
1367432786.178523,0
1367432786.225533,0
1367432786.346262,0
1367432787.030393,0
1367432787.162879,0
1367432787.219211,0
1367432787.26902,0
1367432787.36552,0
1367432787.615362,0
1367432787.804087,0
1367432787.942691,0
1367432788.064572,0
1367432788.257538,0
1367432788.267006,0
1367432788.460276,0
1367432788.530165,0
1367432788.549764,0
1367432788.56193,0
1367432788.722399,0
1367432788.862131,0
1367432789.009374,0
1367432789.243182,0
1367432789.396466,0
1367432789.569594,0
1367432789.594907,0
1367432789.685053,0
1367432789.757552,0
1367432789.802962,0
1367432789.926248,0
1367432790.161086,0
1367432790.283465,0
1367432790.315211,0
1367432790.484107,0
1367432790.561356,0
1367432790.706319,0
1367432790.810915,0
1367432790.864896,0
1367432791.17987,0
1367432791.359922,0
1367432792.164345,0
1367432792.230125,0
1367432792.854949,0
1367432793.148855,0
1367432793.31004,0
1367432793.315602,0
1367432794.103124,0
1367432794.284899,0
1367432795.581199,0
1367432796.428459,0
1367432797.812036,0
1367432797.958292,0
1367432798.116277,0
1367432799.183393,0
1367432799.768631,0
1367432800.628284,0
1367432802.215508,0
1367432806.154331,0
1367432806.380699,0
1367432807.166336,0
1367432808.509666,0
1367432809.770605,0
1367432810.119955,0
1367432810.361762,0
1367432810.856095,0
1367432811.371102,0
1367432811.504571,0
1367432811.911206,0
1367432812.75294,0
1367432814.306847,0
1367432814.389879,0
1367432814.396492,0
1367432814.532455,0
1367432814.540199,0
1367432815.094203,0
1367432815.87575,0
1367432816.190026,0
1367432817.25037,0
1367432818.34907,0
1367432818.648201,0
1367432819.665779,0
1367432821.889679,0
1367432822.542021,0
1367432823.038557,0
1367432825.281012,0
1367432826.231547,0
1367432827.457666,0
1367432829.416516,0
1367432830.332437,0
1367432832.012681,0
1367432832.964613,0
1367432834.838615,0
1367432835.099301,0
1367432835.293543,0
1367432835.542286,0
1367432836.884435,0
1367432837.702406,0
1367432841.355251,0
1367432841.962645,0
1367432843.360099,0
1367432843.770604,0
1367432845.128912,0
1367432846.593623,0
1367432846.726868,0
1367432847.131903,0
1367432848.1788,0
1367432848.852934,0
1367432849.314664,0
1367432851.04399,0
1367432854.444753,0
1367432855.207204,0
1367432855.382012,0
1367432856.6519,0
1367432858.822843,0
1367432860.375541,0
1367432860.759326,0
1367432862.188956,0
1367432862.720422,0
1367432863.843729,0
1367432864.868151,0
1367432867.636876,0
1367432868.646848,0
1367432868.922313,0
1367432869.119064,0
1367432869.237618,0
1367432869.299451,0
1367432869.341288,0
1367432869.535595,0
1367432869.721477,0
1367432869.852298,0
1367432869.865675,0
1367432870.092114,0
1367432870.153494,0
1367432870.353331,0
1367432870.504478,0
1367432871.242182,0
1367432871.270724,0
1367432871.414838,0
1367432871.563512,0
1367432871.646714,0
1367432871.688029,0
1367432871.909109,0
1367432872.095875,0
1367432872.123548,0
1367432872.353778,0
1367432872.677478,0
1367432872.749596,0
1367432872.801207,0
1367432872.954142,0
1367432873.157277,0
1367432873.307566,0
1367432873.342152,0
1367432873.394926,0
1367432873.407189,0
1367432873.44959,0
1367432873.54368,0
1367432873.70668,0
1367432873.851014,0
1367432873.965766,0
1367432874.005339,0
1367432874.118376,0
1367432874.249265,0
1367432874.377444,0
1367432874.500043,0
1367432874.762686,0
1367432875.155346,0
1367432875.311517,0
1367432875.331242,0
1367432875.493654,0
1367432875.499613,0
1367432875.649903,0
1367432875.733295,0
1367432875.829859,0
1367432875.949627,0
1367432876.005317,0
1367432876.115159,0
1367432876.400704,0
1367432876.460691,0
1367432876.565599,0
1367432876.59097,0
1367432876.658836,0
1367432876.67861,0
1367432876.699615,0
1367432876.739182,0
1367432876.750676,0
1367432876.839631,0
1367432877.067897,0
1367432877.130015,0
1367432877.214447,0
1367432877.364343,0
1367432877.408927,0
1367432877.59749,0
1367432877.641178,0
1367432877.794827,0
1367432877.915413,0
1367432877.969146,0
1367432878.062587,0
1367432878.18751,0
1367432878.33336,0
1367432878.480332,0
1367432878.522623,0
1367432878.633058,0
1367432878.714964,0
1367432878.76643,0
1367432878.774074,0
1367432878.96423,0
1367432879.135285,0
1367432879.320336,0
1367432879.634713,0
1367432879.688073,0
1367432879.82717,0
1367432879.936173,0
1367432879.990778,0
1367432880.218367,0
1367432880.343251,0
1367432880.470998,0
1367432880.573534,0
1367432880.596312,0
1367432880.626256,0
1367432880.716263,0
1367432880.978308,0
1367432881.311884,0
1367432881.479564,0
1367432882.141977,0
1367432882.535823,0
1367432882.947763,0
1367432883.012334,0
1367432883.300192,0
1367432883.534513,0
1367432883.685837,0
1367432883.939108,0
1367432884.127553,0
1367432884.765949,0
1367432884.928435,0
1367432884.957159,0
1367432885.036385,0
1367432885.137631,0
1367432885.548795,0
1367432885.695568,0
1367432885.79238,0
1367432886.905245,0
1367432887.625905,0
1367432887.750475,0
1367432889.941447,0
1367432891.815803,0
1367432893.541279,0
1367432893.797279,0
1367432895.107945,0
1367432899.487899,0
1367432900.723419,0
1367432902.505526,0
1367432904.048253,0
1367432904.484755,0
1367432906.332513,0
1367432911.622786,0
1367432912.012209,0
1367432912.32297,0
1367432912.852657,0
1367432913.320068,0
1367432915.467552,0
1367432918.07168,0
1367432918.802664,0
1367432919.961008,0
1367432921.555072,0
1367432922.121653,0
1367432923.175167,0
1367432923.56819,0
1367432924.262485,0
1367432925.242845,0
1367432926.627849,0
1367432927.857919,0
1367432927.921796,0
1367432928.063885,0
1367432929.703578,0
1367432938.187748,0
1367432939.003817,0
1367432939.692472,0
1367432939.843934,0
1367432940.942685,0
1367432942.466672,0
1367432945.086383,0
1367432945.153797,0
1367432945.534001,0
1367432945.897769,0
1367432946.075471,0
1367432946.301996,0
1367432946.38966,0
1367432946.513742,0
1367432946.55287,0
1367432946.587083,0
1367432946.620945,0
1367432946.742418,0
1367432946.901194,0
1367432946.921333,0
1367432946.954822,0
1367432947.157379,0
1367432947.462136,0
1367432947.631286,0
1367432947.721452,0
1367432947.841757,0
1367432947.982331,0
1367432948.098878,0
1367432948.117116,0
1367432948.175334,0
1367432948.185652,0
1367432948.308819,0
1367432948.396006,0
1367432948.491975,0
1367432948.55773,0
1367432948.813315,0
1367432948.833136,0
1367432948.966062,0
1367432949.136994,0
1367432949.273518,0
1367432949.462849,0
1367432949.54899,0
1367432949.741176,0
1367432949.939825,0
1367432950.198502,0
1367432950.612631,0
1367432950.750754,0
1367432950.83002,0
1367432950.923334,0
1367432951.001169,0
1367432951.141465,0
1367432951.352885,0
1367432951.428299,0
1367432951.437757,0
1367432951.543435,0
1367432951.552743,0
1367432951.622639,0
1367432951.794804,0
1367432952.03531,0
1367432952.06796,0
1367432952.161772,0
1367432952.314662,0
1367432952.481755,0
1367432952.868288,0
1367432952.914241,0
1367432952.941318,0
1367432952.957415,0
1367432952.993143,0
1367432953.136311,0
1367432953.154789,0
1367432953.175212,0
1367432953.261032,0
1367432953.41315,0
1367432953.621156,0
1367432953.81228,0
1367432953.924511,0
1367432954.068586,0
1367432954.195116,0
1367432954.267286,0
1367432954.288105,0
1367432954.391179,0
1367432954.586899,0
1367432954.77919,0
1367432954.832193,0
1367432955.055942,0
1367432955.095628,0
1367432955.179331,0
1367432955.20656,0
1367432955.293668,0
1367432955.31726,0
1367432955.4097,0
1367432955.504824,0
1367432955.528065,0
1367432955.630672,0
1367432955.961214,0
1367432955.983175,0
1367432956.045388,0
1367432956.198037,0
1367432956.295706,0
1367432956.372363,0
1367432956.530282,0
1367432956.608296,0
1367432956.636606,0
1367432956.783651,0
1367432956.798847,0
1367432956.951715,0
1367432957.090283,0
1367432957.413895,0
1367432957.464987,0
1367432957.502708,0
1367432957.548144,0
1367432957.554208,0
1367432957.709347,0
1367432957.772126,0
1367432957.800844,0
1367432958.024175,0
1367432958.156656,0
1367432958.259478,0
1367432958.464536,0
1367432958.585835,0
1367432958.724851,0
1367432958.909979,0
1367432958.923121,0
1367432958.997492,0
1367432959.207789,0
1367432959.342539,0
1367432959.513259,0
1367432959.606115,0
1367432959.669314,0
1367432959.801719,0
1367432960.369138,0
1367432961.468667,0
1367432961.992243,0
1367432962.401308,0
1367432963.633227,0
1367432963.993275,0
1367432964.136559,0
1367432964.55043,0
1367432964.631493,0
1367432964.785938,0
1367432965.118306,0
1367432965.704043,0
1367432965.797604,0
1367432966.879899,0
1367432967.334287,0
1367432967.726766,0
1367432968.435517,0
1367432969.595227,0
1367432970.147612,0
1367432971.813636,0
1367432972.262584,0
1367432973.247191,0
1367432973.446893,0
1367432974.910597,0
1367432975.028664,0
1367432975.659478,0
1367432977.091033,0
1367432977.677771,0
1367432979.138538,0
1367432980.284495,0
1367432980.682272,0
1367432981.651465,0
1367432983.071978,0
1367432986.181832,0
1367432987.359745,0
1367432987.437449,0
1367432987.829312,0
1367432988.523134,0
1367432990.723901,0
1367432991.85445,0
1367432993.849409,0
1367432996.837776,0
1367432997.299376,0
1367432999.841546,0
1367433001.419,0
1367433004.124085,0
1367433004.92406,0
1367433007.176457,0
1367433007.833114,0
1367433009.836684,0
1367433011.576453,0
1367433011.700154,0
1367433013.076854,0
1367433013.419698,0
1367433014.783415,0
1367433017.602249,0
1367433019.258527,0
1367433019.49751,0
1367433020.906406,0
1367433021.994567,0
1367433024.005222,0
1367433024.762674,0
1367433026.12925,0
1367433027.290114,0
1367433028.792046,0
1367433029.643945,0
1367433032.739161,0
1367433032.750303,0
1367433032.999763,0
1367433033.323771,0
1367433033.37751,0
1367433033.47014,0
1367433033.685708,0
1367433033.875808,0
1367433034.08141,0
1367433034.218894,0
1367433034.45202,0
1367433034.673489,0
1367433034.909806,0
1367433034.916851,0
1367433034.951487,0
1367433035.120909,0
1367433035.289743,0
1367433035.372491,0
1367433035.38571,0
1367433035.420024,0
1367433035.509018,0
1367433035.542478,0
1367433035.704667,0
1367433035.938019,0
1367433036.264587,0
1367433036.517795,0
1367433036.525546,0
1367433036.639832,0
1367433036.803626,0
1367433036.876294,0
1367433037.001316,0
1367433037.045738,0
1367433037.23768,0
1367433037.405604,0
1367433037.428581,0
1367433037.633438,0
1367433037.66702,0
1367433037.84466,0
1367433038.009934,0
1367433038.084015,0
1367433038.210544,0
1367433038.335063,0
1367433038.536155,0
1367433038.686522,0
1367433038.940737,0
1367433038.959727,0
1367433039.039057,0
1367433039.168402,0
1367433039.425517,0
1367433039.482104,0
1367433039.548894,0
1367433039.708295,0
1367433039.773628,0
1367433039.784261,0
1367433039.861342,0
1367433039.93687,0
1367433039.997203,0
1367433040.235798,0
1367433040.307915,0
1367433040.485159,0
1367433040.594644,0
1367433040.646872,0
1367433040.812151,0
1367433040.866535,0
1367433041.008,0
1367433041.162488,0
1367433041.182073,0
1367433041.322849,0
1367433041.509446,0
1367433041.582694,0
1367433041.621594,0
1367433041.854227,0
1367433042.088801,0
1367433042.107431,0
1367433042.324939,0
1367433042.332756,0
1367433042.562908,0
1367433042.755397,0
1367433042.829188,0
1367433042.861407,0
1367433042.86559,0
1367433042.909227,0
1367433042.930933,0
1367433043.020784,0
1367433043.232742,0
1367433043.384654,0
1367433043.534515,0
1367433043.612706,0
1367433043.818673,0
1367433043.880249,0
1367433043.995734,0
1367433044.111143,0
1367433044.242678,0
1367433044.518293,0
1367433044.663745,0
1367433044.80253,0
1367433044.89401,0
1367433045.074021,0
1367433045.084036,0
1367433045.094422,0
1367433045.177457,0
1367433045.188068,0
1367433045.303038,0
1367433045.49471,0
1367433045.761124,0
1367433045.927699,0
1367433045.990009,0
1367433046.033506,0
1367433046.169287,0
1367433046.289915,0
1367433046.33215,0
1367433046.553209,0
1367433046.60839,0
1367433046.66945,0
1367433046.787533,0
1367433046.973721,0
1367433047.118916,0
1367433047.21547,0
1367433047.290475,0
1367433047.394433,0
1367433047.474192,0
1367433047.681857,0
1367433047.834562,0
1367433048.160331,0
1367433048.612186,0
1367433049.073152,0
1367433049.285968,0
1367433050.039033,0
1367433050.275549,0
1367433050.857897,0
1367433051.395636,0
1367433051.991172,0
1367433052.068361,0
1367433052.548699,0
1367433053.687812,0
1367433055.597776,0
1367433056.263589,0
1367433057.48872,0
1367433057.976765,0
1367433058.553515,0
1367433060.482661,0
1367433060.883624,0
1367433061.89618,0
1367433062.640332,0
1367433064.920703,0
1367433065.354612,0
1367433065.616616,0
1367433065.853497,0
1367433067.179763,0
1367433067.278181,0
1367433068.686292,0
1367433071.680619,0
1367433073.174829,0
1367433074.211249,0
1367433077.693412,0
1367433078.816556,0
1367433080.143769,0
1367433082.036008,0
1367433083.213157,0
1367433083.443909,0
1367433083.92089,0
1367433083.927528,0
1367433084.916307,0
1367433085.739505,0
1367433086.364724,0
1367433086.643754,0
1367433087.850451,0
1367433088.612752,0
1367433089.413473,0
1367433091.236304,0
1367433093.523654,0
1367433096.20425,0
1367433096.316877,0
1367433096.784955,0
1367433098.938829,0
1367433100.637979,0
1367433101.157848,0
1367433102.881875,0
1367433103.592181,0
1367433104.254759,0
1367433106.343457,0
1367433107.085595,0
1367433108.003383,0
1367433108.990393,0
1367433110.020519,0
1367433111.153871,0
1367433112.160445,0
1367433113.080369,0
1367433115.365097,0
1367433117.951583,0
1367433118.242354,0
1367433118.341426,0
1367433118.365327,0
1367433118.371732,0
1367433118.394759,0
1367433118.458284,0
1367433118.484691,0
1367433118.530504,0
1367433118.802058,0
1367433119.059428,0
1367433119.154862,0
1367433119.200421,0
1367433119.229536,0
1367433119.236615,0
1367433119.437716,0
1367433119.537038,0
1367433119.669118,0
1367433119.699035,0
1367433119.728015,0
1367433119.738325,0
1367433119.891195,0
1367433119.942265,0
1367433119.977973,0
1367433120.093974,0
1367433120.101372,0
1367433120.131326,0
1367433120.303885,0
1367433120.442377,0
1367433120.498459,0
1367433120.617024,0
1367433120.702618,0
1367433120.872442,0
1367433121.007907,0
1367433121.250285,0
1367433121.562626,0
1367433121.624727,0
1367433121.739038,0
1367433122.263844,0
1367433122.501985,0
1367433122.84932,0
1367433123.085039,0
1367433123.140649,0
1367433123.357579,0
1367433123.414422,0
1367433123.518866,0
1367433123.536194,0
1367433123.852927,0
1367433124.104361,0
1367433124.203327,0
1367433124.400442,0
1367433124.532263,0
1367433124.632119,0
1367433124.827746,0
1367433124.961396,0
1367433125.053713,0
1367433125.231303,0
1367433125.391037,0
1367433125.483828,0
1367433125.587837,0
1367433125.749107,0
1367433125.858067,0
1367433125.90509,0
1367433126.025194,0
1367433126.298817,0
1367433126.477667,0
1367433126.789081,0
1367433127.040024,0
1367433127.235479,0
1367433127.271116,0
1367433127.282649,0
1367433127.323313,0
1367433127.375402,0
1367433127.447584,0
1367433127.784225,0
1367433128.003438,0
1367433128.229078,0
1367433128.447625,0
1367433128.630788,0
1367433128.778305,0
1367433129.210657,0
1367433129.333355,0
1367433129.452121,0
1367433129.650133,0
1367433130.102421,0
1367433130.15845,0
1367433130.26171,0
1367433130.532312,0
1367433130.662244,0
1367433130.876159,0
1367433130.987534,0
1367433131.138492,0
1367433131.254376,0
1367433131.442263,0
1367433131.697713,0
1367433132.050624,0
1367433132.161056,0
1367433132.237193,0
1367433132.375794,0
1367433132.589069,0
1367433132.61339,0
1367433132.899594,0
1367433133.026036,0
1367433133.163276,0
1367433133.333832,0
1367433133.494976,0
1367433133.519227,0
1367433133.997036,0
1367433134.25307,0
1367433134.362538,0
1367433135.743281,0
1367433136.11581,0
1367433136.48005,0
1367433136.781051,0
1367433137.52657,0
1367433138.377195,0
1367433139.534479,0
1367433139.633953,0
1367433140.626391,0
1367433141.035708,0
1367433141.474519,0
1367433144.777941,0
1367433144.877482,0
1367433145.119251,0
1367433149.021848,0
1367433149.453444,0
1367433149.66679,0
1367433149.96603,0
1367433150.206836,0
1367433150.593287,0
1367433151.8987,0
1367433152.413804,0
1367433154.09624,0
1367433154.925084,0
1367433156.248757,0
1367433157.758748,0
1367433159.188342,0
1367433160.697988,0
1367433162.239166,0
1367433166.091487,0
1367433166.707263,0
1367433166.94425,0
1367433167.292287,0
1367433167.880522,0
1367433168.748438,0
1367433169.786025,0
1367433171.099613,0
1367433173.618112,0
1367433174.386071,0
1367433176.012476,0
1367433176.743616,0
1367433177.15049,0
1367433178.644689,0
1367433179.465751,0
1367433179.912697,0
1367433180.576016,0
1367433181.605005,0
1367433182.587299,0
1367433185.648489,0
1367433185.728213,0
1367433185.734044,0
1367433187.336705,0
1367433189.995364,0
1367433191.303952,0
1367433191.933918,0
1367433193.41915,0
1367433194.673409,0
1367433195.378861,0
1367433195.386995,0
1367433195.800644,0
1367433196.797175,0
1367433200.938201,0
1367433203.072357,0
1367433203.340114,0
1367433203.414812,0
1367433203.70761,0
1367433203.851673,0
1367433203.96947,0
1367433204.08274,0
1367433204.20229,0
1367433204.344149,0
1367433204.459525,0
1367433204.53154,0
1367433204.882562,0
1367433205.040703,0
1367433205.045916,0
1367433205.152707,0
1367433205.226289,0
1367433205.306861,0
1367433205.533289,0
1367433205.64825,0
1367433205.716698,0
1367433205.766187,0
1367433205.785578,0
1367433205.913357,0
1367433206.031373,0
1367433206.177276,0
1367433206.309374,0
1367433206.449987,0
1367433206.639985,0
1367433206.839621,0
1367433206.917114,0
1367433206.989378,0
1367433207.117969,0
1367433207.316733,0
1367433207.523673,0
1367433207.76295,0
1367433207.944691,0
1367433208.094428,0
1367433208.145744,0
1367433208.165905,0
1367433208.348419,0
1367433208.552984,0
1367433208.681768,0
1367433208.715582,0
1367433208.795511,0
1367433208.815186,0
1367433208.885287,0
1367433208.938097,0
1367433209.015229,0
1367433209.159184,0
1367433209.247622,0
1367433209.486338,0
1367433209.782867,0
1367433210.059823,0
1367433210.095467,0
1367433210.224049,0
1367433210.23401,0
1367433210.245959,0
1367433210.411303,0
1367433210.547089,0
1367433210.589436,0
1367433210.7387,0
1367433210.755549,0
1367433210.781197,0
1367433210.952797,0
1367433211.131401,0
1367433211.223536,0
1367433211.278298,0
1367433211.371478,0
1367433211.431022,0
1367433211.491955,0
1367433211.498798,0
1367433211.646121,0
1367433211.808653,0
1367433211.905859,0
1367433211.930241,0
1367433211.946528,0
1367433211.981359,0
1367433212.014806,0
1367433212.106952,0
1367433212.219899,0
1367433212.361215,0
1367433212.504271,0
1367433212.517559,0
1367433212.55082,0
1367433212.65654,0
1367433212.932544,0
1367433213.282308,0
1367433213.402607,0
1367433213.422963,0
1367433213.485582,0
1367433213.575563,0
1367433213.58451,0
1367433213.610857,0
1367433213.822693,0
1367433214.012051,0
1367433214.22218,0
1367433214.291854,0
1367433214.415836,0
1367433214.561876,0
1367433214.701152,0
1367433214.824269,0
1367433214.869995,0
1367433215.082723,0
1367433215.102312,0
1367433215.337408,0
1367433215.581858,0
1367433215.835894,0
1367433215.872664,0
1367433215.928503,0
1367433216.11309,0
1367433216.322897,0
1367433216.627578,0
1367433216.698338,0
1367433216.894593,0
1367433216.936046,0
1367433217.183487,0
1367433217.572024,0
1367433217.686899,0
1367433217.786754,0
1367433217.863239,0
1367433218.094841,0
1367433219.318955,0
1367433220.264632,0
1367433220.791332,0
1367433220.956311,0
1367433221.742006,0
1367433222.44327,0
1367433224.123796,0
1367433225.310491,0
1367433227.204816,0
1367433227.620693,0
1367433229.000512,0
1367433230.794779,0
1367433232.454955,0
1367433232.57185,0
1367433233.183318,0
1367433235.048454,0
1367433237.553643,0
1367433239.593938,0
1367433240.709116,0
1367433243.811232,0
1367433245.165097,0
1367433246.585534,0
1367433247.92869,0
1367433248.197323,0
1367433250.141802,0
1367433251.925355,0
1367433252.525883,0
1367433253.252007,0
1367433254.256095,0
1367433256.518161,0
1367433257.198087,0
1367433259.449183,0
1367433260.364322,0
1367433261.206239,0
1367433263.359219,0
1367433268.406538,0
1367433269.72563,0
1367433272.251367,0
1367433276.109874,0
1367433277.340119,0
1367433277.457204,0
1367433277.916323,0
1367433278.696352,0
1367433279.30275,0
1367433280.322295,0
1367433280.81791,0
1367433281.922575,0
1367433282.011283,0
1367433282.128389,0
1367433282.362237,0
1367433282.942713,0
1367433284.15609,0
1367433284.445576,0
1367433284.599695,0
1367433285.164842,0
1367433285.352557,0
1367433285.453949,0
1367433286.06821,0
1367433286.100351,0
1367433286.201056,0
1367433286.281369,0
1367433286.604583,0
1367433286.765258,0
1367433286.789791,0
1367433286.806732,0
1367433286.845335,0
1367433287.127817,0
1367433287.467812,0
1367433287.633344,0
1367433287.676272,0
1367433287.756009,0
1367433287.868441,0
1367433288.044172,0
1367433288.267109,0
1367433288.302971,0
1367433288.338311,0
1367433288.347006,0
1367433288.400871,0
1367433288.45237,0
1367433288.64243,0
1367433288.758266,0
1367433288.925797,0
1367433289.065886,0
1367433289.243158,0
1367433289.277939,0
1367433289.526155,0
1367433289.654972,0
1367433289.682321,0
1367433289.756738,0
1367433289.989616,0
1367433290.237766,0
1367433290.470335,0
1367433290.596486,0
1367433290.73435,0
1367433290.85304,0
1367433291.016083,0
1367433291.137224,0
1367433291.255047,0
1367433291.458957,0
1367433291.812622,0
1367433291.926261,0
1367433292.260327,0
1367433292.344613,0
1367433292.479016,0
1367433292.576873,0
1367433292.606881,0
1367433292.680675,0
1367433292.700359,0
1367433292.761502,0
1367433292.874509,0
1367433292.935876,0
1367433293.075025,0
1367433293.102282,0
1367433293.223977,0
1367433293.380279,0
1367433293.526614,0
1367433293.573336,0
1367433293.730621,0
1367433293.923719,0
1367433294.049411,0
1367433294.829501,0
1367433295.01785,0
1367433295.23757,0
1367433295.261456,0
1367433295.419887,0
1367433295.434565,0
1367433295.50316,0
1367433295.669087,0
1367433295.767066,0
1367433295.993247,0
1367433296.052914,0
1367433296.310105,0
1367433296.466513,0
1367433296.5081,0
1367433296.610404,0
1367433296.731964,0
1367433296.823766,0
1367433296.937854,0
1367433296.981203,0
1367433297.016493,0
1367433297.144661,0
1367433297.428142,0
1367433297.662949,0
1367433298.322639,0
1367433298.472263,0
1367433298.548641,0
1367433298.561372,0
1367433298.587945,0
1367433298.787726,0
1367433298.859649,0
1367433298.960679,0
1367433299.044617,0
1367433299.069333,0
1367433299.125888,0
1367433299.185,0
1367433299.267617,0
1367433299.300097,0
1367433299.351181,0
1367433299.576804,0
1367433299.629135,0
1367433299.647643,0
1367433299.747512,0
1367433299.812389,0
1367433299.935307,0
1367433299.985827,0
1367433300.292751,0
1367433300.416134,0
1367433300.504729,0
1367433300.651492,0
1367433300.829756,0
1367433302.772734,0
1367433303.053424,0
1367433303.135537,0
1367433303.72368,0
1367433304.541286,0
1367433305.792095,0
1367433305.971818,0
1367433306.405132,0
1367433306.533206,0
1367433307.890791,0
1367433308.405599,0
1367433309.117298,0
1367433309.238741,0
1367433310.388332,0
1367433310.684683,0
1367433311.608373,0
1367433312.119941,0
1367433312.809115,0
1367433314.714278,0
1367433316.135904,0
1367433316.767423,0
1367433317.943667,0
1367433318.823332,0
1367433319.906288,0
1367433320.06959,0
1367433320.252164,0
1367433322.005284,0
1367433322.571792,0
1367433324.043631,0
1367433324.273225,0
1367433325.000931,0
1367433326.827737,0
1367433328.717569,0
1367433329.363599,0
1367433329.900442,0
1367433331.68285,0
1367433334.104339,0
1367433334.993043,0
1367433335.96742,0
1367433337.667597,0
1367433339.341526,0
1367433339.869262,0
1367433342.459737,0
1367433344.500897,0
1367433345.625207,0
1367433347.217555,0
1367433347.862412,0
1367433351.149824,0
1367433352.97057,0
1367433354.01281,0
1367433354.986261,0
1367433356.391429,0
1367433357.894903,0
1367433363.026071,0
1367433367.329301,0
1367433367.895771,0
1367433368.586454,0
1367433368.813283,0
1367433370.129341,0
1367433371.678684,0
1367433372.781875,0
1367433373.022453,0
1367433373.059895,0
1367433373.310217,0
1367433373.415985,0
1367433373.476917,0
1367433373.567467,0
1367433373.70943,0
1367433373.932388,0
1367433373.989058,0
1367433374.052518,0
1367433374.166742,0
1367433374.408397,0
1367433374.771774,0
1367433374.832718,0
1367433375.087035,0
1367433375.347656,0
1367433375.503731,0
1367433375.54842,0
1367433375.709194,0
1367433375.745053,0
1367433375.906827,0
1367433376.109183,0
1367433376.19898,0
1367433376.213794,0
1367433376.348864,0
1367433376.391981,0
1367433376.562398,0
1367433376.787996,0
1367433376.887931,0
1367433377.107252,0
1367433377.282072,0
1367433377.384606,0
1367433377.421734,0
1367433377.628795,0
1367433377.939128,0
1367433378.025415,0
1367433378.140794,0
1367433378.246758,0
1367433378.267394,0
1367433378.329621,0
1367433378.481508,0
1367433378.633224,0
1367433378.701664,0
1367433378.911803,0
1367433379.065163,0
1367433379.20113,0
1367433379.230422,0
1367433379.23682,0
1367433379.308215,0
1367433379.361942,0
1367433379.390485,0
1367433379.418276,0
1367433379.556796,0
1367433379.582302,0
1367433379.684027,0
1367433379.913103,0
1367433379.943574,0
1367433379.966964,0
1367433380.054092,0
1367433380.328773,0
1367433380.397611,0
1367433380.449338,0
1367433380.661051,0
1367433380.932509,0
1367433381.21044,0
1367433381.219339,0
1367433381.480579,0
1367433381.589981,0
1367433381.596784,0
1367433381.625351,0
1367433381.665381,0
1367433381.758554,0
1367433381.808399,0
1367433381.904961,0
1367433381.984131,0
1367433382.12064,0
1367433382.26338,0
1367433382.580805,0
1367433382.888946,0
1367433382.970499,0
1367433383.224657,0
1367433383.292772,0
1367433383.476532,0
1367433383.541433,0
1367433383.557368,0
1367433383.595294,0
1367433383.756824,0
1367433383.818194,0
1367433383.878406,0
1367433384.105559,0
1367433384.149126,0
1367433384.343071,0
1367433385.049332,0
1367433385.828521,0
1367433385.952145,0
1367433386.109626,0
1367433386.192162,0
1367433386.330764,0
1367433386.40954,0
1367433386.618011,0
1367433387.437916,0
1367433387.471553,0
1367433387.506457,0
1367433387.544435,0
1367433387.573613,0
1367433387.842476,0
1367433387.877735,0
1367433388.129066,0
1367433388.262291,0
1367433388.393184,0
1367433388.559048,0
1367433388.670724,0
1367433389.171947,0
1367433389.609638,0
1367433390.717066,0
1367433390.948939,0
1367433391.162836,0
1367433392.363117,0
1367433393.341857,0
1367433394.376511,0
1367433394.959366,0
1367433395.101076,0
1367433395.453193,0
1367433397.314612,0
1367433397.965419,0
1367433399.136547,0
1367433400.67839,0
1367433401.522261,0
1367433402.393587,0
1367433403.264098,0
1367433403.987784,0
1367433404.407162,0
1367433405.19767,0
1367433406.386228,0
1367433407.391544,0
1367433407.680099,0
1367433407.879612,0
1367433408.548058,0
1367433410.009695,0
1367433410.867282,0
1367433411.600094,0
1367433412.643888,0
1367433413.924176,0
1367433414.779003,0
1367433415.851163,0
1367433416.158152,0
1367433417.466615,0
1367433419.09769,0
1367433424.002628,0
1367433425.861162,0
1367433427.075142,0
1367433427.324278,0
1367433427.422832,0
1367433428.181287,0
1367433428.561028,0
1367433428.9,0
1367433429.781378,0
1367433431.881607,0
1367433432.328947,0
1367433433.467715,0
1367433434.820322,0
1367433435.088718,0
1367433435.777331,0
1367433436.23376,0
1367433437.516579,0
1367433437.632922,0
1367433437.794732,0
1367433438.659118,0
1367433438.756423,0
1367433439.557127,0
1367433440.56784,0
1367433441.811168,0
1367433442.683483,0
1367433442.832519,0
1367433443.57493,0
1367433444.283151,0
1367433444.426518,0
1367433445.356608,0
1367433445.743947,0
1367433446.914093,0
1367433448.687103,0
1367433449.639138,0
1367433450.181887,0
1367433450.882131,0
1367433451.158947,0
1367433451.697933,0
1367433451.844792,0
1367433451.93262,0
1367433452.149752,0
1367433453.470643,0
1367433454.580304,0
1367433455.378446,0
1367433455.526855,0
1367433456.399741,0
1367433457.080528,0
1367433457.832065,0
1367433457.950148,0
1367433459.33167,0
1367433460.114229,0
1367433461.350057,0
1367433461.526882,0
1367433461.845842,0
1367433462.324965,0
1367433464.326807,0
1367433464.784667,0
1367433464.883623,0
1367433465.002831,0
1367433465.02375,0
1367433465.055131,0
1367433465.09535,0
1367433465.107475,0
1367433465.213845,0
1367433465.256734,0
1367433465.423556,0
1367433465.743273,0
1367433466.125774,0
1367433466.349896,0
1367433466.596159,0
1367