1367432431.974369,0
1367432432.022298,0
1367432432.086236,0
1367432432.289934,0
1367432432.400157,0
1367432432.498385,0
1367432432.521614,0
1367432432.54319,0
1367432432.665738,0
1367432432.734787,0
1367432432.738457,0
1367432432.90609,0
1367432432.957925,0
1367432433.066688,0
1367432433.091514,0
1367432433.095413,0
1367432433.097785,0
1367432433.227806,0
1367432433.342003,0
1367432433.475221,0
1367432433.56899,0
1367432433.777678,0
1367432433.791796,0
1367432433.918116,0
1367432433.961035,0
1367432434.126388,0
1367432434.157507,0
1367432434.313354,0
1367432435.099974,0
1367432435.163002,0
1367432435.535919,0
1367432435.577585,0
1367432435.608388,0
1367432435.63076,0
1367432435.711843,0
1367432435.914522,0
1367432436.078971,0
1367432436.103967,0
1367432436.182375,0
1367432436.268735,0
1367432436.425909,0
1367432436.46688,0
1367432436.479205,0
1367432436.512657,0
1367432436.543331,0
1367432436.6954,0
1367432436.88128,0
1367432437.114441,0
1367432437.166804,0
1367432437.285028,0
1367432437.415641,0
1367432437.50698,0
1367432437.559134,0
1367432437.643599,0
1367432437.758976,0
1367432437.964779,0
1367432438.085943,0
1367432438.312321,0
1367432438.447285,0
1367432438.767434,0
1367432438.840466,0
1367432438.967543,0
1367432439.011492,0
1367432439.088175,0
1367432439.327233,0
1367432439.583465,0
1367432439.670791,0
1367432439.912113,0
1367432439.957629,0
1367432440.024006,0
1367432440.068288,0
1367432440.093695,0
1367432440.099188,0
1367432440.260877,0
1367432440.301274,0
1367432440.383735,0
1367432440.689005,0
1367432441.059731,0
1367432441.304419,0
1367432441.472169,0
1367432441.593627,0
1367432441.623358,0
1367432441.63889,0
1367432441.773388,0
1367432441.970774,0
1367432442.078139,0
1367432442.166806,0
1367432442.330288,0
1367432442.359719,0
1367432442.372928,0
1367432442.386389,0
1367432442.473955,0
1367432442.692846,0
1367432442.765144,0
1367432442.932293,0
1367432443.134058,0
1367432443.402401,0
1367432443.781875,0
1367432443.878766,0
1367432443.897934,0
1367432444.039218,0
1367432444.224932,0
1367432444.36993,0
1367432444.659309,0
1367432444.714854,0
1367432444.790948,0
1367432444.814417,0
1367432444.914116,0
1367432445.031829,0
1367432445.094361,0
1367432445.205098,0
1367432445.374628,0
1367432445.380599,0
1367432445.435655,0
1367432445.519389,0
1367432445.53919,0
1367432445.740398,0
1367432445.930059,0
1367432446.079918,0
1367432446.360563,0
1367432446.385265,0
1367432446.587651,0
1367432446.728074,0
1367432447.013073,0
1367432447.374443,0
1367432447.539607,0
1367432447.622252,0
1367432447.748182,0
1367432448.069162,0
1367432448.429739,0
1367432448.580581,0
1367432448.733603,0
1367432448.891006,0
1367432449.066797,0
1367432449.350454,0
1367432449.519932,0
1367432449.708776,0
1367432449.97639,0
1367432450.056681,0
1367432450.26509,0
1367432450.673083,0
1367432450.900765,0
1367432450.994938,0
1367432451.273291,0
1367432451.528807,0
1367432451.675741,0
1367432451.963379,0
1367432452.957066,0
1367432453.085633,0
1367432453.113257,0
1367432453.218443,0
1367432453.37753,0
1367432453.531956,0
1367432453.610668,0
1367432453.689135,0
1367432453.927662,0
1367432454.053271,0
1367432454.156197,0
1367432454.510434,0
1367432454.763904,0
1367432454.949277,0
1367432455.228819,0
1367432455.262838,0
1367432455.308438,0
1367432455.403695,0
1367432455.529051,0
1367432456.197011,0
1367432456.241062,0
1367432456.33133,0
1367432456.387445,0
1367432456.456201,0
1367432456.575874,0
1367432456.652822,0
1367432456.684253,0
1367432456.761563,0
1367432457.045767,0
1367432457.137936,0
1367432457.146771,0
1367432457.305752,0
1367432457.44318,0
1367432457.493614,0
1367432457.631018,0
1367432457.77247,0
1367432457.901387,0
1367432457.948377,0
1367432458.174981,0
1367432458.214217,0
1367432458.388098,0
1367432458.952296,0
1367432459.070989,0
1367432459.316048,0
1367432459.426636,0
1367432459.530913,0
1367432459.707121,0
1367432459.848003,0
1367432459.924329,0
1367432460.009039,0
1367432460.024709,0
1367432460.113278,0
1367432460.33666,0
1367432460.468561,0
1367432460.726661,0
1367432461.006571,0
1367432461.031822,0
1367432461.095837,0
1367432461.214505,0
1367432461.256769,0
1367432461.524147,0
1367432461.837348,0
1367432462.188986,0
1367432462.226071,0
1367432462.48024,0
1367432462.686763,0
1367432462.703524,0
1367432462.859972,0
1367432462.879351,0
1367432462.930554,0
1367432463.111164,0
1367432463.192137,0
1367432463.483629,0
1367432463.790926,0
1367432464.046624,0
1367432464.233824,0
1367432464.338608,0
1367432464.633426,0
1367432464.891285,0
1367432465.206399,0
1367432466.027268,0
1367432466.09593,0
1367432466.241259,0
1367432466.401588,0
1367432466.424435,0
1367432466.544697,0
1367432466.797108,0
1367432467.470322,0
1367432467.83474,0
1367432468.599973,0
1367432470.083885,0
1367432470.532389,0
1367432470.98895,0
1367432471.450839,0
1367432472.494611,0
1367432474.045354,0
1367432474.112805,0
1367432474.876897,0
1367432475.387322,0
1367432475.546028,0
1367432475.879963,0
1367432477.344034,0
1367432477.512474,0
1367432478.328311,0
1367432478.394546,0
1367432478.486096,0
1367432479.541993,0
1367432479.861058,0
1367432480.476769,0
1367432481.651902,0
1367432481.893772,0
1367432483.157646,0
1367432483.227076,0
1367432483.917349,0
1367432483.999524,0
1367432484.438741,0
1367432484.586966,0
1367432485.17109,0
1367432485.887966,0
1367432486.034776,0
1367432486.928326,0
1367432487.058687,0
1367432487.735894,0
1367432488.422189,0
1367432488.424986,0
1367432488.742125,0
1367432489.623007,0
1367432489.94251,0
1367432490.448442,0
1367432490.86036,0
1367432491.721041,0
1367432492.291991,0
1367432494.624092,0
1367432495.439284,0
1367432495.781508,0
1367432495.851261,0
1367432496.511751,0
1367432497.575362,0
1367432497.672271,0
1367432497.747537,0
1367432499.406327,0
1367432499.68589,0
1367432500.450092,0
1367432501.798945,0
1367432502.109014,0
1367432502.17198,0
1367432502.980864,0
1367432503.313771,0
1367432504.292199,0
1367432505.279352,0
1367432506.117019,0
1367432506.544849,0
1367432506.740127,0
1367432507.494035,0
1367432507.49811,0
1367432508.33348,0
1367432509.532812,0
1367432509.747853,0
1367432509.772322,0
1367432509.840946,0
1367432510.033994,0
1367432510.073385,0
1367432510.199684,0
1367432510.245759,0
1367432510.383184,0
1367432510.651261,0
1367432510.731101,0
1367432510.838666,0
1367432511.053096,0
1367432511.212747,0
1367432511.26506,0
1367432511.292993,0
1367432511.304325,0
1367432511.362289,0
1367432511.569659,0
1367432511.628704,0
1367432511.818906,0
1367432511.935349,0
1367432512.135977,0
1367432512.267433,0
1367432512.368054,0
1367432512.481357,0
1367432512.585035,0
1367432512.778792,0
1367432512.831844,0
1367432512.941691,0
1367432513.303647,0
1367432513.392109,0
1367432513.515908,0
1367432513.59749,0
1367432513.66307,0
1367432513.730062,0
1367432513.886792,0
1367432513.961889,0
1367432514.14735,0
1367432514.254645,0
1367432514.435607,0
1367432514.453061,0
1367432514.624305,0
1367432514.798268,0
1367432515.036155,0
1367432515.065808,0
1367432515.08855,0
1367432515.131553,0
1367432515.257444,0
1367432515.288401,0
1367432515.324792,0
1367432515.385798,0
1367432515.399633,0
1367432515.410447,0
1367432515.456473,0
1367432515.47586,0
1367432515.490399,0
1367432515.733858,0
1367432515.766485,0
1367432515.784258,0
1367432515.877961,0
1367432516.058281,0
1367432516.067353,0
1367432516.12387,0
1367432516.181322,0
1367432516.330689,0
1367432516.385798,0
1367432516.414903,0
1367432516.452691,0
1367432516.528967,0
1367432516.628816,0
1367432516.796815,0
1367432517.211997,0
1367432518.299414,0
1367432519.298474,0
1367432520.551481,0
1367432522.660964,0
1367432523.811688,0
1367432524.16725,0
1367432526.167355,0
1367432526.748707,0
1367432526.809637,0
1367432527.347329,0
1367432527.636628,0
1367432528.632776,0
1367432529.0034,0
1367432530.126448,0
1367432531.059149,0
1367432532.654076,0
1367432534.633763,0
1367432534.642382,0
1367432535.430296,0
1367432535.88202,0
1367432536.571613,0
1367432536.92219,0
1367432537.657682,0
1367432537.75707,0
1367432537.763264,0
1367432537.842045,0
1367432538.403398,0
1367432538.954208,0
1367432539.908681,0
1367432540.256874,0
1367432540.868013,0
1367432541.18636,0
1367432542.243775,0
1367432542.734842,0
1367432542.790615,0
1367432542.86288,0
1367432542.978805,0
1367432543.177034,0
1367432543.305934,0
1367432543.399666,0
1367432543.442776,0
1367432543.635667,0
1367432543.737732,0
1367432543.971949,0
1367432544.13436,0
1367432544.176668,0
1367432544.211067,0
1367432544.338867,0
1367432544.42968,0
1367432544.629365,0
1367432544.68034,0
1367432544.754915,0
1367432544.769131,0
1367432544.829037,0
1367432544.924759,0
1367432545.011268,0
1367432545.098144,0
1367432545.26495,0
1367432545.402476,0
1367432545.634888,0
1367432545.799972,0
1367432545.955524,0
1367432546.189785,0
1367432546.219807,0
1367432546.280556,0
1367432546.430761,0
1367432546.435647,0
1367432546.507727,0
1367432546.579653,0
1367432546.598024,0
1367432546.623881,0
1367432546.66086,0
1367432546.677581,0
1367432546.690973,0
1367432546.725568,0
1367432546.806752,0
1367432546.946524,0
1367432547.280809,0
1367432547.344027,0
1367432547.40415,0
1367432547.505764,0
1367432547.554642,0
1367432547.575588,0
1367432547.713815,0
1367432547.919567,0
1367432547.938294,0
1367432547.998936,0
1367432548.101837,0
1367432548.226083,0
1367432548.352911,0
1367432548.657636,0
1367432548.873729,0
1367432548.91898,0
1367432549.094518,0
1367432549.327827,0
1367432550.212326,0
1367432550.47339,0
1367432550.532833,0
1367432550.624085,0
1367432550.969442,0
1367432551.004393,0
1367432551.027971,0
1367432551.106063,0
1367432551.188492,0
1367432551.360589,0
1367432552.962285,0
1367432553.169043,0
1367432554.155856,0
1367432554.381922,0
1367432554.826463,0
1367432555.12761,0
1367432555.274938,0
1367432555.464707,0
1367432556.068777,0
1367432556.473871,0
1367432557.322134,0
1367432557.787084,0
1367432558.574873,0
1367432559.512076,0
1367432560.67524,0
1367432561.993482,0
1367432562.446305,0
1367432563.265622,0
1367432564.71646,0
1367432564.756887,0
1367432564.949298,0
1367432565.369224,0
1367432565.683256,0
1367432566.668358,0
1367432567.231509,0
1367432567.579617,0
1367432567.963195,0
1367432568.131781,0
1367432569.538899,0
1367432570.485083,0
1367432570.546441,0
1367432571.279731,0
1367432572.278663,0
1367432572.871065,0
1367432573.399352,0
1367432574.382138,0
1367432575.394272,0
1367432577.136572,0
1367432578.819264,0
1367432579.49957,0
1367432579.649092,0
1367432580.122917,0
1367432580.255286,0
1367432580.321937,0
1367432580.329505,0
1367432580.49928,0
1367432580.942587,0
1367432581.968608,0
1367432582.31065,0
1367432583.92221,0
1367432585.354514,0
1367432585.588589,0
1367432585.664015,0
1367432585.903479,0
1367432585.984573,0
1367432587.259483,0
1367432587.34387,0
1367432588.170013,0
1367432588.64291,0
1367432589.374121,0
1367432590.651637,0
1367432590.893592,0
1367432591.363898,0
1367432592.084516,0
1367432592.976296,0
1367432593.347817,0
1367432593.907936,0
1367432594.557347,0
1367432595.251652,0
1367432596.470216,0
1367432596.592559,0
1367432597.069037,0
1367432597.451466,0
1367432597.561099,0
1367432597.648526,0
1367432597.657807,0
1367432597.696002,0
1367432597.808266,0
1367432598.051808,0
1367432598.103947,0
1367432598.161369,0
1367432598.412324,0
1367432598.572839,0
1367432599.006122,0
1367432599.074566,0
1367432599.25882,0
1367432599.4623,0
1367432599.832127,0
1367432599.864396,0
1367432599.942072,0
1367432599.963677,0
1367432600.071929,0
1367432600.154509,0
1367432600.276293,0
1367432600.440902,0
1367432600.558644,0
1367432600.687838,0
1367432600.73563,0
1367432600.862793,0
1367432601.041676,0
1367432601.097539,0
1367432601.12494,0
1367432601.187696,0
1367432601.224929,0
1367432601.23278,0
1367432601.365165,0
1367432601.410236,0
1367432601.541133,0
1367432601.777626,0
1367432601.825278,0
1367432601.850683,0
1367432601.89006,0
1367432602.131224,0
1367432602.141573,0
1367432602.156997,0
1367432602.201568,0
1367432602.409804,0
1367432602.562686,0
1367432602.575505,0
1367432602.666551,0
1367432602.753464,0
1367432602.917369,0
1367432602.977572,0
1367432603.178643,0
1367432603.216334,0
1367432603.222779,0
1367432603.284377,0
1367432603.367184,0
1367432603.478173,0
1367432603.559449,0
1367432603.620704,0
1367432603.735312,0
1367432603.950254,0
1367432604.415087,0
1367432605.328727,0
1367432606.083765,0
1367432606.567314,0
1367432606.777775,0
1367432606.839633,0
1367432606.901131,0
1367432606.953603,0
1367432607.700514,0
1367432609.429326,0
1367432610.695172,0
1367432612.0521,0
1367432612.71538,0
1367432613.102949,0
1367432613.385917,0
1367432614.411468,0
1367432614.506191,0
1367432614.714556,0
1367432614.978021,0
1367432615.185249,0
1367432616.275061,0
1367432616.981102,0
1367432617.225084,0
1367432617.306155,0
1367432617.31025,0
1367432618.11771,0
1367432619.038107,0
1367432620.775418,0
1367432621.593441,0
1367432623.066631,0
1367432623.526066,0
1367432624.694079,0
1367432624.88047,0
1367432624.934635,0
1367432625.62183,0
1367432625.743914,0
1367432625.86661,0
1367432625.930006,0
1367432625.940749,0
1367432625.944654,0
1367432626.088258,0
1367432626.182922,0
1367432626.231441,0
1367432626.459952,0
1367432626.703192,0
1367432626.835228,0
1367432626.872565,0
1367432626.948965,0
1367432627.084574,0
1367432627.179318,0
1367432627.238494,0
1367432627.372778,0
1367432627.533237,0
1367432627.597087,0
1367432627.809238,0
1367432628.054199,0
1367432628.149059,0
1367432628.293952,0
1367432628.439207,0
1367432628.666953,0
1367432628.839301,0
1367432629.033097,0
1367432629.353774,0
1367432629.538689,0
1367432629.634789,0
1367432629.812883,0
1367432629.952785,0
1367432630.040002,0
1367432630.049877,0
1367432630.063963,0
1367432630.167247,0
1367432630.345152,0
1367432630.718718,0
1367432630.8108,0
1367432630.833266,0
1367432631.033451,0
1367432631.166974,0
1367432631.242822,0
1367432631.390937,0
1367432631.450715,0
1367432631.53556,0
1367432631.559449,0
1367432631.699723,0
1367432631.736621,0
1367432631.796367,0
1367432632.055768,0
1367432632.27281,0
1367432632.423823,0
1367432632.461704,0
1367432632.706175,0
1367432632.786911,0
1367432632.848987,0
1367432633.015052,0
1367432633.055266,0
1367432633.127494,0
1367432633.197984,0
1367432633.239789,0
1367432633.319729,0
1367432633.378464,0
1367432633.417902,0
1367432633.432655,0
1367432633.666925,0
1367432633.94499,0
1367432634.270572,0
1367432634.462408,0
1367432634.772172,0
1367432635.778475,0
1367432636.166167,0
1367432637.224642,0
1367432637.809572,0
1367432639.5679,0
1367432640.329339,0
1367432640.663471,0
1367432641.006298,0
1367432641.770442,0
1367432643.048846,0
1367432643.099033,0
1367432644.60829,0
1367432644.895721,0
1367432645.590641,0
1367432646.037188,0
1367432646.441791,0
1367432646.991128,0
1367432648.48415,0
1367432648.763433,0
1367432650.047252,0
1367432650.883848,0
1367432651.987759,0
1367432652.802278,0
1367432653.418491,0
1367432654.897475,0
1367432655.850962,0
1367432657.66421,0
1367432658.029576,0
1367432659.160817,0
1367432659.697898,0
1367432659.76502,0
1367432660.742735,0
1367432661.246864,0
1367432662.265363,0
1367432662.738327,0
1367432663.977812,0
1367432664.187347,0
1367432665.249173,0
1367432666.004655,0
1367432666.54595,0
1367432667.917665,0
1367432668.436424,0
1367432669.092693,0
1367432670.195866,0
1367432671.041084,0
1367432671.346762,0
1367432672.00749,0
1367432672.989741,0
1367432673.347406,0
1367432674.257605,0
1367432674.661744,0
1367432675.993905,0
1367432676.795224,0
1367432677.662616,0
1367432678.352601,0
1367432679.052002,0
1367432679.155315,0
1367432679.735883,0
1367432681.004618,0
1367432682.00824,0
1367432683.017547,0
1367432683.085245,0
1367432684.226574,0
1367432684.704988,0
1367432685.572664,0
1367432686.087276,0
1367432686.659867,0
1367432686.804489,0
1367432686.820795,0
1367432686.874649,0
1367432687.04131,0
1367432687.173985,0
1367432687.713406,0
1367432687.88216,0
1367432688.200262,0
1367432688.333292,0
1367432688.378304,0
1367432688.383412,0
1367432688.54161,0
1367432688.800237,0
1367432688.946319,0
1367432689.159902,0
1367432689.392004,0
1367432689.403985,0
1367432689.562871,0
1367432689.805659,0
1367432690.119445,0
1367432690.261473,0
1367432690.364454,0
1367432690.692493,0
1367432691.483829,0
1367432691.620513,0
1367432691.717038,0
1367432692.103847,0
1367432692.197123,0
1367432692.613042,0
1367432692.860662,0
1367432693.182664,0
1367432693.700269,0
1367432694.257261,0
1367432695.376962,0
1367432696.218155,0
1367432696.525974,0
1367432697.197656,0
1367432698.678002,0
1367432699.527487,0
1367432700.82791,0
1367432701.895089,0
1367432703.237433,0
1367432703.80785,0
1367432704.49913,0
1367432705.694538,0
1367432706.876723,0
1367432707.849076,0
1367432708.215828,0
1367432708.317024,0
1367432708.615958,0
1367432709.232778,0
1367432710.108133,0
1367432711.323437,0
1367432711.693589,0
1367432711.920084,0
1367432712.112949,0
1367432712.376221,0
1367432712.496978,0
1367432712.732288,0
1367432712.785152,0
1367432712.843091,0
1367432712.864234,0
1367432713.090805,0
1367432713.130587,0
1367432713.181651,0
1367432713.258388,0
1367432713.393248,0
1367432713.614378,0
1367432713.697486,0
1367432713.882428,0
1367432714.082009,0
1367432714.281326,0
1367432714.377823,0
1367432714.460403,0
1367432714.710638,0
1367432714.739465,0
1367432714.899005,0
1367432714.994877,0
1367432715.135281,0
1367432715.157634,0
1367432715.177651,0
1367432715.225075,0
1367432715.276185,0
1367432715.293262,0
1367432715.50543,0
1367432715.545997,0
1367432715.587577,0
1367432715.666736,0
1367432715.926885,0
1367432716.286024,0
1367432716.394725,0
1367432716.431811,0
1367432716.507116,0
1367432716.574299,0
1367432716.598282,0
1367432716.62536,0
1367432716.710378,0
1367432716.786008,0
1367432717.0271,0
1367432717.111907,0
1367432717.156317,0
1367432717.234962,0
1367432717.420277,0
1367432717.597651,0
1367432717.744214,0
1367432717.90424,0
1367432718.021811,0
1367432718.131629,0
1367432718.241493,0
1367432718.360135,0
1367432718.69774,0
1367432718.934072,0
1367432719.007006,0
1367432719.069944,0
1367432719.122573,0
1367432719.239584,0
1367432719.38728,0
1367432719.620716,0
1367432720.295709,0
1367432720.809434,0
1367432721.072294,0
1367432722.070986,0
1367432723.156853,0
1367432723.576234,0
1367432724.099633,0
1367432725.234535,0
1367432725.523414,0
1367432725.637912,0
1367432726.1459,0
1367432726.265279,0
1367432726.349998,0
1367432726.464696,0
1367432726.92243,0
1367432727.949423,0
1367432728.511722,0
1367432728.637019,0
1367432729.145392,0
1367432729.933182,0
1367432730.592617,0
1367432731.53809,0
1367432732.120159,0
1367432733.473482,0
1367432734.964755,0
1367432735.268999,0
1367432736.370548,0
1367432736.879708,0
1367432737.110134,0
1367432738.248551,0
1367432738.820119,0
1367432739.384671,0
1367432739.836593,0
1367432740.759456,0
1367432741.730575,0
1367432742.382145,0
1367432743.201992,0
1367432743.728081,0
1367432744.986292,0
1367432746.117165,0
1367432746.202569,0
1367432747.280351,0
1367432748.010476,0
1367432749.576541,0
1367432749.623388,0
1367432750.649807,0
1367432751.349616,0
1367432752.968272,0
1367432753.320418,0
1367432754.03504,0
1367432754.476824,0
1367432755.815646,0
1367432756.913258,0
1367432758.158175,0
1367432758.609903,0
1367432759.132068,0
1367432759.235712,0
1367432759.726676,0
1367432760.201522,0
1367432760.271293,0
1367432760.277482,0
1367432760.388855,0
1367432761.364358,0
1367432762.687563,0
1367432765.066494,0
1367432766.045007,0
1367432766.832504,0
1367432767.37764,0
1367432767.72935,0
1367432768.329518,0
1367432768.794583,0
1367432769.286612,0
1367432770.331882,0
1367432771.910066,0
1367432772.249983,0
1367432773.242845,0
1367432773.666418,0
1367432774.004091,0
1367432774.055155,0
1367432774.343214,0
1367432774.360512,0
1367432774.533297,0
1367432774.665659,0
1367432774.746203,0
1367432775.011513,0
1367432775.022506,0
1367432775.210692,0
1367432775.481078,0
1367432775.67632,0
1367432775.834615,0
1367432775.982803,0
1367432776.143006,0
1367432776.16118,0
1367432776.33379,0
1367432776.499997,0
1367432776.510084,0
1367432776.802915,0
1367432777.014879,0
1367432777.14764,0
1367432777.329886,0
1367432777.491748,0
1367432777.543078,0
1367432777.809941,0
1367432778.792766,0
1367432778.916663,0
1367432778.990413,0
1367432778.99575,0
1367432779.059755,0
1367432779.171684,0
1367432779.336136,0
1367432779.382119,0
1367432779.595974,0
1367432779.670761,0
1367432779.78178,0
1367432779.830298,0
1367432779.911074,0
1367432779.938733,0
1367432780.002664,0
1367432780.225581,0
1367432780.486371,0
1367432780.789791,0
1367432780.963561,0
1367432781.054684,0
1367432781.250252,0
1367432781.276058,0
1367432781.418588,0
1367432781.451038,0
1367432781.633941,0
1367432781.691888,0
1367432781.761381,0
1367432781.994548,0
1367432782.09038,0
1367432782.153057,0
1367432782.225809,0
1367432782.256582,0
1367432782.464291,0
1367432782.652886,0
1367432782.770894,0
1367432783.096811,0
1367432783.228582,0
1367432783.440452,0
1367432783.483819,0
1367432783.548605,0
1367432783.582304,0
1367432783.691546,0
1367432783.746719,0
1367432783.889724,0
1367432784.080867,0
1367432784.155887,0
1367432784.293213,0
1367432784.400455,0
1367432784.505477,0
1367432784.641914,0
1367432784.699262,0
1367432784.826521,0
1367432785.010676,0
1367432785.213267,0
1367432785.365556,0
1367432785.425945,0
1367432785.612127,0
1367432785.762167,0
1367432785.830413,0
1367432785.891528,0
1367432786.048859,0
1367432786.13891,0
1367432786.295943,0
1367432786.63004,0
1367432786.778977,0
1367432786.915121,0
1367432787.13591,0
1367432787.261489,0
1367432787.26787,0
1367432787.438994,0
1367432787.542331,0
1367432787.556451,0
1367432787.598941,0
1367432787.714475,0
1367432787.863506,0
1367432788.248598,0
1367432788.422632,0
1367432788.43835,0
1367432788.643741,0
1367432788.66869,0
1367432788.681571,0
1367432788.7544,0
1367432788.847604,0
1367432788.853634,0
1367432788.923024,0
1367432788.952225,0
1367432788.9706,0
1367432789.100805,0
1367432789.49782,0
1367432789.633306,0
1367432789.682174,0
1367432789.695904,0
1367432789.797105,0
1367432790.024373,0
1367432790.190457,0
1367432790.207276,0
1367432790.301407,0
1367432790.632167,0
1367432790.822616,0
1367432791.863727,0
1367432792.622071,0
1367432792.993918,0
1367432793.695772,0
1367432793.956494,0
1367432794.028119,0
1367432794.813469,0
1367432795.022935,0
1367432795.116587,0
1367432795.918113,0
1367432796.812791,0
1367432797.042965,0
1367432797.334607,0
1367432798.064754,0
1367432798.961365,0
1367432799.34617,0
1367432799.747201,0
1367432800.471078,0
1367432800.854184,0
1367432800.945347,0
1367432801.105644,0
1367432801.216867,0
1367432802.209291,0
1367432803.809035,0
1367432804.885522,0
1367432805.527573,0
1367432806.177054,0
1367432806.410088,0
1367432806.856918,0
1367432807.477609,0
1367432808.684285,0
1367432809.426175,0
1367432809.563149,0
1367432809.716588,0
1367432809.966753,0
1367432810.112336,0
1367432811.294018,0
1367432811.648347,0
1367432812.738983,0
1367432813.420525,0
1367432814.245127,0
1367432814.740063,0
1367432815.549025,0
1367432815.725008,0
1367432816.556808,0
1367432816.839966,0
1367432818.274254,0
1367432820.191434,0
1367432820.648156,0
1367432821.223389,0
1367432821.976523,0
1367432822.575338,0
1367432823.061061,0
1367432824.340435,0
1367432825.247193,0
1367432825.367339,0
1367432826.561637,0
1367432826.707545,0
1367432827.240364,0
1367432827.584681,0
1367432827.735355,0
1367432828.424901,0
1367432829.402569,0
1367432829.757849,0
1367432830.72507,0
1367432831.718352,0
1367432832.819211,0
1367432833.600008,0
1367432833.771093,0
1367432834.113508,0
1367432834.338531,0
1367432834.40766,0
1367432834.817604,0
1367432836.198063,0
1367432836.665476,0
1367432836.729813,0
1367432836.927808,0
1367432837.08061,0
1367432837.552707,0
1367432838.64112,0
1367432838.770016,0
1367432839.464061,0
1367432841.161972,0
1367432842.660127,0
1367432843.612658,0
1367432844.332199,0
1367432844.854595,0
1367432845.317999,0
1367432846.154311,0
1367432847.647237,0
1367432847.893229,0
1367432848.144785,0
1367432848.70237,0
1367432848.928539,0
1367432849.296612,0
1367432850.347008,0
1367432850.466799,0
1367432850.755146,0
1367432850.923241,0
1367432851.724712,0
1367432852.867764,0
1367432853.218943,0
1367432854.450846,0
1367432854.714215,0
1367432856.077057,0
1367432856.781127,0
1367432857.470828,0
1367432857.475989,0
1367432857.599314,0
1367432857.852033,0
1367432858.674704,0
1367432859.488343,0
1367432860.730749,0
1367432861.733838,0
1367432862.155654,0
1367432863.107529,0
1367432863.996083,0
1367432864.719528,0
1367432865.834536,0
1367432866.856532,0
1367432867.012668,0
1367432867.312098,0
1367432867.499804,0
1367432868.498795,0
1367432868.616785,0
1367432868.666086,0
1367432868.844494,0
1367432868.949746,0
1367432868.970164,0
1367432869.194309,0
1367432869.316504,0
1367432869.457459,0
1367432869.478262,0
1367432869.581247,0
1367432869.625677,0
1367432869.765563,0
1367432869.866556,0
1367432869.871901,0
1367432869.885051,0
1367432870.065625,0
1367432870.094977,0
1367432870.362587,0
1367432870.421676,0
1367432870.509784,0
1367432870.666452,0
1367432870.727634,0
1367432870.876968,0
1367432871.3924,0
1367432872.18217,0
1367432872.309505,0
1367432872.567798,0
1367432872.584432,0
1367432872.664583,0
1367432872.946929,0
1367432873.15808,0
1367432873.178955,0
1367432873.239965,0
1367432873.272686,0
1367432873.49845,0
1367432873.741147,0
1367432874.528809,0
1367432874.719301,0
1367432874.888454,0
1367432875.119969,0
1367432875.181114,0
1367432875.223905,0
1367432875.247306,0
1367432875.387203,0
1367432875.621178,0
1367432875.846437,0
1367432875.972709,0
1367432875.992671,0
1367432876.095322,0
1367432876.381508,0
1367432876.490158,0
1367432876.643805,0
1367432876.822309,0
1367432876.866237,0
1367432876.98908,0
1367432877.11261,0
1367432877.167299,0
1367432877.260774,0
1367432877.480671,0
1367432877.545494,0
1367432877.608206,0
1367432877.639546,0
1367432877.652891,0
1367432877.92471,0
1367432877.963944,0
1367432878.213643,0
1367432878.357269,0
1367432878.501056,0
1367432878.630786,0
1367432878.687078,0
1367432878.900929,0
1367432879.367007,0
1367432879.563646,0
1367432879.726637,0
1367432879.767412,0
1367432879.900626,0
1367432880.099793,0
1367432880.12213,0
1367432880.397173,0
1367432880.460185,0
1367432880.488404,0
1367432880.648137,0
1367432880.767133,0
1367432880.813494,0
1367432881.09565,0
1367432881.192814,0
1367432881.375472,0
1367432882.328663,0
1367432882.773923,0
1367432882.787552,0
1367432883.172088,0
1367432883.534328,0
1367432883.553374,0
1367432883.959881,0
1367432883.998544,0
1367432884.16625,0
1367432884.683209,0
1367432885.10361,0
1367432885.469394,0
1367432885.580635,0
1367432885.631458,0
1367432886.015455,0
1367432886.200546,0
1367432886.410792,0
1367432886.521223,0
1367432886.682947,0
1367432888.465833,0
1367432889.498902,0
1367432889.912348,0
1367432891.2672,0
1367432891.51403,0
1367432892.615276,0
1367432893.066125,0
1367432893.23189,0
1367432893.761193,0
1367432895.071592,0
1367432896.805954,0
1367432897.828914,0
1367432900.45735,0
1367432902.594414,0
1367432902.744286,0
1367432903.146448,0
1367432904.546619,0
1367432906.578142,0
1367432906.705603,0
1367432907.852723,0
1367432908.332884,0
1367432909.141849,0
1367432910.350316,0
1367432910.462794,0
1367432910.858217,0
1367432911.014903,0
1367432911.123813,0
1367432911.204694,0
1367432912.616561,0
1367432913.409958,0
1367432913.908292,0
1367432917.300746,0
1367432917.35965,0
1367432917.442078,0
1367432918.907572,0
1367432919.794846,0
1367432920.608913,0
1367432922.07243,0
1367432922.519517,0
1367432922.75159,0
1367432922.823897,0
1367432922.892488,0
1367432923.992462,0
1367432924.589291,0
1367432925.019392,0
1367432925.958325,0
1367432927.184046,0
1367432927.597481,0
1367432928.372791,0
1367432929.302181,0
1367432931.290294,0
1367432932.547389,0
1367432933.12162,0
1367432933.392291,0
1367432933.693632,0
1367432933.932433,0
1367432935.529742,0
1367432937.626448,0
1367432938.470074,0
1367432938.909918,0
1367432939.544222,0
1367432940.283533,0
1367432940.644087,0
1367432941.688092,0
1367432942.152454,0
1367432944.462278,0
1367432944.642604,0
1367432944.707734,0
1367432945.119088,0
1367432945.619927,0
1367432945.711466,0
1367432945.975841,0
1367432946.067907,0
1367432946.260165,0
1367432946.438115,0
1367432946.667674,0
1367432946.800825,0
1367432946.945813,0
1367432947.393495,0
1367432947.512899,0
1367432947.683953,0
1367432947.798578,0
1367432947.863946,0
1367432947.888043,0
1367432947.981045,0
1367432948.118445,0
1367432948.139339,0
1367432948.146415,0
1367432948.179717,0
1367432948.257553,0
1367432948.555379,0
1367432948.669183,0
1367432948.758301,0
1367432948.909812,0
1367432949.082961,0
1367432949.151232,0
1367432949.165443,0
1367432949.271562,0
1367432949.36184,0
1367432949.51736,0
1367432949.638838,0
1367432949.765119,0
1367432950.060546,0
1367432950.189564,0
1367432950.420826,0
1367432950.436053,0
1367432950.634238,0
1367432950.808173,0
1367432951.076484,0
1367432951.160506,0
1367432951.229743,0
1367432951.409822,0
1367432951.479906,0
1367432951.497602,0
1367432951.68215,0
1367432951.857209,0
1367432952.201892,0
1367432952.952848,0
1367432952.960428,0
1367432953.123675,0
1367432953.21291,0
1367432953.322662,0
1367432953.386599,0
1367432953.466128,0
1367432953.654496,0
1367432953.716194,0
1367432953.783216,0
1367432953.839723,0
1367432953.874773,0
1367432954.069519,0
1367432954.189955,0
1367432954.455636,0
1367432954.857291,0
1367432955.041359,0
1367432955.053492,0
1367432955.175501,0
1367432955.353842,0
1367432955.483879,0
1367432955.592721,0
1367432955.630221,0
1367432955.880065,0
1367432955.903809,0
1367432956.019539,0
1367432956.122005,0
1367432956.23826,0
1367432956.303846,0
1367432956.342937,0
1367432956.454773,0
1367432956.489009,0
1367432956.497003,0
1367432956.683611,0
1367432956.849941,0
1367432957.147627,0
1367432957.380807,0
1367432957.406252,0
1367432957.475612,0
1367432957.496349,0
1367432957.667098,0
1367432957.76868,0
1367432957.87542,0
1367432958.101014,0
1367432958.142176,0
1367432958.321324,0
1367432958.439998,0
1367432958.657245,0
1367432958.847614,0
1367432959.067397,0
1367432959.195838,0
1367432959.248574,0
1367432959.356983,0
1367432959.377314,0
1367432959.601166,0
1367432960.567363,0
1367432960.711146,0
1367432962.03551,0
1367432962.242589,0
1367432962.517416,0
1367432964.971794,0
1367432966.361604,0
1367432966.608742,0
1367432967.932333,0
1367432967.98794,0
1367432969.67503,0
1367432970.261962,0
1367432971.452956,0
1367432972.63406,0
1367432973.288733,0
1367432973.933964,0
1367432974.664336,0
1367432975.105155,0
1367432976.005279,0
1367432980.688236,0
1367432983.641354,0
1367432992.091602,0
1367432993.39408,0
1367432993.516254,0
1367432994.221532,0
1367432994.44505,0
1367432995.257255,0
1367432996.08055,0
1367432998.285048,0
1367433000.978532,0
1367433003.973795,0
1367433004.225907,0
1367433005.130455,0
1367433006.410841,0
1367433006.740345,0
1367433007.01807,0
1367433007.424935,0
1367433007.471558,0
1367433008.588628,0
1367433009.916137,0
1367433011.516727,0
1367433011.866066,0
1367433012.147975,0
1367433012.39458,0
1367433012.769985,0
1367433013.738292,0
1367433015.334426,0
1367433016.445999,0
1367433017.374991,0
1367433017.561305,0
1367433018.409447,0
1367433018.866833,0
1367433019.787667,0
1367433021.053219,0
1367433022.220908,0
1367433022.980384,0
1367433023.461913,0
1367433023.651878,0
1367433023.755151,0
1367433024.617882,0
1367433025.016558,0
1367433025.269509,0
1367433025.869835,0
1367433026.554601,0
1367433026.627498,0
1367433027.139104,0
1367433027.671983,0
1367433027.903754,0
1367433028.587252,0
1367433029.056998,0
1367433029.488701,0
1367433029.777185,0
1367433030.215908,0
1367433031.272309,0
1367433032.589874,0
1367433032.663044,0
1367433032.770985,0
1367433032.836294,0
1367433032.913559,0
1367433033.07586,0
1367433033.321133,0
1367433033.478826,0
1367433033.632123,0
1367433033.83765,0
1367433033.953468,0
1367433034.145571,0
1367433034.288426,0
1367433034.447285,0
1367433034.681356,0
1367433034.756494,0
1367433034.992799,0
1367433035.213649,0
1367433035.316676,0
1367433035.416597,0
1367433035.437142,0
1367433035.575584,0
1367433035.751561,0
1367433035.987735,0
1367433036.183873,0
1367433036.400172,0
1367433036.553143,0
1367433036.678378,0
1367433036.831186,0
1367433036.839148,0
1367433037.058996,0
1367433037.291286,0
1367433037.464976,0
1367433037.543991,0
1367433037.572171,0
1367433037.724843,0
1367433037.775857,0
1367433037.782866,0
1367433037.806949,0
1367433037.844745,0
1367433037.96391,0
1367433038.027327,0
1367433038.054052,0
1367433038.30558,0
1367433038.412682,0
1367433038.475842,0
1367433038.581662,0
1367433038.670092,0
1367433038.930208,0
1367433039.442299,0
1367433039.647687,0
1367433039.675832,0
1367433039.707621,0
1367433039.729657,0
1367433039.766336,0
1367433039.838731,0
1367433040.185228,0
1367433040.419775,0
1367433040.436373,0
1367433040.617341,0
1367433040.648995,0
1367433040.716346,0
1367433040.834488,0
1367433040.902768,0
1367433041.018133,0
1367433041.110224,0
1367433041.219973,0
1367433041.42356,0
1367433041.43511,0
1367433041.575358,0
1367433041.806849,0
1367433042.010904,0
1367433042.177498,0
1367433042.198204,0
1367433042.232307,0
1367433042.410565,0
1367433042.514963,0
1367433042.573811,0
1367433042.601527,0
1367433042.729084,0
1367433042.803054,0
1367433042.962693,0
1367433043.048059,0
1367433043.063191,0
1367433043.193136,0
1367433043.204953,0
1367433043.269687,0
1367433043.367579,0
1367433043.462443,0
1367433043.612754,0
1367433043.850469,0
1367433044.032051,0
1367433044.093884,0
1367433044.123357,0
1367433044.396826,0
1367433045.153736,0
1367433045.188077,0
1367433045.308326,0
1367433045.38381,0
1367433045.473293,0
1367433045.507732,0
1367433045.54837,0
1367433045.620369,0
1367433045.667159,0
1367433045.917534,0
1367433046.139385,0
1367433046.620915,0
1367433046.879218,0
1367433047.108243,0
1367433047.231801,0
1367433047.424533,0
1367433047.461416,0
1367433047.955641,0
1367433048.92561,0
1367433049.600608,0
1367433050.855947,0
1367433051.186224,0
1367433052.237852,0
1367433052.438133,0
1367433052.615404,0
1367433054.160123,0
1367433055.77754,0
1367433057.591698,0
1367433059.224625,0
1367433060.728144,0
1367433061.819042,0
1367433062.306529,0
1367433064.381369,0
1367433065.607977,0
1367433067.807818,0
1367433069.066407,0
1367433069.409194,0
1367433071.115478,0
1367433072.912258,0
1367433078.057158,0
1367433079.103085,0
1367433080.510162,0
1367433083.320448,0
1367433083.527792,0
1367433084.502363,0
1367433085.17998,0
1367433086.684682,0
1367433087.598973,0
1367433087.83919,0
1367433089.256993,0
1367433089.940395,0
1367433091.298959,0
1367433091.757551,0
1367433092.672355,0
1367433095.449919,0
1367433095.628661,0
1367433096.151684,0
1367433096.974891,0
1367433097.099381,0
1367433098.020908,0
1367433098.371059,0
1367433099.078385,0
1367433099.529117,0
1367433099.542974,0
1367433100.220768,0
1367433100.740855,0
1367433102.157022,0
1367433102.549953,0
1367433103.683774,0
1367433103.908519,0
1367433104.684483,0
1367433105.13548,0
1367433105.24585,0
1367433105.711846,0
1367433106.191588,0
1367433106.992633,0
1367433107.355808,0
1367433108.16684,0
1367433109.373692,0
1367433109.61256,0
1367433109.820527,0
1367433110.121987,0
1367433111.348629,0
1367433111.869646,0
1367433112.350438,0
1367433113.456569,0
1367433113.56301,0
1367433114.813406,0
1367433115.977973,0
1367433116.084139,0
1367433117.493683,0
1367433117.662864,0
1367433118.103216,0
1367433118.216616,0
1367433118.314156,0
1367433118.398209,0
1367433118.610391,0
1367433118.967357,0
1367433119.10858,0
1367433119.17058,0
1367433119.298479,0
1367433119.374913,0
1367433119.430266,0
1367433119.612298,0
1367433119.646832,0
1367433119.808849,0
1367433119.892086,0
1367433119.968471,0
1367433120.163062,0
1367433120.494762,0
1367433120.988067,0
1367433121.372469,0
1367433121.615789,0
1367433121.740133,0
1367433122.252867,0
1367433122.506657,0
1367433122.748248,0
1367433123.189769,0
1367433123.212042,0
1367433123.291082,0
1367433123.445717,0
1367433123.59163,0
1367433123.802006,0
1367433124.055045,0
1367433124.132758,0
1367433124.261087,0
1367433124.462293,0
1367433124.670428,0
1367433124.769496,0
1367433124.820221,0
1367433125.004437,0
1367433125.013392,0
1367433125.187894,0
1367433125.279837,0
1367433125.420648,0
1367433125.535084,0
1367433125.579516,0
1367433125.712325,0
1367433125.731237,0
1367433125.772864,0
1367433125.916621,0
1367433125.994188,0
1367433126.196504,0
1367433126.380204,0
1367433126.473543,0
1367433126.623663,0
1367433126.636984,0
1367433126.706831,0
1367433126.829589,0
1367433126.949788,0
1367433126.994818,0
1367433127.23412,0
1367433127.729089,0
1367433127.84789,0
1367433128.044876,0
1367433128.291169,0
1367433128.710893,0
1367433128.742808,0
1367433128.842012,0
1367433129.025897,0
1367433129.076075,0
1367433129.191018,0
1367433129.201277,0
1367433129.308358,0
1367433129.547334,0
1367433129.659875,0
1367433129.701029,0
1367433129.729341,0
1367433129.747053,0
1367433129.867419,0
1367433129.955387,0
1367433130.202021,0
1367433130.650621,0
1367433130.869052,0
1367433130.978462,0
1367433131.115134,0
1367433131.146811,0
1367433131.213425,0
1367433131.552504,0
1367433131.695106,0
1367433131.706295,0
1367433131.752225,0
1367433131.818109,0
1367433131.930734,0
1367433131.962786,0
1367433132.037249,0
1367433132.09716,0
1367433132.30012,0
1367433132.407078,0
1367433132.6183,0
1367433132.689433,0
1367433132.770253,0
1367433132.882923,0
1367433133.037116,0
1367433133.153245,0
1367433133.327335,0
1367433133.479677,0
1367433133.989608,0
1367433135.899212,0
1367433136.485248,0
1367433136.627969,0
1367433138.283536,0
1367433141.988576,0
1367433142.874631,0
1367433143.577307,0
1367433146.944467,0
1367433151.25399,0
1367433151.744206,0
1367433152.611814,0
1367433155.214472,0
1367433155.341422,0
1367433156.877975,0
1367433158.910914,0
1367433159.103148,0
1367433160.793857,0
1367433165.385387,0
1367433166.55049,0
1367433167.064416,0
1367433168.918698,0
1367433169.550894,0
1367433169.857265,0
1367433170.06679,0
1367433171.721553,0
1367433173.219079,0
1367433174.378191,0
1367433174.813609,0
1367433174.982982,0
1367433176.711212,0
1367433179.530751,0
1367433179.96358,0
1367433180.897369,0
1367433181.044884,0
1367433182.940196,0
1367433184.199885,0
1367433185.149522,0
1367433186.240357,0
1367433186.945163,0
1367433187.02525,0
1367433187.601496,0
1367433188.811522,0
1367433189.399178,0
1367433189.478263,0
1367433189.53282,0
1367433189.832616,0
1367433190.101016,0
1367433191.549703,0
1367433192.92057,0
1367433193.178436,0
1367433193.388124,0
1367433193.857068,0
1367433194.059649,0
1367433194.886784,0
1367433195.917644,0
1367433197.657526,0
1367433197.877955,0
1367433198.804991,0
1367433199.491854,0
1367433200.787702,0
1367433202.122748,0
1367433202.364026,0
1367433202.472548,0
1367433202.718803,0
1367433202.886202,0
1367433203.039802,0
1367433203.477101,0
1367433203.539546,0
1367433203.676271,0
1367433203.797083,0
1367433204.000823,0
1367433204.013054,0
1367433204.115241,0
1367433204.12305,0
1367433204.229238,0
1367433204.373039,0
1367433204.44841,0
1367433204.455697,0
1367433204.610931,0
1367433204.726793,0
1367433204.92766,0
1367433205.036029,0
1367433205.060432,0
1367433205.112198,0
1367433205.352222,0
1367433205.456256,0
1367433205.540171,0
1367433205.552895,0
1367433205.591023,0
1367433205.673105,0
1367433205.802107,0
1367433205.833554,0
1367433205.9024,0
1367433205.963092,0
1367433206.018409,0
1367433206.038418,0
1367433206.079508,0
1367433206.116911,0
1367433206.272352,0
1367433206.404995,0
1367433206.628665,0
1367433206.859916,0
1367433207.163333,0
1367433207.3791,0
1367433207.447985,0
1367433207.535186,0
1367433207.754192,0
1367433207.833192,0
1367433207.857193,0
1367433208.110106,0
1367433208.295367,0
1367433208.348794,0
1367433208.604649,0
1367433208.991645,0
1367433209.105706,0
1367433209.231454,0
1367433209.359941,0
1367433209.44801,0
1367433209.637096,0
1367433209.884672,0
1367433209.944006,0
1367433209.975566,0
1367433210.115421,0
1367433210.202883,0
1367433210.317812,0
1367433210.807823,0
1367433211.030529,0
1367433211.278475,0
1367433211.37986,0
1367433211.464935,0
1367433211.720522,0
1367433211.817949,0
1367433212.062416,0
1367433212.381774,0
1367433212.399429,0
1367433212.557125,0
1367433212.798091,0
1367433212.881075,0
1367433212.966386,0
1367433213.019442,0
1367433213.129066,0
1367433213.517256,0
1367433213.532475,0
1367433213.719452,0
1367433213.798801,0
1367433213.904686,0
1367433214.004271,0
1367433214.140707,0
1367433214.277985,0
1367433214.490892,0
1367433214.689839,0
1367433214.757022,0
1367433214.901646,0
1367433214.959248,0
1367433215.253552,0
1367433215.362812,0
1367433215.526708,0
1367433215.696131,0
1367433215.882088,0
1367433215.939263,0
1367433215.960406,0
1367433216.203072,0
1367433216.302133,0
1367433216.55663,0
1367433216.808224,0
1367433216.838735,0
1367433216.978335,0
1367433217.523547,0
1367433217.865825,0
1367433219.320338,0
1367433219.394149,0
1367433221.088914,0
1367433222.885191,0
1367433223.08655,0
1367433224.527794,0
1367433232.518108,0
1367433233.818855,0
1367433235.127515,0
1367433235.492531,0
1367433236.815352,0
1367433239.206619,0
1367433240.339252,0
1367433242.512792,0
1367433243.562735,0
1367433245.172875,0
1367433246.045098,0
1367433246.431977,0
1367433247.661843,0
1367433247.77236,0
1367433249.289029,0
1367433253.097812,0
1367433254.398553,0
1367433256.699066,0
1367433257.929188,0
1367433261.463249,0
1367433263.113772,0
1367433263.860803,0
1367433265.700649,0
1367433266.605887,0
1367433268.059677,0
1367433268.405815,0
1367433270.564973,0
1367433271.476355,0
1367433272.095734,0
1367433273.147556,0
1367433273.732728,0
1367433274.656211,0
1367433275.544671,0
1367433276.832861,0
1367433277.410247,0
1367433278.494625,0
1367433279.38545,0
1367433279.501664,0
1367433279.67613,0
1367433279.792458,0
1367433280.386984,0
1367433281.438294,0
1367433281.974484,0
1367433282.343082,0
1367433283.085007,0
1367433283.514466,0
1367433284.36686,0
1367433285.300065,0
1367433285.98395,0
1367433286.051584,0
1367433286.119527,0
1367433286.140635,0
1367433286.325139,0
1367433286.338801,0
1367433286.430796,0
1367433286.553584,0
1367433286.761836,0
1367433286.880362,0
1367433286.996195,0
1367433287.077595,0
1367433287.148787,0
1367433287.266293,0
1367433287.448192,0
1367433287.57719,0
1367433287.765417,0
1367433287.914917,0
1367433287.99958,0
1367433288.158563,0
1367433288.326752,0
1367433288.508276,0
1367433288.612835,0
1367433288.745864,0
1367433288.781163,0
1367433288.834457,0
1367433288.909463,0
1367433289.139235,0
1367433289.343345,0
1367433289.504494,0
1367433289.572379,0
1367433289.827257,0
1367433289.862207,0
1367433289.958865,0
1367433290.271643,0
1367433290.669169,0
1367433290.795874,0
1367433291.084315,0
1367433291.296182,0
1367433291.388591,0
1367433291.498021,0
1367433291.560511,0
1367433291.668451,0
1367433291.890433,0
1367433291.925807,0
1367433292.008864,0
1367433292.032943,0
1367433292.094166,0
1367433292.181548,0
1367433292.290135,0
1367433292.306211,0
1367433292.457516,0
1367433292.623623,0
1367433292.739385,0
1367433292.832526,0
1367433292.966824,0
1367433293.01946,0
1367