1367432432.275148,1367432428.816199
1367432432.39474,1367432432.286157
1367432432.663987,1367432432.411209
1367432432.934481,1367432432.678709
1367432432.968261,1367432432.940019
1367432433.101972,1367432432.977285
1367432433.37977,1367432433.11309
1367432433.423453,1367432433.386642
1367432433.668069,1367432433.434289
1367432434.019855,1367432433.68188
1367432434.214682,1367432434.034781
1367432434.277994,1367432434.224204
1367432434.885447,1367432434.294255
1367432435.02046,1367432434.897429
1367432435.094775,1367432435.033858
1367432435.112393,1367432435.097458
1367432435.285097,1367432435.125682
1367432435.296622,1367432435.288487
1367432435.309159,1367432435.300154
1367432435.385602,1367432435.317145
1367432435.45346,1367432435.39255
1367432435.568864,1367432435.461643
1367432435.619832,1367432435.57461
1367432435.642418,1367432435.623686
1367432435.897431,1367432435.666898
1367432435.989445,1367432435.909637
1367432435.996222,1367432435.991874
1367432436.068164,1367432436.004079
1367432436.090663,1367432436.071811
1367432436.094906,1367432436.092258
1367432436.096667,1367432436.096101
1367432436.129473,1367432436.100465
1367432436.194521,1367432436.13524
1367432436.302257,1367432436.20577
1367432436.524192,1367432436.317803
1367432436.62772,1367432436.536574
1367432436.834589,1367432436.642881
1367432436.952279,1367432436.845419
1367432436.967395,1367432436.955176
1367432437.079981,1367432436.977924
1367432437.084019,1367432437.081534
1367432437.129293,1367432437.089825
1367432437.134606,1367432437.132283
1367432437.234454,1367432437.143956
1367432437.304,1367432437.241966
1367432437.498163,1367432437.318559
1367432437.856074,1367432437.513244
1367432437.900458,1367432437.863203
1367432437.9268,1367432437.904792
1367432438.026648,1367432437.935482
1367432438.220147,1367432438.04094
1367432438.233838,1367432438.225219
1367432438.331913,1367432438.243499
1367432438.350714,1367432438.336485
1367432438.506126,1367432438.364289
1367432438.61134,1367432438.516867
1367432438.723929,1367432438.621981
1367432438.738089,1367432438.726993
1367432438.83276,1367432438.746335
1367432438.952138,1367432438.84223
1367432439.008151,1367432438.959208
1367432439.022421,1367432439.02128
1367432439.060813,1367432439.028202
1367432439.170402,1367432439.071069
1367432439.365475,1367432439.185203
1367432439.433589,1367432439.373751
1367432439.467756,1367432439.438398
1367432439.491503,1367432439.470698
1367432439.681644,1367432439.503972
1367432439.907383,1367432439.697647
1367432439.934137,1367432439.913099
1367432440.146771,1367432439.953987
1367432440.225334,1367432440.15273
1367432440.335979,1367432440.237503
1367432440.4739,1367432440.348996
1367432440.65771,1367432440.488592
1367432440.662985,1367432440.660025
1367432440.8363,1367432440.678402
1367432440.976434,1367432440.847715
1367432441.228074,1367432440.991098
1367432441.413577,1367432441.237461
1367432441.461453,1367432441.419657
1367432441.506483,1367432441.467432
1367432441.538039,1367432441.51216
1367432441.60772,1367432441.545752
1367432441.631276,1367432441.622867
1367432441.879467,1367432441.647521
1367432441.908478,1367432441.885083
1367432442.211072,1367432441.920364
1367432442.471051,1367432442.224145
1367432442.559628,1367432442.481221
1367432442.601381,1367432442.565595
1367432442.938627,1367432442.618382
1367432443.163952,1367432442.955705
1367432443.174372,1367432443.16733
1367432443.373224,1367432443.185239
1367432443.691533,1367432443.388166
1367432443.941421,1367432443.708079
1367432444.404403,1367432443.960968
1367432444.418307,1367432444.409193
1367432444.514491,1367432444.427813
1367432444.733232,1367432444.525628
1367432444.892536,1367432444.74526
1367432445.370259,1367432444.909235
1367432445.491715,1367432445.38315
1367432445.619009,1367432445.503322
1367432445.699678,1367432445.627972
1367432445.892343,1367432445.712667
1367432445.915679,1367432445.896889
1367432446.013163,1367432445.924472
1367432446.104852,1367432446.02155
1367432446.112063,1367432446.107269
1367432446.161038,1367432446.117051
1367432446.624873,1367432446.1785
1367432446.639784,1367432446.63519
1367432446.969819,1367432446.654287
1367432447.074318,1367432446.978881
1367432447.108261,1367432447.079688
1367432447.362026,1367432447.121915
1367432447.554128,1367432447.384153
1367432447.631208,1367432447.565397
1367432447.842845,1367432447.639655
1367432447.881554,1367432447.848767
1367432448.036992,1367432447.893955
1367432448.087154,1367432448.041931
1367432448.285106,1367432448.100638
1367432448.429425,1367432448.296505
1367432448.537487,1367432448.438009
1367432448.666772,1367432448.546358
1367432448.716154,1367432448.672324
1367432449.345993,1367432448.731732
1367432449.477181,1367432449.359313
1367432449.58995,1367432449.485577
1367432449.727408,1367432449.599491
1367432449.785668,1367432449.73344
1367432449.800062,1367432449.798201
1367432449.822417,1367432449.803422
1367432449.959324,1367432449.831591
1367432450.178784,1367432449.970475
1367432450.458465,1367432450.197078
1367432450.889935,1367432450.498577
1367432451.202961,1367432450.91563
1367432451.595597,1367432451.220749
1367432451.718781,1367432451.608721
1367432451.779881,1367432451.724048
1367432451.909384,1367432451.791982
1367432451.978432,1367432451.916684
1367432452.178018,1367432451.992377
1367432452.185895,1367432452.183057
1367432452.221405,1367432452.189808
1367432452.251155,1367432452.22472
1367432452.391389,1367432452.262142
1367432452.410532,1367432452.404083
1367432452.430417,1367432452.413195
1367432452.938763,1367432452.444457
1367432453.030008,1367432452.949743
1367432453.128899,1367432453.039368
1367432453.16125,1367432453.134199
1367432453.333045,1367432453.175069
1367432453.430689,1367432453.343188
1367432453.548915,1367432453.441404
1367432453.569957,1367432453.5586
1367432453.73762,1367432453.583476
1367432453.750274,1367432453.740931
1367432453.869556,1367432453.761982
1367432453.89619,1367432453.874232
1367432453.947964,1367432453.9021
1367432454.103528,1367432453.958922
1367432454.315166,1367432454.118568
1367432454.487963,1367432454.328061
1367432454.564713,1367432454.494929
1367432454.577131,1367432454.567901
1367432454.727028,1367432454.587997
1367432454.816237,1367432454.736179
1367432454.84652,1367432454.820612
1367432455.084672,1367432454.859971
1367432455.18947,1367432455.096308
1367432455.203108,1367432455.200821
1367432455.406785,1367432455.217436
1367432455.518625,1367432455.419228
1367432455.521533,1367432455.520449
1367432456.140163,1367432455.537061
1367432456.189139,1367432456.146615
1367432456.366453,1367432456.203159
1367432456.506055,1367432456.377948
1367432456.763789,1367432456.519969
1367432456.916526,1367432456.778852
1367432457.189464,1367432456.931757
1367432457.318429,1367432457.199971
1367432457.384726,1367432457.325233
1367432457.435833,1367432457.390233
1367432457.669486,1367432457.450663
1367432457.738341,1367432457.6807
1367432457.843092,1367432457.747925
1367432457.854077,1367432457.846292
1367432457.918094,1367432457.860778
1367432457.922234,1367432457.920194
1367432458.062701,1367432457.934349
1367432458.246753,1367432458.076297
1367432458.521806,1367432458.261578
1367432458.607386,1367432458.532678
1367432458.615697,1367432458.609655
1367432458.712083,1367432458.624788
1367432458.724858,1367432458.715043
1367432458.854085,1367432458.735373
1367432458.90922,1367432458.860997
1367432459.825015,1367432458.922976
1367432459.966716,1367432459.838962
1367432460.013469,1367432459.971453
1367432460.171277,1367432460.027422
1367432460.226862,1367432460.178463
1367432460.558671,1367432460.245698
1367432460.716768,1367432460.573032
1367432460.829879,1367432460.729193
1367432460.841811,1367432460.833943
1367432460.943586,1367432460.851367
1367432461.126702,1367432460.958375
1367432461.147868,1367432461.131494
1367432461.449344,1367432461.163238
1367432461.625832,1367432461.462987
1367432461.940891,1367432461.63885
1367432461.993248,1367432461.94753
1367432462.258368,1367432462.008568
1367432462.481396,1367432462.273237
1367432462.566961,1367432462.489769
1367432462.782437,1367432462.57952
1367432462.985767,1367432462.798457
1367432463.134812,1367432462.998748
1367432463.165123,1367432463.139384
1367432463.452759,1367432463.183849
1367432463.500694,1367432463.460703
1367432463.875361,1367432463.512795
1367432463.973666,1367432463.88708
1367432464.128998,1367432463.987448
1367432464.301617,1367432464.145096
1367432464.350735,1367432464.308851
1367432464.468486,1367432464.361118
1367432464.714683,1367432464.486864
1367432465.096452,1367432464.73255
1367432465.31576,1367432465.112184
1367432465.47486,1367432465.331619
1367432465.488261,1367432465.483616
1367432465.734318,1367432465.50389
1367432465.81119,1367432465.743827
1367432465.818437,1367432465.813596
1367432465.874139,1367432465.825022
1367432465.9668,1367432465.884433
1367432466.300324,1367432465.981756
1367432466.483102,1367432466.316278
1367432466.498635,1367432466.493525
1367432466.578416,1367432466.508618
1367432466.644984,1367432466.58428
1367432466.650135,1367432466.646963
1367432466.771763,1367432466.659662
1367432466.778814,1367432466.774375
1367432466.927808,1367432466.793133
1367432471.586788,1367432466.942981
1367432472.788768,1367432471.69879
1367432473.48245,1367432472.835763
1367432473.607565,1367432473.488183
1367432474.52706,1367432473.652664
1367432474.816179,1367432474.532174
1367432475.385571,1367432474.827262
1367432476.636885,1367432475.522045
1367432477.296425,1367432476.646346
1367432477.54304,1367432477.302813
1367432477.744817,1367432477.584656
1367432478.536602,1367432477.85081
1367432478.624413,1367432478.540766
1367432481.686246,1367432478.748564
1367432482.217391,1367432481.793453
1367432482.524066,1367432482.24675
1367432483.545358,1367432482.645657
1367432485.3099,1367432483.657381
1367432486.635189,1367432485.433829
1367432488.163599,1367432486.857456
1367432488.24375,1367432488.168713
1367432489.274965,1367432488.316895
1367432490.525926,1367432489.289272
1367432490.668253,1367432490.534145
1367432493.551941,1367432490.831061
1367432494.113621,1367432493.559505
1367432495.233975,1367432494.220965
1367432495.991473,1367432495.330351
1367432497.457771,1367432496.067775
1367432497.536085,1367432497.46144
1367432499.29812,1367432497.645925
1367432501.285953,1367432499.505558
1367432502.626589,1367432501.409439
1367432503.515566,1367432502.702994
1367432504.955961,1367432503.62852
1367432505.738862,1367432505.064907
1367432506.18629,1367432505.820377
1367432506.875407,1367432506.257571
1367432508.316387,1367432506.988871
1367432508.481015,1367432508.323617
1367432509.278821,1367432508.552761
1367432509.402562,1367432509.40034
1367432509.751524,1367432509.508408
1367432509.764815,1367432509.755361
1367432509.985891,1367432509.780854
1367432510.078057,1367432510.000464
1367432510.274272,1367432510.093051
1367432510.368576,1367432510.285036
1367432510.610927,1367432510.387486
1367432510.873426,1367432510.628016
1367432511.030584,1367432510.889632
1367432511.08605,1367432511.040024
1367432511.23677,1367432511.099253
1367432511.300201,1367432511.244458
1367432511.473938,1367432511.315198
1367432511.62342,1367432511.485732
1367432511.689361,1367432511.63142
1367432511.76776,1367432511.699338
1367432511.772121,1367432511.770693
1367432511.871628,1367432511.781871
1367432511.885399,1367432511.883991
1367432511.918234,1367432511.890106
1367432512.013635,1367432511.92793
1367432512.06125,1367432512.019912
1367432512.086091,1367432512.066436
1367432512.348445,1367432512.100844
1367432512.516942,1367432512.365101
1367432512.539772,1367432512.5211
1367432512.611622,1367432512.547454
1367432512.727175,1367432512.623561
1367432512.832825,1367432512.738006
1367432512.856924,1367432512.83706
1367432513.062672,1367432512.872098
1367432513.070324,1367432513.066521
1367432513.160202,1367432513.080617
1367432513.25802,1367432513.170505
1367432513.38338,1367432513.27075
1367432513.426862,1367432513.39126
1367432513.635535,1367432513.440265
1367432513.665618,1367432513.642927
1367432513.807653,1367432513.682404
1367432513.945575,1367432513.820157
1367432513.96422,1367432513.949716
1367432514.036626,1367432513.973036
1367432514.055386,1367432514.040606
1367432514.416204,1367432514.070386
1367432514.449774,1367432514.423214
1367432514.556327,1367432514.459558
1367432514.841946,1367432514.572594
1367432515.092202,1367432514.858797
1367432515.108,1367432515.106181
1367432515.328412,1367432515.124087
1367432515.393186,1367432515.336225
1367432515.411763,1367432515.397186
1367432515.574291,1367432515.424226
1367432515.682712,1367432515.585097
1367432516.137138,1367432515.70409
1367432516.168669,1367432516.158791
1367432516.174013,1367432516.173504
1367432516.256558,1367432516.183592
1367432516.510957,1367432516.273388
1367432516.66896,1367432516.528555
1367432516.846733,1367432516.684312
1367432517.265233,1367432516.865276
1367432517.709908,1367432517.274913
1367432517.999274,1367432517.718556
1367432518.087129,1367432518.08386
1367432518.246487,1367432518.093014
1367432518.249025,1367432518.248453
1367432519.202574,1367432518.261306
1367432519.319633,1367432519.207821
1367432519.553545,1367432519.371925
1367432520.927054,1367432519.56913
1367432521.249126,1367432520.965918
1367432522.497165,1367432521.356677
1367432523.457157,1367432522.633663
1367432526.649503,1367432523.470733
1367432527.910033,1367432526.759391
1367432530.832349,1367432527.924749
1367432531.595311,1367432530.943523
1367432532.638806,1367432531.60779
1367432533.598126,1367432532.700376
1367432537.401772,1367432533.649783
1367432537.708828,1367432537.472455
1367432539.317694,1367432537.79859
1367432539.765357,1367432539.412123
1367432540.802228,1367432539.876717
1367432541.129772,1367432540.871094
1367432542.819049,1367432541.240821
1367432543.012343,1367432542.836695
1367432543.073387,1367432543.020565
1367432543.289,1367432543.090298
1367432543.330868,1367432543.295375
1367432543.531036,1367432543.347107
1367432543.602127,1367432543.539303
1367432543.891825,1367432543.613931
1367432544.242535,1367432543.907742
1367432544.320678,1367432544.254762
1367432544.349267,1367432544.32562
1367432544.922351,1367432544.366941
1367432545.026625,1367432544.933139
1367432545.376924,1367432545.044877
1367432545.551196,1367432545.393852
1367432545.903386,1367432545.567027
1367432546.076505,1367432545.919894
1367432546.182033,1367432546.08515
1367432546.222521,1367432546.18824
1367432546.254761,1367432546.227607
1367432546.434702,1367432546.270227
1367432546.439047,1367432546.437549
1367432546.466265,1367432546.443081
1367432546.614279,1367432546.479243
1367432546.799491,1367432546.628901
1367432546.829673,1367432546.805771
1367432546.976893,1367432546.842387
1367432547.068764,1367432546.98817
1367432548.000501,1367432547.085347
1367432548.051797,1367432548.008871
1367432548.273754,1367432548.067909
1367432548.432318,1367432548.290318
1367432548.475025,1367432548.438365
1367432548.610971,1367432548.488208
1367432548.677024,1367432548.620747
1367432548.76214,1367432548.687148
1367432548.913943,1367432548.769563
1367432548.921201,1367432548.91673
1367432549.101619,1367432548.934904
1367432549.298538,1367432549.118181
1367432549.491838,1367432549.314488
1367432549.744478,1367432549.508471
1367432549.763064,1367432549.749402
1367432549.801268,1367432549.768839
1367432549.938402,1367432549.814363
1367432550.043833,1367432549.949319
1367432550.136304,1367432550.053808
1367432550.291482,1367432550.147876
1367432550.512526,1367432550.307678
1367432550.72678,1367432550.529481
1367432550.982606,1367432550.742688
1367432551.11464,1367432550.99621
1367432551.28764,1367432551.124654
1367432551.307265,1367432551.29149
1367432551.394944,1367432551.316398
1367432551.462214,1367432551.402616
1367432551.599471,1367432551.472878
1367432552.468528,1367432551.616525
1367432553.216799,1367432552.575188
1367432553.618281,1367432553.224214
1367432554.636775,1367432553.627384
1367432555.308733,1367432554.744129
1367432556.712571,1367432555.421284
1367432558.196056,1367432556.861057
1367432558.297586,1367432558.297126
1367432558.792116,1367432558.304304
1367432559.145418,1367432558.860274
1367432560.32495,1367432559.41248
1367432560.584628,1367432560.331019
1367432560.808413,1367432560.590791
1367432561.121905,1367432560.814629
1367432562.031677,1367432561.18481
1367432562.510281,1367432562.138348
1367432562.569199,1367432562.567162
1367432562.629369,1367432562.571425
1367432563.498286,1367432562.727096
1367432564.211056,1367432563.582831
1367432564.356835,1367432564.258625
1367432565.24904,1367432564.477383
1367432565.297065,1367432565.295907
1367432566.096381,1367432565.416448
1367432567.171632,1367432566.196777
1367432567.548509,1367432567.285686
1367432569.153074,1367432567.635148
1367432569.492822,1367432569.256427
1367432570.941001,1367432569.603598
1367432571.315638,1367432571.055118
1367432571.431524,1367432571.427058
1367432572.495581,1367432571.517895
1367432574.646408,1367432572.572468
1367432575.014581,1367432574.751438
1367432579.482087,1367432575.126058
1367432579.643733,1367432579.562986
1367432579.953709,1367432579.711206
1367432580.675645,1367432580.036977
1367432582.524556,1367432580.873291
1367432583.070822,1367432582.631382
1367432584.168797,1367432583.081945
1367432584.974192,1367432584.266872
1367432586.173423,1367432585.060936
1367432587.491098,1367432586.274614
1367432588.135443,1367432587.610096
1367432588.314713,1367432588.188718
1367432589.198909,1367432588.375081
1367432589.681539,1367432589.279835
1367432590.487174,1367432589.754839
1367432591.87541,1367432590.673202
1367432593.043661,1367432591.964584
1367432594.047574,1367432593.130699
1367432594.807578,1367432594.145475
1367432595.929354,1367432594.915552
1367432596.250426,1367432596.032657
1367432596.786061,1367432596.309239
1367432597.479758,1367432596.895748
1367432597.770765,1367432597.587637
1367432597.794521,1367432597.776163
1367432597.981435,1367432597.809533
1367432598.073431,1367432597.989558
1367432598.119422,1367432598.080942
1367432598.182684,1367432598.127281
1367432598.220889,1367432598.188538
1367432598.407544,1367432598.233277
1367432598.576935,1367432598.424408
1367432598.608626,1367432598.581777
1367432598.754055,1367432598.622187
1367432598.901606,1367432598.767444
1367432598.997693,1367432598.909379
1367432599.0486,1367432599.004124
1367432599.063807,1367432599.05204
1367432599.081555,1367432599.067983
1367432599.113629,1367432599.08656
1367432599.128883,1367432599.116774
1367432599.13483,1367432599.131506
1367432599.185156,1367432599.141337
1367432599.401532,1367432599.203517
1367432599.406847,1367432599.404572
1367432599.457103,1367432599.413486
1367432599.708865,1367432599.474013
1367432599.790835,1367432599.716765
1367432600.115042,1367432599.806516
1367432600.257506,1367432600.130613
1367432600.2815,1367432600.26278
1367432600.359905,1367432600.291702
1367432600.442711,1367432600.371292
1367432600.454578,1367432600.44578
1367432600.487616,1367432600.460215
1367432600.737432,1367432600.506348
1367432600.825108,1367432600.750728
1367432600.943031,1367432600.835647
1367432600.976128,1367432600.949174
1367432601.003648,1367432600.981162
1367432601.057776,1367432601.010769
1367432601.183815,1367432601.070252
1367432601.194866,1367432601.188191
1367432601.603259,1367432601.208742
1367432601.82352,1367432601.617302
1367432601.865424,1367432601.829718
1367432602.033315,1367432601.881231
1367432602.216038,1367432602.04878
1367432603.160449,1367432602.232689
1367432603.213626,1367432603.170333
1367432603.330064,1367432603.225533
1367432603.363313,1367432603.335908
1367432603.430066,1367432603.371598
1367432603.43326,1367432603.432125
1367432603.468302,1367432603.43851
1367432603.571248,1367432603.478961
1367432603.725922,1367432603.585686
1367432603.818687,1367432603.736538
1367432603.859812,1367432603.824654
1367432604.655158,1367432603.876155
1367432605.483195,1367432604.667203
1367432605.927423,1367432605.584819
1367432606.996134,1367432605.943931
1367432607.416728,1367432607.00564
1367432608.04262,1367432607.43056
1367432608.698443,1367432608.056146
1367432610.115701,1367432608.713219
1367432610.329757,1367432610.325991
1367432611.448268,1367432610.440073
1367432612.200254,1367432611.508894
1367432614.556153,1367432612.288312
1367432614.960548,1367432614.650125
1367432615.962755,1367432615.023335
1367432616.217249,1367432616.041409
1367432616.561528,1367432616.224585
1367432617.193368,1367432616.669675
1367432618.768185,1367432617.268819
1367432619.182029,1367432618.870845
1367432619.886162,1367432619.191458
1367432620.10962,1367432619.999157
1367432621.377627,1367432620.182421
1367432623.555696,1367432621.492693
1367432623.680468,1367432623.585186
1367432625.48892,1367432623.841634
1367432625.764067,1367432625.595958
1367432625.866133,1367432625.772852
1367432625.94438,1367432625.875612
1367432626.154891,1367432625.952862
1367432626.314633,1367432626.170103
1367432626.560443,1367432626.33305
1367432626.566367,1367432626.564519
1367432626.672092,1367432626.576152
1367432626.680003,1367432626.675256
1367432626.725401,1367432626.684548
1367432626.807283,1367432626.734077
1367432626.83338,1367432626.813082
1367432626.943061,1367432626.844428
1367432627.045296,1367432626.955543
1367432627.139715,1367432627.05343
1367432627.221877,1367432627.149853
1367432627.254075,1367432627.226864
1367432627.261238,1367432627.256888
1367432627.814191,1367432627.276904
1367432627.953752,1367432627.826758
1367432628.125422,1367432627.968353
1367432628.261154,1367432628.139122
1367432628.356841,1367432628.271409
1367432628.470975,1367432628.367982
1367432628.531153,1367432628.478411
1367432628.638328,1367432628.540717
1367432628.788059,1367432628.651517
1367432628.910142,1367432628.801307
1367432629.041727,1367432628.920436
1367432629.129078,1367432629.05016
1367432629.237164,1367432629.138043
1367432629.275486,1367432629.241904
1367432629.548495,1367432629.289564
1367432630.440573,1367432629.566011
1367432630.547291,1367432630.453738
1367432630.652286,1367432630.560205
1367432630.723357,1367432630.659184
1367432630.837238,1367432630.731066
1367432630.876273,1367432630.844843
1367432631.283543,1367432630.892271
1367432631.411708,1367432631.296477
1367432631.566105,1367432631.427591
1367432631.579734,1367432631.578438
1367432631.635597,1367432631.586845
1367432631.836503,1367432631.651766
1367432632.042266,1367432631.85556
1367432632.428234,1367432632.061295
1367432632.561808,1367432632.441034
1367432632.585691,1367432632.567634
1367432632.648884,1367432632.594647
1367432632.6555,1367432632.652893
1367432632.809859,1367432632.670731
1367432633.005656,1367432632.825833
1367432633.04909,1367432633.013859
1367432633.110514,1367432633.059047
1367432633.154364,1367432633.118105
1367432633.387145,1367432633.171804
1367432633.544918,1367432633.401428
1367432633.731424,1367432633.562641
1367432633.739883,1367432633.736767
1367432633.9864,1367432633.75613
1367432634.225925,1367432634.001729
1367432634.502171,1367432634.244341
1367432634.525372,1367432634.508183
1367432634.565884,1367432634.531023
1367432635.02746,1367432634.583699
1367432635.608816,1367432635.125119
1367432637.076251,1367432635.808221
1367432639.129488,1367432637.283922
1367432639.796361,1367432639.248991
1367432640.810565,1367432639.84743
1367432640.933982,1367432640.815009
1367432642.061288,1367432641.018773
1367432643.272791,1367432642.255198
1367432644.140089,1367432643.284023
1367432645.382336,1367432644.231848
1367432646.191071,1367432645.465657
1367432648.055471,1367432646.368058
1367432648.638094,1367432648.154392
1367432648.939445,1367432648.705934
1367432649.759471,1367432649.072001
1367432651.572524,1367432649.856271
1367432653.133223,1367432651.688636
1367432653.239649,1367432653.137743
1367432654.535112,1367432653.389678
1367432654.647608,1367432654.542052
1367432655.269863,1367432654.655889
1367432655.378983,1367432655.376982
1367432656.376321,1367432655.486743
1367432656.515221,1367432656.383318
1367432656.815132,1367432656.582702
1367432658.229743,1367432657.034073
1367432658.581714,1367432658.29891
1367432660.347915,1367432658.681995
1367432660.438827,1367432660.353176
1367432663.11431,1367432660.478774
1367432664.713126,1367432663.293086
1367432664.772411,1367432664.765429
1367432666.22854,1367432664.848588
1367432666.312936,1367432666.302141
1367432667.037846,1367432666.359342
1367432667.54432,1367432667.133031
1367432667.789567,1367432667.550442
1367432670.135515,1367432667.963863
1367432671.293488,1367432670.236968
1367432673.138475,1367432671.380971
1367432673.723253,1367432673.256959
1367432676.588869,1367432673.854911
1367432677.868149,1367432676.797929
1367432679.30496,1367432678.066772
1367432680.628112,1367432679.42963
1367432682.098038,1367432680.816394
1367432683.683714,1367432682.273554
1367432684.121088,1367432683.693238
1367432685.337271,1367432684.210452
1367432686.120138,1367432685.386453
1367432686.993608,1367432686.23515
1367432687.178634,1367432687.010696
1367432687.315691,1367432687.1925
1367432687.359021,1367432687.323485
1367432687.512829,1367432687.372663
1367432687.559913,1367432687.520109
1367432687.607479,1367432687.565844
1367432687.650669,1367432687.613831
1367432687.967099,1367432687.667178
1367432688.08986,1367432687.980687
1367432688.128945,1367432688.097064
1367432688.307378,1367432688.143505
1367432688.446756,1367432688.322004
1367432688.56827,1367432688.457314
1367432688.599536,1367432688.574675
1367432688.61866,1367432688.604207
1367432688.633532,1367432688.622765
1367432688.66366,1367432688.63826
1367432688.724751,1367432688.670722
1367432688.780919,1367432688.732068
1367432688.792695,1367432688.784378
1367432688.799822,1367432688.795449
1367432688.819118,1367432688.803854
1367432688.847979,1367432688.82466
1367432688.862123,1367432688.861168
1367432688.867464,1367432688.865409
1367432688.989885,1367432688.879113
1367432689.136435,1367432689.003783
1367432689.148677,1367432689.140887
1367432689.215266,1367432689.155939
1367432689.23981,1367432689.220381
1367432689.451374,1367432689.255759
1367432689.555972,1367432689.465493
1367432689.655383,1367432689.567469
1367432689.772911,1367432689.664875
1367432689.799762,1367432689.777531
1367432689.812776,1367432689.803843
1367432689.896188,1367432689.822762
1367432689.899805,1367432689.899144
1367432690.080622,1367432689.915121
1367432690.195001,1367432690.093827
1367432690.210968,1367432690.199744
1367432690.246788,1367432690.217545
1367432690.351121,1367432690.258688
1367432690.497062,1367432690.364938
1367432690.549276,1367432690.504794
1367432690.565728,1367432690.564188
1367432690.831468,1367432690.584205
1367432690.885822,1367432690.840436
1367432691.12243,1367432690.902115
1367432691.244735,1367432691.138841
1367432691.324845,1367432691.256321
1367432691.436875,1367432691.337521
1367432691.575398,1367432691.450253
1367432691.892061,1367432691.592843
1367432691.960806,1367432691.902421
1367432691.993563,1367432691.968166
1367432692.077999,1367432691.999003
1367432693.369554,1367432692.097246
1367432693.789323,1367432693.397498
1367432693.855705,1367432693.794641
1367432694.805569,1367432693.868673
1367432694.8672,1367432694.809246
1367432695.806189,1367432694.885073
1367432695.980911,1367432695.836413
1367432696.373521,1367432696.099506
1367432697.040584,1367432696.473003
1367432697.335559,1367432697.047667
1367432697.961309,1367432697.432034
1367432698.171103,1367432697.974445
1367432698.348265,1367432698.346524
1367432700.536857,1367432698.461419
1367432701.989571,1367432700.632414
1367432702.998489,1367432702.173309
1367432703.841769,1367432703.146406
1367432705.304528,1367432704.065578
1367432706.814851,1367432705.513321
1367432707.628534,1367432706.925396
1367432707.997375,1367432707.709821
1367432708.084231,1367432708.002232
1367432708.262965,1367432708.090532
1367432709.726343,1367432708.366457
1367432710.257002,1367432709.846346
1367432711.279312,1367432710.356887
1367432711.836639,1367432711.466341
1367432711.975968,1367432711.84818
1367432712.111819,1367432711.986827
1367432712.342936,1367432712.130668
1367432712.352941,1367432712.347477
1367432712.376074,1367432712.357675
1367432712.444611,1367432712.38419
1367432712.704569,1367432712.460464
1367432712.714148,1367432712.708505
1367432712.724055,1367432712.72191
1367432712.786129,1367432712.731534
1367432712.846306,1367432712.793986
1367432712.902809,1367432712.854542
1367432712.996014,1367432712.914342
1367432713.224909,1367432713.013156
1367432713.23715,1367432713.230411
1367432713.298527,1367432713.245696
1367432713.359575,1367432713.308021
1367432713.529255,1367432713.373622
1367432713.691738,1367432713.548337
1367432713.700616,1367432713.699591
1367432713.764154,1367432713.707626
1367432713.816211,1367432713.771479
1367432713.825004,1367432713.819419
1367432713.933462,1367432713.836214
1367432713.950524,1367432713.938404
1367432714.025003,1367432713.958545
1367432714.322804,1367432714.042242
1367432715.238245,1367432714.341213
1367432715.364515,1367432715.253207
1367432715.633199,1367432715.379946
1367432715.781864,1367432715.648217
1367432715.858467,1367432715.791863
1367432715.903368,1367432715.865366
1367432716.072044,1367432715.913923
1367432716.172713,1367432716.083837
1367432716.234105,1367432716.181507
1367432716.347903,1367432716.246208
1367432716.678622,1367432716.361122
1367432716.925316,1367432716.694623
1367432717.01257,1367432716.933036
1367432717.017077,1367432717.015719
1367432717.130544,1367432717.027622
1367432717.177889,1367432717.135803
1367432717.348279,1367432717.194317
1367432717.482971,1367432717.365332
1367432717.61709,1367432717.496246
1367432718.044111,1367432717.635262
1367432718.277891,1367432718.058893
1367432718.482502,1367432718.293882
1367432718.614705,1367432718.496387
1367432719.462445,1367432718.626732
1367432719.675712,1367432719.480184
1367432720.129709,1367432719.6861
1367432721.620863,1367432720.354405
1367432721.833078,1367432721.627875
1367432722.307669,1367432721.842828
1367432723.153928,1367432722.416285
1367432724.616051,1367432723.303577
1367432724.84883,1367432724.71981
1367432725.299679,1367432724.904325
1367432726.097033,1367432725.335819
1367432726.932428,1367432726.255158
1367432729.00407,1367432727.057977
1367432729.080179,1367432729.011381
1367432730.475258,1367432729.179586
1367432730.743878,1367432730.556918
1367432730.776735,1367432730.776185
1367432731.585232,1367432730.884887
1367432731.797777,1367432731.592385
1367432734.195275,1367432731.959988
1367432735.480535,1367432734.39476
1367432735.895762,1367432735.490769
1367432736.269079,1367432735.903243
1367432736.526427,1367432736.386677
1367432737.526236,1367432736.537388
1367432737.614399,1367432737.531173
1367432738.149214,1367432737.731791
1367432738.154769,1367432738.152746
1367432738.490326,1367432738.160995
1367432739.324829,1367432738.496429
1367432739.53461,1367432739.437109
1367432740.51624,1367432739.594055
1367432740.635042,1367432740.524879
1367432740.724383,1367432740.639318
1367432741.424099,1367432740.831509
1367432741.428164,1367432741.4275
1367432741.805826,1367432741.433311
1367432742.081581,1367432741.861321
1367432742.092595,1367432742.086254
1367432743.242319,1367432742.202451
1367432743.387821,1367432743.249013
1367432743.505624,1367432743.392934
1367432744.938959,1367432743.668216
1367432745.949277,1367432745.009592
1367432748.611182,1367432746.161801
1367432749.952718,1367432748.714421
1367432750.046678,1367432749.958243
1367432750.400735,1367432750.078352
1367432750.459147,1367432750.404302
1367432751.945689,1367432750.536626
1367432752.031829,1367432751.951832
1367432753.24398,1367432752.132226
1367432754.523436,1367432753.367463
1367432755.330049,1367432754.728943
1367432755.433291,1367432755.336019
1367432755.893653,1367432755.478772
1367432756.033109,1367432755.901435
1367432757.363616,1367432756.208641
1367432758.920046,1367432757.515309
1367432759.01923,1367432759.016811
1367432760.483021,1367432759.242148
1367432760.70561,1367432760.529993
1367432761.806854,1367432760.878078
1367432763.292118,1367432761.900962
1367432764.993653,1367432763.40021
1367432765.724583,1367432765.002583
1367432766.247266,1367432765.735863
1367432766.598479,1367432766.328868
1367432767.874479,1367432766.757042
1367432769.542095,1367432767.98985
1367432770.291484,1367432769.652627
1367432770.889075,1367432770.36537
1367432771.134119,1367432770.993782
1367432773.505939,1367432771.311395
1367432773.954051,1367432773.609244
1367432774.045239,1367432773.965624
1367432774.286715,1367432774.062762
1367432774.300437,1367432774.298476
1367432774.394114,1367432774.306658
1367432774.674362,1367432774.411089
1367432774.856605,1367432774.686529
1367432774.876543,1367432774.874918
1367432775.042453,1367432774.892455
1367432775.295967,1367432775.061374
1367432775.326503,1367432775.302115
1367432775.350027,1367432775.329972
1367432775.581612,1367432775.36317
1367432775.774673,1367432775.597183
1367432775.814345,1367432775.779654
1367432775.880917,1367432775.821876
1367432776.122273,1367432775.897089
1367432776.354289,1367432776.137695
1367432776.638814,1367432776.369447
1367432776.653145,1367432776.645666
1367432777.018019,1367432776.673678
1367432777.079107,1367432777.024198
1367432777.221715,1367432777.090465
1367432777.264439,1367432777.228565
1367432777.4796,1367432777.281298
1367432777.71344,1367432777.494952
1367432777.881927,1367432777.72704
1367432778.100484,1367432777.896897
1367432778.117991,1367432778.106046
1367432778.179407,1367432778.125407
1367432778.627955,1367432778.195211
1367432778.687853,1367432778.63569
1367432778.765176,1367432778.696863
1367432778.85696,1367432778.773529
1367432779.03926,1367432778.869236
1367432779.291424,1367432779.055874
1367432779.457443,1367432779.305671
1367432779.472503,1367432779.471395
1367432779.743181,1367432779.487421
1367432779.805124,1367432779.752481
1367432779.972084,1367432779.820014
1367432780.272142,1367432779.987422
1367432780.426268,1367432780.287321
1367432780.559835,1367432780.437176
1367432780.618441,1367432780.569267
1367432780.630752,1367432780.629816
1367432780.7042,1367432780.640923
1367432780.799353,1367432780.714737
1367432780.860982,1367432780.806881
1367432780.91166,1367432780.867014
1367432781.087258,1367432780.924655
1367432781.210918,1367432781.101767
1367432781.242445,1367432781.218412
1367432781.336446,1367432781.254243
1367432781.57291,1367432781.360487
1367432781.652688,1367432781.583348
1367432781.769367,1367432781.663956
1367432781.786602,1367432781.77443
1367432781.909418,1367432781.797877
1367432782.334027,1367432781.927715
1367432782.354299,1367432782.340099
1367432782.506116,1367432782.368193
1367432782.682114,1367432782.520587
1367432782.920232,1367432782.692266
1367432783.053847,1367432782.926914
1367432783.179663,1367432783.069343
1367432783.21917,1367432783.186775
1367432783.244214,1367432783.223982
1367432783.335765,1367432783.252416
1367432783.340794,1367432783.340395
1367432783.407557,1367432783.348348
1367432783.513055,1367432783.418308
1367432783.625376,1367432783.523734
1367432783.652588,1367432783.631735
1367432783.719023,1367432783.661527
1367432783.839213,1367432783.730613
1367432783.898767,1367432783.84594
1367432784.095012,1367432783.915468
1367432784.214926,1367432784.10701
1367432784.399516,1367432784.235653
1367432784.420945,1367432784.419602
1367432785.3963,1367432784.440897
1367432785.457925,1367432785.407234
1367432785.633882,1367432785.473676
1367432785.900214,1367432785.651399
1367432785.933985,1367432785.906257
1367432785.954677,1367432785.939051
1367432786.125645,1367432785.969963
1367432786.179896,1367432786.133708
1367432786.226014,1367432786.186398
1367432787.009898,1367432786.238676
1367432787.030513,1367432787.016244
1367432787.037068,1367432787.036519
1367432787.163088,1367432787.049049
1367432787.219361,1367432787.171273
1367432787.316194,1367432787.227117
1367432787.367902,1367432787.323938
1367432787.585583,1367432787.583572
1367432787.61611,1367432787.592023
1367432787.804606,1367432787.632855
1367432787.943226,1367432787.818625
1367432788.134993,1367432787.956557
1367432788.259389,1367432788.147542
1367432788.267071,1367432788.263752
1367432788.463409,1367432788.282957
1367432788.530429,1367432788.472313
1367432788.549899,1367432788.536014
1367432788.561994,1367432788.554005
1367432788.722948,1367432788.575693
1367432788.87014,1367432788.737001
1367432789.048841,1367432788.883732
1367432789.244179,1367432789.065088
1367432789.487586,1367432789.260337
1367432789.569851,1367432789.500684
1367432789.595152,1367432789.575115
1367432789.71765,1367432789.605949
1367432789.757673,1367432789.725096
1367432789.827761,1367432789.765227
1367432789.926626,1367432789.839704
1367432790.260752,1367432789.944287
1367432790.283617,1367432790.267439
1367432790.327985,1367432790.289068
1367432790.345662,1367432790.344502
1367432790.484806,1367432790.358625
1367432790.561992,1367432790.493334
1367432790.707619,1367432790.575592
1367432790.723479,1367432790.722438
1367432790.812768,1367432790.735891
1367432790.865399,1367432790.820098
1367432791.283513,1367432790.879043
1367432791.367157,1367432791.287832
1367432792.164617,1367432791.379519
1367432792.231308,1367432792.168562
1367432792.856137,1367432792.243578
1367432793.150153,1367432792.86481
1367432793.31258,1367432793.156188
1367432793.315624,1367432793.315473
1367432794.140865,1367432793.326908
1367432794.285814,1367432794.176043
1367432794.300816,1367432794.299828
1367432795.581661,1367432794.316118
1367432796.429157,1367432795.68088
1367432797.812279,1367432796.577878
1367432797.958369,1367432797.819008
1367432798.444003,1367432797.965452
1367432799.376401,1367432798.563417
1367432799.770238,1367432799.493999
1367432800.628459,1367432799.855508
1367432805.032535,1367432800.766195
1367432806.155918,1367432805.243249
1367432806.381166,1367432806.164917
1367432807.261437,1367432806.452673
1367432808.511167,1367432807.374502
1367432809.771991,1367432808.576169
1367432810.121321,1367432809.865102
1367432810.362343,1367432810.202705
1367432810.856211,1367432810.432096
1367432811.371302,1367432811.046292
1367432811.505791,1367432811.43661
1367432812.341518,1367432811.515976
1367432812.763406,1367432812.458289
1367432814.307726,1367432812.950008
1367432814.390165,1367432814.312701
1367432814.396533,1367432814.393939
1367432814.532996,1367432814.401475
1367432814.540242,1367432814.537447
1367432814.749078,1367432814.639596
1367432815.286051,1367432814.758456
1367432816.017694,1367432815.404942
1367432816.190136,1367432816.119496
1367432816.199993,1367432816.199039
1367432817.253054,1367432816.419363
1367432818.349987,1367432817.339645
1367432818.854829,1367432818.358337
1367432819.667621,1367432818.865969
1367432821.891423,1367432819.813835
1367432822.544035,1367432821.902109
1367432823.545873,1367432822.65046
1367432825.284945,1367432823.771619
1367432826.488907,1367432825.402617
1367432828.00407,1367432826.600474
1367432829.49051,1367432828.229532
1367432830.519928,1367432829.655587
1367432832.012947,1367432830.647633
1367432832.086085,1367432832.083972
1367432833.477284,1367432832.297284
1367432834.839043,1367432833.591593
1367432835.193518,1367432834.847714
1367432835.294872,1367432835.198393
1367432835.54267,1367432835.349777
1367432836.890616,1367432835.631198
1367432840.067637,1367432836.976374
1367432840.161575,1367432840.160825
1367432841.524031,1367432840.284544
1367432841.96321,1367432841.631398
1367432843.489962,1367432842.062768
1367432843.770876,1367432843.593765
1367432845.697903,1367432843.906675
1367432845.935303,1367432845.933978
1367432846.594657,1367432846.043402
1367432846.727029,1367432846.599695
1367432847.132035,1367432846.78453
1367432848.180555,1367432847.243874
1367432848.853121,1367432848.193987
1367432849.546586,1367432848.92502
1367432853.949189,1367432849.662869
1367432854.446105,1367432854.056041
1367432855.208435,1367432854.555647
1367432855.382295,1367432855.275769
1367432855.391502,1367432855.390686
1367432857.396519,1367432855.597367
1367432859.077401,1367432857.621034
1367432860.377463,1367432859.300717
1367432860.761845,1367432860.43618
1367432862.189675,1367432860.889568
1367432862.720602,1367432862.227905
1367432863.84774,1367432862.7942
1367432866.451929,1367432863.910839
1367432867.6379,1367432866.566527
1367432868.647715,1367432867.750904
1367432868.934453,1367432868.71539
1367432869.121029,1367432868.953087
1367432869.237862,1367432869.134397
1367432869.299556,1367432869.247747
1367432869.341963,1367432869.306637
1367432869.535881,1367432869.356966
1367432869.83976,1367432869.5544
1367432869.852342,1367432869.844369
1367432869.865765,1367432869.856504
1367432870.09312,1367432869.883556
1367432870.196526,1367432870.102443
1367432870.356369,1367432870.215424
1367432871.156724,1367432870.371981
1367432871.17773,1367432871.174718
1367432871.246026,1367432871.186249
1367432871.273924,1367432871.252507
1367432871.415004,1367432871.287252
1367432871.588247,1367432871.429459
1367432871.658136,1367432871.595974
1367432871.688545,1367432871.664434
1367432871.909943,1367432871.705978
1367432872.107803,1367432871.927318
1367432872.12613,1367432872.114425
1367432872.568541,1367432872.143605
1367432872.678675,1367432872.582162
1367432872.69416,1367432872.693062
1367432872.749937,1367432872.702328
1367432872.803027,1367432872.757311
1367432872.963359,1367432872.813592
1367432873.158939,1367432872.980221
1367432873.307819,1367432873.174053
1367432873.34767,1367432873.314619
1367432873.399014,1367432873.356437
1367432873.407266,1367432873.40285
1367432873.506927,1367432873.414085
1367432873.546762,1367432873.513026
1367432873.707173,1367432873.560669
1367432873.851729,1367432873.722517
1367432873.966127,1367432873.863338
1367432874.005754,1367432873.973664
1367432874.119353,1367432874.018298
1367432874.249451,1367432874.134342
1367432874.398286,1367432874.264313
1367432874.562397,1367432874.409384
1367432875.086392,1367432874.580161
1367432875.155543,1367432875.096704
1367432875.311777,1367432875.170232
1367432875.333065,1367432875.317119
1367432875.49388,1367432875.346652
1367432875.500052,1367432875.497939
1367432875.65025,1367432875.513591
1367432875.733479,1367432875.661995
1367432875.831934,1367432875.744798
1367432875.953147,1367432875.843376
1367432876.013871,1367432875.960849
1367432876.256526,1367432876.024947
1367432876.400909,1367432876.271207
1367432876.461322,1367432876.408522
1367432876.565765,1367432876.472403
1367432876.592461,1367432876.571569
1367432876.661566,1367432876.60033
1367432876.679948,1367432876.669014
1367432876.702043,1367432876.684121
1367432876.739259,1367432876.708748
1367432876.75075,1367432876.743487
1367432876.840302,1367432876.761293
1367432877.097365,1367432876.85648
1367432877.130834,1367432877.104739
1367432877.136745,1367432877.136047
1367432877.215733,1367432877.145608
1367432877.364573,1367432877.232144
1367432877.409752,1367432877.372132
1367432877.597697,1367432877.425689
1367432877.641386,1367432877.606417
1367432877.801309,1367432877.65502
1367432877.915671,1367432877.813707
1367432877.969357,1367432877.924219
1367432878.062733,1367432877.979386
1367432878.188092,1367432878.076369
1367432878.333562,1367432878.202333
1367432878.488104,1367432878.348249
1367432878.522721,1367432878.496644
1367432878.633583,1367432878.535675
1367432878.727869,1367432878.644209
1367432878.767873,1367432878.734878
1367432878.774258,1367432878.771216
1367432878.994499,1367432878.789528
1367432879.172936,1367432879.010425
1367432879.447481,1367432879.188772
1367432879.663393,1367432879.465454
1367432879.688183,1367432879.67085
1367432879.827377,1367432879.702492
1367432879.936502,1367432879.840278
1367432880.003994,1367432879.946154
1367432880.29482,1367432880.019433
1367432880.37296,1367432880.301942
1367432880.471169,1367432880.384422
1367432880.57386,1367432880.482466
1367432880.600647,1367432880.580661
1367432880.637644,1367432880.607807
1367432880.716683,1367432880.648952
1367432880.99569,1367432880.736939
1367432881.333849,1367432881.01267
1367432881.48615,1367432881.346072
1367432882.151314,1367432881.501711
1367432882.53684,1367432882.164553
1367432882.968371,1367432882.554344
1367432883.012857,1367432883.000665
1367432883.300394,1367432883.03003
1367432883.537249,1367432883.317099
1367432883.687736,1367432883.55107
1367432883.939966,1367432883.703345
1367432884.127992,1367432883.951932
1367432884.78508,1367432884.148
1367432884.928757,1367432884.795543
1367432884.957779,1367432884.935179
1367432885.036506,1367432884.964274
1367432885.139023,1367432885.044605
1367432885.667763,1367432885.153548
1367432885.69566,1367432885.674832
1367432885.807094,1367432885.704289
1367432887.595382,1367432885.852942
1367432887.625944,1367432887.60023
1367432887.755128,1367432887.63027
1367432890.169319,1367432887.866892
1367432891.817548,1367432890.395837
1367432893.614492,1367432891.993353
1367432893.797545,1367432893.718531
1367432898.561919,1367432893.810462
1367432899.488306,1367432898.680969
1367432900.723897,1367432899.57246
1367432902.512024,1367432900.875698
1367432904.051302,1367432902.645779
1367432904.485762,1367432904.095908
1367432910.206891,1367432904.600732
1367432911.623015,1367432910.407331
1367432912.012321,1367432911.631017
1367432912.325734,1367432912.020607
1367432912.419607,1367432912.416346
1367432912.852799,1367432912.526528
1367432913.320819,1367432912.883103
1367432917.557888,1367432913.422295
1367432918.071816,1367432917.567093
1367432918.084704,1367432918.083915
1367432919.057718,1367432918.278522
1367432920.070148,1367432919.159145
1367432921.614859,1367432920.319523
1367432922.12558,1367432921.624165
1367432923.258711,1367432922.224873
1367432923.568318,1367432923.26926
1367432924.262702,1367432923.580731
1367432925.814454,1367432924.30121
1367432926.628432,1367432926.033461
1367432927.858134,1367432926.777438
1367432927.922354,1367432927.862729
1367432928.064301,1367432927.987525
1367432936.940714,1367432928.1189
1367432938.188317,1367432937.16182
1367432939.171045,1367432938.199502
1367432939.692605,1367432939.278976
1367432939.844638,1367432939.69937
1367432940.942891,1367432940.015977
1367432944.508262,1367432941.033222
1367432945.087223,1367432944.620201
1367432945.153881,1367432945.152082
1367432945.747797,1367432945.260139
1367432945.898797,1367432945.764337
1367432946.093834,1367432945.916285
1367432946.305122,1367432946.113144
1367432946.390039,1367432946.317655
1367432946.401992,1367432946.401078
1367432946.513969,1367432946.41333
1367432946.559194,1367432946.521924
1367432946.609795,1367432946.566098
1367432946.621107,1367432946.614764
1367432946.742595,1367432946.633838
1367432946.761587,1367432946.759752
1367432946.902553,1367432946.776826
1367432946.921409,1367432946.908756
1367432947.066331,1367432946.927467
1367432947.210387,1367432947.077215
1367432947.477266,1367432947.228082
1367432947.485082,1367432947.48435
1367432947.637948,1367432947.499446
1367432947.82724,1367432947.649373
1367432947.841823,1367432947.833071
1367432947.982747,1367432947.856778
1367432948.099158,1367432947.996503
1367432948.13906,1367432948.105278
1367432948.175507,1367432948.144241
1367432948.185742,1367432948.180331
1367432948.356285,1367432948.199686
1367432948.396787,1367432948.365011
1367432948.494923,1367432948.408907
1367432948.611276,1367432948.503846
1367432948.813538,1367432948.630097
1367432948.833841,1367432948.819429
1367432948.96633,1367432948.846583
1367432949.13745,1367432948.984298
1367432949.333577,1367432949.152661
1367432949.463513,1367432949.349894
1367432949.4837,1367432949.482271
1367432949.494903,1367432949.493254
1367432949.551271,1367432949.504564
1367432949.828643,1367432949.567768
1367432950.113544,1367432949.84192
1367432950.42275,1367432950.124414
1367432950.613017,1367432950.440861
1367432950.786561,1367432950.62805
1367432950.830411,1367432950.79533
1367432950.985743,1367432950.843452
1367432951.001352,1367432950.9917
1367432951.196879,1367432951.015633
1367432951.401593,1367432951.216331
1367432951.429205,1367432951.408377
1367432951.437825,1367432951.433672
1367432951.543793,1367432951.451045
1367432951.552804,1367432951.548959
1367432951.638481,1367432951.562157
1367432951.794975,1367432951.653742
1367432952.044242,1367432951.81339
1367432952.068096,1367432952.052371
1367432952.233113,1367432952.079156
1367432952.314806,1367432952.245489
1367432952.332591,1367432952.33125
1367432952.611154,1367432952.348463
1367432952.868495,1367432952.630869
1367432952.915066,1367432952.877446
1367432952.941512,1367432952.921912
1367432952.957473,1367432952.947147
1367432952.993481,1367432952.964371
1367432953.136819,1367432953.008686
1367432953.156992,1367432953.14247
1367432953.185752,1367432953.161995
1367432953.261234,1367432953.195605
1367432953.455207,1367432953.277135
1367432953.640918,1367432953.472586
1367432953.820179,1367432953.657993
1367432953.928114,1367432953.835062
1367432954.131706,1367432953.944212
1367432954.195242,1367432954.142628
1367432954.2727,1367432954.205853
1367432954.288537,1367432954.277965
1367432954.392327,1367432954.29996
1367432954.405374,1367432954.404468
1367432954.587256,1367432954.423398
1367432954.779511,1367432954.607263
1367432954.851446,1367432954.789315
1367432955.057433,1367432954.867702
1367432955.096168,1367432955.066524
1367432955.179514,1367432955.10682
1367432955.195548,1367432955.194582
1367432955.20696,1367432955.199854
1367432955.294329,1367432955.216742
1367432955.317443,1367432955.300271
1367432955.409863,1367432955.32854
1367432955.420838,1367432955.42023
1367432955.519796,1367432955.433036
1367432955.528284,1367432955.524885
1367432955.756414,1367432955.540345
1367432955.973021,1367432955.777057
1367432955.983605,1367432955.978785
1367432956.04904,1367432955.992911
1367432956.198255,1367432956.069012
1367432956.205422,1367432956.204936
1367432956.295952,1367432956.215991
1367432956.394121,1367432956.307444
1367432956.541882,1367432956.410611
1367432956.622248,1367432956.552017
1367432956.636688,1367432956.627119
1367432956.790859,1367432956.651227
1367432956.799487,1367432956.796167
1367432956.952958,1367432956.815697
1367432957.293904,1367432956.967112
1367432957.455379,1367432957.307494
1367432957.465056,1367432957.460434
1367432957.503329,1367432957.471266
1367432957.548558,1367432957.511493
1367432957.554282,1367432957.552081
1367432957.71428,1367432957.569627
1367432957.773002,1367432957.723637
1367432957.801596,1367432957.779451
1367432958.025728,1367432957.818764
1367432958.157153,1367432958.039946
1367432958.260837,1367432958.169705
1367432958.464769,1367432958.279239
1367432958.589269,1367432958.479099
1367432958.725058,1367432958.604393
1367432958.910524,1367432958.741689
1367432958.923421,1367432958.915872
1367432959.000476,1367432958.932107
1367432959.208039,1367432959.01716
1367432959.411387,1367432959.224789
1367432959.518715,1367432959.427382
1367432959.608235,1367432959.531166
1367432959.671075,1367432959.617979
1367432959.802074,1367432959.686987
1367432960.450179,1367432959.817491
1367432961.468871,1367432960.466067
1367432962.003426,1367432961.479163
1367432962.403213,1367432962.014128
1367432963.633282,1367432962.419529
1367432963.994927,1367432963.642053
1367432964.136671,1367432964.002022
1367432964.550747,1367432964.14659
1367432964.631585,1367432964.557032
1367432964.832273,1367432964.637871
1367432965.118729,1367432964.871071
1367432965.70817,1367432965.130031
1367432965.798149,1367432965.71336
1367432966.989664,1367432965.813403
1367432967.334492,1367432966.999203
1367432967.730312,1367432967.345469
1367432968.435711,1367432967.741399
1367432969.598569,1367432968.450074
1367432970.14786,1367432969.609096
1367432970.152862,1367432970.152329
1367432971.814093,1367432970.16815
1367432972.262826,1367432971.825849
1367432973.24874,1367432972.362047
1367432973.345595,1367432973.343758
1367432973.447372,1367432973.35125
1367432974.913536,1367432973.510612
1367432975.028941,1367432974.918695
1367432975.088491,1367432975.087512
1367432975.663147,1367432975.206611
1367432977.091595,1367432975.738928
1367432977.261913,1367432977.261013
1367432977.678268,1367432977.377489
1367432980.20141,1367432977.788338
1367432980.285063,1367432980.282398
1367432980.682469,1367432980.37778
1367432981.65188,1367432980.767776
1367432984.133972,1367432981.713651
1367432986.239765,1367432984.303467
1367432987.359907,1367432986.336183
1367432987.437554,1367432987.36479
1367432987.829583,1367432987.443262
1367432987.836438,1367432987.835916
1367432988.530467,1367432987.964998
1367432990.724285,1367432988.643028
1367432991.857308,1367432990.791548
1367432996.58275,1367432991.936309
1367432996.837906,1367432996.69751
1367432997.299541,1367432996.845672
1367432999.844432,1367432997.474883
1367433001.422437,1367432999.882665
1367433004.269082,1367433002.443997
1367433004.924794,1367433004.474423
1367433007.176875,1367433005.064218
1367433008.046606,1367433007.283437
1367433009.837199,1367433008.269473
1367433009.952883,1367433009.951722
1367433011.578336,1367433010.077415
1367433011.700229,1367433011.608429
1367433013.077677,1367433011.812712
1367433013.420168,1367433013.109727
1367433015.488542,1367433013.434465
1367433017.603888,1367433015.68243
1367433019.260831,1367433017.719259
1367433019.497622,1367433019.338483
1367433020.906814,1367433019.659818
1367433022.271861,1367433021.022115
1367433024.012537,1367433022.494485
1367433024.764295,1367433024.124064
1367433026.129474,1367433024.892111
1367433028.407445,1367433026.279208
1367433028.792183,1367433028.504251
1367433032.714428,1367433028.952028
1367433032.740582,1367433032.721567
1367433032.750381,1367433032.746563
1367433033.16888,1367433032.769586
1367433033.325088,1367433033.185319
1367433033.382235,1367433033.334411
1367433033.471816,1367433033.393312
1367433033.686382,1367433033.489541
1367433033.883562,1367433033.703179
1367433034.112876,1367433033.903548
1367433034.132271,1367433034.131085
1367433034.219544,1367433034.14349
1367433034.455063,1367433034.239109
1367433034.673812,1367433034.474761
1367433034.910144,1367433034.693476
1367433034.916911,1367433034.915041
1367433034.953404,1367433034.922573
1367433035.123374,1367433034.970532
1367433035.290688,1367433035.139613
1367433035.37294,1367433035.301044
1367433035.386495,1367433035.377946
1367433035.395723,1367433035.395066
1367433035.420778,1367433035.401625
1367433035.509221,1367433035.431879
1367433035.554331,1367433035.516189
1367433035.705395,1367433035.570412
1367433036.020583,1367433035.728682
1367433036.271369,1367433036.04257
1367433036.519231,1367433036.295078
1367433036.525798,1367433036.525372
1367433036.661432,1367433036.540044
1367433036.80385,1367433036.675829
1367433036.876426,1367433036.815358
1367433037.001507,1367433036.890414
1367433037.086936,1367433037.010648
1367433037.096148,1367433037.095307
1367433037.250806,1367433037.110397
1367433037.413314,1367433037.26843
1367433037.429211,1367433037.419534
1367433037.637052,1367433037.446939
1367433037.667156,1367433037.643978
1367433037.850635,1367433037.683526
1367433038.010761,1367433037.868516
1367433038.084189,1367433038.021357
1367433038.237972,1367433038.097956
1367433038.336553,1367433038.25107
1367433038.536424,1367433038.354872
1367433038.884898,1367433038.554858
1367433038.897273,1367433038.896473
1367433038.947699,1367433038.905204
1367433038.959773,1367433038.953042
1367433039.03925,1367433038.970378
1367433039.253775,1367433039.053722
1367433039.427338,1367433039.27154
1367433039.482529,1367433039.435589
1367433039.54999,1367433039.492589
1367433039.71124,1367433039.567493
1367433039.773864,1367433039.721348
1367433039.784663,1367433039.77946
1367433039.861565,1367433039.795547
1367433039.870152,1367433039.869366
1367433039.951367,1367433039.879586
1367433039.966629,1367433039.96514
1367433040.002035,1367433039.973838
1367433040.238213,1367433040.019898
1367433040.308229,1367433040.250983
1367433040.498679,1367433040.324197
1367433040.596825,1367433040.514653
1367433040.738623,1367433040.605493
1367433040.812317,1367433040.749365
1367433040.866947,1367433040.820773
1367433041.014219,1367433040.880638
1367433041.162742,1367433041.026793
1367433041.182282,1367433041.168001
1367433041.199806,1367433041.198378
1367433041.335044,1367433041.214015
1367433041.511356,1367433041.352755
1367433041.583341,1367433041.522501
1367433041.624286,1367433041.592134
1367433041.855633,1367433041.642898
1367433042.090368,1367433041.876468
1367433042.107553,1367433042.100551
1367433042.325171,1367433042.126758
1367433042.333018,1367433042.330692
1367433042.563181,1367433042.352521
1367433042.755624,1367433042.582941
1367433042.764476,1367433042.7639
1367433042.829988,1367433042.773819
1367433042.861517,1367433042.836484
1367433042.866228,1367433042.865439
1367433042.909321,1367433042.873619
1367433042.931024,1367433042.915845
1367433043.02089,1367433042.942489
1367433043.03716,1367433043.036073
1367433043.24131,1367433043.055174
1367433043.441498,1367433043.255171
1367433043.547726,1367433043.454737
1367433043.617621,1367433043.557472
1367433043.819803,1367433043.637069
1367433043.905544,1367433043.829514
1367433044.100594,1367433043.918105
1367433044.111192,1367433044.105603
1367433044.31914,1367433044.123009
1367433044.612349,1367433044.33659
1367433044.677524,1367433044.621051
1367433044.86317,1367433044.691263
1367433044.896167,1367433044.870633
1367433045.074321,1367433044.912923
1367433045.084652,1367433045.079755
1367433045.094524,1367433045.088912
1367433045.177782,1367433045.104143
1367433045.188374,1367433045.182547
1367433045.204327,1367433045.203263
1367433045.403212,1367433045.216238
1367433045.546831,1367433045.416144
1367433045.761396,1367433045.564768
1367433045.774676,1367433045.773412
1367433045.94019,1367433045.789972
1367433046.002348,1367433045.948782
1367433046.033611,1367433046.009578
1367433046.178788,1367433046.049313
1367433046.292359,1367433046.191744
1367433046.346923,1367433046.301157
1367433046.562408,1367433046.365978
1367433046.582184,1367433046.580063
1367433046.608896,1367433046.588725
1367433046.669797,1367433046.6188
1367433046.820475,1367433046.683477
1367433046.974451,1367433046.836996
1367433047.119802,1367433046.989448
1367433047.218607,1367433047.133624
1367433047.378466,1367433047.229688
1367433047.394492,1367433047.384919
1367433047.604036,1367433047.403734
1367433047.617748,1367433047.616931
1367433047.707167,1367433047.627796
1367433047.839462,1367433047.722065
1367433048.16859,1367433047.851218
1367433048.62405,1367433048.179022
1367433049.08731,1367433048.637441
1367433049.286398,1367433049.094537
1367433049.301781,1367433049.300234
1367433050.039493,1367433049.315856
1367433050.275669,1367433050.048434
1367433051.177694,1367433050.289391
1367433051.395775,1367433051.21785
1367433051.994541,1367433051.406319
1367433052.007601,1367433052.006707
1367433052.070535,1367433052.012259
1367433052.549281,1367433052.083641
1367433053.730545,1367433052.567424
1367433055.603774,1367433053.751873
1367433056.267952,1367433055.617396
1367433057.489016,1367433056.392019
1367433057.982823,1367433057.597214
1367433059.08511,1367433057.990583
1367433060.4842,1367433059.209548
1367433060.88441,1367433060.601296
1367433061.896455,1367433060.971215
1367433063.817779,1367433061.970115
1367433064.922778,1367433064.040013
1367433065.354758,1367433064.95574
1367433065.623465,1367433065.362437
1367433065.854073,1367433065.631398
1367433067.17992,1367433065.952278
1367433067.278488,1367433067.184732
1367433071.268071,1367433067.366524
1367433071.711425,1367433071.38681
1367433073.175365,1367433071.881076
1367433075.400815,1367433073.260448
1367433077.694927,1367433075.623186
1367433078.816706,1367433077.842785
1367433080.244695,1367433078.942045
1367433082.036771,1367433080.35664
1367433083.214715,1367433082.096427
1367433083.477261,1367433083.269762
1367433083.921318,1367433083.566109
1367433083.927574,1367433083.926926
1367433084.921328,1367433084.072201
1367433085.742148,1367433084.958412
1367433086.365042,1367433085.872874
1367433087.542469,1367433086.373703
1367433087.852707,1367433087.549257
1367433088.764273,1367433087.86099
1367433089.736751,1367433088.873368
1367433092.746141,1367433089.840418
1367433094.43396,1367433092.8334
1367433096.204699,1367433094.513368
1367433096.321318,1367433096.23381
1367433097.127239,1367433096.439647
1367433099.688047,1367433097.353456
1367433100.63816,1367433099.898864
1367433101.158967,1367433100.724624
1367433101.204568,1367433101.203985
1367433102.884599,1367433101.33191
1367433103.592765,1367433102.98018
1367433104.263819,1367433103.676122
1367433106.344432,1367433104.511939
1367433107.087912,1367433106.359436
1367433108.003636,1367433107.152487
1367433109.028205,1367433108.164422
1367433110.020815,1367433109.151859
1367433111.395031,1367433110.169552
1367433112.160723,1367433111.507816
1367433113.959517,1367433112.321682
1367433117.783552,1367433114.183293
1367433117.791651,1367433117.790655
1367433117.988093,1367433117.808594
1367433118.242608,1367433118.006756
1367433118.342541,1367433118.256438
1367433118.365412,1367433118.349619
1367433118.371764,1367433118.370734
1367433118.394942,1367433118.377665
1367433118.404475,1367433118.403805
1367433118.458398,1367433118.41258
1367433118.484983,1367433118.465361
1367433118.501809,1367433118.500506
1367433118.549945,1367433118.508553
1367433118.569247,1367433118.567985
1367433118.972996,1367433118.587063
1367433119.107822,1367433118.985459
1367433119.155185,1367433119.118143
1367433119.201905,1367433119.164816
1367433119.231866,1367433119.208719
1367433119.236647,1367433119.235264
1367433119.439646,1367433119.25386
1367433119.537252,1367433119.455187
1367433119.669299,1367433119.553444
1367433119.700837,1367433119.677342
1367433119.728329,1367433119.708005
1367433119.738357,1367433119.732176
1367433119.891585,1367433119.753753
1367433119.967238,1367433119.902865
1367433119.978061,1367433119.973055
1367433120.094049,1367433119.99151
1367433120.101397,1367433120.100123
1367433120.119537,1367433120.118011
1367433120.131936,1367433120.124584
1367433120.359617,1367433120.151472
1367433120.44565,1367433120.375489
1367433120.498663,1367433120.452536
1367433120.61762,1367433120.512389
1367433120.74899,1367433120.630259
1367433120.995682,1367433120.769134
1367433121.00856,1367433121.003206
1367433121.499572,1367433121.021461
1367433121.525352,1367433121.524064
1367433121.563279,1367433121.535011
1367433121.625747,1367433121.5748
1367433121.762922,1367433121.639078
1367433122.265272,1367433121.781601
1367433122.504372,1367433122.286541
1367433122.849963,1367433122.524132
1367433123.085263,1367433122.872314
1367433123.155914,1367433123.095105
1367433123.35776,1367433123.173929
1367433123.434185,1367433123.368208
1367433123.5211,1367433123.446021
1367433123.536356,1367433123.527101
1367433124.054855,1367433123.559146
1367433124.104596,1367433124.068602
1367433124.207128,1367433124.118383
1367433124.424015,1367433124.225227
1367433124.535731,1367433124.439979
1367433124.633381,1367433124.551014
1367433124.884451,1367433124.651105
1367433124.980823,1367433124.896552
1367433125.055085,1367433124.989919
1367433125.231538,1367433125.074345
1367433125.395872,1367433125.248569
1367433125.49285,1367433125.409298
1367433125.602759,1367433125.505432
1367433125.749433,1367433125.620248
1367433125.867048,1367433125.761408
1367433125.882423,1367433125.880838
1367433125.905208,1367433125.888931
1367433126.170903,1367433125.920011
1367433126.300484,1367433126.186662
1367433126.640538,1367433126.319859
1367433126.789271,1367433126.661316
1367433127.200284,1367433126.80826
1367433127.237095,1367433127.211099
1367433127.271208,1367433127.244594
1367433127.282747,1367433127.276084
1367433127.323543,1367433127.290747
1367433127.338764,1367433127.337638
1367433127.375572,1367433127.347254
1367433127.46222,1367433127.386073
1367433127.953112,1367433127.480174
1367433128.013326,1367433127.96296
1367433128.235706,1367433128.029599
1367433128.450094,1367433128.254213
1367433128.644626,1367433128.468322
1367433129.183029,1367433128.661293
1367433129.211091,1367433129.190387
1367433129.222249,1367433129.221449
1367433129.44076,1367433129.235672
1367433129.452164,1367433129.448553
1367433129.888185,1367433129.468251
1367433130.104997,1367433129.907117
1367433130.15909,1367433130.115985
1367433130.261865,1367433130.172199
1367433130.533017,1367433130.281839
1367433130.663416,1367433130.547309
1367433130.876538,1367433130.681277
1367433131.041511,1367433130.891999
1367433131.242872,1367433131.056613
1367433131.254463,1367433131.249524
1367433131.443508,1367433131.275653
1367433131.453929,1367433131.453322
1367433131.94366,1367433131.472012
1367433132.086736,1367433131.960152
1367433132.165511,1367433132.098829
1367433132.237554,1367433132.176709
1367433132.408944,1367433132.253934
1367433132.589924,1367433132.427401
1367433132.615226,1367433132.598971
1367433132.989491,1367433132.633089
1367433133.059701,1367433133.001247
1367433133.075735,1367433133.074376
1367433133.180708,1367433133.086432
1367433133.464891,1367433133.198664
1367433133.495091,1367433133.473569
1367433133.523271,1367433133.5005
1367433134.161067,1367433133.542741
1367433134.253229,1367433134.167381
1367433134.362593,1367433134.257713
1367433135.744121,1367433134.376965
1367433136.115982,1367433135.753919
1367433136.480539,1367433136.124322
1367433136.78135,1367433136.490785
1367433137.526801,1367433136.798238
1367433138.378645,1367433137.539729
1367433139.534694,1367433138.393323
1367433139.634028,1367433139.538442
1367433140.638378,1367433139.729165
1367433141.036812,1367433140.649896
1367433141.475182,1367433141.084278
1367433144.778395,1367433141.566229
1367433144.877559,1367433144.819283
1367433145.119338,1367433144.885005
1367433149.022399,1367433145.293687
1367433149.453729,1367433149.107614
1367433149.669493,1367433149.457335
1367433149.966118,1367433149.832006
1367433150.262447,1367433150.002599
1367433150.593626,1367433150.269729
1367433150.700292,1367433150.699565
1367433152.240312,1367433150.826041
1367433152.413925,1367433152.343378
1367433154.096441,1367433152.515121
1367433154.972725,1367433154.240074
1367433156.252252,1367433155.096914
1367433157.759564,1367433156.378396
1367433159.188589,1367433157.870027
1367433160.698228,1367433159.328374
1367433163.833961,1367433160.772797
1367433166.092413,1367433163.951632
1367433166.707374,1367433166.101685
1367433166.945355,1367433166.71136
1367433167.292825,1367433166.953954
1367433167.881099,1367433167.300782
1367433168.853086,1367433167.891175
1367433169.786326,1367433169.0724
1367433171.099857,1367433169.93539
1367433173.619064,1367433171.204493
1367433174.387304,1367433173.655688
1367433176.015323,1367433174.537046
1367433176.748238,1367433176.112204
1367433177.151959,1367433176.805624
1367433178.644887,1367433177.213348
1367433179.473957,1367433178.708454
1367433179.912974,1367433179.580008
1367433180.774838,1367433179.959093
1367433181.605202,1367433180.897545
1367433183.90778,1367433181.68029
1367433185.648693,1367433184.122151
1367433185.728288,1367433185.65351
1367433185.73408,1367433185.731892
1367433188.577521,1367433185.922422
1367433189.995711,1367433188.792948
1367433191.59806,1367433190.113166
1367433191.934104,1367433191.705584
1367433193.544631,1367433192.035834
1367433194.746699,1367433193.658851
1367433195.37987,1367433194.856947
1367433195.387056,1367433195.385844
1367433195.805566,1367433195.468808
1367433200.205246,1367433195.867634
1367433202.822698,1367433200.316376
1367433203.118334,1367433202.843047
1367433203.362521,1367433203.137378
1367433203.418989,1367433203.372755
1367433203.708263,1367433203.437695
1367433203.853114,1367433203.723065
1367433203.992973,1367433203.867285
1367433204.083151,1367433204.004997
1367433204.207232,1367433204.099075
1367433204.373749,1367433204.223612
1367433204.460007,1367433204.386128
1367433204.646423,1367433204.471438
1367433204.906533,1367433204.668836
1367433205.040964,1367433204.921693
1367433205.045947,1367433205.045455
1367433205.164802,1367433205.057636
1367433205.264975,1367433205.1757
1367433205.307059,1367433205.274803
1367433205.535118,1367433205.326537
1367433205.649155,1367433205.551872
1367433205.719896,1367433205.665494
1367433205.767706,1367433205.730132
1367433205.785675,1367433205.773852
1367433205.956954,1367433205.800649
1367433206.032347,1367433205.96788
1367433206.186135,1367433206.051273
1367433206.20719,1367433206.205603
1367433206.330533,1367433206.220618
1367433206.494548,1367433206.345761
1367433206.643423,1367433206.512537
1367433206.840504,1367433206.662942
1367433206.918648,1367433206.852151
1367433206.989511,1367433206.930447
1367433207.184093,1367433207.004672
1367433207.323061,1367433207.200058
1367433207.701238,1367433207.340884
1367433207.763599,1367433207.713173
1367433207.78308,1367433207.781926
1367433207.945502,1367433207.799982
1367433208.111044,1367433207.964107
1367433208.146012,1367433208.119434
1367433208.166055,1367433208.152385
1367433208.180748,1367433208.179723
1367433208.348995,1367433208.19999
1367433208.566484,1367433208.370548
1367433208.687867,1367433208.583256
1367433208.715766,1367433208.697304
1367433208.795645,1367433208.727831
1367433208.819055,1367433208.803278
1367433208.885502,1367433208.830631
1367433208.939522,1367433208.895192
1367433209.064544,1367433208.949873
1367433209.170301,1367433209.077693
1367433209.248545,1367433209.181763
1367433209.486775,1367433209.268612
1367433209.947472,1367433209.510318
1367433210.060547,1367433209.963359
1367433210.070793,1367433210.069967
1367433210.095566,1367433210.077519
1367433210.113057,1367433210.110582
1367433210.224209,1367433210.127712
1367433210.234102,1367433210.230539
1367433210.246073,1367433210.240488
1367433210.422527,1367433210.264455
1367433210.548285,1367433210.438789
1367433210.592771,1367433210.556557
1367433210.612089,1367433210.610889
1367433210.7392,1367433210.62705
1367433210.7558,1367433210.74677
1367433210.782045,1367433210.764223
1367433210.955375,1367433210.797164
1367433211.138233,1367433210.975524
1367433211.223826,1367433211.150951
1367433211.238282,1367433211.237337
1367433211.280008,1367433211.24651
1367433211.371727,1367433211.292639
1367433211.431841,1367433211.38127
1367433211.493375,1367433211.440116
1367433211.498838,1367433211.496801
1367433211.657994,1367433211.5119
1367433211.822493,1367433211.673937
1367433211.905984,1367433211.835045
1367433211.936613,1367433211.914664
1367433211.946812,1367433211.943675
1367433211.984209,1367433211.955274
1367433212.014916,1367433211.991349
1367433212.1084,1367433212.027995
1367433212.232438,1367433212.124205
1367433212.364285,1367433212.247145
1367433212.509194,1367433212.381339
1367433212.517624,1367433212.515358
1367433212.552604,1367433212.523922
1367433212.656752,1367433212.566556
1367433213.116506,1367433212.677294
1367433213.282538,1367433213.135959
1367433213.403386,1367433213.297927
1367433213.42483,1367433213.410974
1367433213.499915,1367433213.435162
1367433213.575757,1367433213.512224
1367433213.584865,1367433213.579623
1367433213.612424,1367433213.591538
1367433213.826769,1367433213.635023
1367433214.057326,1367433213.847304
1367433214.222506,1367433214.076035
1367433214.314613,1367433214.234986
1367433214.418131,1367433214.329285
1367433214.562628,1367433214.435154
1367433214.710867,1367433214.579131
1367433214.831945,1367433214.724021
1367433214.845336,1367433214.844521
1367433214.870173,1367433214.852658
1367433215.082955,1367433214.888928
1367433215.103119,1367433215.093089
1367433215.338215,1367433215.123453
1367433215.582394,1367433215.361633
1367433215.838074,1367433215.602144
1367433215.890897,1367433215.84791
1367433215.928616,1367433215.899382
1367433216.152068,1367433215.946437
1367433216.333178,1367433216.172964
1367433216.343033,1367433216.34199
1367433216.627857,1367433216.430366
1367433216.698499,1367433216.640625
1367433216.895501,1367433216.71938
1367433216.936255,1367433216.907493
1367433217.345445,1367433216.95589
1367433217.574448,1367433217.365649
1367433217.687025,1367433217.588333
1367433217.800382,1367433217.699642
1367433217.86336,1367433217.812127
1367433218.098065,1367433217.873296
1367433218.110346,1367433218.109385
1367433219.339274,1367433218.127262
1367433220.274257,1367433219.354087
1367433220.791446,1367433220.285012
1367433220.956499,1367433220.798593
1367433221.749121,1367433220.970524
1367433222.443433,1367433221.761234
1367433222.453322,1367433222.45248
1367433224.124545,1367433222.469495
1367433225.312579,1367433224.14136
1367433227.280538,1367433225.331604
1367433227.626431,1367433227.393245
1367433229.001122,1367433227.686779
1367433230.836256,1367433229.019045
1367433232.461983,1367433230.869842
1367433232.572722,1367433232.467268
1367433233.184351,1367433232.58238
1367433235.507785,1367433233.207338
1367433238.058654,1367433235.611123
1367433239.594202,1367433238.281135
1367433240.71071,1367433239.665155
1367433243.932866,1367433240.884567
1367433245.215945,1367433244.046499
1367433246.809027,1367433245.436368
1367433247.930062,1367433246.932435
1367433248.204736,1367433247.962699
1367433250.142019,1367433248.466419
1367433251.92663,1367433250.303353
1367433252.538581,1367433252.008273
1367433253.252984,1367433252.623687
1367433254.281909,1367433253.33866
1367433256.518756,1367433254.410618
1367433257.198349,1367433256.592197
1367433259.451056,1367433257.302731
1367433260.377972,1367433259.512453
1367433261.206503,1367433260.612956
1367433267.107428,1367433261.408369
1367433268.40747,1367433267.211882
1367433270.826693,1367433268.559157
1367433274.701621,1367433270.94481
1367433276.110913,1367433274.93961
1367433277.345074,1367433276.166633
1367433277.457261,1367433277.351312
1367433277.916805,1367433277.468167
1367433278.866416,1367433278.077902
1367433279.307353,1367433278.974589
1367433279.425719,1367433279.424326
1367433280.324447,1367433279.551409
1367433280.338123,1367433280.337303
1367433280.818423,1367433280.351015
1367433281.925433,1367433280.836876
1367433282.011596,1367433281.934777
1367433282.026047,1367433282.024882
1367433282.128656,1367433282.033089
1367433282.362358,1367433282.137688
1367433282.943247,1367433282.37689
1367433284.159049,1367433282.961311
1367433284.446569,1367433284.17166
1367433284.60817,1367433284.454485
1367433285.165015,1367433284.619645
1367433285.372993,1367433285.174784
1367433285.455369,1367433285.379513
1367433286.068819,1367433285.469857
1367433286.081003,1367433286.079286
1367433286.100416,1367433286.087578
1367433286.204149,1367433286.113364
1367433286.214549,1367433286.213764
1367433286.301297,1367433286.223007
1367433286.604922,1367433286.319481
1367433286.76723,1367433286.620714
1367433286.789914,1367433286.774676
1367433286.807195,1367433286.796355
1367433286.848418,1367433286.814673
1367433287.265458,1367433286.866981
1367433287.506666,1367433287.285657
1367433287.634654,1367433287.523072
1367433287.67652,1367433287.644674
1367433287.756559,1367433287.689509
1367433287.868562,1367433287.771319
1367433288.044805,1367433287.889294
1367433288.271599,1367433288.066678
1367433288.304359,1367433288.280918
1367433288.338673,1367433288.31401
1367433288.34731,1367433288.343871
1367433288.401229,1367433288.35674
1367433288.457701,1367433288.410806
1367433288.642733,1367433288.475602
1367433288.761529,1367433288.657751
1367433288.975024,1367433288.778749
1367433289.093162,1367433288.989943
1367433289.243314,1367433289.111755
1367433289.27936,1367433289.25292
1367433289.646242,1367433289.297814
1367433289.655704,1367433289.653722
1367433289.682426,1367433289.663682
1367433289.757001,1367433289.694806
1367433290.001305,1367433289.777462
1367433290.246339,1367433290.024781
1367433290.470925,1367433290.265203
1367433290.603075,1367433290.49084
1367433290.775434,1367433290.619724
1367433290.853441,1367433290.789095
1367433291.016578,1367433290.870722
1367433291.142014,1367433291.031607
1367433291.255772,1367433291.156732
1367433291.60298,1367433291.271916
1367433291.813984,1367433291.62484
1367433292.159191,1367433291.829432
1367433292.260521,1367433292.174012
1367433292.386552,1367433292.273841
1367433292.480456,1367433292.399688
1367433292.593768,1367433292.494022
1367433292.606922,1367433292.599396
1367433292.680913,1367433292.618786
1367433292.70047,1367433292.688612
1367433292.769883,1367433292.711227
1367433292.875317,1367433292.783273
1367433292.935981,1367433292.886339
1367433293.078312,1367433292.949835
1367433293.103203,1367433293.086398
1367433293.115341,1367433293.114617
1367433293.231364,1367433293.128646
1367433293.380459,1367433293.24767
1367433293.526761,1367433293.398162
1367433293.573475,1367433293.537109
1367433293.730997,1367433293.591673
1367433293.742646,1367433293.741744
1367433293.924537,1367433293.759133
1367433294.725009,1367433293.940558
1367433294.74328,1367433294.742257
1367433294.829841,1367433294.755886
1367433295.018966,1367433294.848247
1367433295.251262,1367433295.041466
1367433295.261508,1367433295.25759
1367433295.275828,1367433295.274416
1367433295.420008,1367433295.29082
1367433295.435643,1367433295.426907
1367433295.50333,1367433295.447638
1367433295.669354,1367433295.521285
1367433295.690381,1367433295.6882
1367433295.939645,1367433295.703599
1367433295.993613,1367433295.949777
1367433296.0729,1367433296.003418
1367433296.403876,1367433296.091143
1367433296.46736,1367433296.417515
1367433296.563188,1367433296.47628
1367433296.614002,1367433296.573734
1367433296.738451,1367433296.63018
1367433296.825342,1367433296.752903
1367433296.938249,1367433296.839172
1367433296.992497,1367433296.947591
1367433297.016671,1367433296.999956
1367433297.162442,1367433297.030614
1367433297.431946,1367433297.183431
1367433298.296091,1367433297.453346
1367433298.322786,1367433298.30608
1367433298.473049,1367433298.339165
1367433298.550256,1367433298.485814
1367433298.561548,1367433298.556911
1367433298.588052,1367433298.568419
1367433298.788292,1367433298.606913
1367433298.859927,1367433298.798368
1367433298.995086,1367433298.873189
1367433299.044831,1367433299.004719
1367433299.096938,1367433299.053459
1367433299.126087,1367433299.10531
1367433299.185706,1367433299.136116
1367433299.272303,1367433299.196576
1367433299.314331,1367433299.280074
1367433299.35137,1367433299.325493
1367433299.578224,1367433299.370985
1367433299.642762,1367433299.589092
1367433299.649199,1367433299.646477
1367433299.769395,1367433299.66203
1367433299.82548,1367433299.78038
1367433299.936351,1367433299.840194
1367433300.009752,1367433299.947813
1367433300.293107,1367433300.038743
1367433300.420664,1367433300.309078
1367433300.507857,1367433300.435813
1367433300.746901,1367433300.522324
1367433300.830519,1367433300.761517
1367433302.774276,1367433300.846705
1367433303.054498,1367433302.783785
1367433303.13569,1367433303.063015
1367433303.819227,1367433303.151896
1367433304.547529,1367433303.838841
1367433305.792919,1367433304.567457
1367433305.971908,1367433305.801052
1367433306.405614,1367433305.985198
1367433306.533968,1367433306.413845
1367433307.912961,1367433306.552815
1367433308.408525,1367433307.924638
1367433309.120779,1367433308.420641
1367433309.129499,1367433309.128902
1367433309.239701,1367433309.135089
1367433310.388473,1367433309.256012
1367433310.685718,1367433310.398845
1367433311.942086,1367433310.700379
1367433312.120955,1367433312.047228
1367433314.317127,1367433312.242293
1367433314.71492,1367433314.437168
1367433316.268258,1367433314.81607
1367433316.492601,1367433316.491458
1367433316.837533,1367433316.609296
1367433318.01716,1367433316.959689
1367433318.826955,1367433318.12632
1367433319.906988,1367433318.951097
1367433320.069707,1367433320.000297
1367433320.252259,1367433320.137399
1367433322.0111,1367433320.268712
1367433322.572804,1367433322.117564
1367433324.129594,1367433322.660849
1367433324.2737,1367433324.138435
1367433325.001171,1367433324.382982
1367433327.59855,1367433325.245563
1367433328.718734,1367433327.709848
1367433329.363757,1367433328.730068
1367433329.458981,1367433329.458439
1367433329.900895,1367433329.46768
1367433333.523498,1367433330.02793
1367433334.104564,1367433333.629347
1367433335.110929,1367433334.286414
1367433336.40389,1367433335.231389
1367433337.677364,1367433336.652616
1367433339.583246,1367433337.924723
1367433339.869416,1367433339.702052
1367433343.459841,1367433340.085395
1367433344.504521,1367433343.572414
1367433346.742384,1367433344.570556
1367433347.221049,1367433346.874866
1367433347.862548,1367433347.285506
1367433351.995565,1367433348.00506
1367433352.975772,1367433352.095553
1367433354.115851,1367433353.170411
1367433354.988089,1367433354.236456
1367433356.82131,1367433355.15329
1367433360.889603,1367433356.947705
1367433367.172411,1367433361.019231
1367433367.330419,1367433367.181643
1367433367.896007,1367433367.429469
1367433368.586928,1367433367.995608
1367433368.813615,1367433368.596572
1367433370.129832,1367433368.938809
1367433372.097624,1367433370.333535
1367433372.851491,1367433372.311187
1367433373.028567,1367433372.86837
1367433373.067037,1367433373.038451
1367433373.32615,1367433373.088072
1367433373.343369,1367433373.341519
1367433373.416148,1367433373.356068
1367433373.477226,1367433373.425911
1367433373.581619,1367433373.490195
1367433373.837647,1367433373.596589
1367433373.932509,1367433373.850439
1367433373.941836,1367433373.941166
1367433373.991172,1367433373.950826
1367433374.090088,1367433374.002399
1367433374.183,1367433374.103209
1367433374.618754,1367433374.201684
1367433374.643588,1367433374.641734
1367433374.774585,1367433374.660167
1367433374.832847,1367433374.78558
1367433375.087247,1367433374.854698
1367433375.35206,1367433375.105704
1367433375.526676,1367433375.369142
1367433375.563147,1367433375.536352
1367433375.713316,1367433375.580104
1367433375.745336,1367433375.722487
1367433375.937397,1367433375.762784
1367433376.111742,1367433375.953339
1367433376.134873,1367433376.132737
1367433376.20194,1367433376.146494
1367433376.213904,1367433376.208565
1367433376.353093,1367433376.229243
1367433376.392198,1367433376.36442
1367433376.564028,1367433376.411155
1367433376.812855,1367433376.585406
1367433376.888855,1367433376.825946
1367433377.245976,1367433376.911281
1367433377.282386,1367433377.256831
1367433377.388154,1367433377.296868
1367433377.421854,1367433377.395023
1367433377.669221,1367433377.440179
1367433377.939509,1367433377.690045
1367433378.027668,1367433377.954643
1367433378.140988,1367433378.042582
1367433378.247008,1367433378.156526
1367433378.282802,1367433378.253865
1367433378.329953,1367433378.291061
1367433378.482981,1367433378.34669
1367433378.637093,1367433378.501704
1367433378.707944,1367433378.650264
1367433378.719895,1367433378.719221
1367433378.96724,1367433378.73739
1367433379.065994,1367433378.984293
1367433379.074502,1367433379.073911
1367433379.201368,1367433379.089776
1367433379.231957,1367433379.209191
1367433379.236841,1367433379.235648
1367433379.308344,1367433379.249341
1367433379.362384,1367433379.319711
1367433379.391081,1367433379.371004
1367433379.420808,1367433379.398339
1367433379.556996,1367433379.435636
1367433379.584465,1367433379.563504
1367433379.684507,1367433379.600913
1367433379.913366,1367433379.703896
1367433379.943663,1367433379.922668
1367433379.972162,1367433379.951189
1367433380.28123,1367433379.981956
1367433380.329077,1367433380.292364
1367433380.398778,1367433380.341151
1367433380.487181,1367433380.408749
1367433380.661282,1367433380.505549
1367433381.193667,1367433380.68247
1367433381.210618,1367433381.203389
1367433381.219403,1367433381.216555
1367433381.482281,1367433381.239824
1367433381.590143,1367433381.499886
1367433381.597528,1367433381.596182
1367433381.626298,1367433381.605516
1367433381.668601,1367433381.635664
1367433381.798101,1367433381.680966
1367433381.808443,1367433381.804915
1367433381.905126,1367433381.819469
1367433381.989426,1367433381.916218
1367433382.129567,1367433382.002848
1367433382.265812,1367433382.145285
1367433382.868236,1367433382.285769
1367433382.889036,1367433382.877791
1367433382.972462,1367433382.901099
1367433383.228894,1367433382.99079
1367433383.297087,1367433383.240708
1367433383.503131,1367433383.312037
1367433383.542788,1367433383.514732
1367433383.557617,1367433383.549838
1367433383.595872,1367433383.566325
1367433383.779122,1367433383.611513
1367433383.823041,1367433383.791965
1367433383.835604,1367433383.834857
1367433383.878532,1367433383.843929
1367433384.110798,1367433383.896867
1367433384.17147,1367433384.119547
1367433384.932808,1367433384.186464
1367433385.703147,1367433384.948593
1367433385.894856,1367433385.71962
1367433385.973585,1367433385.906852
1367433386.172015,1367433385.99007
1367433386.19303,1367433386.18155
1367433386.330999,1367433386.208148
1367433386.418299,1367433386.341628
1367433387.314834,1367433386.434193
1367433387.443001,1367433387.330414
1367433387.476548,1367433387.451743
1367433387.506542,1367433387.485105
1367433387.549182,1367433387.515298
1367433387.573724,1367433387.556261
1367433387.857729,1367433387.591963
1367433387.877857,1367433387.8674
1367433388.130543,1367433387.896462
1367433388.139741,1367433388.139274
1367433388.323074,1367433388.154849
1367433388.395814,1367433388.335559
1367433388.560606,1367433388.412973
1367433388.672662,1367433388.575672
1367433389.231931,1367433388.688607
1367433389.826399,1367433389.339484
1367433390.784523,1367433389.94019
1367433390.949037,1367433390.792911
1367433391.162924,1367433390.995423
1367433392.366143,1367433391.327724
1367433393.349203,1367433392.551027
1367433394.479034,1367433393.558277
1367433394.960411,1367433394.587346
1367433395.093397,1367433394.972026
1367433395.101174,1367433395.09938
1367433396.734125,1367433395.207172
1367433397.324058,1367433396.856473
1367433397.965589,1367433397.530712
1367433398.045645,1367433397.971906
1367433399.174141,1367433398.171496
1367433400.679012,1367433399.366753
1367433401.522955,1367433400.854696
1367433402.393814,1367433401.684341
1367433403.265545,1367433402.49554
1367433403.993555,1367433403.425233
1367433404.407317,1367433404.101624
1367433405.970166,1367433404.530905
1367433406.425154,1367433406.077585
1367433407.565007,1367433406.550217
1367433407.680283,1367433407.573227
1367433407.879955,1367433407.737031
1367433409.020894,1367433407.966686
1367433410.011096,1367433409.244378
1367433410.868083,1367433410.183872
1367433411.600723,1367433410.983224
1367433413.81476,1367433411.703669
1367433413.925607,1367433413.918439
1367433414.779193,1367433414.110446
1367433414.900008,1367433414.790277
1367433416.06675,1367433415.026016
1367433416.209534,1367433416.149746
1367433417.851945,1367433416.336397
1367433422.904885,1367433417.957282
1367433424.823412,1367433423.127083
1367433425.862273,1367433425.0568
1367433427.075262,1367433425.990841
1367433427.324425,1367433427.159991
1367433427.529369,1367433427.336116
1367433428.269469,1367433427.639622
1367433428.561378,1367433428.376064
1367433428.902037,1367433428.571498
1367433431.214521,1367433429.00259
1367433431.881884,1367433431.331425
1367433432.359442,1367433431.930674
1367433433.516496,1367433432.59433
1367433434.902513,1367433433.753072
1367433435.127015,1367433435.031918
1367433435.778622,1367433435.228231
1367433436.234593,1367433435.872954
1367433437.526849,1367433436.447293
1367433437.632972,1367433437.629712
1367433437.795705,1367433437.724716
1367433438.663135,1367433437.907808
1367433438.756457,1367433438.755086
1367433439.799041,1367433438.868422
1367433440.568651,1367433439.91229
1367433441.811543,1367433440.660402
1367433442.683868,1367433441.963646
1367433442.832704,1367433442.76494
1367433443.575618,1367433442.992281
1367433444.283453,1367433443.746716
1367433444.426602,1367433444.341302
1367433445.585313,1367433444.600501
1367433445.744021,1367433445.691384
1367433445.831986,1367433445.830996
