1367432431.975221,1367432428.880904
1367432432.024537,1367432431.981525
1367432432.086387,1367432432.031183
1367432432.328325,1367432432.101983
1367432432.428461,1367432432.337363
1367432432.498547,1367432432.437585
1367432432.521684,1367432432.502887
1367432432.543289,1367432432.525678
1367432432.665966,1367432432.554302
1367432432.735037,1367432432.674627
1367432432.738486,1367432432.736565
1367432432.907768,1367432432.753037
1367432433.041731,1367432432.916639
1367432433.066787,1367432433.047361
1367432433.091582,1367432433.071621
1367432433.095455,1367432433.093107
1367432433.097819,1367432433.096736
1367432433.231033,1367432433.109135
1367432433.343612,1367432433.24329
1367432433.475478,1367432433.35673
1367432433.569347,1367432433.48636
1367432433.78178,1367432433.585919
1367432433.791875,1367432433.785376
1367432433.918467,1367432433.804049
1367432433.961862,1367432433.925024
1367432434.126917,1367432433.98059
1367432434.157586,1367432434.132124
1367432435.004224,1367432434.170485
1367432435.100092,1367432435.01677
1367432435.329844,1367432435.110251
1367432435.536147,1367432435.347027
1367432435.579477,1367432435.543317
1367432435.608582,1367432435.584474
1367432435.630844,1367432435.612974
1367432435.712282,1367432435.640946
1367432435.807028,1367432435.722796
1367432435.933898,1367432435.817689
1367432436.095185,1367432435.947143
1367432436.104409,1367432436.098798
1367432436.182532,1367432436.114139
1367432436.281055,1367432436.190407
1367432436.432091,1367432436.294919
1367432436.467468,1367432436.439016
1367432436.480412,1367432436.470055
1367432436.523291,1367432436.485584
1367432436.543799,1367432436.526345
1367432436.779457,1367432436.558018
1367432436.882604,1367432436.792316
1367432437.116296,1367432436.899921
1367432437.166949,1367432437.124207
1367432437.290066,1367432437.177839
1367432437.416402,1367432437.303451
1367432437.50712,1367432437.426896
1367432437.55929,1367432437.513776
1367432437.656034,1367432437.568828
1367432437.759297,1367432437.666344
1367432437.965703,1367432437.776505
1367432437.98062,1367432437.97522
1367432438.133159,1367432437.99262
1367432438.316286,1367432438.148483
1367432438.697702,1367432438.329829
1367432438.767914,1367432438.706443
1367432438.962272,1367432438.777105
1367432438.967579,1367432438.964673
1367432439.011627,1367432438.972537
1367432439.091395,1367432439.021682
1367432439.56196,1367432439.107643
1367432439.653577,1367432439.566644
1367432439.671723,1367432439.657355
1367432439.91274,1367432439.687524
1367432439.959085,1367432439.921123
1367432440.024367,1367432439.967285
1367432440.08185,1367432440.030866
1367432440.093807,1367432440.085363
1367432440.09946,1367432440.095421
1367432440.261317,1367432440.114488
1367432440.304609,1367432440.268285
1367432440.472593,1367432440.314206
1367432440.68987,1367432440.487418
1367432441.060222,1367432440.707395
1367432441.304603,1367432441.081254
1367432441.474308,1367432441.319967
1367432441.595543,1367432441.486331
1367432441.623652,1367432441.599842
1367432441.639096,1367432441.626338
1367432441.777012,1367432441.650433
1367432441.971145,1367432441.79487
1367432442.083946,1367432441.98299
1367432442.167676,1367432442.094372
1367432442.336337,1367432442.183652
1367432442.359812,1367432442.340523
1367432442.373156,1367432442.363246
1367432442.386439,1367432442.377076
1367432442.474214,1367432442.396336
1367432442.489551,1367432442.485151
1367432442.693236,1367432442.504919
1367432442.765421,1367432442.700703
1367432442.947371,1367432442.778108
1367432443.141664,1367432442.964128
1367432443.528947,1367432443.160243
1367432443.782333,1367432443.545592
1367432443.887118,1367432443.791594
1367432443.898073,1367432443.890817
1367432444.140696,1367432443.909266
1367432444.225074,1367432444.150409
1367432444.373943,1367432444.238956
1367432444.659547,1367432444.391605
1367432444.715063,1367432444.666771
1367432444.791066,1367432444.722922
1367432444.815084,1367432444.795531
1367432444.914574,1367432444.825759
1367432445.032011,1367432444.926156
1367432445.094766,1367432445.039575
1367432445.110632,1367432445.106223
1367432445.116646,1367432445.11388
1367432445.206312,1367432445.125326
1367432445.374765,1367432445.220692
1367432445.380832,1367432445.377522
1367432445.451094,1367432445.386787
1367432445.519551,1367432445.45779
1367432445.539582,1367432445.523005
1367432445.740722,1367432445.557002
1367432445.93077,1367432445.754607
1367432446.134556,1367432445.944886
1367432446.360987,1367432446.15103
1367432446.390638,1367432446.366529
1367432446.59506,1367432446.406259
1367432446.728349,1367432446.608219
1367432447.241831,1367432446.743572
1367432447.374846,1367432447.262553
1367432447.540247,1367432447.387691
1367432447.631323,1367432447.549622
1367432447.763054,1367432447.641554
1367432448.27902,1367432447.78131
1367432448.432066,1367432448.294491
1367432448.603633,1367432448.445851
1367432448.734246,1367432448.612566
1367432448.89144,1367432448.746886
1367432449.106496,1367432448.906605
1367432449.135265,1367432449.124919
1367432449.359264,1367432449.153153
1367432449.617778,1367432449.373792
1367432449.714122,1367432449.625674
1367432450.020433,1367432449.730347
1367432450.058283,1367432450.026677
1367432450.270633,1367432450.072361
1367432450.67332,1367432450.288284
1367432450.910442,1367432450.695092
1367432450.995154,1367432450.917985
1367432451.275039,1367432451.011837
1367432451.296291,1367432451.290445
1367432451.529116,1367432451.315083
1367432451.718239,1367432451.542264
1367432452.74929,1367432451.734749
1367432452.963264,1367432452.764695
1367432453.099591,1367432452.975624
1367432453.113698,1367432453.106114
1367432453.312558,1367432453.123544
1367432453.378614,1367432453.321483
1367432453.386924,1367432453.385231
1367432453.532295,1367432453.399087
1367432453.613014,1367432453.541665
1367432453.775181,1367432453.624559
1367432453.928269,1367432453.789769
1367432454.054025,1367432453.940756
1367432454.277935,1367432454.063399
1367432454.510685,1367432454.294335
1367432454.777964,1367432454.529651
1367432454.805081,1367432454.792348
1367432455.167051,1367432454.817869
1367432455.238398,1367432455.174389
1367432455.262977,1367432455.2482
1367432455.309565,1367432455.268218
1367432455.430086,1367432455.319583
1367432456.10297,1367432455.439944
1367432456.201533,1367432456.113197
1367432456.286816,1367432456.207497
1367432456.307325,1367432456.304138
1367432456.339719,1367432456.313821
1367432456.428203,1367432456.345796
1367432456.456347,1367432456.434431
1367432456.577304,1367432456.466493
1367432456.660723,1367432456.585345
1367432456.684328,1367432456.664548
1367432456.761806,1367432456.691791
1367432457.088764,1367432456.777621
1367432457.138025,1367432457.09614
1367432457.147345,1367432457.140224
1367432457.315981,1367432457.161634
1367432457.450447,1367432457.329488
1367432457.494181,1367432457.457123
1367432457.631212,1367432457.507699
1367432457.772835,1367432457.644838
1367432457.801628,1367432457.783952
1367432457.901542,1367432457.810962
1367432457.962433,1367432457.908871
1367432458.175761,1367432457.981046
1367432458.214638,1367432458.181018
1367432458.729391,1367432458.229135
1367432458.995793,1367432458.747329
1367432459.07119,1367432459.00642
1367432459.340652,1367432459.088223
1367432459.345367,1367432459.34448
1367432459.42791,1367432459.355732
1367432459.531116,1367432459.438811
1367432459.707345,1367432459.546729
1367432459.848268,1367432459.721952
1367432459.927124,1367432459.85699
1367432460.009293,1367432459.937245
1367432460.024805,1367432460.012804
1367432460.137985,1367432460.034474
1367432460.377353,1367432460.153237
1367432460.384046,1367432460.382401
1367432460.470183,1367432460.392998
1367432460.862376,1367432460.488884
1367432461.018744,1367432460.876126
1367432461.0379,1367432461.023154
1367432461.146102,1367432461.045329
1367432461.246615,1367432461.155344
1367432461.252505,1367432461.249781
1367432461.256803,1367432461.254402
1367432461.583191,1367432461.269673
1367432461.838424,1367432461.596923
1367432462.191329,1367432461.856396
1367432462.227381,1367432462.197959
1367432462.480482,1367432462.243585
1367432462.686964,1367432462.497947
1367432462.704529,1367432462.690915
1367432462.873414,1367432462.718513
1367432462.879617,1367432462.877011
1367432462.947679,1367432462.885749
1367432463.113884,1367432462.9615
1367432463.224357,1367432463.122592
1367432463.643113,1367432463.241571
1367432463.791471,1367432463.660892
1367432464.091623,1367432463.811629
1367432464.234688,1367432464.106793
1367432464.355499,1367432464.245641
1367432464.63896,1367432464.374612
1367432465.023612,1367432464.654622
1367432465.856611,1367432465.038614
1367432466.027756,1367432465.874535
1367432466.096176,1367432466.03796
1367432466.241716,1367432466.108563
1367432466.413214,1367432466.257561
1367432466.429202,1367432466.417477
1367432466.544857,1367432466.442168
1367432467.147994,1367432466.563661
1367432467.47214,1367432467.159063
1367432467.838152,1367432467.480907
1367432468.600113,1367432467.846568
1367432470.084105,1367432468.612921
1367432470.532585,1367432470.091791
1367432470.989064,1367432470.538696
1367432471.451249,1367432470.997772
1367432472.494971,1367432471.46334
1367432474.046616,1367432472.558274
1367432474.114867,1367432474.057894
1367432474.88048,1367432474.125656
1367432475.38775,1367432474.890924
1367432475.547256,1367432475.464542
1367432475.880135,1367432475.62335
1367432477.435815,1367432475.897749
1367432477.513088,1367432477.442838
1367432478.35056,1367432477.523061
1367432478.394692,1367432478.353795
1367432478.486213,1367432478.39857
1367432479.544981,1367432478.498593
1367432479.861144,1367432479.553364
1367432480.505622,1367432479.870065
1367432481.653616,1367432480.514919
1367432481.899832,1367432481.754471
1367432483.195559,1367432481.915872
1367432483.22868,1367432483.217608
1367432483.917568,1367432483.296288
1367432483.999796,1367432483.920134
1367432484.489272,1367432484.010556
1367432484.587166,1367432484.491706
1367432485.171391,1367432484.595087
1367432486.007572,1367432485.183071
1367432486.035095,1367432486.011837
1367432486.977807,1367432486.047562
1367432487.058831,1367432486.982115
1367432487.736103,1367432487.069499
1367432488.422376,1367432487.749331
1367432488.42501,1367432488.424851
1367432488.818652,1367432488.430813
1367432489.625905,1367432488.858658
1367432489.942802,1367432489.632166
1367432490.461815,1367432489.952898
1367432490.500222,1367432490.496119
1367432490.866804,1367432490.508902
1367432491.721356,1367432490.898648
1367432492.401573,1367432491.73081
1367432494.785958,1367432492.417485
1367432495.439775,1367432494.796871
1367432495.784005,1367432495.448525
1367432495.852401,1367432495.821979
1367432496.511921,1367432495.862254
1367432497.575591,1367432496.52426
1367432497.67236,1367432497.578949
1367432497.740188,1367432497.68264
1367432497.747567,1367432497.7438
1367432499.429702,1367432497.762616
1367432499.444087,1367432499.441212
1367432499.686069,1367432499.45149
1367432500.450286,1367432499.69846
1367432501.822048,1367432500.462431
1367432502.112598,1367432501.827371
1367432502.172159,1367432502.118918
1367432502.981086,1367432502.185786
1367432503.313991,1367432502.990679
1367432504.366285,1367432503.329622
1367432505.490827,1367432504.381581
1367432506.125051,1367432505.542551
1367432506.545009,1367432506.134106
1367432506.740805,1367432506.552116
1367432507.494198,1367432506.75162
1367432507.498138,1367432507.496787
1367432508.377479,1367432507.512035
1367432509.666847,1367432508.394112
1367432509.751006,1367432509.679475
1367432509.772416,1367432509.755658
1367432509.841924,1367432509.780718
1367432510.045601,1367432509.857222
1367432510.07389,1367432510.051026
1367432510.216135,1367432510.085217
1367432510.231767,1367432510.225578
1367432510.245913,1367432510.235384
1367432510.412432,1367432510.258764
1367432510.652457,1367432510.431786
1367432510.731373,1367432510.66177
1367432510.991348,1367432510.744229
1367432511.053337,1367432510.999917
1367432511.214661,1367432511.070111
1367432511.265591,1367432511.222227
1367432511.296032,1367432511.270634
1367432511.30439,1367432511.298523
1367432511.387054,1367432511.312067
1367432511.57904,1367432511.404041
1367432511.793447,1367432511.587282
1367432511.81901,1367432511.798346
1367432512.02008,1367432511.83211
1367432512.136652,1367432512.033295
1367432512.278992,1367432512.150689
1367432512.401779,1367432512.289799
1367432512.413185,1367432512.408932
1367432512.508152,1367432512.421654
1367432512.596051,1367432512.517044
1367432512.782772,1367432512.611781
1367432512.832014,1367432512.792989
1367432512.841992,1367432512.836969
1367432513.119214,1367432512.852081
1367432513.127358,1367432513.126365
1367432513.303812,1367432513.142362
1367432513.392644,1367432513.316117
1367432513.516214,1367432513.406901
1367432513.612249,1367432513.526982
1367432513.663338,1367432513.620096
1367432513.731837,1367432513.671378
1367432513.887706,1367432513.748752
1367432513.962244,1367432513.897532
1367432514.148548,1367432513.977431
1367432514.255722,1367432514.159346
1367432514.442582,1367432514.272915
1367432514.453307,1367432514.445791
1367432514.706725,1367432514.468597
1367432514.864651,1367432514.718786
1367432515.036521,1367432514.882003
1367432515.067522,1367432515.042107
1367432515.093342,1367432515.072863
1367432515.13179,1367432515.09951
1367432515.260333,1367432515.145612
1367432515.288738,1367432515.265912
1367432515.325364,1367432515.296917
1367432515.385917,1367432515.333612
1367432515.399689,1367432515.389888
1367432515.411568,1367432515.402574
1367432515.458447,1367432515.418261
1367432515.476028,1367432515.462435
1367432515.494921,1367432515.480105
1367432515.749949,1367432515.512033
1367432515.766575,1367432515.754782
1367432515.784691,1367432515.770676
1367432515.918721,1367432515.79406
1367432516.060673,1367432515.932854
1367432516.067427,1367432516.064186
1367432516.13689,1367432516.074752
1367432516.181456,1367432516.143173
1367432516.332875,1367432516.195621
1367432516.385955,1367432516.340167
1367432516.416795,1367432516.392007
1367432516.454558,1367432516.423036
1367432516.529941,1367432516.462761
1367432516.726616,1367432516.540275
1367432516.796969,1367432516.736245
1367432517.343987,1367432516.809841
1367432518.370284,1367432517.359358
1367432519.422272,1367432518.388897
1367432520.55733,1367432519.438033
1367432522.765026,1367432520.574913
1367432523.81245,1367432522.784597
1367432524.167852,1367432523.821491
1367432526.176137,1367432524.183428
1367432526.750624,1367432526.2886
1367432526.809729,1367432526.800728
1367432527.34845,1367432526.860443
1367432527.4337,1367432527.358413
1367432527.64154,1367432527.43896
1367432528.633015,1367432527.6552
1367432529.003831,1367432528.640479
1367432530.128016,1367432529.020527
1367432530.24434,1367432530.140657
1367432531.061217,1367432530.254664
1367432533.351565,1367432531.082062
1367432534.637293,1367432533.381044
1367432534.642415,1367432534.639926
1367432535.432049,1367432534.651303
1367432535.882128,1367432535.439215
1367432536.571775,1367432535.89382
1367432536.924882,1367432536.577885
1367432537.658062,1367432536.936836
1367432537.757116,1367432537.66079
1367432537.763476,1367432537.759388
1367432537.842315,1367432537.765694
1367432538.403721,1367432537.851547
1367432538.955894,1367432538.41676
1367432539.925755,1367432539.019257
1367432540.257143,1367432539.934975
1367432540.868203,1367432540.269207
1367432541.186491,1367432540.87676
1367432541.27465,1367432541.194358
1367432542.244127,1367432541.290586
1367432542.735078,1367432542.368332
1367432542.749375,1367432542.747292
1367432542.79095,1367432542.755871
1367432542.864617,1367432542.801353
1367432542.979253,1367432542.876192
1367432543.177587,1367432542.9956
1367432543.30951,1367432543.191391
1367432543.399863,1367432543.321647
1367432543.444418,1367432543.406321
1367432543.635924,1367432543.460776
1367432543.847491,1367432543.649992
1367432543.994463,1367432543.85993
1367432544.140334,1367432544.006504
1367432544.17983,1367432544.146812
1367432544.211315,1367432544.185638
1367432544.382471,1367432544.223626
1367432544.429931,1367432544.390416
1367432544.629714,1367432544.447182
1367432544.680681,1367432544.637679
1367432544.756111,1367432544.690053
1367432544.769686,1367432544.759724
1367432544.829206,1367432544.777913
1367432544.925089,1367432544.840054
1367432545.011423,1367432544.935321
1367432545.022739,1367432545.02152
1367432545.106609,1367432545.032636
1367432545.27565,1367432545.121824
1367432545.289793,1367432545.287012
1367432545.618075,1367432545.30163
1367432545.635266,1367432545.623455
1367432545.800457,1367432545.651304
1367432546.087226,1367432545.816352
1367432546.189891,1367432546.099055
1367432546.20761,1367432546.205974
1367432546.219972,1367432546.211264
1367432546.280826,1367432546.227438
1367432546.430974,1367432546.294927
1367432546.435693,1367432546.433835
1367432546.508153,1367432546.444534
1367432546.57977,1367432546.51688
1367432546.598374,1367432546.583743
1367432546.624363,1367432546.602784
1367432546.661032,1367432546.629565
1367432546.679209,1367432546.664359
1367432546.691076,1367432546.683349
1367432546.749596,1367432546.696115
1367432546.807766,1367432546.757909
1367432547.173835,1367432546.821653
1367432547.28107,1367432547.186343
1367432547.347076,1367432547.289692
1367432547.40426,1367432547.354677
1367432547.506571,1367432547.415453
1367432547.5556,1367432547.514183
1367432547.576788,1367432547.559489
1367432547.887031,1367432547.590867
1367432547.919994,1367432547.893712
1367432547.938464,1367432547.924121
1367432547.943941,1367432547.942883
1367432548.001933,1367432547.951592
1367432548.102231,1367432548.015775
1367432548.226379,1367432548.114998
1367432548.497193,1367432548.239886
1367432548.659622,1367432548.512432
1367432548.886948,1367432548.677662
1367432548.919252,1367432548.895026
1367432549.094972,1367432548.935627
1367432550.093019,1367432549.116019
1367432550.348648,1367432550.107228
1367432550.519336,1367432550.361542
1367432550.533507,1367432550.523897
1367432550.741015,1367432550.543907
1367432550.969811,1367432550.758429
1367432551.018076,1367432550.975368
1367432551.028882,1367432551.021501
1367432551.106887,1367432551.037854
1367432551.188845,1367432551.116507
1367432551.714618,1367432551.204066
1367432551.754089,1367432551.728444
1367432552.965517,1367432551.769343
1367432553.169152,1367432553.004259
1367432554.180401,1367432553.186469
1367432554.398438,1367432554.186639
1367432554.834637,1367432554.495461
1367432555.128582,1367432554.841626
1367432555.276344,1367432555.133437
1367432555.468375,1367432555.280444
1367432556.069093,1367432555.479948
1367432556.495023,1367432556.078916
1367432557.383336,1367432556.506209
1367432557.787888,1367432557.425524
1367432558.6278,1367432557.800255
1367432559.523079,1367432558.641201
1367432560.68253,1367432559.537478
1367432562.090555,1367432560.728948
1367432562.446445,1367432562.105615
1367432563.878886,1367432562.460232
1367432564.717117,1367432563.935191
1367432564.756973,1367432564.720671
1367432564.957863,1367432564.762066
1367432565.371369,1367432565.009732
1367432565.688726,1367432565.379139
1367432566.748616,1367432565.70341
1367432567.232191,1367432566.761311
1367432567.581201,1367432567.239849
1367432568.023281,1367432567.589007
1367432568.132118,1367432568.029543
1367432569.702128,1367432568.147878
1367432570.49644,1367432569.756399
1367432570.546873,1367432570.501288
1367432571.295269,1367432570.581509
1367432572.279289,1367432571.365046
1367432572.877903,1367432572.292457
1367432573.399803,1367432572.908348
1367432574.495029,1367432573.41414
1367432575.395842,1367432574.514575
1367432575.460873,1367432575.457018
1367432577.136932,1367432575.477447
1367432578.822229,1367432577.151574
1367432579.513861,1367432578.832588
1367432579.650633,1367432579.563878
1367432580.123882,1367432579.660573
1367432580.256378,1367432580.128954
1367432580.322385,1367432580.259178
1367432580.329562,1367432580.325284
1367432580.572199,1367432580.334579
1367432580.942689,1367432580.624914
1367432581.968767,1367432580.95822
1367432582.310817,1367432581.975219
1367432583.922425,1367432582.399334
1367432583.934844,1367432583.932508
1367432585.354876,1367432583.949626
1367432585.589387,1367432585.362573
1367432585.664067,1367432585.592375
1367432585.906142,1367432585.669445
1367432585.988989,1367432585.910282
1367432587.260303,1367432586.002386
1367432587.344041,1367432587.265037
1367432588.181185,1367432587.358569
1367432588.644608,1367432588.228173
1367432588.712608,1367432588.657432
1367432589.391004,1367432588.725185
1367432590.663993,1367432589.461533
1367432590.896867,1367432590.67678
1367432591.370002,1367432590.980652
1367432592.260669,1367432591.383943
1367432592.976528,1367432592.274175
1367432593.349895,1367432592.985736
1367432593.908133,1367432593.362024
1367432594.560196,1367432593.921006
1367432595.252324,1367432594.666555
1367432596.473523,1367432595.269519
1367432596.532203,1367432596.487034
1367432596.594341,1367432596.536632
1367432597.079746,1367432596.604521
1367432597.451816,1367432597.090232
1367432597.561276,1367432597.45556
1367432597.650733,1367432597.571118
1367432597.65788,1367432597.654005
1367432597.69656,1367432597.664328
1367432597.721673,1367432597.712512
1367432597.828895,1367432597.732947
1367432598.052665,1367432597.847523
1367432598.10443,1367432598.061031
1367432598.172962,1367432598.112236
1367432598.482615,1367432598.189887
1367432598.860524,1367432598.495187
1367432599.006379,1367432598.874692
1367432599.086866,1367432599.01671
1367432599.337974,1367432599.103073
1367432599.771315,1367432599.351238
1367432599.833975,1367432599.780546
1367432599.864566,1367432599.840231
1367432599.950929,1367432599.873555
1367432599.965243,1367432599.954442
1367432600.073269,1367432599.976579
1367432600.163799,1367432600.084493
1367432600.321017,1367432600.175749
1367432600.547291,1367432600.332918
1367432600.558887,1367432600.551261
1367432600.574753,1367432600.571623
1367432600.688139,1367432600.586625
1367432600.699871,1367432600.698459
1367432600.778035,1367432600.705841
1367432600.887089,1367432600.788257
1367432601.084769,1367432600.901811
1367432601.098096,1367432601.089886
1367432601.125861,1367432601.10283
1367432601.197658,1367432601.136128
1367432601.225609,1367432601.203925
1367432601.232906,1367432601.229443
1367432601.406192,1367432601.248516
1367432601.410403,1367432601.40914
1367432601.552498,1367432601.425975
1367432601.777913,1367432601.572722
1367432601.831859,1367432601.787192
1367432601.850752,1367432601.836098
1367432601.89753,1367432601.856803
1367432602.131455,1367432601.91541
1367432602.142069,1367432602.138399
1367432602.165642,1367432602.14547
1367432602.201764,1367432602.17144
1367432602.422049,1367432602.21933
1367432602.567518,1367432602.439694
1367432602.57564,1367432602.570981
1367432602.712003,1367432602.585848
1367432602.757916,1367432602.719212
1367432602.917666,1367432602.772518
1367432602.977714,1367432602.926045
1367432602.988874,1367432602.987664
1367432603.192309,1367432603.004895
1367432603.216686,1367432603.198917
1367432603.222816,1367432603.219636
1367432603.29726,1367432603.231845
1367432603.399452,1367432603.30704
1367432603.492476,1367432603.409747
1367432603.563014,1367432603.502327
1367432603.578409,1367432603.575263
1367432603.636856,1367432603.585218
1367432603.910616,1367432603.647857
1367432603.950407,1367432603.914878
1367432604.418744,1367432603.958773
1367432605.373775,1367432604.429892
1367432606.084245,1367432605.44266
1367432606.567585,1367432606.09618
1367432606.795849,1367432606.575929
1367432606.839702,1367432606.838926
1367432606.901559,1367432606.844331
1367432606.953847,1367432606.905971
1367432607.71359,1367432606.967463
1367432609.438375,1367432607.731008
1367432610.696054,1367432609.454933
1367432612.053103,1367432610.714279
1367432612.716338,1367432612.067192
1367432613.103199,1367432612.726295
1367432613.386339,1367432613.111518
1367432614.412139,1367432613.399868
1367432614.506351,1367432614.501061
1367432614.714692,1367432614.513737
1367432614.978922,1367432614.720477
1367432615.196404,1367432614.98551
1367432616.275847,1367432615.212279
1367432617.062072,1367432616.291207
1367432617.226612,1367432617.067983
1367432617.30651,1367432617.230045
1367432617.310281,1367432617.30868
1367432618.118023,1367432617.320124
1367432619.038303,1367432618.127581
1367432620.77564,1367432619.053934
1367432621.593743,1367432620.880574
1367432623.080674,1367432621.609849
1367432623.526215,1367432623.088723
1367432624.786214,1367432623.543438
1367432624.896694,1367432624.793059
1367432624.934752,1367432624.900336
1367432625.622657,1367432624.949292
1367432625.771119,1367432625.635383
1367432625.867365,1367432625.783902
1367432625.930176,1367432625.876652
1367432625.940892,1367432625.933876
1367432625.94468,1367432625.943677
1367432626.14348,1367432625.958176
1367432626.183318,1367432626.150422
1367432626.247441,1367432626.190249
1367432626.542467,1367432626.263749
1367432626.704691,1367432626.559827
1367432626.837855,1367432626.720752
1367432626.872785,1367432626.84482
1367432626.949264,1367432626.882426
1367432627.084911,1367432626.964379
1367432627.179635,1367432627.096707
1367432627.247462,1367432627.189349
1367432627.373722,1367432627.261868
1367432627.534832,1367432627.388686
1367432627.597227,1367432627.544106
1367432627.978036,1367432627.614022
1367432628.055528,1367432627.990935
1367432628.16804,1367432628.066301
1367432628.307455,1367432628.182255
1367432628.439413,1367432628.322318
1367432628.454274,1367432628.45124
1367432628.714032,1367432628.469685
1367432628.839479,1367432628.728
1367432629.149533,1367432628.856669
1367432629.354026,1367432629.165812
1367432629.539077,1367432629.372552
1367432629.636093,1367432629.553231
1367432629.824896,1367432629.652702
1367432629.952967,1367432629.839264
1367432630.040434,1367432629.965975
1367432630.049956,1367432630.044321
1367432630.065752,1367432630.053325
1367432630.167894,1367432630.075469
1367432630.605684,1367432630.182395
1367432630.720248,1367432630.61894
1367432630.825995,1367432630.73155
1367432630.833369,1367432630.82995
1367432630.848762,1367432630.847094
1367432631.033739,1367432630.866651
1367432631.168423,1367432631.048636
1367432631.250385,1367432631.179086
1367432631.40605,1367432631.265697
1367432631.45838,1367432631.414415
1367432631.535727,1367432631.469595
1367432631.559523,1367432631.540989
1367432631.70094,1367432631.574137
1367432631.751776,1367432631.707148
1367432631.807895,1367432631.759124
1367432632.070129,1367432631.827161
1367432632.278607,1367432632.090075
1367432632.424036,1367432632.29602
1367432632.520562,1367432632.431461
1367432632.53425,1367432632.530545
1367432632.725643,1367432632.550219
1367432632.790286,1367432632.736187
1367432632.84946,1367432632.798804
1367432633.015255,1367432632.86546
1367432633.06544,1367432633.02301
1367432633.129751,1367432633.073733
1367432633.199188,1367432633.138264
1367432633.240812,1367432633.20618
1367432633.333483,1367432633.250918
1367432633.38092,1367432633.341455
1367432633.42034,1367432633.387143
1367432633.436839,1367432633.424544
1367432633.826138,1367432633.452976
1367432633.835746,1367432633.834534
1367432634.100556,1367432633.848196
1367432634.106393,1367432634.105111
1367432634.27093,1367432634.122242
1367432634.463061,1367432634.288772
1367432634.847675,1367432634.479671
1367432635.909422,1367432634.893109
1367432636.167147,1367432635.917706
1367432637.225223,1367432636.183074
1367432637.953121,1367432637.23804
1367432639.738335,1367432637.970419
1367432639.802062,1367432639.752382
1367432640.329566,1367432639.815508
1367432640.792854,1367432640.33847
1367432641.007297,1367432640.797667
1367432641.770625,1367432641.015079
1367432643.04962,1367432641.809301
1367432643.09918,1367432643.054927
1367432644.609075,1367432643.118717
1367432644.896661,1367432644.619815
1367432645.602637,1367432644.90752
1367432646.037501,1367432645.645263
1367432646.120233,1367432646.054494
1367432646.496768,1367432646.127305
1367432647.02182,1367432646.50725
1367432648.517169,1367432647.120005
1367432648.767119,1367432648.562547
1367432650.217642,1367432648.788131
1367432650.894804,1367432650.230448
1367432650.981737,1367432650.904354
1367432651.99719,1367432650.997185
1367432652.8191,1367432652.012491
1367432653.422362,1367432652.831315
1367432654.907977,1367432653.4407
1367432655.909989,1367432655.026229
1367432657.72747,1367432655.943813
1367432658.029715,1367432657.740305
1367432659.172859,1367432658.04692
1367432659.699545,1367432659.235505
1367432659.765115,1367432659.705086
1367432660.780073,1367432659.777492
1367432661.264369,1367432660.78972
1367432662.265847,1367432661.365531
1367432662.73858,1367432662.275245
1367432664.028963,1367432662.754292
1367432664.187649,1367432664.036557
1367432665.328851,1367432664.204137
1367432666.039335,1367432665.340079
1367432666.546156,1367432666.050306
1367432667.918747,1367432666.563669
1367432668.445227,1367432667.931709
1367432668.509617,1367432668.456921
1367432669.092813,1367432668.522519
1367432670.417757,1367432669.106322
1367432670.434474,1367432670.433621
1367432671.045002,1367432670.445927
1367432671.346869,1367432671.053862
1367432672.378293,1367432671.361129
1367432673.004406,1367432672.388393
1367432673.421671,1367432673.011717
1367432674.257799,1367432673.435865
1367432674.661948,1367432674.266222
1367432675.994615,1367432674.676143
1367432676.107109,1367432676.004458
1367432676.204255,1367432676.114084
1367432676.820606,1367432676.213049
1367432677.662759,1367432676.895739
1367432678.352814,1367432677.67806
1367432679.061368,1367432678.365295
1367432679.157839,1367432679.066369
1367432679.736842,1367432679.170369
1367432681.41263,1367432679.754778
1367432682.008776,1367432681.426967
1367432683.017769,1367432682.025038
1367432683.085307,1367432683.022266
1367432684.23171,1367432683.10382
1367432684.706802,1367432684.244226
1367432685.574415,1367432684.724453
1367432686.12588,1367432685.586225
1367432686.720995,1367432686.142238
1367432686.804792,1367432686.733091
1367432686.820901,1367432686.809157
1367432686.827555,1367432686.826536
1367432686.850042,1367432686.844156
1367432686.881097,1367432686.855049
1367432686.892788,1367432686.891231
1367432687.041532,1367432686.908854
1367432687.541589,1367432687.055884
1367432687.559638,1367432687.557586
1367432687.714133,1367432687.57554
1367432687.724247,1367432687.722977
1367432687.971725,1367432687.738025
1367432687.980002,1367432687.97721
1367432688.27435,1367432687.99729
1367432688.333431,1367432688.286915
1367432688.380052,1367432688.340437
1367432688.383435,1367432688.38289
1367432688.547166,1367432688.398359
1367432688.562219,1367432688.560804
1367432688.834598,1367432688.579746
1367432689.011975,1367432688.848353
1367432689.223392,1367432689.027315
1367432689.393287,1367432689.241744
1367432689.40403,1367432689.398628
1367432689.568203,1367432689.420534
1367432689.896546,1367432689.585872
1367432690.120601,1367432689.916116
1367432690.135612,1367432690.13341
1367432690.289132,1367432690.149227
1367432690.374083,1367432690.299942
1367432691.424425,1367432690.39216
1367432691.48412,1367432691.435361
1367432691.646242,1367432691.498328
1367432691.719163,1367432691.656317
1367432692.107141,1367432691.735489
1367432692.197167,1367432692.111137
1367432692.614095,1367432692.20915
1367432692.865952,1367432692.62142
1367432693.184065,1367432692.874207
1367432693.702257,1367432693.196136
1367432694.380362,1367432693.714608
1367432695.377179,1367432694.396554
1367432695.388622,1367432695.384297
1367432696.27803,1367432695.401906
1367432696.526322,1367432696.287298
1367432697.197868,1367432696.541135
1367432699.27531,1367432697.215159
1367432699.528877,1367432699.282618
1367432700.828105,1367432699.543666
1367432701.909126,1367432700.836091
1367432703.29013,1367432701.947116
1367432703.808333,1367432703.301642
1367432704.499314,1367432703.822616
1367432705.786527,1367432704.515993
1367432706.87865,1367432705.804612
1367432707.851041,1367432706.895848
1367432707.934203,1367432707.869815
1367432708.219201,1367432707.944116
1367432708.317061,1367432708.222369
1367432708.61609,1367432708.326327
1367432709.23295,1367432708.627416
1367432710.112017,1367432709.250425
1367432711.339623,1367432710.129204
1367432711.694192,1367432711.358214
1367432711.926119,1367432711.718594
1367432712.140445,1367432711.946546
1367432712.162427,1367432712.159287
1367432712.173029,1367432712.171075
1367432712.378652,1367432712.191696
1367432712.51812,1367432712.394691
1367432712.740224,1367432712.537475
1367432712.785338,1367432712.751064
1367432712.84368,1367432712.794447
1367432712.864346,1367432712.851331
1367432713.109069,1367432712.881944
1367432713.130948,1367432713.116369
1367432713.191752,1367432713.139346
1367432713.258585,1367432713.202265
1367432713.520287,1367432713.272939
1367432713.622734,1367432713.533096
1367432713.697878,1367432713.633868
1367432713.882652,1367432713.716601
1367432714.26881,1367432713.901801
1367432714.286393,1367432714.27468
1367432714.402094,1367432714.299688
1367432714.460858,1367432714.411433
1367432714.732738,1367432714.478452
1367432714.739533,1367432714.738353
1367432714.90004,1367432714.754199
1367432714.995195,1367432714.911751
1367432715.000937,1367432714.999642
1367432715.138449,1367432715.013915
1367432715.159726,1367432715.143796
1367432715.178144,1367432715.164945
1367432715.22532,1367432715.186137
1367432715.276445,1367432715.233114
1367432715.293331,1367432715.282079
1367432715.508686,1367432715.310325
1367432715.546079,1367432715.517896
1367432715.587979,1367432715.552025
1367432715.667021,1367432715.599567
1367432716.265385,1367432715.689372
1367432716.286113,1367432716.271221
1367432716.395482,1367432716.297293
1367432716.431919,1367432716.402613
1367432716.508295,1367432716.441656
1367432716.575306,1367432716.5177
1367432716.598857,1367432716.581127
1367432716.633545,1367432716.605077
1367432716.710539,1367432716.645644
1367432716.789923,1367432716.721888
1367432717.028599,1367432716.812083
1367432717.116723,1367432717.040998
1367432717.158637,1367432717.125114
1367432717.241005,1367432717.169914
1367432717.256909,1367432717.255327
1367432717.423908,1367432717.273045
1367432717.597797,1367432717.439868
1367432717.744719,1367432717.61373
1367432717.904731,1367432717.7615
1367432718.021994,1367432717.91903
1367432718.13431,1367432718.035701
1367432718.24398,1367432718.145996
1367432718.540977,1367432718.258162
1367432718.700805,1367432718.557773
1367432718.936903,1367432718.719312
1367432719.008929,1367432718.948787
1367432719.10899,1367432719.018412
1367432719.122643,1367432719.113226
1367432719.239804,1367432719.135541
1367432719.392836,1367432719.253973
1367432719.627073,1367432719.409375
1367432720.304695,1367432719.640579
1367432720.813358,1367432720.36006
1367432721.072398,1367432720.882066
1367432722.072469,1367432721.087656
1367432723.16968,1367432722.088772
1367432723.576387,1367432723.213886
1367432724.332629,1367432723.589515
1367432724.355776,1367432724.348164
1367432725.234776,1367432724.371432
1367432725.524524,1367432725.247909
1367432725.638012,1367432725.529478
1367432726.155202,1367432725.648136
1367432726.3048,1367432726.161132
1367432726.346441,1367432726.31985
1367432726.350072,1367432726.349281
1367432726.464839,1367432726.355788
1367432726.94391,1367432726.475828
1367432726.967858,1367432726.96582
1367432727.951537,1367432726.983509
1367432728.616911,1367432727.962937
1367432728.63712,1367432728.622225
1367432729.14561,1367432728.645591
1367432729.933709,1367432729.16004
1367432730.592797,1367432729.946452
1367432730.623953,1367432730.608764
1367432731.538274,1367432730.636927
1367432732.120324,1367432731.547579
1367432733.475106,1367432732.134528
1367432734.965022,1367432733.492594
1367432735.270475,1367432734.976144
1367432736.37213,1367432735.287095
1367432736.879833,1367432736.560034
1367432737.120048,1367432736.887586
1367432738.251739,1367432737.18084
1367432738.820878,1367432738.264387
1367432739.384816,1367432738.830205
1367432739.909029,1367432739.391818
1367432740.764022,1367432739.921444
1367432741.73102,1367432740.77799
1367432742.383728,1367432741.74434
1367432743.202193,1367432742.398422
1367432743.731086,1367432743.242703
1367432744.986833,1367432743.748271
1367432746.121649,1367432745.001066
1367432746.202654,1367432746.126691
1367432747.288167,1367432746.215049
1367432748.010619,1367432747.392749
1367432749.597872,1367432748.030091
1367432749.624512,1367432749.603867
1367432750.650381,1367432749.686523
1367432751.359754,1367432750.665344
1367432752.968923,1367432751.474471
1367432753.323555,1367432752.979848
1367432754.037168,1367432753.337585
1367432754.476971,1367432754.048153
1367432755.896001,1367432754.501679
1367432756.914451,1367432755.917626
1367432758.158303,1367432756.93621
1367432758.610165,1367432758.172308
1367432759.132431,1367432758.619265
1367432759.238437,1367432759.137389
1367432759.727498,1367432759.248921
1367432760.201704,1367432759.738381
1367432760.271341,1367432760.207513
1367432760.277518,1367432760.275787
1367432760.390148,1367432760.282624
1367432761.364636,1367432760.40492
1367432762.687904,1367432761.378999
1367432765.068483,1367432762.709166
1367432766.0452,1367432765.085912
1367432766.850049,1367432766.060848
1367432767.377816,1367432766.862575
1367432767.729787,1367432767.385239
1367432767.833157,1367432767.746877
1367432768.330236,1367432767.845185
1367432768.794858,1367432768.34587
1367432769.286921,1367432768.809299
1367432770.991304,1367432769.303881
1367432771.911408,1367432771.065493
1367432772.250109,1367432771.920267
1367432773.243342,1367432772.265888
1367432773.872792,1367432773.257637
1367432774.004279,1367432773.892566
1367432774.219666,1367432774.01162
1367432774.348732,1367432774.232409
1367432774.363219,1367432774.353266
1367432774.533918,1367432774.37611
1367432774.666332,1367432774.54489
1367432774.746502,1367432774.674403
1367432775.011772,1367432774.766673
1367432775.022678,1367432775.017535
1367432775.211097,1367432775.040016
1367432775.222502,1367432775.221368
1367432775.255368,1367432775.241846
1367432775.52178,1367432775.273909
1367432775.729281,1367432775.551222
1367432775.83514,1367432775.740314
1367432775.983498,1367432775.849133
1367432776.143789,1367432775.997926
1367432776.161254,1367432776.14916
1367432776.344508,1367432776.174569
1367432776.500157,1367432776.357501
1367432776.510145,1367432776.504568
1367432776.808057,1367432776.527499
1367432777.021401,1367432776.824971
1367432777.147818,1367432777.036128
1367432777.165001,1367432777.163352
1367432777.331063,1367432777.181004
1367432777.494972,1367432777.348251
1367432777.544742,1367432777.504037
1367432778.544597,1367432777.560494
1367432778.562521,1367432778.561215
1367432778.794531,1367432778.58009
1367432778.920451,1367432778.806609
1367432778.990651,1367432778.930081
1367432778.995799,1367432778.994548
1367432779.101272,1367432779.005627
1367432779.228265,1367432779.109512
1367432779.354845,1367432779.239309
1367432779.382278,1367432779.360344
1367432779.390997,1367432779.389997
1367432779.596082,1367432779.408161
1367432779.670892,1367432779.60703
1367432779.781931,1367432779.682283
1367432779.830426,1367432779.790918
1367432779.911207,1367432779.839601
1367432779.925816,1367432779.9244
1367432779.938789,1367432779.930613
1367432780.035948,1367432779.948963
1367432780.225807,1367432780.051842
1367432780.599311,1367432780.243122
1367432780.886763,1367432780.620339
1367432780.963852,1367432780.900743
1367432781.054821,1367432780.975873
1367432781.251443,1367432781.071654
1367432781.276874,1367432781.260536
1367432781.422221,1367432781.293613
1367432781.451133,1367432781.429728
1367432781.678806,1367432781.467846
1367432781.692011,1367432781.685464
1367432781.761578,1367432781.703171
1367432781.994713,1367432781.778115
1367432782.090657,1367432782.009511
1367432782.183759,1367432782.099022
1367432782.226491,1367432782.193254
1367432782.256698,1367432782.234064
1367432782.466097,1367432782.273471
1367432782.659526,1367432782.483044
1367432782.789333,1367432782.673238
1367432783.126359,1367432782.815084
1367432783.229177,1367432783.141302
1367432783.440789,1367432783.248017
1367432783.49337,1367432783.449489
1367432783.553654,1367432783.501688
1367432783.585364,1367432783.55994
1367432783.604533,1367432783.599226
1367432783.691667,1367432783.614444
1367432783.746862,1367432783.699057
1367432783.890229,1367432783.760157
1367432784.081171,1367432783.90714
1367432784.156122,1367432784.090828
1367432784.296462,1367432784.170331
1367432784.403326,1367432784.310411
1367432784.506054,1367432784.416444
1367432784.646586,1367432784.522852
1367432784.658002,1367432784.655632
1367432784.699401,1367432784.666038
1367432784.986747,1367432784.714146
1367432784.999423,1367432784.997386
1367432785.010745,1367432785.003728
1367432785.241234,1367432785.027381
1367432785.393225,1367432785.255082
1367432785.433354,1367432785.400189
1367432785.612328,1367432785.451693
1367432785.774537,1367432785.627665
1367432785.830932,1367432785.784745
1367432785.892138,1367432785.839713
1367432786.073366,1367432785.908229
1367432786.139357,1367432786.082608
1367432786.525502,1367432786.156439
1367432786.630565,1367432786.538588
1367432786.779184,1367432786.647006
1367432786.91551,1367432786.794225
1367432787.147445,1367432786.936254
1367432787.262336,1367432787.161779
1367432787.269457,1367432787.266277
1367432787.439314,1367432787.283944
1367432787.543867,1367432787.45269
1367432787.556519,1367432787.549182
1367432787.617799,1367432787.563002
1367432787.714626,1367432787.629221
1367432787.974048,1367432787.730073
1367432787.988456,1367432787.987184
1367432788.256716,1367432788.008109
1367432788.422914,1367432788.277268
1367432788.438419,1367432788.428603
1367432788.649115,1367432788.455163
1367432788.668775,1367432788.654642
1367432788.685244,1367432788.673089
1367432788.754525,1367432788.694415
1367432788.848624,1367432788.766367
1367432788.85366,1367432788.852519
1367432788.871981,1367432788.870435
1367432788.930262,1367432788.880269
1367432788.952287,1367432788.936505
1367432788.970796,1367432788.957498
1367432789.338725,1367432788.983748
1367432789.353955,1367432789.351526
1367432789.521681,1367432789.369248
1367432789.633486,1367432789.535041
1367432789.683142,1367432789.64268
1367432789.696146,1367432789.688581
1367432789.813114,1367432789.707287
1367432790.04691,1367432789.83389
1367432790.067346,1367432790.065928
1367432790.19114,1367432790.081667
1367432790.213315,1367432790.196915
1367432790.301689,1367432790.224049
1367432790.718795,1367432790.32054
1367432790.822789,1367432790.735672
1367432791.868046,1367432790.844429
1367432792.631086,1367432791.884323
1367432792.994183,1367432792.710786
1367432793.696628,1367432793.00799
1367432793.956747,1367432793.704984
1367432794.028203,1367432793.962132
1367432794.820623,1367432794.043454
1367432795.027029,1367432794.826896
1367432795.116667,1367432795.031879
1367432796.470166,1367432795.133716
1367432796.812927,1367432796.478406
1367432797.044385,1367432796.821424
1367432797.334943,1367432797.051887
1367432798.065663,1367432797.351071
1367432798.976277,1367432798.079174
1367432799.357892,1367432798.983976
1367432799.748345,1367432799.424127
1367432800.501959,1367432799.763115
1367432800.854296,1367432800.510877
1367432800.948329,1367432800.860934
1367432801.105742,1367432800.956252
1367432801.217433,1367432801.110561
1367432802.234522,1367432801.233765
1367432803.812888,1367432802.254523
1367432804.891927,1367432803.847179
1367432805.539106,1367432804.903906
1367432806.187328,1367432805.600949
1367432806.436806,1367432806.194954
1367432806.857471,1367432806.44782
1367432807.477819,1367432806.869669
1367432808.684949,1367432807.496199
1367432809.426599,1367432808.699227
1367432809.57189,1367432809.434609
1367432809.717171,1367432809.579128
1367432809.966876,1367432809.725344
1367432810.11248,1367432809.972483
1367432811.294629,1367432810.129959
1367432811.648888,1367432811.309474
1367432812.739813,1367432811.66285
1367432813.537913,1367432812.750238
1367432814.24533,1367432813.553013
1367432814.740662,1367432814.25639
1367432815.549609,1367432814.784113
1367432815.725298,1367432815.558472
1367432816.569675,1367432815.741499
1367432816.872259,1367432816.577016
1367432818.911431,1367432816.909019
1367432820.191713,1367432818.929419
1367432820.648276,1367432820.199975
1367432821.243336,1367432820.657946
1367432821.976695,1367432821.281608
1367432822.581959,1367432822.082599
1367432823.062664,1367432822.637998
1367432824.362786,1367432823.081484
1367432825.253885,1367432824.393096
1367432825.367406,1367432825.25978
1367432826.573237,1367432825.383101
1367432826.707652,1367432826.580665
1367432827.240509,1367432826.717892
1367432827.594056,1367432827.249925
1367432827.73568,1367432827.624865
1367432828.430105,1367432827.74119
1367432828.545014,1367432828.439061
1367432829.402804,1367432828.560526
1367432829.757962,1367432829.411416
1367432830.731925,1367432829.774019
1367432831.874243,1367432830.749236
1367432832.820283,1367432831.945281
1367432833.600137,1367432832.829649
1367432833.771329,1367432833.607354
1367432834.117704,1367432833.782176
1367432834.359483,1367432834.12483
1367432834.408048,1367432834.363736
1367432834.817773,1367432834.417174
1367432836.19833,1367432834.834908
1367432836.665776,1367432836.209143
1367432836.729881,1367432836.669467
1367432836.92794,1367432836.736671
1367432837.081092,1367432836.933839
1367432837.552952,1367432837.093524
1367432838.688073,1367432837.567096
1367432838.770095,1367432838.695116
1367432839.465823,1367432838.778369
1367432841.835984,1367432839.483437
1367432842.660255,1367432841.918177
1367432843.614603,1367432842.675748
1367432844.334368,1367432843.626905
1367432844.855104,1367432844.346199
1367432845.318199,1367432844.865641
1367432846.636948,1367432845.332107
1367432847.647907,1367432846.664014
1367432847.900354,1367432847.656997
1367432848.144962,1367432847.96346
1367432848.702542,1367432848.157113
1367432848.929519,1367432848.709758
1367432849.296808,1367432848.937987
1367432850.452459,1367432849.31327
1367432850.467117,1367432850.457616
1367432850.757905,1367432850.476545
1367432850.940289,1367432850.775265
1367432851.728225,1367432850.952285
1367432852.870141,1367432851.742114
1367432853.220974,1367432852.877555
1367432854.460918,1367432853.235492
1367432854.752363,1367432854.540284
1367432856.077417,1367432854.804214
1367432856.155611,1367432856.085333
1367432856.781457,1367432856.169303
1367432857.470944,1367432856.792104
1367432857.476026,1367432857.475516
1367432857.599364,1367432857.479247
1367432857.860455,1367432857.606896
1367432858.674902,1367432857.87412
1367432859.492728,1367432858.688279
1367432860.73115,1367432859.558078
1367432861.739779,1367432860.749583
1367432862.17768,1367432861.795905
1367432863.107752,1367432862.192602
1367432864.005427,1367432863.132006
1367432864.796731,1367432864.067
1367432865.869344,1367432864.80958
1367432866.887323,1367432865.883738
1367432867.012816,1367432866.894223
1367432867.312209,1367432867.021407
1367432867.506981,1367432867.321159
1367432868.499148,1367432867.522826
1367432868.657434,1367432868.514771
1367432868.666156,1367432868.661776
1367432868.850017,1367432868.683316
1367432868.870418,1367432868.868834
1367432868.951321,1367432868.881933
1367432868.97072,1367432868.957286
1367432869.204925,1367432868.989628
1367432869.332287,1367432869.217744
1367432869.458224,1367432869.347431
1367432869.478438,1367432869.465267
1367432869.617013,1367432869.490523
1367432869.626646,1367432869.621529
1367432869.765763,1367432869.641101
1367432869.866839,1367432869.778094
1367432869.871943,1367432869.871318
1367432869.888185,1367432869.876231
1367432870.079977,1367432869.903472
1367432870.095236,1367432870.086156
1367432870.101754,1367432870.10089
1367432870.398848,1367432870.119176
1367432870.421752,1367432870.406661
1367432870.552491,1367432870.433908
1367432870.707673,1367432870.568863
1367432870.72786,1367432870.715591
1367432871.20946,1367432870.744364
1367432872.12344,1367432871.225972
1367432872.182338,1367432872.133947
1367432872.31003,1367432872.200302
1367432872.572171,1367432872.333937
1367432872.585066,1367432872.578869
1367432872.59532,1367432872.594064
1367432872.66469,1367432872.606013
1367432873.124564,1367432872.686463
1367432873.158179,1367432873.135053
1367432873.179092,1367432873.164521
1367432873.240099,1367432873.188336
1367432873.272764,1367432873.247475
1367432873.49888,1367432873.291054
1367432874.43527,1367432873.521646
1367432874.581558,1367432874.447796
1367432874.725235,1367432874.597328
1367432874.89316,1367432874.749933
1367432875.123432,1367432874.912667
1367432875.18202,1367432875.13834
1367432875.224049,1367432875.191403
1367432875.247461,1367432875.229887
1367432875.419933,1367432875.263039
1367432875.648994,1367432875.438028
1367432875.847508,1367432875.668723
1367432875.862328,1367432875.860782
1367432875.972946,1367432875.874864
1367432875.992766,1367432875.979723
1367432876.007859,1367432876.000568
1367432876.15494,1367432876.019685
1367432876.385252,1367432876.175937
1367432876.393777,1367432876.392972
1367432876.498414,1367432876.405711
1367432876.687746,1367432876.515964
1367432876.822552,1367432876.702044
1367432876.866883,1367432876.832835
1367432876.884838,1367432876.883323
1367432876.989222,1367432876.90248
1367432877.113595,1367432877.008582
1367432877.127989,1367432877.126815
1367432877.21724,1367432877.135893
1367432877.260899,1367432877.225711
1367432877.508106,1367432877.280261
1367432877.555527,1367432877.51577
1367432877.608363,1367432877.565868
1367432877.639636,1367432877.616425
1367432877.655222,1367432877.645741
1367432877.94757,1367432877.678452
1367432877.964452,1367432877.954812
1367432878.258452,1367432877.983563
1367432878.357441,1367432878.273724
1367432878.513498,1367432878.374647
1367432878.535598,1367432878.533546
1367432878.63138,1367432878.550092
1367432878.688057,1367432878.64136
1367432879.260268,1367432878.705697
1367432879.367245,1367432879.275489
1367432879.582751,1367432879.384912
1367432879.727242,1367432879.597572
1367432879.76849,1367432879.735588
1367432879.912943,1367432879.784917
1367432880.104791,1367432879.927667
1367432880.125584,1367432880.111989
1367432880.144399,1367432880.142483
1367432880.455512,1367432880.171612
1367432880.460221,1367432880.459885
1367432880.497693,1367432880.465884
1367432880.515466,1367432880.513916
1367432880.714964,1367432880.533211
1367432880.731918,1367432880.730181
1367432880.767297,1367432880.740635
1367432880.813694,1367432880.776403
1367432881.095844,1367432880.829406
1367432881.192932,1367432881.107284
1367432881.379913,1367432881.209043
1367432882.375049,1367432881.399718
1367432882.774109,1367432882.393945
1367432882.78771,1367432882.780492
1367432883.2464,1367432882.805649
1367432883.534555,1367432883.282897
1367432883.554934,1367432883.541029
1367432883.960575,1367432883.57474
1367432883.998989,1367432883.970398
1367432884.172884,1367432884.009446
1367432884.684768,1367432884.191955
1367432885.104258,1367432884.702184
1367432885.501546,1367432885.122711
1367432885.52139,1367432885.517018
1367432885.58603,1367432885.528401
1367432885.631707,1367432885.592561
1367432886.015722,1367432885.64417
1367432886.20178,1367432886.047679
1367432886.4109,1367432886.282606
1367432886.523122,1367432886.464079
1367432886.683034,1367432886.529618
1367432888.473672,1367432886.871585
1367432889.499503,1367432888.581888
1367432889.980174,1367432889.507849
1367432891.267313,1367432890.093981
1367432891.514402,1367432891.348521
1367432892.62658,1367432891.663484
1367432893.066688,1367432892.767719
1367432893.232154,1367432893.07323
1367432893.762051,1367432893.240657
1367432893.767503,1367432893.76591
1367432895.071771,1367432893.878997
1367432896.806117,1367432895.160623
1367432897.82905,1367432896.8737
1367432900.786839,1367432897.983126
1367432902.594624,1367432900.989901
1367432902.824399,1367432902.601673
1367432903.149146,1367432902.917101
1367432904.651858,1367432903.237493
1367432906.578506,1367432904.779093
1367432906.705831,1367432906.623544
1367432907.897497,1367432906.714991
1367432908.545115,1367432907.978259
1367432909.144657,1367432908.662593
1367432910.350641,1367432909.267337
1367432910.462977,1367432910.356918
1367432910.85842,1367432910.472894
1367432911.015169,1367432910.866308
1367432911.123899,1367432911.020132
1367432911.205545,1367432911.129222
1367432911.379201,1367432911.377473
1367432913.28737,1367432911.472581
1367432913.41003,1367432913.296411
1367432914.857921,1367432913.468587
1367432917.305397,1367432914.97547
1367432917.359692,1367432917.359066
1367432917.442148,1367432917.363824
1367432917.558301,1367432917.556145
1367432918.938529,1367432917.694585
1367432919.795256,1367432918.957104
1367432920.618753,1367432919.80764
1367432922.110693,1367432920.6336
1367432922.523277,1367432922.119544
1367432922.754161,1367432922.532517
1367432922.823962,1367432922.758999
1367432922.892617,1367432922.828401
1367432923.992869,1367432922.909502
1367432924.594769,1367432924.007002
1367432925.019715,1367432924.605153
1367432925.958719,1367432925.032796
1367432927.191312,1367432925.976324
1367432927.691828,1367432927.203017
1367432927.765429,1367432927.711109
1367432928.488411,1367432927.777754
1367432929.386678,1367432928.507397
1367432931.453455,1367432929.40522
1367432931.509547,1367432931.463203
1367432932.552598,1367432931.523264
1367432933.132422,1367432932.617902
1367432933.392399,1367432933.243393
1367432933.693749,1367432933.398532
1367432933.932508,1367432933.700284
1367432935.530277,1367432933.950349
1367432937.804218,1367432935.547164
1367432938.470252,1367432937.833515
1367432938.92619,1367432938.480395
1367432939.546477,1367432938.939936
1367432940.284038,1367432939.559342
1367432940.644229,1367432940.295595
1367432941.693003,1367432940.663447
1367432942.152667,1367432941.704932
1367432944.48119,1367432942.177977
1367432944.644836,1367432944.490009
1367432944.708351,1367432944.651351
1367432945.119299,1367432944.721148
1367432945.620264,1367432945.195371
1367432945.638058,1367432945.636403
1367432945.753391,1367432945.648194
1367432945.976548,1367432945.771704
1367432946.09929,1367432945.98922
1367432946.304542,1367432946.116928
1367432946.438286,1367432946.322717
1367432946.674306,1367432946.457465
1367432946.807408,1367432946.689964
1367432947.247668,1367432946.822182
1367432947.269457,1367432947.267217
1367432947.393682,1367432947.284678
1367432947.513005,1367432947.408292
1367432947.686428,1367432947.53126
1367432947.707205,1367432947.70282
1367432947.823607,1367432947.719297
1367432947.836638,1367432947.8355
1367432947.864248,1367432947.843061
1367432947.888187,1367432947.870009
1367432947.98515,1367432947.899895
1367432948.125472,1367432948.000919
1367432948.139857,1367432948.131596
1367432948.146468,1367432948.143954
1367432948.199814,1367432948.152161
1367432948.360319,1367432948.208894
1367432948.577727,1367432948.378971
1367432948.692421,1367432948.590822
1367432948.758415,1367432948.702543
1367432948.911289,1367432948.774396
1367432949.083174,1367432948.928704
1367432949.151349,1367432949.094062
1367432949.165618,1367432949.156288
1367432949.271784,1367432949.176326
1367432949.278737,1367432949.276967
1367432949.367278,1367432949.290831
1367432949.520215,1367432949.38636
1367432949.639079,1367432949.536686
1367432949.899443,1367432949.654035
1367432950.060741,1367432949.916434
1367432950.192208,1367432950.075341
1367432950.423751,1367432950.209921
1367432950.43616,1367432950.431072
1367432950.634436,1367432950.458278
1367432950.810335,1367432950.656809
1367432951.131556,1367432950.830202
1367432951.14296,1367432951.141938
1367432951.160648,1367432951.150001
1367432951.230462,1367432951.171594
1367432951.412815,1367432951.246053
1367432951.480163,1367432951.422858
1367432951.497674,1367432951.485387
1367432951.718127,1367432951.513912
1367432951.94418,1367432951.735485
1367432951.956054,1367432951.954474
1367432952.918864,1367432951.974476
1367432952.952937,1367432952.929525
1367432952.960498,1367432952.957268
1367432953.123888,1367432952.976604
1367432953.214633,1367432953.135848
1367432953.32724,1367432953.229427
1367432953.386807,1367432953.338107
1367432953.46749,1367432953.397772
1367432953.65483,1367432953.485878
1367432953.731966,1367432953.665756
1367432953.78339,1367432953.74358
1367432953.839858,1367432953.793156
1367432953.874866,1367432953.847656
1367432954.069658,1367432953.894913
1367432954.190592,1367432954.0855
1367432954.792485,1367432954.213102
1367432954.857651,1367432954.805845
1367432955.043961,1367432954.878362
1367432955.056694,1367432955.049585
1367432955.175676,1367432955.072491
1367432955.441791,1367432955.193336
1367432955.484281,1367432955.45131
1367432955.507214,1367432955.503127
1367432955.593072,1367432955.520059
1367432955.660199,1367432955.600684
1367432955.880295,1367432955.678834
1367432955.904149,1367432955.887495
1367432956.020136,1367432955.917568
1367432956.130979,1367432956.036378
1367432956.146452,1367432956.145101
1367432956.238394,1367432956.157064
1367432956.303967,1367432956.249404
1367432956.343377,1367432956.312622
1367432956.363236,1367432956.361961
1367432956.454909,1367432956.376287
1367432956.489224,1367432956.462218
1367432956.497053,1367432956.493597
1367432956.686202,1367432956.513636
1367432956.870333,1367432956.703977
1367432957.364219,1367432956.890867
1367432957.380872,1367432957.37276
1367432957.406412,1367432957.387956
1367432957.47586,1367432957.417391
1367432957.496584,1367432957.482273
1367432957.669353,1367432957.514068
1367432957.771764,1367432957.682023
1367432957.784281,1367432957.783098
1367432957.875556,1367432957.797065
1367432958.101239,1367432957.895901
1367432958.146535,1367432958.110131
1367432958.321712,1367432958.164289
1367432958.519558,1367432958.336111
1367432958.743054,1367432958.535297
1367432958.847834,1367432958.758166
1367432959.170136,1367432958.869171
1367432959.18394,1367432959.182791
1367432959.195885,1367432959.190345
1367432959.292203,1367432959.205105
1367432959.359288,1367432959.302372
1367432959.377449,1367432959.365865
1367432959.601505,1367432959.396341
1367432960.569268,1367432959.621686
1367432960.711262,1367432960.637708
1367432962.03617,1367432960.899455
1367432962.24279,1367432962.103509
1367432963.261989,1367432962.251841
1367432964.972112,1367432963.476631
1367432966.364021,1367432965.099634
1367432966.608972,1367432966.373813
1367432967.932553,1367432966.734442
1367432967.98798,1367432967.937667
1367432969.675241,1367432968.090637
1367432970.99214,1367432969.711197
1367432971.45319,1367432971.056199
1367432972.635084,1367432971.577599
1367432973.289407,1367432972.695935
1367432973.934201,1367432973.301098
1367432975.002809,1367432974.005952
1367432975.105205,1367432975.10433
1367432977.996951,1367432975.213893
1367432981.726669,1367432978.222717
1367432990.47573,1367432981.91729
1367432992.097209,1367432990.678568
1367432993.395013,1367432992.257015
1367432993.516726,1367432993.50948
1367432994.221677,1367432993.600148
1367432994.445779,1367432994.227854
1367432995.267843,1367432994.455549
1367432996.081472,1367432995.361328
1367432998.900687,1367432996.227623
1367433002.698545,1367432999.00535
1367433004.012789,1367433002.821205
1367433004.226333,1367433004.092761
1367433005.131616,1367433004.239478
1367433006.45707,1367433005.254201
1367433006.74043,1367433006.561522
1367433007.023856,1367433006.787201
1367433007.42523,1367433007.05574
1367433007.47312,1367433007.431534
1367433008.58888,1367433007.573517
1367433010.538867,1367433008.663398
1367433011.51796,1367433010.738372
1367433011.866422,1367433011.60592
1367433012.148195,1367433011.874541
1367433012.394771,1367433012.156178
1367433012.774359,1367433012.476498
1367433013.738691,1367433012.920339
1367433015.348501,1367433013.756955
1367433016.449489,1367433015.418982
1367433017.409291,1367433016.465656
1367433017.561444,1367433017.418056
1367433018.418017,1367433017.582808
1367433018.867665,1367433018.535067
1367433019.846003,1367433018.880223
1367433021.147266,1367433019.872349
1367433022.221397,1367433021.166609
1367433022.980519,1367433022.235664
1367433023.502114,1367433022.991734
1367433023.651955,1367433023.550732
1367433023.755281,1367433023.660094
1367433024.778164,1367433023.771805
1367433025.032662,1367433024.794282
1367433025.270508,1367433025.049305
1367433025.871268,1367433025.286279
1367433026.554924,1367433025.887059
1367433026.62958,1367433026.561357
1367433027.140626,1367433026.644147
1367433027.68599,1367433027.329927
1367433027.912164,1367433027.693827
1367433028.652882,1367433027.925056
1367433029.064637,1367433028.665195
1367433029.488869,1367433029.076985
1367433029.781346,1367433029.497798
1367433030.220336,1367433029.789784
1367433031.272607,1367433030.235112
1367433032.614856,1367433031.291104
1367433032.664336,1367433032.625432
1367433032.781399,1367433032.677682
1367433032.836837,1367433032.792964
1367433032.917221,1367433032.849222
1367433033.077156,1367433032.93408
1367433033.321429,1367433033.09736
1367433033.48692,1367433033.33902
1367433033.632696,1367433033.503959
1367433033.84137,1367433033.652707
1367433033.9579,1367433033.8582
1367433034.200258,1367433033.975725
1367433034.218406,1367433034.212664
1367433034.290979,1367433034.23024
1367433034.614375,1367433034.308328
1367433034.681573,1367433034.626151
1367433034.756968,1367433034.69368
1367433034.994295,1367433034.774677
1367433035.213883,1367433035.017795
1367433035.331506,1367433035.230302
1367433035.426272,1367433035.346828
1367433035.437212,1367433035.43225
1367433035.616452,1367433035.453132
1367433035.75322,1367433035.631871
1367433035.987973,1367433035.77615
1367433036.305377,1367433036.011251
1367433036.400284,1367433036.320087
1367433036.553513,1367433036.417032
1367433036.702058,1367433036.571228
1367433036.831519,1367433036.718887
1367433036.839177,1367433036.838879
1367433037.197447,1367433036.858519
1367433037.33901,1367433037.212784
1367433037.468222,1367433037.354682
1367433037.544205,1367433037.48173
1367433037.572252,1367433037.553106
1367433037.75234,1367433037.592428
1367433037.775985,1367433037.761694
1367433037.782902,1367433037.780715
1367433037.807019,1367433037.789135
1367433037.867431,1367433037.815426
1367433037.964341,1367433037.881092
1367433038.034482,1367433037.973784
1367433038.054145,1367433038.042115
1367433038.306042,1367433038.075859
1367433038.315357,1367433038.314315
1367433038.417704,1367433038.327822
1367433038.478442,1367433038.42986
1367433038.581874,1367433038.492832
1367433038.729611,1367433038.594789
1367433039.231432,1367433038.747943
1367433039.49878,1367433039.253306
1367433039.648161,1367433039.518164
1367433039.676184,1367433039.656392
1367433039.691325,1367433039.689853
1367433039.708295,1367433039.699253
1367433039.729724,1367433039.71535
1367433039.766735,1367433039.738623
1367433040.018195,1367433039.778768
1367433040.211732,1367433040.0359
1367433040.420077,1367433040.233658
1367433040.436441,1367433040.428643
1367433040.617679,1367433040.459011
1367433040.649819,1367433040.626421
1367433040.716507,1367433040.660113
1367433040.835091,1367433040.732315
1367433040.903095,1367433040.844568
1367433041.018335,1367433040.915447
1367433041.144404,1367433041.032845
1367433041.23224,1367433041.158816
1367433041.423717,1367433041.250246
1367433041.435224,1367433041.431565
1367433041.588815,1367433041.450543
1367433041.80722,1367433041.608109
1367433042.060221,1367433041.831085
1367433042.177627,1367433042.07701
1367433042.198379,1367433042.185068
1367433042.263163,1367433042.206618
1367433042.414548,1367433042.280581
1367433042.544781,1367433042.428533
1367433042.574272,1367433042.553649
1367433042.601616,1367433042.582641
1367433042.730315,1367433042.617691
1367433042.816489,1367433042.741395
1367433042.969526,1367433042.837588
1367433043.048483,1367433042.983286
1367433043.065503,1367433043.055403
1367433043.075467,1367433043.074161
1367433043.193979,1367433043.089026
1367433043.205063,1367433043.198891
1367433043.271571,1367433043.217115
1367433043.397771,1367433043.285816
1367433043.405014,1367433043.4042
1367433043.419086,1367433043.41762
1367433043.462953,1367433043.428101
1367433043.623886,1367433043.477928
1367433043.851672,1367433043.645409
1367433044.044504,1367433043.874899
1367433044.108635,1367433044.056704
1367433044.123476,1367433044.116414
1367433044.136297,1367433044.135118
1367433045.085822,1367433044.157605
1367433045.153859,1367433045.098241
1367433045.188142,1367433045.16052
1367433045.311081,1367433045.201908
1367433045.390595,1367433045.323203
1367433045.484155,1367433045.40354
1367433045.508287,1367433045.491262
1367433045.548565,1367433045.517415
1367433045.644525,1367433045.561363
1367433045.667568,1367433045.653097
1367433045.928541,1367433045.688203
1367433046.54437,1367433045.949831
1367433046.692793,1367433046.557524
1367433046.713754,1367433046.711963
1367433046.721732,1367433046.720443
1367433046.879403,1367433046.738914
1367433047.118381,1367433046.899472
1367433047.137375,1367433047.135661
1367433047.237035,1367433047.152123
1367433047.434555,1367433047.254719
1367433047.499087,1367433047.443435
1367433047.956631,1367433047.519913
1367433049.130651,1367433048.13265
1367433049.654804,1367433049.251955
1367433050.862527,1367433049.782558
1367433051.242287,1367433050.957809
1367433052.238011,1367433051.44248
1367433052.438387,1367433052.31981
1367433052.670635,1367433052.44722
1367433054.165892,1367433052.894351
1367433055.778391,1367433054.351864
1367433057.599019,1367433055.908796
1367433059.439878,1367433057.685753
1367433060.728318,1367433059.663074
1367433061.81922,1367433060.826727
1367433062.316502,1367433061.831364
1367433064.387757,1367433062.489755
1367433067.24099,1367433064.563892
1367433067.866421,1367433067.351756
1367433069.067557,1367433067.978584
1367433069.415018,1367433069.135468
1367433071.116138,1367433069.660183
1367433076.74712,1367433071.294176
1367433078.05759,1367433076.947332
1367433079.105018,1367433078.110835
1367433080.512339,1367433079.283156
1367433083.320713,1367433080.708182
1367433083.52791,1367433083.328061
1367433084.572559,1367433083.613973
1367433085.180706,1367433084.69448
1367433086.685286,1367433085.297142
1367433087.599129,1367433086.780346
1367433087.844966,1367433087.692219
1367433089.257218,1367433088.041187
1367433089.941915,1367433089.269615
1367433091.299247,1367433090.092044
1367433091.757883,1367433091.391797
1367433092.672975,1367433091.770267
1367433095.532125,1367433092.763782
1367433095.628717,1367433095.538576
1367433096.161493,1367433095.701859
1367433096.975368,1367433096.174832
1367433097.100528,1367433096.983632
1367433098.022484,1367433097.115995
1367433098.083134,1367433098.0361
1367433098.371378,1367433098.092283
1367433099.084327,1367433098.386493
1367433099.534354,1367433099.093467
1367433099.543027,1367433099.540486
1367433100.246368,1367433099.55633
1367433100.741152,1367433100.257917
1367433102.256321,1367433100.759287
1367433102.556654,1367433102.270176
1367433103.695059,1367433102.572807
1367433103.908609,1367433103.703026
1367433104.68467,1367433103.988576
1367433105.135583,1367433104.693438
1367433105.248842,1367433105.140633
1367433105.722666,1367433105.260964
1367433106.203303,1367433105.77762
1367433106.992957,1367433106.219307
1367433107.098319,1367433107.008479
1367433107.356024,1367433107.109284
1367433107.386525,1367433107.362113
1367433108.167511,1367433107.401477
1367433109.392343,1367433108.187502
1367433109.619288,1367433109.403028
1367433109.820729,1367433109.627087
1367433110.134171,1367433109.830073
1367433111.350079,1367433110.14995
1367433111.901233,1367433111.363203
1367433112.350668,1367433111.947842
1367433113.46072,1367433112.369926
1367433113.563099,1367433113.56176
1367433113.676953,1367433113.581484
1367433114.844574,1367433113.697276
1367433115.978073,1367433114.864195
1367433116.084208,1367433116.081623
1367433117.494,1367433116.102825
1367433117.887263,1367433117.511198
1367433118.116639,1367433117.90674
1367433118.217055,1367433118.132335
1367433118.226896,1367433118.225928
1367433118.31498,1367433118.240773
1367433118.398358,1367433118.328176
1367433118.939035,1367433118.416343
1367433118.967821,1367433118.948634
1367433119.119972,1367433118.984974
1367433119.173329,1367433119.131557
1367433119.299005,1367433119.189196
1367433119.375342,1367433119.311055
1367433119.430457,1367433119.385337
1367433119.61261,1367433119.449923
1367433119.64702,1367433119.622956
1367433119.809064,1367433119.665898
1367433119.892253,1367433119.822101
1367433120.020686,1367433119.905792
1367433120.195799,1367433120.036812
1367433120.219318,1367433120.217368
1367433120.899451,1367433120.241631
1367433120.993942,1367433120.910617
1367433121.375969,1367433121.008412
1367433121.673451,1367433121.396929
1367433121.740771,1367433121.6841
1367433122.278555,1367433121.764197
1367433122.562124,1367433122.31778
1367433122.92439,1367433122.580724
1367433123.203507,1367433122.948878
1367433123.212092,1367433123.210847
1367433123.293594,1367433123.2239
1367433123.446867,1367433123.313112
1367433123.592786,1367433123.464996
1367433123.841544,1367433123.615153
1367433124.07848,1367433123.862791
1367433124.137196,1367433124.091816
1367433124.157091,1367433124.155512
1367433124.435992,1367433124.174126
1367433124.462477,1367433124.444662
1367433124.673272,1367433124.483785
1367433124.780234,1367433124.689052
1367433124.821419,1367433124.790446
1367433125.004653,1367433124.84089
1367433125.013432,1367433125.009664
1367433125.196569,1367433125.031078
1367433125.206383,1367433125.204844
1367433125.22761,1367433125.225275
1367433125.283308,1367433125.239063
1367433125.420854,1367433125.30041
1367433125.538432,1367433125.437164
1367433125.58067,1367433125.548298
1367433125.712529,1367433125.59557
1367433125.731303,1367433125.720739
1367433125.773168,1367433125.740574
1367433125.916877,1367433125.789881
1367433126.055536,1367433125.929289
1367433126.069167,1367433126.067761
1367433126.306544,1367433126.083721
1367433126.380726,1367433126.321471
1367433126.47371,1367433126.394351
1367433126.625134,1367433126.490422
1367433126.637053,1367433126.631937
1367433126.711707,1367433126.648922
1367433126.832932,1367433126.726052
1367433126.951936,1367433126.848704
1367433126.996388,1367433126.961362
1367433127.597037,1367433127.013984
1367433127.729276,1367433127.614794
1367433127.848344,1367433127.744775
1367433128.045202,1367433127.869494
1367433128.611692,1367433128.067349
1367433128.711013,1367433128.629943
1367433128.742885,1367433128.719432
1367433128.853291,1367433128.75726
1367433129.0689,1367433128.867454
1367433129.076131,1367433129.074464
1367433129.191988,1367433129.090428
1367433129.201853,1367433129.196685
1367433129.308738,1367433129.216357
1367433129.603428,1367433129.327218
1367433129.659999,1367433129.613901
1367433129.70133,1367433129.670257
1367433129.73411,1367433129.70934
1367433129.747419,1367433129.740094
1367433129.869858,1367433129.761934
1367433129.971999,1367433129.884919
1367433130.346083,1367433129.990296
1367433130.85713,1367433130.371975
1367433130.869094,1367433130.864792
1367433130.978644,1367433130.884611
1367433131.135559,1367433130.996132
1367433131.146881,1367433131.143176
1367433131.442607,1367433131.162511
1367433131.554993,1367433131.45814
1367433131.695791,1367433131.571472
1367433131.706347,1367433131.70216
1367433131.75233,1367433131.716441
1367433131.913319,1367433131.763875
1367433131.93079,1367433131.920795
1367433132.007044,1367433131.938357
1367433132.0792,1367433132.014775
1367433132.097561,1367433132.08492
1367433132.300634,1367433132.116091
1367433132.494968,1367433132.316568
1367433132.618908,1367433132.568805
1367433132.690756,1367433132.630547
1367433132.70297,1367433132.701836
1367433132.770531,1367433132.714268
1367433132.91119,1367433132.785517
1367433133.051086,1367433132.927357
1367433133.153639,1367433133.065077
1367433133.327642,1367433133.173338
1367433133.649676,1367433133.34526
1367433135.371192,1367433133.661598
1367433136.092241,1367433135.478513
1367433136.48537,1367433136.210844
1367433136.628042,1367433136.493235
1367433140.176377,1367433136.815736
1367433142.685132,1367433140.305462
1367433142.874902,1367433142.761986
1367433143.577706,1367433142.885583
1367433149.22019,1367433143.77809
1367433151.254732,1367433149.434574
1367433152.030491,1367433151.32974
1367433152.745835,1367433152.10531
1367433152.855863,1367433152.854331
1367433155.215025,1367433153.068974
1367433155.344077,1367433155.222685
1367433157.260099,1367433155.508211
1367433158.910999,1367433157.37567
1367433159.105024,1367433158.918005
1367433163.34629,1367433159.260986
1367433165.943835,1367433163.46537
1367433166.550703,1367433166.029351
1367433168.483868,1367433166.681456
1367433168.809077,1367433168.60018
1367433168.950086,1367433168.815866
1367433169.625123,1367433169.071251
1367433169.857367,1367433169.632503
1367433170.066864,1367433169.864558
1367433171.72188,1367433170.167516
1367433173.22537,1367433171.833217
1367433174.379261,1367433173.373269
1367433174.824967,1367433174.451392
1367433174.983052,1367433174.974659
1367433175.169161,1367433175.167713
1367433177.93649,1367433175.281537
1367433179.701552,1367433178.14873
1367433179.963688,1367433179.715583
1367433180.898168,1367433179.976371
1367433181.044961,1367433180.905724
1367433182.940434,1367433181.064381
1367433184.200169,1367433182.954751
1367433185.169288,1367433184.216919
1367433186.241709,1367433185.187252
1367433186.945661,1367433186.260835
1367433187.025308,1367433186.952771
1367433187.602875,1367433187.038765
1367433188.834922,1367433187.62091
1367433189.406126,1367433188.850492
1367433189.478587,1367433189.414408
1367433189.532887,1367433189.485115
1367433189.83281,1367433189.542649
1367433190.101124,1367433189.844002
1367433191.549961,1367433190.124141
1367433192.922139,1367433191.570195
1367433193.180259,1367433192.932559
1367433193.265476,1367433193.264324
1367433193.389451,1367433193.27321
1367433193.875797,1367433193.40157
1367433193.926244,1367433193.891774
1367433193.998283,1367433193.942211
1367433194.059728,1367433194.004601
1367433194.886973,1367433194.073763
1367433195.924316,1367433194.905467
1367433197.666235,1367433195.942918
1367433197.878192,1367433197.678197
1367433198.80518,1367433197.893535
1367433199.53771,1367433198.819048
1367433200.820523,1367433199.555689
1367433202.12331,1367433200.879236
1367433202.36445,1367433202.133733
1367433202.47263,1367433202.370508
1367433202.721062,1367433202.492273
1367433202.894437,1367433202.740269
1367433203.382165,1367433202.909831
1367433203.485671,1367433203.394656
1367433203.543545,1367433203.496435
1367433203.684261,1367433203.558221
1367433203.797313,1367433203.699685
1367433204.00104,1367433203.816962
1367433204.014292,1367433204.008296
1367433204.115487,1367433204.028371
1367433204.123116,1367433204.120287
1367433204.229421,1367433204.137754
1367433204.373559,1367433204.246642
1367433204.448575,1367433204.386421
1367433204.455744,1367433204.454735
1367433204.61113,1367433204.472883
1367433204.798633,1367433204.626527
1367433204.934954,1367433204.815713
1367433205.036234,1367433204.948658
1367433205.069433,1367433205.04265
1367433205.114892,1367433205.079218
1367433205.352896,1367433205.136856
1367433205.484922,1367433205.368307
1367433205.540558,1367433205.497057
1367433205.552956,1367433205.547137
1367433205.597127,1367433205.56277
1367433205.71558,1367433205.609529
1367433205.807449,1367433205.729638
1367433205.835773,1367433205.81468
1367433205.907506,1367433205.847583
1367433205.963322,1367433205.919123
1367433206.027603,1367433205.974574
1367433206.038582,1367433206.033709
1367433206.081284,1367433206.047247
1367433206.119045,1367433206.088964
1367433206.27313,1367433206.135908
1367433206.405659,1367433206.291744
1367433206.429003,1367433206.426819
1367433206.640147,1367433206.448286
1367433207.042528,1367433206.659833
1367433207.165935,1367433207.059151
1367433207.379716,1367433207.185501
1367433207.448972,1367433207.392359
1367433207.535751,1367433207.461963
1367433207.543842,1367433207.542589
1367433207.754339,1367433207.562413
1367433207.835767,1367433207.76945
1367433207.857277,1367433207.843637
1367433208.112511,1367433207.878311
1367433208.29573,1367433208.133202
1367433208.382075,1367433208.309736
1367433208.931484,1367433208.401507
1367433209.04431,1367433208.946891
1367433209.105816,1367433209.055799
1367433209.232186,1367433209.122597
1367433209.387698,1367433209.248076
1367433209.448221,1367433209.39916
1367433209.798778,1367433209.467043
1367433209.884953,1367433209.815
1367433209.944188,1367433209.897876
1367433209.975842,1367433209.952324
1367433210.121972,1367433209.992642
1367433210.203168,1367433210.138359
1367433210.718316,1367433210.220251
1367433210.807973,1367433210.733612
1367433211.086546,1367433210.828555
1367433211.35607,1367433211.106625
1367433211.379958,1367433211.366258
1367433211.465715,1367433211.392062
1367433211.720808,1367433211.48844
1367433211.848954,1367433211.737394
1367433212.216441,1367433211.871996
1367433212.381939,1367433212.235945
1367433212.399479,1367433212.390173
1367433212.719514,1367433212.417043
1367433212.801371,1367433212.734583
1367433212.883468,1367433212.813742
1367433213.004481,1367433212.895582
1367433213.019518,1367433213.010253
1367433213.291155,1367433213.035059
1367433213.517375,1367433213.311691
1367433213.532643,1367433213.525674
1367433213.721517,1367433213.551471
1367433213.82446,1367433213.734831
1367433213.911409,1367433213.836963
1367433214.005193,1367433213.922924
1367433214.140836,1367433214.021703
1367433214.398437,1367433214.156538
1367433214.493756,1367433214.413516
1367433214.690077,1367433214.514746
1367433214.759386,1367433214.703165
1367433214.901903,1367433214.775964
1367433215.031904,1367433214.913692
1367433215.040018,1367433215.039068
1367433215.300545,1367433215.060185
1367433215.370356,1367433215.313597
1367433215.608924,1367433215.387919
1367433215.621622,1367433215.620493
1367433215.707332,1367433215.633894
1367433215.882313,1367433215.727973
1367433215.940647,1367433215.89367
1367433215.963832,1367433215.948067
1367433216.203366,1367433215.98289
1367433216.302726,1367433216.2184
1367433216.633276,1367433216.322466
1367433216.809125,1367433216.655103
1367433216.841713,1367433216.818565
1367433217.207488,1367433216.857501
1367433217.523884,1367433217.231039
1367433217.866159,1367433217.544183
1367433217.945495,1367433217.944048
1367433219.32321,1367433218.169464
1367433219.394352,1367433219.392781
1367433221.934946,1367433219.61978
1367433222.885478,1367433222.04694
1367433223.08663,1367433222.893109
1367433230.755366,1367433223.200477
1367433232.51853,1367433230.969898
1367433232.658267,1367433232.655856
1367433233.944596,1367433232.772258
1367433235.129306,1367433234.155992
1367433235.493852,1367433235.137678
1367433237.459612,1367433235.57003
1367433237.696995,1367433237.563012
1367433239.209578,1367433237.851516
1367433240.556622,1367433239.323731
1367433243.400413,1367433240.710461
1367433243.562899,1367433243.494153
1367433245.17307,1367433243.754464
1367433246.045299,1367433245.273489
1367433246.437356,1367433246.188931
1367433247.662363,1367433246.539101
1367433247.773397,1367433247.66989
1367433252.006818,1367433247.863019
1367433253.09816,1367433252.218518
1367433254.600177,1367433253.222152
1367433256.699674,1367433254.838198
1367433260.212633,1367433256.836521
1367433262.079408,1367433260.337335
1367433263.113984,1367433262.193501
1367433263.864665,1367433263.188251
1367433265.702066,1367433264.06085
1367433266.606042,1367433265.717686
1367433268.077121,1367433266.625354
1367433268.405943,1367433268.086932
1367433268.49687,1367433268.425968
1367433270.687289,1367433268.516107
1367433271.476765,1367433270.705642
1367433272.11999,1367433271.541444
1367433273.147751,1367433272.178984
1367433273.733164,1367433273.158721
1367433274.660414,1367433273.747267
1367433275.823568,1367433274.679809
1367433276.942013,1367433275.841593
1367433277.41054,1367433276.977412
1367433278.504613,1367433277.429106
1367433279.386504,1367433278.536538
1367433279.502812,1367433279.395781
1367433279.714985,1367433279.512476
1367433279.792588,1367433279.720804
1367433280.387315,1367433279.805277
1367433281.43897,1367433280.408577
1367433281.988424,1367433281.505432
1367433282.343263,1367433282.000156
1367433283.085235,1367433282.363626
1367433283.515781,1367433283.100247
1367433284.367055,1367433283.533769
1367433285.300277,1367433284.386656
1367433285.985735,1367433285.322029
1367433286.052755,1367433285.999016
1367433286.119756,1367433286.064725
1367433286.140916,1367433286.127783
1367433286.325589,1367433286.159006
1367433286.339297,1367433286.332702
1367433286.431083,1367433286.352083
1367433286.553758,1367433286.446337
1367433286.763195,1367433286.574419
1367433286.880526,1367433286.777279
1367433286.996368,1367433286.89627
1367433287.087369,1367433287.008587
1367433287.161312,1367433287.099615
1367433287.266458,1367433287.176015
1367433287.453949,1367433287.286377
1367433287.580898,1367433287.470039
1367433287.766036,1367433287.603795
1367433287.915141,1367433287.78845
1367433288.011585,1367433287.929462
1367433288.205834,1367433288.031874
1367433288.422869,1367433288.22258
1367433288.544793,1367433288.438178
1367433288.613101,1367433288.558723
1367433288.750421,1367433288.629864
1367433288.782199,1367433288.759819
1367433288.871088,1367433288.792672
1367433288.929626,1367433288.880567
1367433289.316015,1367433288.948133
1367433289.328608,1367433289.327703
1367433289.344894,1367433289.335481
1367433289.507566,1367433289.363554
1367433289.601735,1367433289.520491
1367433289.827524,1367433289.623851
1367433289.862338,1367433289.83519
1367433289.993571,1367433289.8777
1367433290.468158,1367433290.01697
1367433290.669993,1367433290.493734
1367433291.06896,1367433290.688491
1367433291.084463,1367433291.078497
1367433291.30378,1367433291.104192
1367433291.400367,1367433291.320628
1367433291.498237,1367433291.416686
1367433291.560629,1367433291.510507
1367433291.668784,1367433291.57745
1367433291.890745,1367433291.691747
1367433291.926229,1367433291.901905
1367433292.009537,1367433291.940017
1367433292.041241,1367433292.018123
1367433292.095404,1367433292.051379
1367433292.182594,1367433292.107183
1367433292.198073,1367433292.196912
1367433292.291328,1367433292.212691
1367433292.306572,1367433292.299283
1367433292.458545,1367433292.32515
1367433292.478196,1367433292.475363
1367433292.673404,1367433292.496047
1367433292.758253,1367433292.686551
1367433292.855297,1367433292.770442
1367433292.974702,1367433292.875701
1367433293.053953,1367433292.985099
1367433293.091008,1367433293.063448
1367433293.355987,1367433293.104134
1367433293.394995,1367433293.36534
1367433293.444803,1367433293.4048
1367433293.487241,1367433293.45509
1367433293.662081,1367433293.504279
1367433293.878086,1367433293.685236
1367433293.954485,1367433293.893471
1367433294.143736,1367433293.970039
1367433294.258304,1367433294.158892
1367433294.307079,1367433294.269076
1367433294.407905,1367433294.32033
1367433294.420897,1367433294.419815
1367433294.539287,1367433294.43604
1367433294.546591,1367433294.546376
1367433294.602774,1367433294.556822
1367433294.619438,1367433294.611445
1367433294.708979,1367433294.632441
1367433294.931708,1367433294.728945
1367433294.978427,1367433294.941663
1367433294.987548,1367433294.986197
1367433295.044117,1367433294.999307
1367433295.239462,1367433295.064104
1367433295.350091,1367433295.253813
1367433295.520668,1367433295.370526
1367433295.528204,1367433295.527559
1367433295.620015,1367433295.541474
1367433295.954563,1367433295.639305
1367433295.997531,1367433295.966326
1367433296.104926,1367433296.013463
1367433296.315887,1367433296.127717
1367433296.328368,1367433296.327268
1367433296.393246,1367433296.340578
1367433296.995786,1367433296.412896
1367433297.122569,1367433297.014281
1367433297.300496,1367433297.143497
1367433297.318068,1367433297.310748
1367433297.496768,1367433297.331358
1367433297.676641,1367433297.51525
1367433297.771437,1367433297.690795
1367433298.116371,1367433297.792329
1367433298.130333,1367433298.124083
1367433298.141869,1367433298.136705
1367433298.277816,1367433298.158797
1367433298.51136,1367433298.293711
1367433298.525093,1367433298.524015
1367433298.546485,1367433298.533683
1367433298.594912,1367433298.557652
1367433298.614057,1367433298.601581
1367433298.628437,1367433298.620734
1367433298.724032,1367433298.640519
1367433298.768494,1367433298.734383
1367433298.913018,1367433298.785545
1367433299.032946,1367433298.925964
1367433299.063761,1367433299.04373
1367433299.119592,1367433299.074748
1367433299.194889,1367433299.130559
1367433299.272626,1367433299.207512
1367433299.50914,1367433299.286485
1367433299.635301,1367433299.524833
1367433299.823917,1367433299.653621
1367433299.840365,1367433299.832774
1367433299.888751,1367433299.849518
1367433300.251703,1367433299.906437
1367433300.392496,1367433300.270175
1367433300.519371,1367433300.41084
1367433300.970893,1367433300.538481
1367433302.617879,1367433301.420421
1367433303.37544,1367433302.730506
1367433303.947541,1367433303.476041
1367433304.368895,1367433304.055856
1367433304.755266,1367433304.47785
1367433305.341987,1367433304.84235
1367433306.538137,1367433305.398357
1367433309.081446,1367433306.689489
1367433311.567389,1367433309.296041
1367433312.093682,1367433311.675802
1367433313.813735,1367433312.269913
1367433314.554212,1367433313.984554
1367433314.661351,1367433314.598527
1367433315.183315,1367433314.770415
1367433315.623734,1367433315.193892
1367433316.977811,1367433315.836056
1367433318.01647,1367433317.061485
1367433318.18794,1367433318.078314
1367433318.671003,1367433318.235049
1367433320.294494,1367433318.755377
1367433323.555898,1367433320.498579
1367433323.665404,1367433323.664333
1367433325.134912,1367433323.887629
1367433326.023769,1367433325.201905
1367433326.745273,1367433326.133245
1367433328.3599,1367433326.833666
1367433328.741062,1367433328.477608
1367433328.971847,1367433328.823243
1367433329.215255,1367433329.029502
1367433332.345009,1367433329.379827
1367433334.184851,1367433332.521629
1367433335.756389,1367433334.298405
1367433337.770667,1367433335.992462
1367433338.520619,1367433337.920001
1367433338.969924,1367433338.638819
1367433340.819603,1367433339.068846
1367433342.255255,1367433341.054236
1367433343.637518,1367433342.377784
1367433345.804658,1367433343.726815
1367433345.998507,1367433345.909531
1367433346.245595,1367433346.006079
1367433346.884621,1367433346.293585
1367433351.226395,1367433347.062864
1367433353.734495,1367433351.408157
1367433353.959976,1367433353.742233
1367433354.8887,1367433353.975577
1367433355.373302,1367433354.900672
1367433356.782539,1367433355.427956
1367433358.209255,1367433356.805227
1367433359.164214,1367433358.223582
1367433360.538539,1367433359.184283
1367433362.525757,1367433360.559267
1367433364.363882,1367433362.549725
1367433365.184726,1367433364.382681
1367433365.662967,1367433365.195521
1367433367.174574,1367433365.681848
1367433367.947697,1367433367.188718
1367433367.998531,1367433367.959563
1367433368.127682,1367433368.00536
1367433368.665703,1367433368.143614
1367433369.742832,1367433368.684784
1367433370.360588,1367433369.759098
1367433370.650553,1367433370.372005
1367433371.838374,1367433370.674691
1367433372.418953,1367433371.947743
1367433372.561099,1367433372.427436
1367433372.719675,1367433372.580063
1367433372.862542,1367433372.733645
1367433372.970531,1367433372.878077
1367433373.184484,1367433372.991732
1367433373.247555,1367433373.197881
1367433373.314924,1367433373.260893
1367433373.322832,1367433373.321735
1367433373.390117,1367433373.333856
