1367432430.582917,1367432428.655058
1367432430.783043,1367432430.594407
1367432430.790175,1367432430.785548
1367432431.162712,1367432430.804194
1367432431.172001,1367432431.165272
1367432431.37576,1367432431.182394
1367432431.592819,1367432431.393903
1367432431.658017,1367432431.598889
1367432431.71445,1367432431.662766
1367432431.733987,1367432431.717642
1367432431.744325,1367432431.7359
1367432431.749389,1367432431.745958
1367432431.947469,1367432431.761828
1367432432.020671,1367432431.961222
1367432432.204095,1367432432.034214
1367432432.309226,1367432432.214727
1367432432.453263,1367432432.32037
1367432432.485012,1367432432.457668
1367432432.489146,1367432432.486923
1367432432.535129,1367432432.495201
1367432432.731637,1367432432.546639
1367432432.741665,1367432432.734306
1367432432.96777,1367432432.753181
1367432433.16539,1367432432.982911
1367432433.305256,1367432433.179175
1367432433.414832,1367432433.315306
1367432433.448768,1367432433.429474
1367432433.629409,1367432433.463645
1367432433.641991,1367432433.633156
1367432433.669208,1367432433.645779
1367432433.910993,1367432433.684274
1367432434.287089,1367432433.926825
1367432434.427344,1367432434.299341
1367432434.435468,1367432434.429378
1367432434.605972,1367432434.447748
1367432434.648078,1367432434.611748
1367432434.723533,1367432434.656054
1367432434.836344,1367432434.730252
1367432434.996734,1367432434.849631
1367432435.049737,1367432435.003801
1367432435.053023,1367432435.05124
1367432435.057558,1367432435.054375
1367432435.236252,1367432435.070159
1367432435.418419,1367432435.251752
1367432435.56247,1367432435.429327
1367432435.722954,1367432435.576708
1367432435.934861,1367432435.739194
1367432436.101886,1367432435.947458
1367432436.171702,1367432436.110009
1367432436.198917,1367432436.175591
1367432436.276196,1367432436.20682
1367432436.492953,1367432436.290847
1367432436.953059,1367432436.509715
1367432436.983472,1367432436.960711
1367432436.99424,1367432436.985661
1367432437.259439,1367432437.007197
1367432437.466317,1367432437.275214
1367432437.57805,1367432437.47888
1367432437.636977,1367432437.585941
1367432437.651784,1367432437.640056
1367432437.909851,1367432437.661144
1367432438.005821,1367432437.918908
1367432438.287619,1367432438.021213
1367432438.335632,1367432438.296877
1367432438.340855,1367432438.337729
1367432438.442581,1367432438.349307
1367432438.576679,1367432438.454865
1367432438.746338,1367432438.591314
1367432439.385867,1367432438.76442
1367432439.691217,1367432439.400891
1367432439.7386,1367432439.696415
1367432439.79707,1367432439.74554
1367432440.036313,1367432439.811615
1367432440.159508,1367432440.0497
1367432440.266219,1367432440.170957
1367432440.541022,1367432440.282349
1367432440.678439,1367432440.553453
1367432440.91609,1367432440.698184
1367432441.024923,1367432440.923954
1367432441.235777,1367432441.067337
1367432441.381533,1367432441.248895
1367432441.520787,1367432441.395354
1367432441.685121,1367432441.534916
1367432441.744262,1367432441.691789
1367432441.838858,1367432441.755972
1367432441.845885,1367432441.840794
1367432441.872106,1367432441.850585
1367432441.905729,1367432441.876991
1367432441.947164,1367432441.911898
1367432441.980536,1367432441.952105
1367432442.110435,1367432441.992825
1367432442.210306,1367432442.122322
1367432442.446723,1367432442.22857
1367432442.507723,1367432442.4585
1367432442.578681,1367432442.517269
1367432442.849132,1367432442.592644
1367432443.126905,1367432442.868647
1367432443.262417,1367432443.144089
1367432443.473953,1367432443.277753
1367432443.514582,1367432443.480216
1367432443.518422,1367432443.516531
1367432443.529652,1367432443.520235
1367432443.53344,1367432443.531123
1367432443.727953,1367432443.540941
1367432443.9519,1367432443.743593
1367432443.982152,1367432443.956942
1367432444.070487,1367432443.988992
1367432444.294975,1367432444.08725
1367432444.452258,1367432444.307359
1367432444.575889,1367432444.462992
1367432444.629612,1367432444.582606
1367432444.682221,1367432444.635939
1367432444.726949,1367432444.690578
1367432444.778656,1367432444.732999
1367432445.242424,1367432444.793274
1367432445.272326,1367432445.247953
1367432445.302626,1367432445.277674
1367432445.320184,1367432445.307809
1367432445.435439,1367432445.330416
1367432445.439562,1367432445.437878
1367432445.538066,1367432445.447328
1367432445.862446,1367432445.55853
1367432446.16195,1367432445.883392
1367432446.483965,1367432446.177509
1367432446.591192,1367432446.494363
1367432447.51562,1367432446.609016
1367432447.736081,1367432447.531406
1367432447.997416,1367432447.752003
1367432448.260182,1367432448.014385
1367432448.621547,1367432448.275899
1367432448.938544,1367432448.639636
1367432449.053204,1367432448.949819
1367432449.115596,1367432449.060198
1367432449.268002,1367432449.129455
1367432449.280827,1367432449.276571
1367432449.339202,1367432449.287448
1367432449.525595,1367432449.353372
1367432449.650625,1367432449.536622
1367432450.050721,1367432449.66795
1367432450.230903,1367432450.067181
1367432450.421269,1367432450.243623
1367432450.523511,1367432450.428032
1367432450.594533,1367432450.530986
1367432450.607359,1367432450.597382
1367432451.028932,1367432450.623871
1367432451.186212,1367432451.049078
1367432451.283678,1367432451.19356
1367432451.314411,1367432451.288697
1367432451.445826,1367432451.326418
1367432451.485687,1367432451.464562
1367432451.779135,1367432451.503846
1367432452.19677,1367432451.799103
1367432452.211995,1367432452.200919
1367432452.242436,1367432452.215488
1367432452.471857,1367432452.255784
1367432452.532453,1367432452.480662
1367432452.592861,1367432452.537343
1367432452.644925,1367432452.599184
1367432452.7484,1367432452.655691
1367432453.099462,1367432452.767931
1367432453.391797,1367432453.117966
1367432453.405767,1367432453.395839
1367432453.479601,1367432453.411673
1367432453.486741,1367432453.481621
1367432454.152239,1367432453.502963
1367432454.393594,1367432454.169415
1367432454.603899,1367432454.409256
1367432454.792449,1367432454.617542
1367432454.825698,1367432454.797858
1367432454.996028,1367432454.838913
1367432455.129621,1367432455.008128
1367432455.150173,1367432455.133944
1367432455.457031,1367432455.158329
1367432455.74642,1367432455.473226
1367432456.061586,1367432455.760351
1367432456.221816,1367432456.073136
1367432456.455693,1367432456.234918
1367432456.527058,1367432456.464026
1367432456.588513,1367432456.533723
1367432456.603864,1367432456.592111
1367432456.679583,1367432456.610999
1367432456.905768,1367432456.692245
1367432456.93871,1367432456.909475
1367432456.95849,1367432456.952962
1367432457.093098,1367432456.969064
1367432457.249084,1367432457.105544
1367432457.410449,1367432457.25649
1367432457.532149,1367432457.421681
1367432457.627199,1367432457.543541
1367432457.817133,1367432457.641177
1367432457.964038,1367432457.829811
1367432457.976305,1367432457.967954
1367432458.213749,1367432457.994389
1367432458.262435,1367432458.221152
1367432458.377445,1367432458.274526
1367432458.448747,1367432458.383694
1367432458.486286,1367432458.454184
1367432458.502896,1367432458.49107
1367432458.520294,1367432458.514376
1367432458.619238,1367432458.531906
1367432458.651253,1367432458.630865
1367432458.67985,1367432458.655476
1367432458.900762,1367432458.694234
1367432459.11673,1367432458.917409
1367432459.478669,1367432459.13311
1367432459.630645,1367432459.491317
1367432459.852114,1367432459.646345
1367432459.8691,1367432459.856082
1367432460.043572,1367432459.883592
1367432460.157825,1367432460.054676
1367432460.191045,1367432460.162849
1367432460.365028,1367432460.205918
1367432460.485494,1367432460.377254
1367432460.624571,1367432460.497752
1367432460.712322,1367432460.635303
1367432460.745656,1367432460.716655
1367432460.765929,1367432460.751328
1367432460.907597,1367432460.776561
1367432460.926364,1367432460.924186
1367432461.207843,1367432460.943808
1367432461.242594,1367432461.212806
1367432461.349694,1367432461.251983
1367432461.841167,1367432461.364822
1367432461.846941,1367432461.844732
1367432461.948965,1367432461.8539
1367432462.457263,1367432461.966525
1367432462.534532,1367432462.466708
1367432462.675735,1367432462.544885
1367432462.703676,1367432462.681249
1367432462.717258,1367432462.707563
1367432462.916279,1367432462.731881
1367432463.040862,1367432462.92699
1367432463.063152,1367432463.044962
1367432463.228472,1367432463.075692
1367432463.281978,1367432463.234279
1367432463.447688,1367432463.294711
1367432463.592544,1367432463.461225
1367432463.693567,1367432463.602417
1367432463.948944,1367432463.705278
1367432464.028,1367432463.957554
1367432464.212884,1367432464.042595
1367432464.333226,1367432464.225222
1367432464.376943,1367432464.33952
1367432464.403278,1367432464.394622
1367432464.636705,1367432464.419798
1367432464.811379,1367432464.650365
1367432464.828144,1367432464.825429
1367432465.03149,1367432464.84602
1367432465.22538,1367432465.044661
1367432465.332485,1367432465.235741
1367432465.476032,1367432465.344662
1367432465.664587,1367432465.492162
1367432465.925545,1367432465.679315
1367432466.07653,1367432465.939577
1367432466.283739,1367432466.091855
1367432466.330697,1367432466.29115
1367432466.495146,1367432466.342883
1367432466.522442,1367432466.499824
1367432466.642075,1367432466.53232
1367432466.779039,1367432466.655124
1367432466.886921,1367432466.790142
1367432466.912811,1367432466.891806
1367432467.113228,1367432466.920219
1367432468.710318,1367432467.128299
1367432470.029626,1367432468.721041
1367432470.412347,1367432470.058155
1367432472.121352,1367432470.429532
1367432472.68142,1367432472.132262
1367432472.757229,1367432472.75526
1367432473.813823,1367432472.770718
1367432474.230454,1367432473.819411
1367432474.914585,1367432474.287391
1367432475.690292,1367432474.924916
1367432476.054519,1367432475.69755
1367432476.181501,1367432476.058986
1367432477.239263,1367432476.196566
1367432477.629568,1367432477.249788
1367432477.709458,1367432477.632319
1367432478.524312,1367432477.815338
1367432478.720442,1367432478.528969
1367432479.749994,1367432478.73332
1367432479.969315,1367432479.754733
1367432481.182751,1367432479.979558
1367432482.128153,1367432481.193096
1367432482.140214,1367432482.138871
1367432482.328905,1367432482.145676
1367432482.370215,1367432482.341673
1367432482.554717,1367432482.375558
1367432483.813061,1367432482.56977
1367432484.348762,1367432483.825252
1367432484.494015,1367432484.352924
1367432485.739312,1367432484.506236
1367432486.835854,1367432485.757087
1367432487.592947,1367432486.846181
1367432487.678079,1367432487.673533
1367432487.846601,1367432487.68184
1367432488.204951,1367432487.854626
1367432488.279967,1367432488.209861
1367432488.532384,1367432488.285391
1367432489.433919,1367432488.544276
1367432490.192805,1367432489.446932
1367432491.110266,1367432490.207988
1367432492.218388,1367432491.123586
1367432494.50995,1367432492.232289
1367432495.439618,1367432494.522314
1367432496.147703,1367432495.509158
1367432496.393086,1367432496.152767
1367432497.619429,1367432496.404179
1367432498.029918,1367432497.628064
1367432499.651063,1367432498.045719
1367432501.143721,1367432499.665649
1367432501.848329,1367432501.220069
1367432502.028474,1367432501.913616
1367432503.09116,1367432502.043883
1367432505.101868,1367432503.107702
1367432505.594031,1367432505.12624
1367432506.150072,1367432505.604504
1367432506.15512,1367432506.152807
1367432506.403515,1367432506.160591
1367432507.048465,1367432506.416433
1367432508.394077,1367432507.066451
1367432508.399591,1367432508.397609
1367432509.003246,1367432508.408841
1367432509.190313,1367432509.010235
1367432509.692562,1367432509.200022
1367432509.822839,1367432509.700996
1367432509.829321,1367432509.827406
1367432510.876577,1367432509.843814
1367432510.960778,1367432510.884058
1367432511.050897,1367432510.970906
1367432511.218499,1367432511.063749
1367432511.2364,1367432511.223341
1367432511.396861,1367432511.249378
1367432511.59773,1367432511.413214
1367432511.73538,1367432511.612941
1367432511.930644,1367432511.750781
1367432512.081141,1367432511.941512
1367432512.109858,1367432512.086662
1367432512.114897,1367432512.11186
1367432512.130654,1367432512.118685
1367432512.169385,1367432512.135576
1367432512.208047,1367432512.174664
1367432512.308981,1367432512.218651
1367432512.494452,1367432512.32473
1367432512.512439,1367432512.508796
1367432512.532042,1367432512.516361
1367432512.720655,1367432512.548177
1367432512.859795,1367432512.734526
1367432512.896294,1367432512.865595
1367432513.075114,1367432512.910422
1367432513.135422,1367432513.083591
1367432513.210688,1367432513.141996
1367432513.227431,1367432513.214245
1367432513.237031,1367432513.230081
1367432513.343128,1367432513.247492
1367432513.420078,1367432513.349174
1367432513.464547,1367432513.426746
1367432513.81901,1367432513.479151
1367432513.827755,1367432513.821962
1367432513.858461,1367432513.832753
1367432514.00831,1367432513.872515
1367432514.275299,1367432514.021459
1367432514.28647,1367432514.278148
1367432514.388156,1367432514.297001
1367432514.39981,1367432514.391352
1367432514.406671,1367432514.402423
1367432514.541174,1367432514.419041
1367432514.726968,1367432514.556789
1367432515.19509,1367432514.744349
1367432515.23086,1367432515.202982
1367432515.273421,1367432515.236486
1367432515.297237,1367432515.277467
1367432515.477131,1367432515.311523
1367432515.529252,1367432515.484473
1367432515.759233,1367432515.544757
1367432515.885707,1367432515.773818
1367432516.072029,1367432515.901493
1367432516.20012,1367432516.085912
1367432516.231509,1367432516.204746
1367432516.297213,1367432516.239807
1367432516.46108,1367432516.308993
1367432516.558364,1367432516.471001
1367432516.796779,1367432516.569629
1367432517.292928,1367432516.813711
1367432517.565141,1367432517.300522
1367432518.04486,1367432517.575934
1367432518.534138,1367432518.052806
1367432518.906739,1367432518.54108
1367432519.208885,1367432518.913258
1367432519.285405,1367432519.280878
1367432519.486504,1367432519.291612
1367432520.087349,1367432519.497826
1367432520.461762,1367432520.098696
1367432520.829683,1367432520.468792
1367432522.314173,1367432520.843084
1367432523.268945,1367432522.334282
1367432523.836514,1367432523.279231
1367432524.548799,1367432523.869769
1367432526.914508,1367432524.567153
1367432528.349507,1367432526.929675
1367432528.49187,1367432528.365208
1367432528.8969,1367432528.500312
1367432530.017531,1367432528.911382
1367432530.474763,1367432530.028317
1367432530.700702,1367432530.478887
1367432531.058835,1367432530.707141
1367432532.69441,1367432531.115694
1367432533.423936,1367432532.778838
1367432533.9872,1367432533.43407
1367432534.288013,1367432533.99475
1367432534.446963,1367432534.293025
1367432534.852866,1367432534.45509
1367432536.622279,1367432534.866355
1367432536.685154,1367432536.628672
1367432537.585694,1367432536.694365
1367432538.047739,1367432537.59484
1367432538.53117,1367432538.055712
1367432538.874205,1367432538.537025
1367432538.988334,1367432538.879584
1367432539.46345,1367432538.998378
1367432539.531123,1367432539.467384
1367432540.585338,1367432539.5443
1367432541.29976,1367432540.602418
1367432541.392612,1367432541.303585
1367432542.161264,1367432541.404876
1367432542.640706,1367432542.168167
1367432542.675218,1367432542.672378
1367432542.769312,1367432542.684868
1367432542.777447,1367432542.772767
1367432542.855332,1367432542.786079
1367432543.02966,1367432542.868731
1367432543.035797,1367432543.032645
1367432543.053454,1367432543.039624
1367432543.123822,1367432543.060781
1367432543.235383,1367432543.135013
1367432543.335114,1367432543.246528
1367432543.375683,1367432543.341287
1367432543.395787,1367432543.3795
1367432543.412197,1367432543.399345
1367432543.495335,1367432543.420099
1367432543.890755,1367432543.511916
1367432543.901905,1367432543.89691
1367432544.025057,1367432543.912182
1367432544.290044,1367432544.04217
1367432544.516479,1367432544.307186
1367432544.643941,1367432544.529749
1367432544.691071,1367432544.651162
1367432544.908799,1367432544.707067
1367432545.179027,1367432544.927015
1367432545.326519,1367432545.197374
1367432545.520385,1367432545.34131
1367432545.587807,1367432545.529486
1367432545.873461,1367432545.602825
1367432546.189682,1367432545.890724
1367432546.379495,1367432546.201918
1367432546.413068,1367432546.385829
1367432546.426475,1367432546.416628
1367432546.507192,1367432546.434802
1367432546.686145,1367432546.524441
1367432546.758305,1367432546.694886
1367432546.760765,1367432546.760283
1367432546.824629,1367432546.765866
1367432546.994778,1367432546.838309
1367432547.009533,1367432546.999861
1367432547.196916,1367432547.024798
1367432547.286611,1367432547.2062
1367432547.456669,1367432547.301908
1367432547.621815,1367432547.471342
1367432547.731911,1367432547.63367
1367432547.857983,1367432547.745433
1367432547.87077,1367432547.861561
1367432548.205438,1367432547.888067
1367432548.325677,1367432548.219934
1367432548.425618,1367432548.337447
1367432548.549911,1367432548.440648
1367432548.657071,1367432548.560481
1367432548.681626,1367432548.661783
1367432548.732518,1367432548.688171
1367432548.93761,1367432548.745189
1367432549.045091,1367432548.949675
1367432549.06109,1367432549.051383
1367432549.202149,1367432549.072194
1367432549.268519,1367432549.209383
1367432549.355658,1367432549.278295
1367432549.377604,1367432549.359932
1367432549.51944,1367432549.387279
1367432549.651938,1367432549.531385
1367432549.782173,1367432549.664053
1367432549.79046,1367432549.785818
1367432549.796491,1367432549.794186
1367432549.852752,1367432549.803561
1367432550.022446,1367432549.867013
1367432550.731629,1367432550.035525
1367432550.893525,1367432550.743574
1367432550.935404,1367432550.900623
1367432551.069125,1367432550.945648
1367432551.129451,1367432551.077251
1367432551.297048,1367432551.143637
1367432552.154712,1367432551.318604
1367432553.805901,1367432552.217548
1367432554.945958,1367432553.820733
1367432555.242851,1367432554.953748
1367432556.518663,1367432555.257284
1367432556.596579,1367432556.59302
1367432557.27203,1367432556.604782
1367432557.33853,1367432557.281482
1367432557.694892,1367432557.347107
1367432557.893409,1367432557.699652
1367432558.15952,1367432557.897757
1367432558.263672,1367432558.164509
1367432558.37224,1367432558.275878
1367432558.52822,1367432558.377421
1367432558.766831,1367432558.535028
1367432559.700827,1367432558.838762
1367432559.974897,1367432559.706234
1367432560.299905,1367432559.982193
1367432560.662512,1367432560.307954
1367432561.261203,1367432560.675985
1367432561.404131,1367432561.265298
1367432561.996003,1367432561.414401
1367432562.320694,1367432562.000798
1367432563.304928,1367432562.333292
1367432563.309735,1367432563.308284
1367432563.544817,1367432563.315179
1367432563.830438,1367432563.551691
1367432564.046127,1367432563.836295
1367432565.23072,1367432564.059645
1367432565.260938,1367432565.237522
1367432565.705189,1367432565.268212
1367432565.754456,1367432565.70888
1367432566.006464,1367432565.760422
1367432567.084719,1367432566.023016
1367432567.692201,1367432567.095211
1367432568.011403,1367432567.698658
1367432569.231099,1367432568.044413
1367432569.792022,1367432569.314173
1367432570.799633,1367432569.803876
1367432571.286708,1367432570.807954
1367432571.486653,1367432571.291643
1367432571.589635,1367432571.489493
1367432572.021358,1367432571.59964
1367432572.136547,1367432572.02462
1367432572.233149,1367432572.140648
1367432572.463483,1367432572.239433
1367432573.736798,1367432572.479727
1367432574.565092,1367432573.804603
1367432574.726706,1367432574.56969
1367432575.259073,1367432574.736319
1367432576.155782,1367432575.272219
1367432577.732894,1367432576.183926
1367432579.575025,1367432577.850213
1367432580.160881,1367432579.585692
1367432580.641114,1367432580.172361
1367432580.846879,1367432580.644771
1367432581.188147,1367432580.853813
1367432582.414432,1367432581.263446
1367432583.715262,1367432582.432117
1367432583.785893,1367432583.721549
1367432584.587848,1367432583.799273
1367432584.827219,1367432584.593878
1367432584.854348,1367432584.833431
1367432585.476269,1367432584.86253
1367432587.06087,1367432585.491172
1367432587.894535,1367432587.085579
1367432587.951179,1367432587.903321
1367432588.691332,1367432587.962045
1367432590.227503,1367432588.707539
1367432590.348514,1367432590.234973
1367432591.171764,1367432590.361636
1367432591.472606,1367432591.177858
1367432591.619656,1367432591.478646
1367432592.79222,1367432591.63535
1367432593.680848,1367432592.807457
1367432594.021354,1367432593.689358
1367432594.19681,1367432594.025056
1367432594.206612,1367432594.200994
1367432594.683191,1367432594.275799
1367432595.296099,1367432594.692991
1367432595.420854,1367432595.300205
1367432595.492611,1367432595.42555
1367432595.997722,1367432595.544612
1367432597.09061,1367432596.014985
1367432597.454345,1367432597.102476
1367432597.705644,1367432597.464567
1367432597.802164,1367432597.71602
1367432597.824632,1367432597.819252
1367432597.925008,1367432597.83545
1367432598.006436,1367432597.934541
1367432598.041208,1367432598.012747
1367432598.141101,1367432598.051317
1367432598.314887,1367432598.154928
1367432598.405022,1367432598.324578
1367432598.778112,1367432598.422617
1367432598.790038,1367432598.784904
1367432598.871971,1367432598.798486
1367432598.921415,1367432598.878839
1367432599.143136,1367432598.936961
1367432599.178197,1367432599.149607
1367432599.26249,1367432599.187695
1367432599.283384,1367432599.267267
1367432599.28831,1367432599.286113
1367432599.297828,1367432599.291359
1367432599.319044,1367432599.314763
1367432599.379707,1367432599.327827
1367432599.464192,1367432599.38928
1367432599.559912,1367432599.472639
1367432599.762206,1367432599.570034
1367432599.826083,1367432599.76955
1367432599.876075,1367432599.832953
1367432599.982959,1367432599.887128
1367432600.148711,1367432599.997394
1367432600.905385,1367432600.162523
1367432600.94582,1367432600.912967
1367432601.129057,1367432600.959295
1367432601.402122,1367432601.151233
1367432601.516118,1367432601.415339
1367432602.465317,1367432601.533414
1367432602.479374,1367432602.477016
1367432602.583736,1367432602.488272
1367432602.681882,1367432602.594447
1367432602.780902,1367432602.69228
1367432602.799608,1367432602.785827
1367432602.819947,1367432602.804282
1367432603.059259,1367432602.834554
1367432603.072744,1367432603.063507
1367432603.138153,1367432603.080996
1367432603.146847,1367432603.142039
1367432603.343953,1367432603.163142
1367432603.348334,1367432603.347766
1367432603.983551,1367432603.366574
1367432604.530667,1367432604.06693
1367432605.623678,1367432604.541709
1367432606.268655,1367432605.634878
1367432606.360048,1367432606.274145
1367432607.11218,1367432606.373729
1367432608.077866,1367432607.126308
1367432608.29894,1367432608.083295
1367432608.981169,1367432608.306866
1367432610.814852,1367432608.997568
1367432611.283537,1367432610.825492
1367432611.732311,1367432611.291362
1367432611.739459,1367432611.737308
1367432612.055154,1367432611.746584
1367432612.070308,1367432612.066672
1367432612.174893,1367432612.076825
1367432612.41284,1367432612.223681
1367432612.568929,1367432612.452794
1367432612.820251,1367432612.575062
1367432614.385604,1367432612.834545
1367432614.934877,1367432614.396175
1367432615.130206,1367432614.938332
1367432616.134102,1367432615.144575
1367432617.167643,1367432616.148762
1367432618.123807,1367432617.181028
1367432620.145607,1367432618.139517
1367432621.137996,1367432620.160302
1367432621.970971,1367432621.22198
1367432622.436567,1367432621.977428
1367432624.192594,1367432622.45085
1367432624.274183,1367432624.201307
1367432625.050193,1367432624.288147
1367432625.764914,1367432625.062612
1367432625.862553,1367432625.776775
1367432626.096164,1367432625.880524
1367432626.109407,1367432626.107874
1367432626.31096,1367432626.124421
1367432626.329356,1367432626.317623
1367432626.542225,1367432626.345142
1367432626.759548,1367432626.560283
1367432626.945764,1367432626.776005
1367432626.996003,1367432626.954054
1367432627.007434,1367432627.006207
1367432627.155676,1367432627.019164
1367432627.162063,1367432627.159764
1367432627.382594,1367432627.178263
1367432627.507304,1367432627.394302
1367432627.511987,1367432627.510576
1367432627.988233,1367432627.528269
1367432628.027148,1367432627.996355
1367432628.045107,1367432628.030871
1367432628.716622,1367432628.054978
1367432628.797995,1367432628.72689
1367432628.911485,1367432628.810081
1367432629.338732,1367432628.927292
1367432629.435922,1367432629.350824
1367432629.454277,1367432629.440186
1367432629.478451,1367432629.458757
1367432629.632134,1367432629.48998
1367432629.799263,1367432629.644418
1367432630.280486,1367432629.816173
1367432630.730903,1367432630.297468
1367432630.73756,1367432630.737333
1367432630.836492,1367432630.748142
1367432630.864098,1367432630.842736
1367432631.224107,1367432630.877608
1367432631.338454,1367432631.235963
1367432631.438952,1367432631.346299
1367432631.464283,1367432631.444338
1367432631.603074,1367432631.476421
1367432631.703951,1367432631.615177
1367432631.812014,1367432631.71553
1367432631.874814,1367432631.819938
1367432631.987124,1367432631.885779
1367432632.030246,1367432631.993561
1367432632.054161,1367432632.045961
1367432632.075934,1367432632.061606
1367432632.139502,1367432632.083585
1367432632.400013,1367432632.156324
1367432632.501829,1367432632.412902
1367432632.675319,1367432632.5168
1367432632.769731,1367432632.687186
1367432632.80762,1367432632.776213
1367432633.073233,1367432632.824255
1367432633.093878,1367432633.079576
1367432633.111439,1367432633.109495
1367432633.158826,1367432633.119221
1367432633.188786,1367432633.163483
1367432633.238805,1367432633.196776
1367432633.278795,1367432633.244966
1367432633.509204,1367432633.293808
1367432633.648285,1367432633.522597
1367432633.760237,1367432633.660266
1367432633.87005,1367432633.770761
1367432633.880047,1367432633.875282
1367432633.991168,1367432633.888742
1367432634.169413,1367432634.005788
1367432634.263307,1367432634.178476
1367432634.277009,1367432634.268314
1367432634.34674,1367432634.284927
1367432634.365493,1367432634.351576
1367432634.433825,1367432634.373601
1367432634.613228,1367432634.44655
1367432634.881464,1367432634.62539
1367432635.287601,1367432634.890155
1367432636.634379,1367432635.301821
1367432636.925456,1367432636.643017
1367432637.520186,1367432636.934114
1367432637.569896,1367432637.566243
1367432638.762907,1367432637.583923
1367432639.678349,1367432638.870973
1367432640.58573,1367432639.691895
1367432640.731356,1367432640.629805
1367432642.558468,1367432640.746551
1367432642.977448,1367432642.572955
1367432643.556217,1367432642.991207
1367432644.193257,1367432643.566485
1367432645.704375,1367432644.21036
1367432646.156099,1367432645.711017
1367432647.104981,1367432646.169648
1367432648.543726,1367432647.121642
1367432648.718481,1367432648.601977
1367432648.887046,1367432648.734753
1367432649.730028,1367432648.899585
1367432650.672362,1367432649.743204
1367432650.933404,1367432650.679615
1367432651.883454,1367432650.945284
1367432652.240409,1367432651.890641
1367432652.298095,1367432652.254436
1367432652.312561,1367432652.301487
1367432652.985379,1367432652.32374
1367432653.53797,1367432652.994327
1367432655.261737,1367432653.5539
1367432656.286821,1367432655.369845
1367432656.66138,1367432656.34936
1367432657.142161,1367432656.668302
1367432658.727314,1367432657.158516
1367432658.808201,1367432658.732357
1367432659.706704,1367432658.820409
1367432660.631394,1367432659.822642
1367432661.501613,1367432660.645835
1367432663.442055,1367432661.517555
1367432663.46944,1367432663.460883
1367432664.567466,1367432663.484481
1367432665.332616,1367432664.581254
1367432666.193404,1367432665.345379
1367432666.607114,1367432666.205451
1367432666.796803,1367432666.613022
1367432667.009531,1367432666.802995
1367432667.190865,1367432667.015009
1367432667.295751,1367432667.196444
1367432667.606701,1367432667.303258
1367432668.105561,1367432667.672115
1367432668.987743,1367432668.118635
1367432669.226965,1367432668.994975
1367432669.433016,1367432669.232657
1367432669.53973,1367432669.437224
1367432669.875001,1367432669.545203
1367432670.306833,1367432669.88129
1367432670.82835,1367432670.318232
1367432671.870837,1367432670.846388
1367432672.551564,1367432671.881135
1367432672.876138,1367432672.557842
1367432673.582152,1367432672.886741
1367432674.036705,1367432673.599298
1367432674.253438,1367432674.042889
1367432675.073353,1367432674.263732
1367432675.528731,1367432675.080696
1367432677.089317,1367432675.54341
1367432677.158182,1367432677.106096
1367432678.047514,1367432677.173883
1367432679.244995,1367432678.144404
1367432679.27061,1367432679.248559
1367432679.555922,1367432679.276675
1367432680.491636,1367432679.569834
1367432680.543126,1367432680.496401
1367432680.600211,1367432680.546433
1367432680.984685,1367432680.608814
1367432682.419356,1367432681.001192
1367432682.754857,1367432682.428014
1367432683.123591,1367432682.763499
1367432683.281449,1367432683.19959
1367432683.848921,1367432683.29347
1367432683.967669,1367432683.853964
1367432684.024834,1367432683.971961
1367432684.345508,1367432684.033503
1367432684.82106,1367432684.35462
1367432684.891406,1367432684.827491
1367432685.055759,1367432684.897658
1367432685.183275,1367432685.120321
1367432685.818015,1367432685.195405
1367432685.884541,1367432685.829743
1367432686.680045,1367432685.900103
1367432686.792909,1367432686.691935
1367432686.901496,1367432686.804822
1367432686.940287,1367432686.9081
1367432686.96141,1367432686.958759
1367432687.039909,1367432686.974881
1367432687.367606,1367432687.057489
1367432687.413459,1367432687.374067
1367432687.621635,1367432687.430658
1367432687.693958,1367432687.634236
1367432687.805452,1367432687.703276
1367432688.037385,1367432687.824876
1367432688.077725,1367432688.045768
1367432688.194489,1367432688.090903
1367432688.240894,1367432688.201587
1367432688.299028,1367432688.24884
1367432688.515891,1367432688.316648
1367432689.070029,1367432688.534533
1367432689.275269,1367432689.08123
1367432689.321536,1367432689.282761
1367432689.94411,1367432689.33926
1367432689.953959,1367432689.949317
1367432689.984914,1367432689.9605
1367432690.087354,1367432689.996442
1367432690.109558,1367432690.104632
1367432690.649549,1367432690.127787
1367432690.706567,1367432690.658147
1367432690.757104,1367432690.713979
1367432691.018191,1367432690.779142
1367432691.054116,1367432691.024292
1367432691.253848,1367432691.071913
1367432691.352084,1367432691.265572
1367432691.471887,1367432691.36431
1367432691.588838,1367432691.484087
1367432691.665019,1367432691.599457
1367432691.706975,1367432691.672363
1367432691.770434,1367432691.715177
1367432691.911873,1367432691.782033
1367432691.918557,1367432691.915676
1367432693.827419,1367432691.935794
1367432694.984375,1367432693.845969
1367432695.61857,1367432694.998571
1367432695.948116,1367432695.628819
1367432696.534765,1367432695.95923
1367432696.956068,1367432696.544213
1367432697.008611,1367432696.959666
1367432697.547234,1367432697.020074
1367432697.618602,1367432697.551822
1367432698.55722,1367432697.633582
1367432699.985712,1367432698.591772
1367432702.334998,1367432700.006687
1367432702.491816,1367432702.337899
1367432703.257508,1367432702.504959
1367432703.300894,1367432703.262219
1367432705.167563,1367432703.31703
1367432706.154934,1367432705.181812
1367432706.604135,1367432706.162559
1367432706.997564,1367432706.611358
1367432708.281795,1367432707.014916
1367432708.811333,1367432708.296457
1367432708.876462,1367432708.827192
1367432709.512039,1367432708.888988
1367432710.341824,1367432709.525503
1367432710.581904,1367432710.348207
1367432710.656729,1367432710.586997
1367432711.475606,1367432710.672624
1367432711.504754,1367432711.489661
1367432711.694477,1367432711.511839
1367432711.705504,1367432711.702103
1367432711.870427,1367432711.718427
1367432711.923749,1367432711.878576
1367432712.100276,1367432711.938116
1367432712.152177,1367432712.107974
1367432712.230205,1367432712.161809
1367432712.454318,1367432712.243339
1367432712.620373,1367432712.472225
1367432712.69236,1367432712.628149
1367432712.794096,1367432712.702871
1367432712.867735,1367432712.801823
1367432712.993208,1367432712.878495
1367432713.181553,1367432713.009302
1367432713.258307,1367432713.190597
1367432713.342003,1367432713.269309
1367432713.363096,1367432713.347819
1367432713.486341,1367432713.375805
1367432713.529679,1367432713.493496
1367432713.543742,1367432713.534219
1367432714.146517,1367432713.560612
1367432714.186507,1367432714.153255
1367432714.219224,1367432714.191619
1367432715.149693,1367432714.233517
1367432715.213323,1367432715.160664
1367432715.226253,1367432715.221139
1367432715.271528,1367432715.233264
1367432715.38171,1367432715.282101
1367432715.501848,1367432715.393717
1367432715.54346,1367432715.508889
1367432715.595258,1367432715.551044
1367432715.83442,1367432715.613147
1367432715.892291,1367432715.845189
1367432716.126248,1367432715.903944
1367432716.219286,1367432716.137407
1367432716.36739,1367432716.233276
1367432716.610807,1367432716.383646
1367432716.684628,1367432716.618763
1367432717.079891,1367432716.698294
1367432717.109817,1367432717.088958
1367432717.149229,1367432717.116935
1367432717.26844,1367432717.161985
1367432717.406882,1367432717.281077
1367432717.564417,1367432717.421391
1367432717.700804,1367432717.577486
1367432717.758275,1367432717.710063
1367432717.995136,1367432717.775297
1367432718.013986,1367432718.000868
1367432718.080707,1367432718.022648
1367432718.092296,1367432718.085378
1367432718.237679,1367432718.105246
1367432718.454151,1367432718.254631
1367432718.549463,1367432718.467925
1367432718.585693,1367432718.556272
1367432718.627939,1367432718.591996
1367432718.756304,1367432718.639054
1367432719.041517,1367432718.766539
1367432719.202373,1367432719.057729
1367432719.248073,1367432719.209754
1367432719.560286,1367432719.263799
1367432719.59938,1367432719.568017
1367432719.611713,1367432719.608482
1367432720.044607,1367432719.624426
1367432720.210091,1367432720.048451
1367432720.905931,1367432720.221743
1367432721.237008,1367432720.927062
1367432721.456327,1367432721.244986
1367432722.390374,1367432721.469748
1367432722.743468,1367432722.39922
1367432723.043636,1367432722.751883
1367432723.048075,1367432723.046864
1367432723.161181,1367432723.051135
1367432724.155765,1367432723.17561
1367432724.212375,1367432724.189226
1367432724.216584,1367432724.215388
1367432724.349408,1367432724.280047
1367432724.753051,1367432724.3575
1367432725.393186,1367432724.763706
1367432726.139203,1367432725.404865
1367432726.856919,1367432726.201901
1367432727.311975,1367432726.8671
1367432728.407097,1367432727.326831
1367432728.975872,1367432728.417049
1367432730.00028,1367432728.990508
1367432730.485078,1367432730.010579
1367432731.658661,1367432730.535971
1367432732.348832,1367432731.669342
1367432732.680707,1367432732.355734
1367432732.948948,1367432732.685639
1367432734.829074,1367432732.964548
1367432735.719476,1367432734.845246
1367432736.485574,1367432735.73473
1367432736.998309,1367432736.495225
1367432737.006224,1367432737.00214
1367432737.153552,1367432737.010406
1367432737.161202,1367432737.157025
1367432737.394166,1367432737.166039
1367432737.701656,1367432737.399273
1367432739.335814,1367432737.719051
1367432740.16099,1367432739.345907
1367432741.794264,1367432740.177073
1367432742.865149,1367432741.858883
1367432743.143695,1367432742.873288
1367432743.323746,1367432743.150289
1367432743.63405,1367432743.330987
1367432744.768677,1367432743.649249
1367432745.230584,1367432744.807204
1367432745.250429,1367432745.23625
1367432745.807685,1367432745.259838
1367432746.928974,1367432745.820973
1367432747.517751,1367432746.936563
1367432748.866811,1367432747.531205
1367432749.255128,1367432748.875242
1367432749.923004,1367432749.407436
1367432750.039154,1367432750.012168
1367432750.291811,1367432750.046891
1367432750.691225,1367432750.363481
1367432751.230671,1367432750.703333
1367432752.284652,1367432751.244525
1367432753.079107,1367432752.298073
1367432753.220259,1367432753.085127
1367432753.728232,1367432753.334733
1367432753.836721,1367432753.73232
1367432755.22111,1367432753.851679
1367432756.345972,1367432755.241358
1367432756.425216,1367432756.351203
1367432756.54395,1367432756.429689
1367432757.790529,1367432756.559847
1367432758.42971,1367432757.874053
1367432758.490505,1367432758.433431
1367432758.934716,1367432758.498377
1367432759.353585,1367432758.942683
1367432760.024522,1367432759.412739
1367432760.38809,1367432760.03406
1367432761.194415,1367432760.400131
1367432761.239749,1367432761.21395
1367432762.559878,1367432761.256944
1367432764.038838,1367432762.575301
1367432765.181848,1367432764.150436
1367432765.412867,1367432765.187687
1367432766.304603,1367432765.428576
1367432766.570029,1367432766.312297
1367432767.443227,1367432766.630165
1367432768.056354,1367432767.452532
1367432768.897412,1367432768.072885
1367432770.117833,1367432768.926516
1367432770.575665,1367432770.132954
1367432770.704013,1367432770.582926
1367432770.709528,1367432770.707705
1367432771.370586,1367432770.720496
1367432772.244244,1367432771.435234
1367432772.557315,1367432772.25311
1367432773.553876,1367432772.569447
1367432773.750409,1367432773.564134
1367432773.885067,1367432773.762475
1367432773.989619,1367432773.898583
1367432774.000007,1367432773.997942
1367432774.015018,1367432774.013435
1367432774.041553,1367432774.019888
1367432774.150921,1367432774.052114
1367432774.175403,1367432774.155714
1367432774.604343,1367432774.194692
1367432774.703939,1367432774.612194
1367432774.796305,1367432774.714887
1367432774.968174,1367432774.812085
1367432775.016777,1367432774.977517
1367432775.054783,1367432775.023568
1367432775.158803,1367432775.064973
1367432775.198209,1367432775.167508
1367432775.216931,1367432775.202287
1367432775.324408,1367432775.227647
1367432775.409685,1367432775.333616
1367432775.685868,1367432775.423787
1367432775.720637,1367432775.693334
1367432775.799562,1367432775.728978
1367432775.851864,1367432775.805674
1367432775.891827,1367432775.856612
1367432776.080045,1367432775.906589
1367432776.103575,1367432776.085894
1367432776.228958,1367432776.111856
1367432776.78499,1367432776.257075
1367432776.879673,1367432776.791802
1367432776.932089,1367432776.886754
1367432777.064487,1367432776.943044
1367432777.115196,1367432777.074938
1367432777.202919,1367432777.128793
1367432777.222939,1367432777.20818
1367432777.37182,1367432777.236597
1367432777.447497,1367432777.384938
1367432777.553384,1367432777.459828
1367432777.567675,1367432777.558645
1367432777.69679,1367432777.581559
1367432778.053124,1367432777.719565
1367432778.299513,1367432778.071178
1367432778.592147,1367432778.321664
1367432778.813458,1367432778.606255
1367432779.039312,1367432778.831279
1367432779.05508,1367432779.044107
1367432779.071735,1367432779.070048
1367432779.141697,1367432779.080343
1367432779.439797,1367432779.158777
1367432779.471771,1367432779.463275
1367432779.613905,1367432779.486061
1367432779.775822,1367432779.627427
1367432779.928996,1367432779.794576
1367432780.006552,1367432779.939624
1367432780.02952,1367432780.027304
1367432780.272995,1367432780.046152
1367432780.331132,1367432780.280532
1367432780.445098,1367432780.343144
1367432780.647146,1367432780.460259
1367432780.653009,1367432780.651806
1367432780.761958,1367432780.662661
1367432780.796632,1367432780.768569
1367432781.00692,1367432780.813305
1367432781.188693,1367432781.027343
1367432781.228451,1367432781.193884
1367432781.277792,1367432781.234794
1367432781.359796,1367432781.287013
1367432781.571506,1367432781.375522
1367432781.788475,1367432781.588393
1367432781.846663,1367432781.796379
1367432782.105741,1367432781.864717
1367432782.352718,1367432782.12549
1367432782.417678,1367432782.364773
1367432782.430533,1367432782.421614
1367432782.710213,1367432782.448393
1367432782.90747,1367432782.725614
1367432782.995716,1367432782.917191
1367432783.016618,1367432783.001158
1367432783.211544,1367432783.028182
1367432783.479454,1367432783.229094
1367432783.749581,1367432783.49899
1367432784.014247,1367432783.778073
1367432784.08409,1367432784.023385
1367432784.329914,1367432784.09771
1367432784.398472,1367432784.34
1367432784.596401,1367432784.415019
1367432784.606456,1367432784.600968
1367432784.737119,1367432784.618316
1367432784.840626,1367432784.749203
1367432785.215731,1367432784.855074
1367432785.291725,1367432785.227846
1367432785.412937,1367432785.304776
1367432785.448188,1367432785.419147
1367432785.62036,1367432785.464759
1367432785.808457,1367432785.635937
1367432785.827605,1367432785.814197
1367432786.037829,1367432785.844631
1367432786.19696,1367432786.054483
1367432786.312449,1367432786.210863
1367432786.394517,1367432786.320422
1367432786.455409,1367432786.403274
1367432786.646179,1367432786.473508
1367432786.660762,1367432786.650978
1367432786.668057,1367432786.664662
1367432786.710127,1367432786.675836
1367432786.799494,1367432786.721162
1367432786.850746,1367432786.80808
1367432786.950797,1367432786.862834
1367432787.004163,1367432786.958395
1367432787.139353,1367432787.017486
1367432787.172396,1367432787.145803
1367432787.329046,1367432787.186338
1367432787.334741,1367432787.333525
1367432787.416338,1367432787.343947
1367432787.597517,1367432787.430069
1367432787.639293,1367432787.604577
1367432787.828587,1367432787.656728
1367432787.920727,1367432787.8379
1367432787.934767,1367432787.933205
1367432787.962841,1367432787.941063
1367432787.98213,1367432787.97958
1367432788.061859,1367432787.995444
1367432788.241421,1367432788.077608
1367432788.664444,1367432788.256257
1367432788.708859,1367432788.672412
1367432789.091585,1367432788.72345
1367432789.099299,1367432789.095534
1367432789.246125,1367432789.109986
1367432789.310117,1367432789.254465
1367432789.644588,1367432789.324653
1367432789.688534,1367432789.651739
1367432789.788806,1367432789.697648
1367432789.809495,1367432789.793741
1367432789.924969,1367432789.821684
1367432790.004441,1367432789.936247
1367432790.022765,1367432790.020928
1367432790.23433,1367432790.038781
1367432790.287425,1367432790.243993
1367432791.407588,1367432790.307844
1367432792.059114,1367432791.423711
1367432792.359591,1367432792.067952
1367432792.391913,1367432792.364835
1367432792.819497,1367432792.400052
1367432793.663728,1367432792.834621
1367432794.249914,1367432793.677346
1367432794.57571,1367432794.259326
1367432795.308317,1367432794.589128
1367432795.679322,1367432795.317913
1367432796.550644,1367432795.692182
1367432797.229943,1367432796.562244
1367432797.234962,1367432797.23416
1367432797.81045,1367432797.245892
1367432797.995734,1367432797.935811
1367432799.583944,1367432798.014421
1367432800.522599,1367432799.600624
1367432801.345842,1367432800.551343
1367432802.683294,1367432801.405126
1367432802.91283,1367432802.690268
1367432804.420412,1367432802.92651
1367432805.350534,1367432804.432123
1367432805.586214,1367432805.440517
1367432806.3444,1367432805.602126
1367432807.055405,1367432806.359969
1367432807.10476,1367432807.103517
1367432807.510428,1367432807.111364
1367432807.966635,1367432807.601982
1367432808.010542,1367432807.970765
1367432808.925422,1367432808.024716
1367432809.03184,1367432808.930003
1367432810.152235,1367432809.113711
1367432810.203516,1367432810.179244
1367432810.818206,1367432810.215068
1367432811.159791,1367432810.8255
1367432811.930613,1367432811.175601
1367432812.578907,1367432811.93681
1367432813.830659,1367432812.594852
1367432813.951521,1367432813.837327
1367432814.115338,1367432813.957541
1367432815.172434,1367432814.127646
1367432816.527315,1367432815.207885
1367432817.091079,1367432816.539617
1367432817.436977,1367432817.099677
1367432817.708598,1367432817.444262
1367432817.99185,1367432817.74711
1367432818.317084,1367432818.001255
1367432818.397654,1367432818.322482
1367432818.483256,1367432818.471815
1367432819.175452,1367432818.494895
1367432820.546472,1367432819.283904
1367432822.092675,1367432820.561815
1367432823.841221,1367432822.110854
1367432823.995261,1367432823.863635
1367432825.671836,1367432824.012296
1367432826.838389,1367432825.722439
1367432828.651718,1367432826.856317
1367432829.326867,1367432828.663648
1367432829.338204,1367432829.336205
1367432831.270557,1367432829.353289
1367432831.910576,1367432831.288284
1367432832.727357,1367432831.925366
1367432833.174212,1367432832.736821
1367432834.035772,1367432833.253987
1367432834.606848,1367432834.045593
1367432834.809858,1367432834.613489
1367432836.316251,1367432834.827102
1367432836.524155,1367432836.32358
1367432837.282899,1367432836.539062
1367432837.403535,1367432837.288436
1367432839.577826,1367432837.420833
1367432839.687492,1367432839.584008
1367432840.585959,1367432839.698899
1367432841.779164,1367432840.604358
1367432842.651213,1367432841.793673
1367432844.126349,1367432842.670166
1367432844.781321,1367432844.138918
1367432844.807564,1367432844.787148
1367432845.443649,1367432844.818707
1367432846.032558,1367432845.513514
1367432846.040535,1367432846.037188
1367432847.279637,1367432846.054464
1367432847.589594,1367432847.289373
1367432847.786028,1367432847.597032
1367432848.017392,1367432847.830145
1367432849.196212,1367432848.03627
1367432850.073263,1367432849.213147
1367432850.12879,1367432850.083752
1367432851.008966,1367432850.14545
1367432851.164191,1367432851.014608
1367432851.28262,1367432851.169597
1367432851.850465,1367432851.293321
1367432852.654459,1367432851.86101
1367432853.048612,1367432852.661193
1367432854.260386,1367432853.062666
1367432854.986328,1367432854.273156
1367432855.791104,1367432855.028361
1367432856.62199,1367432855.850605
1367432856.678113,1367432856.627163
1367432856.903397,1367432856.684001
1367432857.258094,1367432856.910716
1367432857.717652,1367432857.361204
1367432857.722836,1367432857.720445
1367432858.066561,1367432857.730621
1367432858.108973,1367432858.076593
1367432858.607642,1367432858.119824
1367432858.709977,1367432858.613802
1367432859.140935,1367432858.717429
1367432860.693226,1367432859.159071
1367432861.006699,1367432860.706605
1367432861.250229,1367432861.016939
1367432861.420366,1367432861.256829
1367432861.930366,1367432861.430377
1367432862.404756,1367432861.942146
1367432863.316718,1367432862.418089
1367432864.073518,1367432863.330078
1367432864.382835,1367432864.117077
1367432864.593626,1367432864.390944
1367432864.830794,1367432864.600541
1367432866.419076,1367432864.848248
1367432866.730565,1367432866.428417
1367432867.490041,1367432866.744637
1367432867.903567,1367432867.500209
1367432868.291899,1367432867.912661
1367432868.371776,1367432868.296063
1367432868.716696,1367432868.38551
1367432868.846349,1367432868.730634
1367432868.95986,1367432868.859814
1367432868.985924,1367432868.96511
1367432869.087783,1367432868.996075
1367432869.145998,1367432869.096537
1367432869.158211,1367432869.156392
1367432869.326201,1367432869.173605
1367432869.463054,1367432869.34022
1367432869.487951,1367432869.468288
1367432869.70813,1367432869.504607
1367432869.726165,1367432869.722522
1367432869.730694,1367432869.730069
1367432869.77296,1367432869.737396
1367432870.685065,1367432869.788964
1367432870.776813,1367432870.698072
1367432870.975712,1367432870.792077
1367432871.216613,1367432870.992342
1367432871.458104,1367432871.239925
1367432871.471049,1367432871.46262
1367432871.61113,1367432871.484932
1367432871.678519,1367432871.620967
1367432871.792475,1367432871.690627
1367432872.00793,1367432871.811274
1367432872.147271,1367432872.022165
1367432872.232653,1367432872.158027
1367432872.321955,1367432872.241551
1367432872.334496,1367432872.32665
1367432872.468398,1367432872.347375
1367432872.596923,1367432872.481608
1367432872.751371,1367432872.613266
1367432873.066913,1367432872.771639
1367432873.173788,1367432873.079885
1367432873.356748,1367432873.189199
1367432873.446754,1367432873.368174
1367432873.606453,1367432873.462407
1367432873.613216,1367432873.610865
1367432873.781527,1367432873.626504
1367432873.787935,1367432873.786144
1367432874.025037,1367432873.803877
1367432874.212829,1367432874.042127
1367432874.302877,1367432874.222608
1367432874.404396,1367432874.314436
1367432874.419638,1367432874.408502
1367432874.428943,1367432874.427783
1367432874.448548,1367432874.433326
1367432874.652245,1367432874.465302
1367432874.742062,1367432874.663241
1367432874.767377,1367432874.749121
1367432874.85573,1367432874.777977
1367432874.864092,1367432874.863112
1367432874.987296,1367432874.875226
1367432875.144531,1367432875.001254
1367432875.160619,1367432875.149352
1367432875.177529,1367432875.176051
1367432875.192493,1367432875.190636
1367432875.379456,1367432875.203863
1367432875.440981,1367432875.387744
1367432875.46879,1367432875.447869
1367432875.500772,1367432875.475109
1367432875.564182,1367432875.509338
1367432875.737937,1367432875.57375
1367432876.144128,1367432875.752811
1367432876.312013,1367432876.159922
1367432876.545218,1367432876.330966
1367432876.626013,1367432876.556889
1367432876.647013,1367432876.643889
1367432876.72979,1367432876.654864
1367432876.860138,1367432876.738547
1367432876.977461,1367432876.872063
1367432877.093862,1367432876.989185
1367432877.307806,1367432877.107478
1367432877.776996,1367432877.323479
1367432877.970702,1367432877.793295
1367432878.072445,1367432877.98106
1367432878.079154,1367432878.078363
1367432878.90215,1367432878.092996
1367432879.007526,1367432878.915179
1367432879.043761,1367432879.014837
1367432879.061914,1367432879.049014
1367432879.076593,1367432879.066806
1367432879.262324,1367432879.091228
1367432879.448753,1367432879.278536
1367432879.573435,1367432879.461162
1367432879.822794,1367432879.587139
1367432880.025673,1367432879.84225
1367432880.062004,1367432880.034057
1367432880.124798,1367432880.069244
1367432880.334802,1367432880.14176
1367432880.383698,1367432880.344037
1367432880.394029,1367432880.387529
1367432880.458888,1367432880.401256
1367432880.471519,1367432880.468823
1367432880.627093,1367432880.483611
1367432880.645569,1367432880.633712
1367432880.815738,1367432880.66093
1367432880.875932,1367432880.824494
1367432881.281936,1367432880.893406
1367432881.591837,1367432881.303037
1367432881.606942,1367432881.604192
1367432882.654764,1367432881.629205
1367432883.242164,1367432882.674135
1367432883.326568,1367432883.255812
1367432883.666118,1367432883.338821
1367432884.407724,1367432883.689616
1367432885.22208,1367432884.43189
1367432885.293574,1367432885.233193
1367432885.458759,1367432885.305694
1367432885.567943,1367432885.473434
1367432886.130046,1367432885.590718
1367432886.741617,1367432886.150234
1367432887.173862,1367432886.757946
1367432888.29989,1367432887.192891
1367432889.81143,1367432888.312533
1367432890.84625,1367432889.877685
1367432890.871416,1367432890.851741
1367432891.384962,1367432890.882493
1367432892.991675,1367432891.401559
1367432893.688306,1367432893.013805
1367432896.035243,1367432893.754562
1367432897.390582,1367432896.144755
1367432898.249015,1367432897.482915
1367432898.567242,1367432898.320303
1367432899.244819,1367432898.711743
1367432900.272189,1367432899.36306
1367432900.980368,1367432900.280854
1367432901.746293,1367432901.057214
1367432902.981089,1367432901.896717
1367432903.633081,1367432903.087854
1367432904.693279,1367432903.754104
1367432908.560267,1367432904.839463
1367432909.819263,1367432908.685664
1367432909.888432,1367432909.825663
1367432911.205901,1367432909.989884
1367432912.195957,1367432911.293367
1367432913.730821,1367432912.296412
1367432916.348116,1367432913.8584
1367432917.200143,1367432916.359072
1367432918.468335,1367432917.214967
1367432918.784268,1367432918.477894
1367432919.128702,1367432918.791711
1367432919.336467,1367432919.134737
1367432919.819949,1367432919.347011
1367432922.143628,1367432919.836714
1367432923.47251,1367432922.206543
1367432923.826893,1367432923.482078
1367432923.892634,1367432923.888548
1367432924.006663,1367432923.897002
1367432924.110921,1367432924.010657
1367432924.178955,1367432924.115764
1367432925.456627,1367432924.194598
1367432925.891507,1367432925.555573
1367432926.833522,1367432925.904184
1367432927.512999,1367432926.88218
1367432927.818003,1367432927.522542
1367432928.346839,1367432927.829746
1367432928.694039,1367432928.355038
1367432929.461308,1367432928.708216
1367432929.557638,1367432929.467282
1367432930.499988,1367432929.569125
1367432931.834325,1367432930.512739
1367432931.91355,1367432931.858538
1367432933.016505,1367432931.925136
1367432933.361022,1367432933.02405
1367432934.381664,1367432933.371865
1367432935.417398,1367432934.396564
1367432936.847866,1367432935.429346
1367432937.319495,1367432936.853523
1367432937.993998,1367432937.33114
1367432938.083955,1367432938.000133
1367432938.508905,1367432938.116142
1367432939.344816,1367432938.522049
1367432939.669677,1367432939.356272
1367432939.744235,1367432939.675218
1367432940.763292,1367432939.760939
1367432940.837154,1367432940.769524
1367432941.392422,1367432940.850834
1367432942.015386,1367432941.435254
1367432943.45309,1367432942.031508
1367432944.118422,1367432943.46158
1367432944.688715,1367432944.128625
1367432944.696314,1367432944.694646
1367432944.761131,1367432944.760574
1367432944.999616,1367432944.767283
1367432945.668919,1367432945.015499
1367432945.741463,1367432945.679163
1367432945.763677,1367432945.746789
1367432945.772227,1367432945.767675
1367432945.908203,1367432945.78368
1367432946.070517,1367432945.924934
1367432946.102015,1367432946.078596
1367432946.152447,1367432946.109921
1367432946.361218,1367432946.173416
1367432946.594861,1367432946.380787
1367432946.713194,1367432946.609164
1367432946.86328,1367432946.728136
1367432946.884451,1367432946.881396
1367432946.989232,1367432946.898228
1367432947.181383,1367432947.007772
1367432947.658734,1367432947.20096
1367432947.666867,1367432947.664522
1367432947.712384,1367432947.675035
1367432947.73094,1367432947.729135
1367432947.749071,1367432947.747461
1367432947.821598,1367432947.759333
1367432947.923377,1367432947.833672
1367432947.938319,1367432947.929026
1367432947.985627,1367432947.946517
1367432948.033442,1367432947.993896
1367432948.151647,1367432948.042843
1367432948.247461,1367432948.158513
1367432948.433419,1367432948.261681
1367432948.536283,1367432948.445983
1367432948.546022,1367432948.544984
1367432948.700527,1367432948.558693
1367432948.728819,1367432948.707289
1367432949.33943,1367432948.746928
1367432949.531977,1367432949.35953
1367432949.774558,1367432949.550228
1367432949.838191,1367432949.785762
1367432949.851196,1367432949.849167
1367432949.861717,1367432949.856723
1367432949.905161,1367432949.869954
1367432950.02394,1367432949.916458
1367432950.036456,1367432950.035211
1367432950.114709,1367432950.046208
1367432950.373612,1367432950.133202
1367432950.687637,1367432950.391778
1367432950.772991,1367432950.700337
1367432950.909435,1367432950.787021
1367432951.006119,1367432950.920286
1367432951.02693,1367432951.021709
1367432951.775501,1367432951.03922
1367432951.791939,1367432951.781153
1367432951.846061,1367432951.799219
1367432952.151553,1367432951.861702
1367432952.276484,1367432952.166432
1367432952.840519,1367432952.294282
1367432952.904603,1367432952.850345
1367432952.927148,1367432952.910493
1367432952.941279,1367432952.932313
1367432952.991975,1367432952.949339
1367432953.141322,1367432953.005922
1367432953.370679,1367432953.159923
1367432953.396355,1367432953.377518
1367432953.402196,1367432953.400766
1367432953.41505,1367432953.40671
1367432953.433371,1367432953.42046
1367432953.797729,1367432953.450918
1367432953.939666,1367432953.81111
1367432954.125181,1367432953.956787
1367432954.170988,1367432954.13355
1367432954.447064,1367432954.189165
1367432954.708555,1367432954.464257
1367432954.725431,1367432954.723772
1367432954.746017,1367432954.743008
1367432954.917212,1367432954.764081
1367432955.035904,1367432954.931063
1367432955.157982,1367432955.049666
1367432955.173086,1367432955.171549
1367432955.266327,1367432955.184391
1367432955.283591,1367432955.282164
1367432955.468797,1367432955.299781
1367432955.485626,1367432955.474127
1367432955.527856,1367432955.491623
1367432955.550908,1367432955.532483
1367432955.617474,1367432955.560147
1367432955.628172,1367432955.623243
1367432955.756383,1367432955.641815
1367432955.847636,1367432955.768202
1367432955.950812,1367432955.859687
1367432956.162014,1367432955.96787
1367432956.204944,1367432956.171062
1367432956.334499,1367432956.21975
1367432956.484442,1367432956.34973
1367432956.61369,1367432956.49947
1367432956.625623,1367432956.62366
1367432956.636367,1367432956.630336
1367432956.735675,1367432956.646943
1367432956.773465,1367432956.742804
1367432957.749148,1367432956.791018
1367432957.926195,1367432957.768868
1367432958.439678,1367432957.945737
1367432958.560068,1367432958.454267
1367432958.628506,1367432958.571909
1367432958.694704,1367432958.639533
1367432958.850396,1367432958.709532
1367432958.883513,1367432958.857742
1367432959.007996,1367432958.899181
1367432959.229394,1367432959.019214
1367432959.263796,1367432959.235708
1367432959.29273,1367432959.269756
1367432959.303749,1367432959.297865
1367432959.520872,1367432959.318862
1367432959.59649,1367432959.532649
1367432959.654608,1367432959.606019
1367432959.757474,1367432959.666203
1367432960.410612,1367432959.772982
1367432961.217322,1367432960.426731
1367432961.694233,1367432961.269923
1367432963.305857,1367432961.92797
1367432963.313107,1367432963.311906
1367432963.597614,1367432963.404369
1367432964.524223,1367432963.696331
1367432964.752623,1367432964.555942
1367432966.725539,1367432964.952074
1367432969.798098,1367432966.946219
1367432970.011925,1367432970.009634
1367432971.163302,1367432970.120212
1367432971.898847,1367432971.283344
1367432972.223047,1367432971.906819
1367432972.943255,1367432972.236098
1367432973.957349,1367432972.956324
1367432974.366757,1367432973.964867
1367432976.459505,1367432974.492861
1367432977.756745,1367432976.607326
1367432980.353829,1367432977.894372
1367432981.752729,1367432980.463266
1367432983.425022,1367432982.022716
1367432983.689445,1367432983.622829
1367432984.176753,1367432983.784784
1367432985.234839,1367432984.366998
1367432985.929747,1367432985.351946
1367432986.150348,1367432985.934754
1367432988.490222,1367432986.236902
1367432991.061843,1367432988.565832
1367432991.906817,1367432991.185207
1367432993.303481,1367432992.02812
1367432993.717367,1367432993.34639
1367432995.784716,1367432993.818277
1367433001.107791,1367432996.007578
1367433003.712062,1367433001.31272
1367433006.006534,1367433003.874814
1367433006.529135,1367433006.014041
1367433006.955957,1367433006.623087
1367433007.593508,1367433007.014286
1367433008.323996,1367433007.652354
1367433008.626736,1367433008.332764
1367433010.50332,1367433008.71369
1367433011.390071,1367433010.712619
1367433012.450438,1367433011.542343
1367433013.101615,1367433012.520196
1367433014.748697,1367433013.223267
1367433016.32035,1367433014.861948
1367433016.722469,1367433016.414677
1367433017.837491,1367433016.735355
1367433019.871822,1367433017.855153
1367433020.797858,1367433019.886921
1367433021.625825,1367433020.815476
1367433021.817969,1367433021.633276
1367433022.944632,1367433021.832839
1367433023.711335,1367433022.96581
1367433023.945535,1367433023.72116
1367433024.724693,1367433023.959423
1367433025.606167,1367433024.740889
1367433025.777493,1367433025.613767
1367433026.024812,1367433025.787515
1367433026.91568,1367433026.042274
1367433026.972223,1367433026.92173
1367433027.103533,1367433026.978527
1367433028.260611,1367433027.118319
1367433029.396875,1367433028.277844
1367433030.12536,1367433029.411718
1367433030.236197,1367433030.13196
1367433030.589036,1367433030.242778
1367433031.522443,1367433030.706519
1367433031.953618,1367433031.532414
1367433032.170825,1367433032.067752
1367433032.764555,1367433032.185563
1367433032.777713,1367433032.770537
1367433033.085911,1367433032.789705
1367433033.137277,1367433033.096854
1367433033.163022,1367433033.144936
1367433033.409881,1367433033.177622
1367433033.455584,1367433033.418814
1367433033.482261,1367433033.460537
1367433033.58545,1367433033.492721
1367433033.666932,1367433033.596183
1367433033.687529,1367433033.673631
1367433033.791084,1367433033.697911
1367433034.029678,1367433033.804912
1367433034.063429,1367433034.039945
1367433034.073031,1367433034.072005
1367433034.113528,1367433034.081397
1367433034.398523,1367433034.129046
1367433034.48323,1367433034.414332
1367433034.61932,1367433034.496498
1367433034.775182,1367433034.629116
1367433034.814892,1367433034.782025
1367433035.120123,1367433034.824677
1367433035.219344,1367433035.13314
1367433035.318728,1367433035.230248
1367433035.565838,1367433035.338619
1367433035.768464,1367433035.585653
1367433035.894266,1367433035.783347
1367433036.118436,1367433035.913505
1367433036.130299,1367433036.128665
1367433036.136615,1367433036.135804
1367433036.179216,1367433036.141989
1367433036.329195,1367433036.193274
1367433036.543338,1367433036.345194
1367433036.607302,1367433036.556322
1367433036.628985,1367433036.613349
1367433036.750816,1367433036.639961
1367433036.931345,1367433036.765275
1367433037.059448,1367433036.946289
1367433037.116016,1367433037.070983
1367433037.255019,1367433037.129449
1367433037.42488,1367433037.269033
1367433037.432538,1367433037.430788
1367433037.509323,1367433037.442433
1367433037.649656,1367433037.522409
1367433037.726117,1367433037.660342
1367433037.875224,1367433037.742787
1367433038.044361,1367433037.893164
1367433038.051182,1367433038.049639
1367433038.226481,1367433038.065344
1367433038.244401,1367433038.232688
1367433038.448446,1367433038.261615
1367433038.547398,1367433038.46181
1367433038.572877,1367433038.554317
1367433038.578752,1367433038.576511
1367433038.60343,1367433038.584783
1367433038.637008,1367433038.608956
1367433038.77178,1367433038.649997
1367433038.832118,1367433038.782377
1367433038.988219,1367433038.844872
1367433039.02746,1367433038.995419
1367433039.081975,1367433039.039641
1367433039.236625,1367433039.096736
1367433039.299463,1367433039.247479
1367433039.392234,1367433039.308723
1367433039.832961,1367433039.409353
1367433040.014544,1367433039.853089
1367433040.252865,1367433040.035053
1367433040.312082,1367433040.263503
1367433040.317392,1367433040.316828
1367433040.371613,1367433040.325306
1367433040.460881,1367433040.381658
1367433040.470882,1367433040.465907
1367433040.515935,1367433040.47706
1367433040.680474,1367433040.533256
1367433040.883425,1367433040.700196
1367433041.034934,1367433040.902405
1367433041.232875,1367433041.054108
1367433041.319125,1367433041.245536
1367433041.415161,1367433041.332106
1367433041.50987,1367433041.427829
1367433041.528121,1367433041.515173
1367433041.722356,1367433041.548357
1367433041.843291,1367433041.736999
1367433041.874651,1367433041.851657
1367433042.011893,1367433041.88879
1367433042.202828,1367433042.028546
1367433042.384651,1367433042.216571
1367433042.654643,1367433042.403081
1367433042.750224,1367433042.670365
1367433042.813636,1367433042.762208
1367433042.826103,1367433042.819728
1367433042.89795,1367433042.836504
1367433042.913989,1367433042.903585
1367433043.061219,1367433042.92795
1367433043.15131,1367433043.073457
1367433043.179237,1367433043.158823
1367433043.193256,1367433043.185761
1367433043.346357,1367433043.208328
1367433043.469634,1367433043.360286
1367433043.638543,1367433043.486553
1367433043.771735,1367433043.64878
1367433044.061399,1367433043.791625
1367433044.274128,1367433044.084778
1367433044.415129,1367433044.291241
1367433044.426478,1367433044.424577
1367433044.468996,1367433044.434946
1367433044.630314,1367433044.488453
1367433044.738598,1367433044.644073
1367433044.865221,1367433044.753602
1367433044.958657,1367433044.876924
1367433045.01193,1367433044.968287
1367433045.231296,1367433045.02882
1367433045.417516,1367433045.250691
1367433045.575928,1367433045.434139
1367433045.589817,1367433045.588567
1367433045.648655,1367433045.600495
1367433045.77243,1367433045.663277
1367433045.906539,1367433045.78756
1367433045.92145,1367433045.913173
1367433046.09146,1367433045.938974
1367433046.265371,1367433046.110019
1367433046.4257,1367433046.281924
1367433046.755151,1367433046.444069
1367433046.894705,1367433046.771229
1367433047.082604,1367433046.913252
1367433047.192384,1367433047.098685
1367433047.212468,1367433047.209488
1367433047.302564,1367433047.225444
1367433047.487308,1367433047.314541
1367433047.579498,1367433047.498324
1367433047.661479,1367433047.589253
1367433047.893937,1367433047.678147
1367433048.734112,1367433047.910347
1367433049.677598,1367433048.752017
1367433050.473293,1367433049.694871
1367433050.60818,1367433050.48217
1367433050.762759,1367433050.616516
1367433051.64546,1367433050.778781
1367433052.115573,1367433051.6587
1367433052.468727,1367433052.124777
1367433053.271135,1367433052.522254
1367433053.453628,1367433053.279255
1367433055.298506,1367433053.468622
1367433055.690954,1367433055.491285
1367433056.443993,1367433055.794568
1367433056.581568,1367433056.579841
1367433059.222122,1367433056.790529
1367433059.337466,1367433059.336791
1367433060.2656,1367433059.447399
1367433062.175908,1367433060.439422
1367433064.150274,1367433062.306596
1367433064.579139,1367433064.192815
1367433064.684477,1367433064.645132
1367433066.529871,1367433064.882301
1367433066.690597,1367433066.536789
1367433067.796601,1367433066.763621
1367433068.722625,1367433067.919898
1367433068.956603,1367433068.731014
1367433069.986895,1367433069.048978
1367433070.516709,1367433070.080701
1367433071.120953,1367433070.599386
1367433071.643222,1367433071.156865
1367433072.412999,1367433071.740243
1367433072.699109,1367433072.421361
1367433074.421342,1367433072.774546
1367433074.654145,1367433074.47724
1367433075.239669,1367433074.684462
1367433077.134566,1367433075.247058
1367433078.175655,1367433077.246108
1367433079.403169,1367433078.191855
1367433084.360543,1367433079.479193
1367433084.5596,1367433084.463905
1367433085.988596,1367433084.625665
1367433086.052914,1367433085.995212
1367433088.071559,1367433086.250917
1367433088.918941,1367433088.178519
1367433090.063858,1367433089.030465
1367433090.289975,1367433090.105084
1367433090.460586,1367433090.295789
1367433090.605874,1367433090.501101
1367433096.137564,1367433090.745486
1367433096.1484,1367433096.147582
1367433096.169757,1367433096.164763
1367433096.66751,1367433096.181534
1367433097.901413,1367433096.685441
1367433099.537016,1367433097.922
1367433099.651796,1367433099.545729
1367433100.94033,1367433099.668925
1367433101.066942,1367433100.9469
1367433101.588715,1367433101.078783
1367433102.271185,1367433101.647693
1367433102.532529,1367433102.281456
1367433102.788906,1367433102.540947
1367433103.437181,1367433102.797415
1367433104.126382,1367433103.448874
1367433104.227474,1367433104.13352
1367433105.023943,1367433104.23664
1367433106.189343,1367433105.041824
1367433107.627485,1367433106.215487
1367433108.292483,1367433107.642218
1367433109.432538,1367433108.310492
1367433109.486643,1367433109.451252
1367433109.789643,1367433109.498128
1367433109.846232,1367433109.795008
1367433110.751582,1367433109.860489
1367433111.368236,1367433110.843714
1367433112.479786,1367433111.385063
1367433112.867348,1367433112.490086
1367433113.572603,1367433112.88027
1367433114.634945,1367433113.589083
1367433115.282809,1367433114.70924
1367433116.146214,1367433115.297567
1367433116.19602,1367433116.16226
1367433116.573631,1367433116.20487
1367433117.256926,1367433116.671409
1367433117.701438,1367433117.268296
1367433118.039341,1367433117.719679
1367433118.424779,1367433118.056503
1367433119.262838,1367433118.443468
1367433119.310518,1367433119.271055
1367433119.397482,1367433119.323685
1367433119.502236,1367433119.409886
1367433119.53149,1367433119.509815
1367433119.602816,1367433119.543535
1367433119.686868,1367433119.615624
1367433119.904772,1367433119.704584
1367433119.913188,1367433119.912276
1367433120.213769,1367433119.932822
1367433120.527187,1367433120.237712
1367433120.541817,1367433120.536042
1367433120.641586,1367433120.55166
1367433120.656104,1367433120.654897
1367433120.73457,1367433120.667852
1367433120.806606,1367433120.744385
1367433120.817444,1367433120.812151
1367433120.883821,1367433120.828028
1367433120.916077,1367433120.893177
1367433121.010046,1367433120.929397
1367433121.212364,1367433121.023853
1367433121.647918,1367433121.230258
1367433121.766156,1367433121.661001
1367433121.964072,1367433121.779541
1367433122.396415,1367433121.981811
1367433122.577417,1367433122.432238
1367433122.726959,1367433122.593166
1367433122.740734,1367433122.734319
1367433122.752272,1367433122.751059
1367433122.906545,1367433122.769173
1367433123.162068,1367433122.924936
1367433123.260285,1367433123.175892
1367433123.409963,1367433123.280246
1367433123.490967,1367433123.421236
1367433123.51327,1367433123.511511
1367433123.686912,1367433123.5314
1367433123.801658,1367433123.701655
1367433123.895474,1367433123.816182
1367433123.987654,1367433123.907585
1367433124.018104,1367433123.995138
1367433124.08299,1367433124.026759
1367433124.135811,1367433124.092403
1367433124.213499,1367433124.148149
1367433124.313189,1367433124.226208
1367433124.532503,1367433124.333022
1367433124.554721,1367433124.539637
1367433124.885189,1367433124.574699
1367433124.98494,1367433124.897912
1367433125.138688,1367433125.002779
1367433125.218413,1367433125.152623
1367433125.273385,1367433125.230165
1367433125.328261,1367433125.284529
1367433125.452522,1367433125.34204
1367433125.596102,1367433125.469226
1367433125.694798,1367433125.609044
1367433125.852545,1367433125.713539
1367433125.955816,1367433125.863316
1367433126.156606,1367433125.976061
1367433126.357463,1367433126.175852
1367433126.508626,1367433126.374718
1367433126.515387,1367433126.514812
1367433126.553974,1367433126.523534
1367433126.685327,1367433126.566214
1367433126.765562,1367433126.696445
1367433127.010714,1367433126.786091
1367433127.210296,1367433127.02792
1367433127.219045,1367433127.217656
1367433127.269057,1367433127.229136
1367433127.316011,1367433127.278114
1367433127.848155,1367433127.333062
1367433128.299738,1367433127.867244
1367433128.517625,1367433128.319476
1367433128.567561,1367433128.52839
1367433128.661913,1367433128.582218
1367433128.683249,1367433128.669201
1367433128.764002,1367433128.694429
1367433128.801128,1367433128.772626
1367433128.828577,1367433128.808792
1367433128.982969,1367433128.842211
1367433129.123999,1367433128.992581
1367433129.148219,1367433129.129294
1367433129.304941,1367433129.165395
1367433129.332971,1367433129.313469
1367433129.611897,1367433129.352218
1367433129.81675,1367433129.631069
1367433129.997974,1367433129.836269
1367433130.012146,1367433130.010994
1367433130.027925,1367433130.018891
1367433130.046194,1367433130.044418
1367433130.157218,1367433130.061575
1367433130.181117,1367433130.178035
1367433130.382273,1367433130.20087
1367433130.533946,1367433130.397767
1367433130.57878,1367433130.554104
1367433130.607988,1367433130.588554
1367433130.793301,1367433130.630604
1367433130.808131,1367433130.806899
1367433130.866385,1367433130.818092
1367433130.890134,1367433130.874142
1367433130.898977,1367433130.897714
1367433130.963107,1367433130.91023
1367433131.089676,1367433130.974633
1367433131.137591,1367433131.099558
1367433131.162125,1367433131.145957
1367433131.401232,1367433131.183199
1367433131.580648,1367433131.419107
1367433131.790669,1367433131.600666
1367433131.879596,1367433131.804232
1367433131.928357,1367433131.889501
1367433132.598281,1367433131.944579
1367433132.723889,1367433132.611073
1367433133.513636,1367433132.740827
1367433133.532274,1367433133.52259
1367433134.013218,1367433133.608877
1367433135.798192,1367433134.116322
1367433137.376806,1367433135.922938
1367433138.912537,1367433137.600618
1367433139.26136,1367433139.01761
1367433140.917409,1367433139.301649
1367433141.437657,1367433141.003917
1367433141.444854,1367433141.444085
1367433141.527009,1367433141.450122
1367433142.371082,1367433141.534623
1367433143.223775,1367433142.434068
1367433143.60309,1367433143.329383
1367433143.896547,1367433143.609362
1367433146.478158,1367433143.960136
1367433149.687487,1367433146.66787
1367433150.323459,1367433149.698779
1367433150.451247,1367433150.44956
1367433151.269606,1367433150.561885
1367433151.862346,1367433151.331244
1367433154.069997,1367433151.987363
1367433154.932749,1367433154.277904
1367433156.222994,1367433155.08147
1367433158.644355,1367433156.40156
1367433158.76123,1367433158.759277
1367433159.679653,1367433158.870665
1367433159.934127,1367433159.686773
1367433168.086698,1367433160.010276
1367433169.196958,1367433168.173484
1367433170.05577,1367433169.354534
1367433172.647034,1367433170.194387
1367433173.116294,1367433172.743727
1367433176.098658,1367433173.195353
1367433176.332729,1367433176.214966
1367433178.945592,1367433176.451099
1367433179.031136,1367433179.028554
1367433179.110532,1367433179.108597
1367433180.135044,1367433179.221319
1367433182.718349,1367433180.300548
1367433184.132663,1367433183.000167
1367433185.710802,1367433184.229898
1367433185.777931,1367433185.716495
1367433185.980749,1367433185.784012
1367433186.119698,1367433186.042778
1367433186.533995,1367433186.131027
1367433186.747989,1367433186.543988
1367433187.392505,1367433186.76016
1367433188.882025,1367433187.407294
1367433189.626735,1367433188.919966
1367433190.223682,1367433189.642345
1367433190.942528,1367433190.238875
1367433191.896466,1367433190.958496
1367433192.598984,1367433191.90847
1367433192.843525,1367433192.607669
1367433192.98808,1367433192.850411
1367433193.380247,1367433193.030253
1367433194.130699,1367433193.393921
1367433195.082678,1367433194.194078
1367433195.094522,1367433195.093164
1367433196.209883,1367433195.110845
1367433197.559655,1367433196.223904
1367433198.679416,1367433197.57434
1367433199.509126,1367433198.694364
1367433199.715862,1367433199.561559
1367433200.640793,1367433199.729378
1367433201.104263,1367433200.653145
1367433201.330819,1367433201.112659
1367433201.451418,1367433201.337052
1367433201.810227,1367433201.459581
1367433202.367388,1367433201.820359
1367433202.771036,1367433202.378157
1367433202.800153,1367433202.779053
1367433202.84065,1367433202.809756
1367433203.112516,1367433202.854987
1367433203.433648,1367433203.134566
1367433203.747536,1367433203.461949
1367433203.803108,1367433203.757579
1367433203.897453,1367433203.814485
1367433204.009308,1367433203.913339
1367433204.232698,1367433204.035199
1367433204.240695,1367433204.237664
1367433204.269671,1367433204.248517
1367433204.508432,1367433204.300551
1367433204.564262,1367433204.520705
1367433204.649752,1367433204.575683
1367433204.87767,1367433204.668603
1367433204.929453,1367433204.888063
1367433205.002051,1367433204.94263
1367433205.452816,1367433205.01765
1367433205.542018,1367433205.467635
1367433205.640354,1367433205.555192
1367433205.715822,1367433205.654451
1367433205.803096,1367433205.727591
1367433205.963772,1367433205.817417
1367433205.986817,1367433205.982807
1367433205.996679,1367433205.993714
1367433206.106432,1367433206.010138
1367433206.168832,1367433206.118903
1367433206.26295,1367433206.182552
1367433206.275333,1367433206.270489
1367433206.505043,1367433206.29321
1367433206.511008,1367433206.510468
1367433206.575408,1367433206.51988
1367433206.620584,1367433206.585734
1367433206.642438,1367433206.640338
1367433206.671573,1367433206.652818
1367433206.71365,1367433206.679626
1367433206.720778,1367433206.717646
1367433206.769951,1367433206.72987
1367433206.814322,1367433206.778247
1367433206.929639,1367433206.827671
1367433206.982746,1367433206.939512
1367433207.203796,1367433206.999216
1367433207.390268,1367433207.222747
1367433207.748067,1367433207.412975
1367433208.125048,1367433207.767661
1367433208.156029,1367433208.135368
1367433208.296438,1367433208.169031
1367433208.458008,1367433208.314467
1367433208.752172,1367433208.478773
1367433208.766146,1367433208.758367
1367433208.888281,1367433208.780015
1367433208.945121,1367433208.899922
1367433209.122291,1367433208.963122
1367433209.441646,1367433209.138122
1367433209.695506,1367433209.461594
1367433209.857252,1367433209.714768
1367433210.071109,1367433209.874828
1367433210.134047,1367433210.082062
1367433210.148159,1367433210.140931
1367433210.191486,1367433210.156706
1367433210.267655,1367433210.201925
1367433210.431881,1367433210.285451
1367433210.808382,1367433210.453568
1367433210.838861,1367433210.832608
1367433211.093906,1367433210.861599
1367433211.192464,1367433211.108705
1367433211.224313,1367433211.199861
1367433211.454781,1367433211.239783
1367433211.759485,1367433211.468266
1367433211.838609,1367433211.772351
1367433211.860751,1367433211.857987
1367433211.914626,1367433211.872271
1367433211.930759,1367433211.92142
1367433212.574697,1367433211.950456
1367433212.718245,1367433212.591228
1367433212.726268,1367433212.722026
1367433212.979985,1367433212.74417
1367433213.052411,1367433212.993061
1367433213.154011,1367433213.065764
1367433213.188304,1367433213.162446
1367433213.279104,1367433213.19831
1367433213.352566,1367433213.290701
1367433213.360576,1367433213.359693
1367433213.474253,1367433213.373298
1367433213.527139,1367433213.483453
1367433213.537173,1367433213.531611
1367433213.65535,1367433213.550838
1367433213.680726,1367433213.664341
1367433213.692129,1367433213.691018
1367433213.864488,1367433213.706927
1367433213.900082,1367433213.872772
1367433213.966584,1367433213.909654
1367433213.990466,1367433213.974072
1367433214.024328,1367433213.998499
1367433214.031942,1367433214.028782
1367433214.14729,1367433214.04245
1367433214.211478,1367433214.159185
1367433214.221124,1367433214.220223
1367433214.231233,1367433214.229992
1367433214.422232,1367433214.2486
1367433214.506497,1367433214.433605
1367433214.671775,1367433214.52262
1367433214.683925,1367433214.681869
1367433214.72263,1367433214.692679
1367433214.773368,1367433214.73293
1367433214.811076,1367433214.782591
1367433214.927036,1367433214.824038
1367433215.119799,1367433214.944143
1367433215.243062,1367433215.136768
1367433215.606106,1367433215.266373
1367433215.710766,1367433215.61924
1367433215.797908,1367433215.723987
1367433215.998427,1367433215.81956
1367433216.727412,1367433216.022385
1367433216.944217,1367433216.757294
1367433217.010101,1367433216.955243
1367433217.318819,1367433217.029805
1367433217.477557,1367433217.337814
1367433217.736103,1367433217.504194
1367433218.701835,1367433217.760237
1367433219.405538,1367433218.721085
1367433219.811883,1367433219.446597
1367433219.96565,1367433219.870755
1367433220.573662,1367433220.064121
1367433221.827764,1367433220.699454
1367433222.408775,1367433222.046484
1367433222.809744,1367433222.443786
1367433222.912595,1367433222.91067
1367433224.047442,1367433223.113538
1367433225.397916,1367433224.282763
1367433225.63594,1367433225.452895
1367433226.900829,1367433225.723651
1367433227.240334,1367433227.095136
1367433229.569499,1367433227.346122
1367433230.577425,1367433229.669303
1367433232.941818,1367433230.694211
1367433233.233757,1367433233.145854
1367433236.061393,1367433233.444089
1367433236.834068,1367433236.269461
1367433237.329287,1367433236.929485
1367433239.211681,1367433237.522671
1367433239.439333,1367433239.220524
1367433240.319828,1367433239.522123
1367433241.135719,1367433240.466428
1367433244.523511,1367433241.318696
1367433246.162678,1367433244.736177
1367433246.562218,1367433246.268336
1367433247.101518,1367433246.628523
1367433247.702223,1367433247.274251
1367433247.887644,1367433247.764809
1367433248.003593,1367433247.903752
1367433248.80223,1367433248.102885
1367433248.906751,1367433248.905401
1367433249.988676,1367433249.015575
1367433250.112052,1367433250.10441
1367433251.026801,1367433250.254939
1367433253.804231,1367433251.382707
1367433255.19837,1367433253.90862
1367433256.712928,1367433255.206714
1367433257.617942,1367433256.825385
1367433257.917272,1367433257.711128
1367433258.384628,1367433257.950505
1367433260.32969,1367433258.448148
1367433262.321823,1367433260.545345
1367433264.511551,1367433262.499138
1367433266.844871,1367433264.628261
1367433266.962394,1367433266.855798
1367433268.081494,1367433267.141435
1367433269.434204,1367433268.19542
1367433271.131521,1367433269.562032
1367433271.207724,1367433271.206282
1367433271.223752,1367433271.22227
1367433271.236301,1367433271.234781
1367433272.363933,1367433271.257461
1367433273.229007,1367433272.38009
1367433275.020426,1367433273.280729
1367433275.915625,1367433275.037512
1367433276.715785,1367433275.931566
1367433276.785503,1367433276.723651
1367433277.657998,1367433276.801655
1367433278.151211,1367433277.689244
1367433278.940563,1367433278.163577
1367433280.238413,1367433278.960638
1367433280.279677,1367433280.25071
1367433280.419321,1367433280.290411
1367433280.425033,1367433280.42443
1367433281.741128,1367433280.440912
1367433281.986332,1367433281.813582
1367433282.540977,1367433282.003967
1367433283.212763,1367433282.560227
1367433284.253135,1367433283.232927
1367433284.367779,1367433284.26419
1367433284.970875,1367433284.382455
1367433285.525554,1367433284.98581
1367433285.739356,1367433285.536866
1367433285.805341,1367433285.749059
1367433286.218659,1367433285.825149
1367433286.711327,1367433286.24937
1367433286.820699,1367433286.728835
1367433287.156558,1367433286.846834
1367433287.314781,1367433287.1741
1367433287.589299,1367433287.342407
1367433287.738098,1367433287.606073
1367433287.900244,1367433287.75554
1367433288.377121,1367433287.920062
1367433288.586227,1367433288.399028
1367433288.751904,1367433288.607093
1367433288.764118,1367433288.763102
1367433288.781971,1367433288.771283
1367433288.872868,1367433288.791803
1367433288.920436,1367433288.88284
1367433288.973885,1367433288.929758
1367433289.168532,1367433288.991314
1367433289.195963,1367433289.178083
1367433289.216876,1367433289.202578
1367433289.289737,1367433289.22782
1367433289.40491,1367433289.307782
1367433289.550267,1367433289.420752
1367433289.70861,1367433289.565959
1367433289.838151,1367433289.72423
1367433289.862142,1367433289.846329
1367433290.084419,1367433289.890986
1367433290.342839,1367433290.106767
1367433290.366874,1367433290.364616
1367433290.451225,1367433290.383295
1367433290.726027,1367433290.476635
1367433290.908886,1367433290.74657
1367433291.018796,1367433290.929739
1367433291.070053,1367433291.029271
1367433291.234622,1367433291.088208
1367433291.263697,1367433291.242611
1367433291.409221,1367433291.278391
1367433291.469161,1367433291.419785
1367433291.537323,1367433291.48312
1367433291.760617,1367433291.560805
1367433291.866658,1367433291.775539
1367433291.932255,1367433291.876322
1367433292.919657,1367433291.951733
1367433292.970505,1367433292.931672
1367433293.061288,1367433292.984701
1367433293.27025,1367433293.080003
1367433293.340913,1367433293.28434
1367433293.544145,1367433293.36108
1367433293.645396,1367433293.557582
1367433293.680802,1367433293.653821
1367433293.732975,1367433293.692554
1367433293.92059,1367433293.751118
1367433294.00745,1367433293.934463
1367433294.034484,1367433294.015303
1367433294.237062,1367433294.052283
1367433294.256823,1367433294.254357
1367433294.271477,1367433294.270213
1367433294.347484,1367433294.280384
1367433294.594785,1367433294.368475
1367433294.607622,1367433294.606392
1367433294.827965,1367433294.627787
1367433294.894282,1367433294.83983
1367433294.90503,1367433294.900939
1367433294.913561,1367433294.912256
1367433294.960834,1367433294.923168
1367433295.147204,1367433294.981835
1367433295.361426,1367433295.168102
1367433295.385163,1367433295.370017
1367433295.402079,1367433295.400626
1367433295.476288,1367433295.414722
1367433295.572366,1367433295.490264
1367433295.672522,1367433295.587553
1367433295.680746,1367433295.67964
1367433295.796267,1367433295.694562
1367433295.874276,1367433295.806702
1367433295.907809,1367433295.883711
1367433295.914134,1367433295.913974
1367433296.021563,1367433295.928176
1367433296.233997,1367433296.037181
1367433296.414931,1367433296.250587
1367433296.954969,1367433296.435491
1367433297.146824,1367433296.969653
1367433297.19633,1367433297.15925
1367433297.321109,1367433297.212745
1367433297.567355,1367433297.342855
1367433297.636192,1367433297.581632
1367433297.663165,1367433297.642646
1367433297.672472,1367433297.671737
1367433297.6887,1367433297.679722
1367433297.75541,1367433297.701489
1367433297.861346,1367433297.769426
1367433297.914055,1367433297.872737
1367433297.933925,1367433297.921933
1367433297.972397,1367433297.942623
1367433297.981032,1367433297.978389
1367433298.030435,1367433297.990042
1367433298.046255,1367433298.044873
1367433298.199385,1367433298.063644
1367433298.213495,1367433298.207538
1367433298.543892,1367433298.22922
1367433298.560631,1367433298.550938
1367433298.566665,1367433298.565977
1367433298.622554,1367433298.574786
1367433298.922515,1367433298.642463
1367433299.141288,1367433298.943551
1367433299.223506,1367433299.155058
1367433299.251523,1367433299.231764
1367433299.353307,1367433299.263152
1367433299.385029,1367433299.36364
1367433299.575154,1367433299.404091
1367433299.599091,1367433299.582797
1367433299.634799,1367433299.606065
1367433299.64972,1367433299.63922
1367433299.686381,1367433299.660261
1367433299.69898,1367433299.694005
1367433299.878417,1367433299.718449
1367433299.921984,1367433299.89094
1367433300.100558,1367433299.935771
1367433300.491054,1367433300.117167
1367433300.702648,1367433300.509382
1367433300.741962,1367433300.712538
1367433303.192791,1367433300.763649
1367433303.974163,1367433303.209382
1367433304.767152,1367433303.993487
1367433305.72549,1367433304.785243
1367433305.739599,1367433305.73747
1367433306.122223,1367433305.750667
1367433306.141682,1367433306.140139
1367433306.347618,1367433306.149435
1367433307.387022,1367433306.362941
1367433308.660437,1367433307.406344
1367433308.675387,1367433308.673769
1367433309.23227,1367433308.686395
1367433309.983111,1367433309.317875
1367433310.646864,1367433310.017426
1367433310.74658,1367433310.656691
1367433310.935478,1367433310.93392
1367433311.904493,1367433311.045349
1367433313.363744,1367433312.028904
1367433315.632345,1367433313.452285
1367433316.343335,1367433315.741913
1367433317.173704,1367433316.440935
1367433318.311203,1367433317.394144
1367433320.70392,1367433318.489078
1367433321.924009,1367433320.939559
1367433323.724298,1367433322.086418
1367433324.866753,1367433323.836257
1367433325.481698,1367433324.877374
1367433326.142778,1367433325.603846
1367433326.709334,1367433326.152127
1367433326.87485,1367433326.717893
1367433328.474807,1367433327.010901
1367433329.33246,1367433328.559362
1367433330.542321,1367433329.516284
1367433332.796179,1367433330.620504
1367433334.065889,1367433332.907887
1367433336.108073,1367433334.20537
1367433336.409612,1367433336.166533
1367433338.194235,1367433336.61703
1367433340.407566,1367433338.335638
1367433340.515956,1367433340.413628
1367433341.462731,1367433340.58928
1367433341.714599,1367433341.473118
1367433342.037644,1367433341.722209
1367433343.190541,1367433342.144478
1367433343.843608,1367433343.272626
1367433346.028317,1367433344.032151
1367433346.596656,1367433346.111364
1367433347.628994,1367433346.719996
1367433348.509544,1367433347.727428
1367433350.116846,1367433348.618246
1367433351.608233,1367433350.306371
1367433351.730002,1367433351.626973
1367433352.391377,1367433351.749925
1367433353.289833,1367433352.405613
1367433354.08752,1367433353.337619
1367433354.771624,1367433354.206529
1367433355.121728,1367433354.78151
1367433355.257943,1367433355.135465
1367433357.080047,1367433355.30281
1367433357.09257,1367433357.091051
