1367432431.955241,1367432428.639224
1367432431.981741,1367432431.960001
1367432432.14261,1367432431.995239
1367432432.177639,1367432432.148098
1367432432.213399,1367432432.18338
1367432432.270507,1367432432.219791
1367432432.429014,1367432432.283992
1367432432.438159,1367432432.431999
1367432432.441781,1367432432.439556
1367432432.769628,1367432432.451545
1367432432.892718,1367432432.780871
1367432432.970808,1367432432.901068
1367432433.003233,1367432432.984647
1367432433.137162,1367432433.015904
1367432433.332464,1367432433.149954
1367432433.389424,1367432433.33994
1367432433.610723,1367432433.40505
1367432433.760118,1367432433.620543
1367432433.933812,1367432433.775387
1367432434.239879,1367432433.950378
1367432434.472782,1367432434.25846
1367432434.708808,1367432434.486628
1367432434.770371,1367432434.717767
1367432434.977642,1367432434.78544
1367432435.021596,1367432434.984297
1367432435.058207,1367432435.026793
1367432435.189117,1367432435.070001
1367432435.263991,1367432435.196914
1367432435.467084,1367432435.279579
1367432435.596444,1367432435.481527
1367432435.641155,1367432435.602378
1367432435.6431,1367432435.642504
1367432435.88408,1367432435.658608
1367432435.94759,1367432435.891583
1367432436.057739,1367432435.958079
1367432436.164251,1367432436.06903
1367432436.264817,1367432436.174477
1367432436.383852,1367432436.272625
1367432436.398921,1367432436.387165
1367432436.421757,1367432436.402211
1367432436.445856,1367432436.42437
1367432436.476358,1367432436.456048
1367432436.564846,1367432436.485218
1367432436.891551,1367432436.578655
1367432436.985833,1367432436.904352
1367432437.034268,1367432436.992809
1367432437.123016,1367432437.043611
1367432437.214505,1367432437.133469
1367432437.249419,1367432437.220841
1367432437.319467,1367432437.257036
1367432437.529618,1367432437.336553
1367432437.534006,1367432437.531351
1367432437.819247,1367432437.548654
1367432437.927574,1367432437.832997
1367432437.960655,1367432437.9329
1367432438.093807,1367432437.970889
1367432438.278903,1367432438.109133
1367432438.304412,1367432438.284075
1367432438.324929,1367432438.308871
1367432438.338812,1367432438.327533
1367432438.348683,1367432438.340983
1367432438.354629,1367432438.350183
1367432438.590978,1367432438.361211
1367432438.598474,1367432438.594013
1367432438.682096,1367432438.607075
1367432438.803203,1367432438.695148
1367432438.82311,1367432438.813646
1367432438.902244,1367432438.831614
1367432438.913481,1367432438.905636
1367432439.086708,1367432438.929556
1367432439.124981,1367432439.0925
1367432439.375346,1367432439.141446
1367432439.432196,1367432439.383214
1367432439.557999,1367432439.443516
1367432439.694221,1367432439.570241
1367432439.704135,1367432439.697683
1367432439.843231,1367432439.713214
1367432439.963401,1367432439.855811
1367432439.97491,1367432439.965655
1367432440.036417,1367432439.981658
1367432440.104502,1367432440.042872
1367432440.138371,1367432440.10959
1367432440.170163,1367432440.143198
1367432440.23778,1367432440.177452
1367432440.294245,1367432440.244445
1367432440.349896,1367432440.300659
1367432440.525967,1367432440.359164
1367432440.717748,1367432440.540699
1367432440.912858,1367432440.727011
1367432440.931454,1367432440.916173
1367432440.974629,1367432440.935997
1367432441.000419,1367432440.976665
1367432441.148076,1367432441.012272
1367432441.167138,1367432441.151303
1367432441.181884,1367432441.170186
1367432441.204495,1367432441.19118
1367432441.286099,1367432441.21109
1367432441.341798,1367432441.292843
1367432441.473148,1367432441.353664
1367432441.554377,1367432441.481153
1367432441.730507,1367432441.573851
1367432441.733186,1367432441.732301
1367432441.745142,1367432441.735522
1367432441.947045,1367432441.758747
1367432441.954373,1367432441.950841
1367432442.010782,1367432441.960382
1367432442.064974,1367432442.016782
1367432442.280569,1367432442.08191
1367432442.373099,1367432442.292046
1367432442.395106,1367432442.377335
1367432442.854345,1367432442.411209
1367432442.959823,1367432442.862795
1367432443.19928,1367432442.977956
1367432443.550273,1367432443.217934
1367432443.769531,1367432443.567876
1367432443.890483,1367432443.782831
1367432443.897599,1367432443.8938
1367432443.950631,1367432443.904919
1367432444.083859,1367432443.963613
1367432444.611159,1367432444.100056
1367432444.810907,1367432444.627584
1367432444.828286,1367432444.815485
1367432445.212888,1367432444.846895
1367432445.313726,1367432445.22464
1367432445.330257,1367432445.317323
1367432445.362625,1367432445.334257
1367432445.626364,1367432445.373894
1367432445.859095,1367432445.646303
1367432445.898401,1367432445.865368
1367432446.163619,1367432445.915968
1367432446.221026,1367432446.172059
1367432446.349385,1367432446.233767
1367432446.69836,1367432446.361202
1367432446.803336,1367432446.707174
1367432447.05252,1367432446.817206
1367432447.168931,1367432447.0734
1367432447.429789,1367432447.188421
1367432447.673834,1367432447.447641
1367432448.0946,1367432447.689927
1367432448.305538,1367432448.110168
1367432448.341524,1367432448.311385
1367432448.471301,1367432448.349427
1367432448.729489,1367432448.488264
1367432448.956047,1367432448.74892
1367432449.098295,1367432448.969088
1367432449.315462,1367432449.115866
1367432449.552078,1367432449.332648
1367432449.663994,1367432449.560369
1367432449.686837,1367432449.671574
1367432449.781316,1367432449.693089
1367432449.937078,1367432449.795009
1367432450.356267,1367432449.951422
1367432450.36783,1367432450.359284
1367432450.457699,1367432450.37433
1367432450.745987,1367432450.475681
1367432451.096361,1367432450.768273
1367432451.106323,1367432451.100048
1367432451.254499,1367432451.120481
1367432451.275546,1367432451.258303
1367432451.369057,1367432451.284807
1367432451.664822,1367432451.385671
1367432451.791853,1367432451.676691
1367432451.945921,1367432451.810888
1367432452.005215,1367432451.952116
1367432452.148474,1367432452.015444
1367432452.452491,1367432452.17246
1367432452.518893,1367432452.463208
1367432452.772795,1367432452.531862
1367432452.884998,1367432452.782355
1367432452.974651,1367432452.895342
1367432452.992516,1367432452.986138
1367432453.26157,1367432453.010883
1367432453.31022,1367432453.268221
1367432453.375154,1367432453.316906
1367432453.469701,1367432453.385229
1367432453.554738,1367432453.47836
1367432453.711776,1367432453.569666
1367432453.717876,1367432453.714384
1367432453.731003,1367432453.72119
1367432453.753935,1367432453.734101
1367432453.829115,1367432453.763603
1367432453.900068,1367432453.837396
1367432453.917587,1367432453.915587
1367432454.317595,1367432453.930228
1367432454.417091,1367432454.326857
1367432454.452261,1367432454.421987
1367432454.674391,1367432454.469817
1367432454.902128,1367432454.691459
1367432454.941529,1367432454.909372
1367432454.960276,1367432454.957843
1367432455.028469,1367432454.967447
1367432455.22586,1367432455.04441
1367432455.37888,1367432455.239997
1367432455.392781,1367432455.389333
1367432455.486477,1367432455.403768
1367432455.663943,1367432455.500694
1367432455.734582,1367432455.672149
1367432455.811502,1367432455.742065
1367432455.980373,1367432455.830973
1367432456.147542,1367432455.991172
1367432456.213529,1367432456.156087
1367432456.221837,1367432456.216388
1367432456.266395,1367432456.227515
1367432456.45467,1367432456.274385
1367432456.646555,1367432456.465752
1367432456.80217,1367432456.660639
1367432457.111273,1367432456.826019
1367432457.12727,1367432457.115159
1367432457.175853,1367432457.134544
1367432457.310516,1367432457.188835
1367432457.458939,1367432457.31908
1367432457.689486,1367432457.475481
1367432457.809335,1367432457.702733
1367432458.031271,1367432457.816084
1367432458.160093,1367432458.042995
1367432458.231814,1367432458.168714
1367432458.312884,1367432458.241371
1367432458.380653,1367432458.320953
1367432458.50048,1367432458.384568
1367432458.574411,1367432458.508924
1367432458.812829,1367432458.588645
1367432458.835776,1367432458.818359
1367432459.03771,1367432458.847205
1367432459.147068,1367432459.048025
1367432459.365202,1367432459.159618
1367432459.505634,1367432459.378677
1367432459.601476,1367432459.516877
1367432459.832666,1367432459.617362
1367432459.967764,1367432459.848498
1367432459.996828,1367432459.971393
1367432460.056153,1367432460.004539
1367432460.212079,1367432460.070714
1367432460.222703,1367432460.214951
1367432460.271226,1367432460.228971
1367432460.529682,1367432460.285209
1367432460.582998,1367432460.53716
1367432460.596534,1367432460.586542
1367432460.598694,1367432460.597943
1367432460.788689,1367432460.611838
1367432460.807128,1367432460.793217
1367432460.967012,1367432460.816679
1367432461.31068,1367432460.98465
1367432461.359305,1367432461.317734
1367432461.45114,1367432461.365491
1367432461.739266,1367432461.508605
1367432462.810363,1367432461.755964
1367432463.111831,1367432462.826892
1367432463.250853,1367432463.12656
1367432463.308256,1367432463.256782
1367432463.365555,1367432463.315433
1367432463.385406,1367432463.369783
1367432463.43335,1367432463.391393
1367432463.516083,1367432463.439636
1367432463.528278,1367432463.520193
1367432463.635799,1367432463.537642
1367432463.772481,1367432463.648487
1367432463.905436,1367432463.784386
1367432464.143988,1367432463.922244
1367432464.208717,1367432464.15244
1367432464.392856,1367432464.222314
1367432464.440675,1367432464.408349
1367432464.516342,1367432464.449643
1367432464.708005,1367432464.530634
1367432464.789424,1367432464.719605
1367432464.824394,1367432464.795198
1367432465.010211,1367432464.84105
1367432465.229079,1367432465.028898
1367432465.24675,1367432465.233071
1367432465.296962,1367432465.252674
1367432465.586589,1367432465.311392
1367432465.598138,1367432465.594135
1367432465.69871,1367432465.60833
1367432465.726136,1367432465.703209
1367432465.762927,1367432465.731404
1367432465.962159,1367432465.778166
1367432466.097432,1367432465.976519
1367432466.234326,1367432466.110515
1367432466.407985,1367432466.250075
1367432466.446148,1367432466.414068
1367432466.636218,1367432466.461118
1367432466.65145,1367432466.645364
1367432468.03863,1367432466.669923
1367432469.053129,1367432468.221674
1367432469.404645,1367432469.059493
1367432470.976508,1367432469.564239
1367432471.781901,1367432470.983143
1367432473.550176,1367432471.993899
1367432473.64315,1367432473.555352
1367432473.776933,1367432473.693585
1367432475.495597,1367432473.892263
1367432475.754144,1367432475.503791
1367432476.427753,1367432475.764863
1367432477.035377,1367432476.546379
1367432477.804439,1367432477.103623
1367432478.099295,1367432477.907209
1367432478.173638,1367432478.103187
1367432479.185316,1367432478.26712
1367432479.349384,1367432479.299261
1367432480.767224,1367432479.421816
1367432481.399076,1367432480.83949
1367432482.258263,1367432481.519418
1367432482.680382,1367432482.314315
1367432483.463407,1367432482.691101
1367432484.41461,1367432483.574678
1367432485.570695,1367432484.533713
1367432485.989594,1367432485.675199
1367432487.325752,1367432486.076593
1367432488.095226,1367432487.434125
1367432488.213134,1367432488.209559
1367432488.551542,1367432488.292495
1367432488.61634,1367432488.55342
1367432488.816953,1367432488.622269
1367432489.582806,1367432488.827832
1367432489.824105,1367432489.61299
1367432494.850178,1367432489.945904
1367432497.182874,1367432494.972147
1367432498.581281,1367432497.291097
1367432501.324586,1367432498.693238
1367432502.733694,1367432501.427232
1367432502.778392,1367432502.74574
1367432502.938254,1367432502.78522
1367432503.255162,1367432502.946912
1367432503.356804,1367432503.257806
1367432503.452428,1367432503.367536
1367432503.906941,1367432503.461609
1367432504.308671,1367432503.926917
1367432504.314233,1367432504.311572
1367432504.390416,1367432504.317604
1367432504.450198,1367432504.448127
1367432505.220339,1367432504.462861
1367432505.557249,1367432505.229356
1367432505.736242,1367432505.563257
1367432506.569178,1367432505.749422
1367432507.177037,1367432506.61711
1367432507.467605,1367432507.181441
1367432508.324412,1367432507.535885
1367432508.885927,1367432508.396161
1367432509.02992,1367432508.892576
1367432509.247171,1367432509.03432
1367432509.560703,1367432509.259923
1367432509.566297,1367432509.565084
1367432509.759466,1367432509.571422
1367432509.901198,1367432509.77235
1367432509.950803,1367432509.908974
1367432509.964531,1367432509.953834
1367432510.132802,1367432509.977417
1367432510.222562,1367432510.144243
1367432510.3238,1367432510.232258
1367432510.336318,1367432510.334071
1367432510.592759,1367432510.353066
1367432510.620265,1367432510.597931
1367432510.632052,1367432510.630068
1367432510.804396,1367432510.645849
1367432511.024035,1367432510.823964
1367432511.170913,1367432511.040131
1367432511.359049,1367432511.184452
1367432511.4218,1367432511.36608
1367432511.440337,1367432511.425809
1367432511.585995,1367432511.453916
1367432511.649323,1367432511.593355
1367432511.662849,1367432511.652916
1367432511.811765,1367432511.668694
1367432511.854664,1367432511.818323
1367432511.986411,1367432511.866721
1367432512.162468,1367432512.002224
1367432512.272294,1367432512.173876
1367432512.354547,1367432512.280016
1367432512.702831,1367432512.368502
1367432512.903336,1367432512.720044
1367432513.066993,1367432512.92046
1367432513.219837,1367432513.081428
1367432513.431941,1367432513.235589
1367432513.531058,1367432513.443272
1367432513.59557,1367432513.538811
1367432513.659572,1367432513.604013
1367432513.673988,1367432513.671757
1367432513.773933,1367432513.68522
1367432513.835914,1367432513.782054
1367432513.996186,1367432513.850173
1367432514.204747,1367432514.012037
1367432514.346923,1367432514.219557
1367432514.493689,1367432514.360827
1367432514.514974,1367432514.49837
1367432514.719632,1367432514.527414
1367432514.874671,1367432514.736469
1367432514.913709,1367432514.880765
1367432514.978472,1367432514.921202
1367432515.008021,1367432514.983086
1367432515.199504,1367432515.022373
1367432515.855605,1367432515.216449
1367432515.913218,1367432515.863391
1367432516.042887,1367432515.920079
1367432516.05739,1367432516.052879
1367432516.104466,1367432516.063118
1367432516.123401,1367432516.119454
1367432516.225155,1367432516.133563
1367432516.421468,1367432516.235044
1367432516.431939,1367432516.42522
1367432516.44086,1367432516.43406
1367432516.674681,1367432516.456021
1367432516.714038,1367432516.680991
1367432517.086748,1367432516.771628
1367432517.537698,1367432517.168079
1367432517.972594,1367432517.547921
1367432519.221396,1367432518.074309
1367432520.064877,1367432519.287946
1367432520.343312,1367432520.144705
1367432521.867562,1367432520.527731
1367432523.082454,1367432521.919554
1367432524.104331,1367432523.185108
1367432524.155142,1367432524.107042
1367432525.890654,1367432524.214869
1367432526.040759,1367432526.039216
1367432526.679852,1367432526.084963
1367432528.210564,1367432526.686866
1367432528.584884,1367432528.250489
1367432530.58477,1367432528.731822
1367432531.834245,1367432530.769196
1367432532.251142,1367432531.841345
1367432532.532566,1367432532.47214
1367432532.670349,1367432532.585174
1367432533.046834,1367432532.751232
1367432533.633051,1367432533.116473
1367432535.237619,1367432533.803738
1367432535.413972,1367432535.310924
1367432536.673931,1367432535.498608
1367432536.792417,1367432536.78166
1367432536.97983,1367432536.79565
1367432538.816138,1367432537.180052
1367432538.890495,1367432538.821653
1367432539.799535,1367432538.904394
1367432539.853526,1367432539.802947
1367432539.859885,1367432539.856172
1367432540.212583,1367432539.866663
1367432540.701345,1367432540.221931
1367432541.321142,1367432540.712713
1367432541.875096,1367432541.332705
1367432541.930448,1367432541.87923
1367432542.119941,1367432541.935335
1367432542.351497,1367432542.124331
1367432542.780735,1367432542.365143
1367432542.787026,1367432542.786025
1367432542.91757,1367432542.799476
1367432543.020871,1367432542.928898
1367432543.163966,1367432543.034037
1367432543.377434,1367432543.181683
1367432543.774028,1367432543.393571
1367432543.779227,1367432543.777959
1367432543.830156,1367432543.784493
1367432543.834171,1367432543.832601
1367432544.11359,1367432543.850681
1367432544.122135,1367432544.118065
1367432544.253165,1367432544.134416
1367432544.257042,1367432544.255984
1367432544.285964,1367432544.262801
1367432544.396462,1367432544.298066
1367432544.415198,1367432544.400429
1367432544.429616,1367432544.417864
1367432544.504235,1367432544.438983
1367432544.51556,1367432544.507455
1367432544.582051,1367432544.520649
1367432544.639766,1367432544.589167
1367432544.733018,1367432544.651037
1367432544.956374,1367432544.751169
1367432544.993599,1367432544.963994
1367432545.007222,1367432544.997715
1367432545.088169,1367432545.016109
1367432545.137257,1367432545.095018
1367432545.210046,1367432545.145396
1367432545.416318,1367432545.219731
1367432545.559013,1367432545.430198
1367432545.716876,1367432545.57163
1367432545.8058,1367432545.728274
1367432546.005694,1367432545.816653
1367432546.013957,1367432546.009314
1367432546.018871,1367432546.017229
1367432546.06464,1367432546.024858
1367432546.575127,1367432546.080843
1367432546.594008,1367432546.579648
1367432546.705232,1367432546.604009
1367432546.887209,1367432546.720388
1367432547.066274,1367432546.904075
1367432547.144595,1367432547.076053
1367432547.272722,1367432547.156288
1367432547.315102,1367432547.279295
1367432547.336527,1367432547.319112
1367432547.478379,1367432547.348827
1367432547.546464,1367432547.487637
1367432547.554332,1367432547.549471
1367432547.607973,1367432547.561854
1367432547.622444,1367432547.61115
1367432547.693829,1367432547.630803
1367432547.926499,1367432547.708838
1367432548.059054,1367432547.938212
1367432548.188203,1367432548.071762
1367432548.205063,1367432548.191897
1367432548.242442,1367432548.212117
1367432548.499891,1367432548.259302
1367432548.559581,1367432548.511539
1367432548.671614,1367432548.565268
1367432548.766573,1367432548.681637
1367432548.787427,1367432548.783351
1367432548.910761,1367432548.80027
1367432549.212451,1367432548.929016
1367432549.326438,1367432549.222945
1367432549.540668,1367432549.343359
1367432549.551086,1367432549.548402
1367432549.566606,1367432549.554632
1367432549.740093,1367432549.580865
1367432549.947939,1367432549.758015
1367432550.156798,1367432549.964726
1367432550.170319,1367432550.169013
1367432550.228609,1367432550.177925
1367432550.415605,1367432550.242127
1367432550.472347,1367432550.424022
1367432550.524938,1367432550.479159
1367432550.558566,1367432550.529906
1367432550.574543,1367432550.561808
1367432550.585527,1367432550.578097
1367432550.773142,1367432550.60458
1367432550.869039,1367432550.785428
1367432550.92732,1367432550.876532
1367432551.056341,1367432550.942827
1367432551.112462,1367432551.064052
1367432551.204762,1367432551.121726
1367432551.227977,1367432551.209207
1367432551.281856,1367432551.23557
1367432551.410324,1367432551.293721
1367432552.829326,1367432551.424106
1367432554.143695,1367432552.943784
1367432554.578513,1367432554.199403
1367432555.530926,1367432554.590098
1367432556.238371,1367432555.650461
1367432557.380649,1367432556.350026
1367432557.528067,1367432557.437435
1367432557.572632,1367432557.530872
1367432558.743429,1367432557.659591
1367432558.854715,1367432558.777274
1367432559.528826,1367432558.864501
1367432559.61632,1367432559.614699
1367432561.166272,1367432559.740373
1367432561.242563,1367432561.173354
1367432561.906807,1367432561.252393
1367432561.97603,1367432561.910429
1367432563.074516,1367432562.086721
1367432563.416082,1367432563.142545
1367432563.936483,1367432563.425784
1367432564.089621,1367432563.939491
1367432564.134556,1367432564.091875
1367432564.356071,1367432564.138505
1367432564.630558,1367432564.361594
1367432565.455933,1367432564.690211
1367432565.933833,1367432565.465415
1367432566.09896,1367432565.963152
1367432566.614014,1367432566.108361
1367432567.018555,1367432566.657971
1367432567.840469,1367432567.104035
1367432569.058437,1367432567.851832
1367432569.716277,1367432569.101712
1367432569.788801,1367432569.721775
1367432570.554944,1367432569.896943
1367432570.858015,1367432570.560673
1367432571.784714,1367432570.956783
1367432572.945487,1367432571.897707
1367432573.271432,1367432573.02187
1367432573.280007,1367432573.274223
1367432573.751963,1367432573.325083
1367432574.03133,1367432573.75882
1367432574.746248,1367432574.10102
1367432576.167768,1367432574.824816
1367432576.885407,1367432576.240509
1367432577.994072,1367432576.940308
1367432578.992494,1367432578.334932
1367432579.09938,1367432578.996046
1367432580.457457,1367432579.258776
1367432581.286604,1367432580.555778
1367432581.379911,1367432581.292096
1367432581.858116,1367432581.424903
1367432584.933584,1367432581.87298
1367432586.670591,1367432585.043773
1367432586.779368,1367432586.778121
1367432587.656098,1367432586.888997
1367432588.875197,1367432587.756477
1367432590.156877,1367432589.023403
1367432590.40486,1367432590.165701
1367432591.160606,1367432590.41749
1367432592.058513,1367432591.177172
1367432592.598321,1367432592.069511
1367432592.854946,1367432592.605958
1367432592.968436,1367432592.859515
1367432593.228123,1367432592.975507
1367432593.477657,1367432593.235762
1367432593.578908,1367432593.482902
1367432594.036554,1367432593.588999
1367432594.306322,1367432594.043251
1367432594.574256,1367432594.312775
1367432594.738133,1367432594.649799
1367432594.973885,1367432594.745109
1367432595.054184,1367432594.977346
1367432595.660279,1367432595.064888
1367432595.915682,1367432595.66727
1367432596.043596,1367432595.921699
1367432596.141666,1367432596.047323
1367432597.09993,1367432596.157911
1367432597.324005,1367432597.106743
1367432597.760483,1367432597.33898
1367432597.899112,1367432597.774249
1367432598.111521,1367432597.915328
1367432598.153885,1367432598.119822
1367432598.295612,1367432598.167683
1367432598.516361,1367432598.311058
1367432598.702913,1367432598.53312
1367432598.708032,1367432598.705889
1367432598.980987,1367432598.72453
1367432599.03896,1367432598.991223
1367432599.05004,1367432599.04301
1367432599.244031,1367432599.065727
1367432599.440981,1367432599.26387
1367432599.528858,1367432599.450518
1367432599.557056,1367432599.534168
1367432599.574074,1367432599.560893
1367432600.531516,1367432599.590886
1367432600.950635,1367432600.550267
1367432601.02202,1367432600.959933
1367432601.30937,1367432601.040284
1367432601.378725,1367432601.31715
1367432601.454177,1367432601.38483
1367432601.627585,1367432601.468433
1367432601.675192,1367432601.636456
1367432601.853363,1367432601.692229
1367432601.866078,1367432601.858854
1367432601.973961,1367432601.877464
1367432602.223256,1367432601.990191
1367432602.327988,1367432602.23876
1367432602.337655,1367432602.331634
1367432602.454026,1367432602.34818
1367432602.463087,1367432602.457645
1367432602.483869,1367432602.467048
1367432602.689918,1367432602.495245
1367432602.696587,1367432602.693146
1367432602.729906,1367432602.701397
1367432602.789241,1367432602.737961
1367432602.991572,1367432602.80455
1367432603.004015,1367432602.996497
1367432603.00844,1367432603.00768
1367432603.021146,1367432603.013877
1367432603.375485,1367432603.031875
1367432603.397226,1367432603.380689
1367432603.508855,1367432603.408988
1367432605.430437,1367432603.52148
1367432606.830728,1367432605.547035
1367432610.243209,1367432606.991137
1367432610.309614,1367432610.247808
1367432610.661653,1367432610.354453
1367432612.017454,1367432610.786424
1367432613.497515,1367432612.131394
1367432614.565619,1367432613.678868
1367432614.688335,1367432614.686839
1367432615.692364,1367432614.799885
1367432623.629339,1367432615.865232
1367432624.12044,1367432623.714851
1367432624.338477,1367432624.184552
1367432624.515495,1367432624.345289
1367432625.096372,1367432624.526384
1367432625.539558,1367432625.110301
1367432625.600715,1367432625.548481
1367432625.664394,1367432625.610209
1367432625.721589,1367432625.673265
1367432625.750296,1367432625.728737
1367432625.806573,1367432625.757396
1367432626.177367,1367432625.822838
1367432626.284273,1367432626.189814
1367432626.600344,1367432626.301516
1367432626.702862,1367432626.613727
1367432626.955989,1367432626.720183
1367432627.0948,1367432626.969823
1367432627.217648,1367432627.104994
1367432627.226567,1367432627.224248
1367432627.379472,1367432627.241563
1367432627.590247,1367432627.396574
1367432627.788958,1367432627.608495
1367432627.892266,1367432627.801167
1367432628.088684,1367432627.907946
1367432628.35701,1367432628.105385
1367432628.938566,1367432628.375481
1367432629.148444,1367432628.956071
1367432629.162895,1367432629.16087
1367432629.365599,1367432629.17841
1367432629.490074,1367432629.374397
1367432629.596248,1367432629.502741
1367432629.718289,1367432629.60872
1367432629.809008,1367432629.729341
1367432629.817497,1367432629.816496
1367432630.063225,1367432629.826425
1367432630.082823,1367432630.069417
1367432630.737827,1367432630.102471
1367432630.851876,1367432630.749593
1367432630.927032,1367432630.861888
1367432631.076771,1367432630.935553
1367432631.174911,1367432631.089717
1367432631.186367,1367432631.17793
1367432631.1962,1367432631.189314
1367432631.26788,1367432631.202405
1367432631.374999,1367432631.279595
1367432631.388451,1367432631.38663
1367432631.396011,1367432631.391784
1367432631.402051,1367432631.401232
1367432631.417304,1367432631.405359
1367432631.432405,1367432631.430774
1367432631.54375,1367432631.44511
1367432631.813424,1367432631.560033
1367432631.827476,1367432631.818499
1367432631.982958,1367432631.841076
1367432632.359834,1367432631.996945
1367432632.49598,1367432632.374221
1367432632.54173,1367432632.503268
1367432632.708034,1367432632.559463
1367432632.837417,1367432632.721649
1367432632.853317,1367432632.842168
1367432632.936334,1367432632.864324
1367432632.985553,1367432632.943945
1367432633.004454,1367432632.990572
1367432633.24712,1367432633.021713
1367432633.534045,1367432633.264325
1367432633.56927,1367432633.540698
1367432633.661889,1367432633.579188
1367432633.744353,1367432633.672172
1367432633.817082,1367432633.75286
1367432633.896178,1367432633.826845
1367432634.061045,1367432633.909392
1367432634.279621,1367432634.077044
1367432634.289852,1367432634.284129
1367432634.307731,1367432634.305357
1367432634.314473,1367432634.311001
1367432634.322842,1367432634.321379
1367432634.333883,1367432634.32526
1367432634.365189,1367432634.338526
1367432634.684538,1367432634.375658
1367432634.76473,1367432634.690163
1367432636.271004,1367432634.825031
1367432637.018987,1367432636.391152
1367432637.169486,1367432637.085061
1367432637.627832,1367432637.241278
1367432639.092374,1367432637.739458
1367432640.003317,1367432639.190716
1367432640.730213,1367432640.08797
1367432641.17065,1367432640.822807
1367432642.210378,1367432641.233073
1367432642.981235,1367432642.261816
1367432643.260361,1367432642.987024
1367432643.318508,1367432643.268096
1367432643.673063,1367432643.32364
1367432646.02535,1367432643.783817
1367432646.870497,1367432646.1238
1367432648.102568,1367432646.982913
1367432648.168078,1367432648.105986
1367432649.218837,1367432648.268933
1367432649.420357,1367432649.22594
1367432650.319896,1367432649.480179
1367432651.638553,1367432650.43282
1367432652.598597,1367432651.7503
1367432652.676825,1367432652.604114
1367432652.743359,1367432652.681279
1367432653.301775,1367432652.849471
1367432654.078825,1367432653.314775
1367432655.237544,1367432654.182908
1367432655.328948,1367432655.267133
1367432657.366314,1367432655.392265
1367432657.457721,1367432657.370234
1367432657.532877,1367432657.462237
1367432657.741164,1367432657.538429
1367432657.778622,1367432657.745303
1367432657.833905,1367432657.829717
1367432657.949772,1367432657.837915
1367432658.025886,1367432657.953209
1367432658.564819,1367432658.106795
1367432659.152817,1367432658.636192
1367432660.172183,1367432659.274846
1367432660.904927,1367432660.279793
1367432661.466537,1367432660.913873
1367432663.115829,1367432661.612754
1367432664.259423,1367432663.228852
1367432664.581386,1367432664.305723
1367432665.652559,1367432664.756866
1367432666.48183,1367432665.774737
1367432666.556813,1367432666.489143
1367432667.181747,1367432666.676192
1367432667.432676,1367432667.188913
1367432669.409545,1367432667.507009
1367432669.864914,1367432669.525678
1367432670.814857,1367432669.87936
1367432671.883956,1367432670.903954
1367432673.298619,1367432672.091567
1367432674.485187,1367432673.43467
1367432675.771053,1367432674.545642
1367432675.982705,1367432675.918525
1367432676.084542,1367432675.986652
1367432676.361265,1367432676.112866
1367432676.607043,1367432676.590147
1367432676.669572,1367432676.666056
1367432676.858095,1367432676.759318
1367432677.970961,1367432676.968248
1367432678.402946,1367432677.979936
1367432678.517239,1367432678.514325
1367432678.787576,1367432678.621322
1367432679.163567,1367432678.797857
1367432680.262811,1367432679.179261
1367432680.361403,1367432680.269842
1367432680.673309,1367432680.370249
1367432680.956478,1367432680.680874
1367432681.996732,1367432680.971668
1367432682.09988,1367432682.003582
1367432682.720049,1367432682.111879
1367432683.062566,1367432682.728314
1367432683.376387,1367432683.107884
1367432684.103964,1367432683.389436
1367432685.348426,1367432684.115738
1367432685.512164,1367432685.375517
1367432685.586974,1367432685.517054
1367432685.865427,1367432685.595238
1367432686.52914,1367432685.974061
1367432686.535051,1367432686.533122
1367432686.578275,1367432686.542548
1367432686.654155,1367432686.586732
1367432686.722671,1367432686.664889
1367432686.787325,1367432686.730245
1367432687.124464,1367432686.804399
1367432687.136975,1367432687.13163
1367432687.281642,1367432687.150724
1367432687.531387,1367432687.298958
1367432687.737302,1367432687.549878
1367432687.794336,1367432687.745192
1367432687.901459,1367432687.804707
1367432688.106129,1367432687.91786
1367432688.136731,1367432688.113879
1367432688.582529,1367432688.153887
1367432688.58999,1367432688.586541
1367432688.74829,1367432688.603143
1367432688.951511,1367432688.764336
1367432689.067628,1367432688.964197
1367432689.249445,1367432689.084318
1367432689.483735,1367432689.263797
1367432689.55271,1367432689.493087
1367432689.614401,1367432689.56137
1367432689.628925,1367432689.618244
1367432689.761148,1367432689.641728
1367432689.773999,1367432689.772735
1367432689.78555,1367432689.784332
1367432690.01239,1367432689.801395
1367432690.106913,1367432690.022577
1367432690.590485,1367432690.118626
1367432691.234698,1367432690.608499
1367432691.240716,1367432691.23891
1367432691.353719,1367432691.252717
1367432691.565108,1367432691.370835
1367432691.802909,1367432691.58177
1367432691.908666,1367432691.806598
1367432691.977145,1367432691.914617
1367432692.328003,1367432691.986301
1367432692.429207,1367432692.332792
1367432692.549046,1367432692.483393
1367432693.580829,1367432692.733136
1367432693.831724,1367432693.636691
1367432695.021824,1367432693.907854
1367432695.567518,1367432695.081985
1367432695.716313,1367432695.574168
1367432696.034962,1367432695.829995
1367432696.349117,1367432696.043485
1367432697.063041,1367432696.362748
1367432697.775811,1367432697.076654
1367432698.189935,1367432697.784182
1367432698.369716,1367432698.267706
1367432698.55789,1367432698.555243
1367432699.496728,1367432698.657477
1367432699.874167,1367432699.575185
1367432702.405624,1367432700.008192
1367432702.527034,1367432702.412307
1367432704.114661,1367432702.633091
1367432704.503677,1367432704.200441
1367432705.925439,1367432704.514828
1367432706.103734,1367432706.038624
1367432707.06425,1367432706.164987
1367432707.268648,1367432707.071171
1367432707.325804,1367432707.273385
1367432707.369503,1367432707.328444
1367432707.924238,1367432707.378686
1367432708.085818,1367432707.945283
1367432708.367978,1367432708.092564
1367432708.42288,1367432708.37151
1367432708.808471,1367432708.4316
1367432709.669324,1367432708.825117
1367432710.631664,1367432709.685675
1367432711.612546,1367432710.650612
1367432711.630309,1367432711.619861
1367432711.668844,1367432711.636757
1367432711.69651,1367432711.674128
1367432712.111068,1367432711.709923
1367432712.307055,1367432712.124859
1367432712.53713,1367432712.322087
1367432712.62247,1367432712.546122
1367432712.672716,1367432712.630339
1367432712.723108,1367432712.680723
1367432712.754592,1367432712.729183
1367432712.789681,1367432712.760176
1367432712.83286,1367432712.795717
1367432712.847152,1367432712.845837
1367432712.965615,1367432712.858987
1367432712.978765,1367432712.968917
1367432713.059076,1367432712.988927
1367432713.074407,1367432713.073023
1367432713.097626,1367432713.079826
1367432713.227494,1367432713.110854
1367432713.384997,1367432713.242018
1367432713.627172,1367432713.402894
1367432714.01737,1367432713.64566
1367432714.334711,1367432714.033623
1367432714.44128,1367432714.346074
1367432714.484258,1367432714.447539
1367432714.50656,1367432714.488413
1367432714.561282,1367432714.513698
1367432714.673715,1367432714.573044
1367432714.733844,1367432714.681853
1367432714.745103,1367432714.737169
1367432714.836893,1367432714.759436
1367432714.968376,1367432714.849977
1367432714.975802,1367432714.972353
1367432715.114803,1367432714.989356
1367432715.25305,1367432715.129012
1367432715.456058,1367432715.268333
1367432715.726277,1367432715.472722
1367432716.326729,1367432715.745619
1367432716.437198,1367432716.339939
1367432716.532958,1367432716.448476
1367432716.549002,1367432716.538128
1367432716.663018,1367432716.559057
1367432716.746978,1367432716.673111
1367432716.867906,1367432716.759162
1367432716.939639,1367432716.878309
1367432716.992853,1367432716.948037
1367432717.0781,1367432717.002072
1367432717.133574,1367432717.086007
1367432717.167769,1367432717.140794
1367432717.23119,1367432717.175907
1367432717.29287,1367432717.240113
1367432718.131346,1367432717.307858
1367432718.208587,1367432718.140936
1367432718.783911,1367432718.227164
1367432718.843552,1367432718.795321
1367432719.065376,1367432718.862152
1367432719.175077,1367432719.077005
1367432719.3357,1367432719.18805
1367432719.351302,1367432719.3405
1367432719.765643,1367432719.36523
1367432720.945942,1367432719.92554
1367432721.010154,1367432720.951184
1367432721.677472,1367432721.06793
1367432722.687709,1367432721.77905
1367432723.693314,1367432722.787795
1367432724.230982,1367432723.704377
1367432725.401443,1367432724.331478
1367432727.59983,1367432725.584659
1367432727.700422,1367432727.693416
1367432727.978869,1367432727.767402
1367432728.268017,1367432727.987012
1367432729.016679,1367432728.277665
1367432729.170889,1367432729.101656
1367432734.491202,1367432729.273582
1367432735.791051,1367432734.703417
1367432735.859512,1367432735.796363
1367432736.191649,1367432735.865947
1367432736.258572,1367432736.256973
1367432737.759082,1367432736.369463
1367432737.877789,1367432737.876056
1367432737.994459,1367432737.881145
1367432740.164288,1367432738.12852
1367432740.242779,1367432740.169407
1367432740.934698,1367432740.32574
1367432741.058485,1367432741.055824
1367432741.350124,1367432741.149781
1367432742.256492,1367432741.363003
1367432742.331004,1367432742.260815
1367432743.544657,1367432742.370466
1367432743.67468,1367432743.5986
1367432743.745438,1367432743.67832
1367432745.433557,1367432743.832516
1367432747.266879,1367432745.575034
1367432748.561705,1367432747.474914
1367432748.856267,1367432748.690346
1367432749.552813,1367432748.912057
1367432750.608318,1367432749.676793
1367432750.998259,1367432750.677608
1367432751.126614,1367432751.003667
1367432751.481272,1367432751.156074
1367432752.30754,1367432751.589945
1367432752.523466,1367432752.373642
1367432752.969426,1367432752.629388
1367432753.09194,1367432752.974128
1367432753.273713,1367432753.145679
1367432754.463453,1367432753.287907
1367432755.943391,1367432754.687525
1367432756.714489,1367432756.017285
1367432757.32613,1367432756.932414
1367432758.252296,1367432757.436378
1367432758.367823,1367432758.255992
1367432758.859993,1367432758.37407
1367432758.931228,1367432758.864278
1367432759.234615,1367432758.937715
1367432759.677717,1367432759.303822
1367432760.323132,1367432759.728404
1367432765.724053,1367432760.424401
1367432766.869418,1367432765.743074
1367432767.276,1367432766.880855
1367432767.638773,1367432767.283509
1367432767.715819,1367432767.643813
1367432767.80433,1367432767.718811
1367432767.886311,1367432767.809548
1367432768.67782,1367432767.90151
1367432768.740784,1367432768.695684
1367432769.273207,1367432768.752675
1367432769.669974,1367432769.286551
1367432770.093489,1367432769.682567
1367432770.933282,1367432770.108816
1367432771.034434,1367432770.939797
1367432771.29811,1367432771.041834
1367432771.652464,1367432771.308442
1367432771.782205,1367432771.66133
1367432773.329923,1367432771.802588
1367432773.544055,1367432773.344285
1367432773.61059,1367432773.550078
1367432773.625961,1367432773.624701
1367432773.657355,1367432773.633687
1367432773.843579,1367432773.671766
1367432773.95252,1367432773.859377
1367432774.018288,1367432773.96287
1367432774.334405,1367432774.039241
1367432774.35184,1367432774.341469
1367432774.566471,1367432774.363528
1367432774.595843,1367432774.592955
1367432774.614862,1367432774.600101
1367432774.807245,1367432774.632011
1367432774.875918,1367432774.817471
1367432774.960041,1367432774.888487
1367432775.706229,1367432774.979184
1367432775.722365,1367432775.719871
1367432775.76526,1367432775.729986
1367432775.769501,1367432775.769197
1367432775.922546,1367432775.785508
1367432776.082357,1367432775.965576
1367432776.292896,1367432776.09757
1367432776.400735,1367432776.30485
1367432776.424559,1367432776.406034
1367432776.59498,1367432776.471781
1367432777.040933,1367432776.616518
1367432777.390235,1367432777.060083
1367432777.644692,1367432777.410675
1367432777.863703,1367432777.66326
1367432777.870157,1367432777.868486
1367432777.966185,1367432777.880178
1367432777.971451,1367432777.969949
1367432778.198832,1367432777.985751
1367432778.206336,1367432778.204725
1367432778.285177,1367432778.213732
1367432778.353665,1367432778.290698
1367432778.501433,1367432778.363505
1367432778.534247,1367432778.506769
1367432778.585364,1367432778.540445
1367432778.614952,1367432778.591889
1367432778.665946,1367432778.622121
1367432778.915166,1367432778.684603
1367432779.265923,1367432778.935178
1367432779.306511,1367432779.274471
1367432779.375521,1367432779.314553
1367432779.389082,1367432779.387432
1367432779.503569,1367432779.402128
1367432779.996125,1367432779.520111
1367432780.205652,1367432780.006116
1367432780.240528,1367432780.21661
1367432780.260058,1367432780.246956
1367432780.488378,1367432780.271228
1367432780.574004,1367432780.499877
1367432780.683632,1367432780.586855
1367432780.691949,1367432780.687958
1367432780.730784,1367432780.698433
1367432781.054776,1367432780.749709
1367432781.158769,1367432781.067023
1367432781.166195,1367432781.163793
1367432781.291028,1367432781.177751
1367432781.387041,1367432781.301802
1367432781.405347,1367432781.39348
1367432781.49722,1367432781.422272
1367432781.515991,1367432781.502455
1367432781.577302,1367432781.524008
1367432781.698716,1367432781.593683
1367432781.713916,1367432781.7041
1367432782.007654,1367432781.737105
1367432782.108037,1367432782.025405
1367432782.185166,1367432782.117045
1367432782.2452,1367432782.193704
1367432782.288264,1367432782.251448
1367432782.353621,1367432782.29532
1367432782.497954,1367432782.367558
1367432782.553489,1367432782.505969
1367432782.807043,1367432782.576424
1367432783.015263,1367432782.822441
1367432783.235091,1367432783.035725
1367432783.249266,1367432783.24254
1367432783.273104,1367432783.269116
1367432783.359289,1367432783.288908
1367432783.624923,1367432783.368985
1367432783.711324,1367432783.632899
1367432783.801278,1367432783.723327
1367432784.06025,1367432783.822445
1367432784.421056,1367432784.076799
1367432784.454639,1367432784.430215
1367432784.54052,1367432784.465781
1367432784.603371,1367432784.551126
1367432784.669626,1367432784.612913
1367432784.847361,1367432784.685203
1367432784.919681,1367432784.859241
1367432784.936027,1367432784.924844
1367432784.963936,1367432784.941637
1367432785.175015,1367432784.979915
1367432785.975403,1367432785.190767
1367432786.155412,1367432785.992666
1367432786.318637,1367432786.170832
1367432786.330546,1367432786.323413
1367432786.395949,1367432786.339457
1367432787.213268,1367432786.41001
1367432787.246981,1367432787.219281
1367432787.445888,1367432787.26257
1367432787.58861,1367432787.458819
1367432787.660695,1367432787.599122
1367432787.871033,1367432787.67817
1367432787.909949,1367432787.879438
1367432787.93908,1367432787.915725
1367432788.136126,1367432787.955207
1367432788.152344,1367432788.141443
1367432788.166397,1367432788.164663
1367432788.188696,1367432788.171534
1367432788.207914,1367432788.193903
1367432788.285361,1367432788.216865
1367432788.300776,1367432788.298445
1367432788.528516,1367432788.316281
1367432788.566736,1367432788.535234
1367432788.612433,1367432788.574308
1367432788.719116,1367432788.625045
1367432788.727889,1367432788.723566
1367432788.732949,1367432788.730182
1367432788.844689,1367432788.74257
1367432788.923304,1367432788.856061
1367432789.01372,1367432788.934437
1367432789.030443,1367432789.020687
1367432789.508723,1367432789.048123
1367432789.534933,1367432789.514799
1367432789.736054,1367432789.549111
1367432789.826974,1367432789.747293
1367432789.913163,1367432789.837895
1367432790.105888,1367432789.927099
1367432790.131858,1367432790.11098
1367432790.24066,1367432790.141958
1367432790.292771,1367432790.247485
1367432790.538134,1367432790.309152
1367432790.688956,1367432790.553018
1367432790.983924,1367432790.699912
1367432792.095814,1367432791.086341
1367432793.463429,1367432792.244892
1367432793.832981,1367432793.570285
1367432794.377006,1367432793.905498
1367432794.587539,1367432794.586055
1367432794.677419,1367432794.590622
1367432795.852238,1367432794.801274
1367432796.467343,1367432795.887732
1367432797.067919,1367432796.587506
1367432797.543985,1367432797.138926
1367432798.48667,1367432797.556472
1367432799.89314,1367432798.552436
1367432800.095089,1367432799.981405
1367432800.980337,1367432800.170541
1367432801.304651,1367432800.987764
1367432803.013134,1367432801.429717
1367432804.410423,1367432803.159134
1367432804.883857,1367432804.417614
1367432806.09978,1367432804.986606
1367432807.251613,1367432806.114741
1367432808.35369,1367432807.361136
1367432808.952482,1367432808.475016
1367432810.355771,1367432809.032367
1367432812.155715,1367432810.48317
1367432813.02868,1367432812.253926
1367432813.216894,1367432813.143607
1367432814.727066,1367432813.405495
1367432815.922424,1367432814.816466
1367432817.446496,1367432816.085993
1367432822.156085,1367432817.655327
1367432823.097314,1367432822.268645
1367432825.592604,1367432823.32167
1367432826.941772,1367432825.801171
1367432827.376676,1367432826.951622
1367432828.696468,1367432827.461421
1367432828.897011,1367432828.702406
1367432829.146121,1367432828.940207
1367432829.414252,1367432829.200693
1367432830.05443,1367432829.534439
1367432831.230585,1367432830.106243
1367432832.194251,1367432831.353662
1367432833.005574,1367432832.206122
1367432833.986697,1367432833.116842
1367432836.068498,1367432834.122951
1367432837.300432,1367432836.170358
1367432839.083932,1367432837.426373
1367432839.832292,1367432839.148982
1367432840.340298,1367432839.917089
1367432840.345599,1367432840.34508
1367432842.64157,1367432840.521204
1367432843.494526,1367432842.753079
1367432844.216711,1367432843.562718
1367432844.53971,1367432844.333046
1367432844.967967,1367432844.644309
1367432845.07033,1367432844.971633
1367432845.873506,1367432845.081565
1367432847.057588,1367432846.021647
1367432847.13479,1367432847.10072
1367432848.38643,1367432847.248438
1367432849.833144,1367432848.576431
1367432850.771011,1367432849.958823
1367432851.60688,1367432850.918283
1367432852.519133,1367432851.690975
1367432853.651889,1367432852.64832
1367432853.998819,1367432853.756398
1367432854.486184,1367432854.069494
1367432855.662248,1367432854.583095
1367432856.427422,1367432855.783952
1367432858.198327,1367432856.542156
1367432858.278343,1367432858.276021
1367432859.364329,1367432858.368232
1367432859.862487,1367432859.422993
1367432860.769948,1367432859.938155
1367432860.831384,1367432860.824528
1367432860.913028,1367432860.911632
1367432861.313523,1367432861.006643
1367432861.68981,1367432861.323404
1367432862.674966,1367432861.750997
1367432862.894085,1367432862.789448
1367432862.993161,1367432862.90282
1367432863.253372,1367432863.000152
1367432864.805344,1367432863.477111
1367432865.248126,1367432864.815442
1367432866.488591,1367432865.369655
1367432867.115642,1367432866.504076
1367432867.578436,1367432867.127532
1367432867.830207,1367432867.666105
1367432868.483307,1367432867.846431
1367432868.64521,1367432868.501138
1367432869.568362,1367432868.665658
1367432869.891887,1367432869.584064
1367432869.9464,1367432869.900925
1367432869.979506,1367432869.952071
1367432870.001256,1367432869.985986
1367432870.33318,1367432870.018362
1367432870.616297,1367432870.348376
1367432870.634414,1367432870.633101
1367432870.86218,1367432870.652723
1367432871.100436,1367432870.879435
1367432871.253813,1367432871.117271
1367432871.28402,1367432871.261137
1367432871.359304,1367432871.293563
1367432871.368187,1367432871.367136
1367432871.413103,1367432871.375595
1367432871.433354,1367432871.419598
1367432871.527336,1367432871.444381
1367432871.539312,1367432871.53175
1367432871.810165,1367432871.555229
1367432871.887325,1367432871.821561
1367432871.956974,1367432871.896302
1367432871.96257,1367432871.960877
1367432871.965992,1367432871.965127
1367432872.044396,1367432871.975408
1367432872.08046,1367432872.050094
1367432872.165908,1367432872.091422
1367432872.281792,1367432872.179077
1367432872.441359,1367432872.297538
1367432872.465639,1367432872.447309
1367432872.471163,1367432872.46829
1367432872.66842,1367432872.484064
1367432872.687652,1367432872.685376
1367432872.890214,1367432872.702439
1367432872.927373,1367432872.897194
1367432872.945324,1367432872.931163
1367432873.078675,1367432872.958024
1367432873.276478,1367432873.095629
1367432873.447911,1367432873.294005
1367432873.483906,1367432873.455785
1367432873.659371,1367432873.499278
1367432873.86867,1367432873.679583
1367432873.885474,1367432873.874312
1367432873.892913,1367432873.888563
1367432874.00216,1367432873.904556
1367432874.071258,1367432874.011156
1367432874.080007,1367432874.07913
1367432874.124541,1367432874.088265
1367432874.147824,1367432874.129643
1367432874.212181,1367432874.156127
1367432874.249824,1367432874.218759
1367432874.301381,1367432874.258541
1367432874.308345,1367432874.304556
1367432874.447709,1367432874.321171
1367432874.465089,1367432874.463706
1367432874.618429,1367432874.476946
1367432874.877088,1367432874.630775
1367432875.26996,1367432874.893306
1367432875.311736,1367432875.277933
1367432875.453815,1367432875.326013
1367432875.598977,1367432875.467779
1367432875.730778,1367432875.614293
1367432875.93297,1367432875.746619
1367432875.943948,1367432875.939189
1367432875.955668,1367432875.954803
1367432875.999209,1367432875.96127
1367432876.016794,1367432876.003048
1367432876.028612,1367432876.027333
1367432876.139839,1367432876.039513
1367432876.151299,1367432876.150292
1367432876.165475,1367432876.155364
1367432876.241632,1367432876.173449
1367432876.247359,1367432876.244932
1367432876.526249,1367432876.258615
1367432876.568456,1367432876.533894
1367432876.683532,1367432876.580011
1367432876.807631,1367432876.696378
1367432876.858894,1367432876.815056
1367432876.962498,1367432876.870167
1367432877.004192,1367432876.971205
1367432877.146796,1367432877.018404
1367432877.232257,1367432877.158197
1367432877.245249,1367432877.244005
1367432877.447495,1367432877.260755
1367432877.707664,1367432877.464315
1367432877.893123,1367432877.723147
1367432877.926581,1367432877.900939
1367432877.988023,1367432877.936744
1367432878.116959,1367432878.001297
1367432878.125351,1367432878.12432
1367432878.173098,1367432878.132257
1367432878.247958,1367432878.181861
1367432878.285792,1367432878.254339
1367432878.373173,1367432878.296777
1367432878.39774,1367432878.379967
1367432878.514871,1367432878.410099
1367432878.814162,1367432878.531695
1367432878.88128,1367432878.823775
1367432879.112611,1367432878.898302
1367432879.199938,1367432879.123586
1367432879.211387,1367432879.20486
1367432879.267094,1367432879.218685
1367432879.444508,1367432879.2847
1367432879.669195,1367432879.463361
1367432879.685517,1367432879.675837
1367432879.721742,1367432879.691271
1367432879.73599,1367432879.732736
1367432879.999305,1367432879.754313
1367432880.00745,1367432880.004221
1367432880.02015,1367432880.018815
1367432880.161995,1367432880.033842
1367432880.375339,1367432880.183386
1367432880.61912,1367432880.395613
1367432880.975415,1367432880.641781
1367432881.3782,1367432880.996487
1367432881.971292,1367432881.388214
1367432882.5611,1367432881.990789
1367432882.574581,1367432882.572416
1367432883.751611,1367432882.597466
1367432883.770184,1367432883.768468
1367432884.214492,1367432883.790131
1367432884.22978,1367432884.228201
1367432884.655307,1367432884.244222
1367432885.252162,1367432884.673311
1367432885.513736,1367432885.268495
1367432886.026284,1367432885.528345
1367432886.641183,1367432886.038035
1367432889.414388,1367432886.6519
1367432889.563761,1367432889.558023
1367432890.170082,1367432889.666536
1367432890.696217,1367432890.179809
1367432891.717985,1367432890.795725
1367432892.641277,1367432891.863827
1367432892.770703,1367432892.647287
1367432894.626041,1367432892.844216
1367432897.865907,1367432894.751893
1367432899.804297,1367432897.944957
1367432901.13856,1367432899.926289
1367432901.749162,1367432901.269731
1367432901.90017,1367432901.82432
1367432903.306237,1367432901.988269
1367432903.73298,1367432903.312545
1367432904.257898,1367432903.777302
1367432905.21328,1367432904.374768
1367432908.004661,1367432905.325229
1367432908.785185,1367432908.120576
1367432909.699732,1367432908.797782
1367432909.816204,1367432909.704503
1367432911.456158,1367432909.868256
1367432911.811742,1367432911.464998
1367432911.856948,1367432911.855698
1367432912.702768,1367432911.954394
1367432913.951702,1367432912.886141
1367432914.333224,1367432914.04506
1367432915.425892,1367432914.403339
1367432916.14213,1367432915.543003
1367432917.424377,1367432916.263544
1367432918.880034,1367432917.5859
1367432919.694665,1367432918.893346
1367432922.072161,1367432919.709614
1367432922.769388,1367432922.246868
1367432923.65632,1367432922.784371
1367432924.350418,1367432923.764975
1367432925.309038,1367432924.459818
1367432926.746379,1367432925.42221
1367432927.646022,1367432926.858359
1367432928.368119,1367432927.656406
1367432928.452319,1367432928.372956
1367432928.681565,1367432928.458967
1367432929.39595,1367432928.790343
1367432931.26725,1367432929.546018
1367432932.492099,1367432931.340753
1367432933.63268,1367432932.59988
1367432933.803184,1367432933.63777
1367432935.173766,1367432933.817223
1367432936.955965,1367432935.184493
1367432938.44568,1367432937.179611
1367432939.44931,1367432938.543907
1367432939.855012,1367432939.459056
1367432939.919844,1367432939.85942
1367432940.164795,1367432939.92749
1367432941.343671,1367432940.181014
1367432942.278436,1367432941.36402
1367432943.192982,1367432942.290694
1367432944.00524,1367432943.204259
1367432944.64075,1367432944.017068
1367432944.995222,1367432944.651471
1367432945.114534,1367432945.067853
1367432945.42449,1367432945.124908
1367432945.428863,1367432945.428296
1367432945.632593,1367432945.445814
1367432945.860368,1367432945.652261
1367432945.905137,1367432945.868554
1367432945.986122,1367432945.91741
1367432946.134205,1367432946.000472
1367432946.223984,1367432946.146226
1367432946.335854,1367432946.234629
1367432946.425743,1367432946.347586
1367432946.453529,1367432946.431636
1367432946.675451,1367432946.469423
1367432946.865442,1367432946.693232
1367432947.009748,1367432946.877455
1367432947.088068,1367432947.02
1367432947.097377,1367432947.092358
1367432947.158401,1367432947.104696
1367432947.319698,1367432947.173326
1367432947.378688,1367432947.329627
1367432947.454048,1367432947.385579
1367432947.468367,1367432947.459371
1367432947.561793,1367432947.48265
1367432947.822907,1367432947.576249
1367432947.836414,1367432947.829459
1367432948.067027,1367432947.850479
1367432948.088605,1367432948.086555
1367432948.528494,1367432948.108543
1367432948.621091,1367432948.541572
1367432948.643515,1367432948.627352
1367432948.71622,1367432948.653536
1367432948.858633,1367432948.731275
1367432948.888696,1367432948.865982
1367432949.134466,1367432948.908791
1367432949.307061,1367432949.148916
1367432949.413946,1367432949.321155
1367432949.561861,1367432949.427856
1367432949.624087,1367432949.571655
1367432949.643373,1367432949.629953
1367432949.664283,1367432949.649625
1367432949.673986,1367432949.672802
1367432949.896824,1367432949.689173
1367432949.944415,1367432949.905744
1367432950.063716,1367432949.957759
1367432950.21963,1367432950.076771
1367432950.457884,1367432950.2401
1367432950.644342,1367432950.480337
1367432950.755961,1367432950.659443
1367432950.961986,1367432950.774174
1367432951.108951,1367432950.978487
1367432951.284721,1367432951.125633
1367432951.533108,1367432951.299518
1367432951.634906,1367432951.548451
1367432951.675231,1367432951.643527
1367432951.903473,1367432951.694222
1367432951.976989,1367432951.917953
1367432952.10984,1367432951.991657
1367432952.491592,1367432952.125088
1367432952.515786,1367432952.498316
1367432952.576051,1367432952.524906
1367432952.592271,1367432952.590867
1367432952.697273,1367432952.604421
1367432952.877376,1367432952.713362
1367432952.910561,1367432952.885398
1367432953.062168,1367432952.924545
1367432953.140963,1367432953.071053
1367432953.187167,1367432953.147093
1367432953.215544,1367432953.192992
1367432953.315812,1367432953.227562
1367432953.324,1367432953.320728
1367432953.421508,1367432953.335133
1367432953.619643,1367432953.438323
1367432953.802647,1367432953.63882
1367432953.871677,1367432953.813629
1367432953.959187,1367432953.883252
1367432953.965018,1367432953.963627
1367432953.977175,1367432953.968011
1367432954.014168,1367432953.982632
1367432954.170658,1367432954.028197
1367432954.178607,1367432954.174847
1367432954.188398,1367432954.18195
1367432954.405664,1367432954.203848
1367432954.641721,1367432954.425258
1367432954.831219,1367432954.655939
1367432954.884496,1367432954.841037
1367432954.915468,1367432954.892338
1367432955.042645,1367432954.929737
1367432955.214128,1367432955.05951
1367432955.225828,1367432955.224401
1367432955.251518,1367432955.231673
1367432955.273888,1367432955.257734
1367432955.320058,1367432955.281051
1367432955.388762,1367432955.330471
1367432955.407263,1367432955.404525
1367432955.621685,1367432955.425876
1367432955.705733,1367432955.635844
1367432955.915606,1367432955.724164
1367432956.028513,1367432955.931172
1367432956.041293,1367432956.033467
1367432956.088708,1367432956.049441
1367432956.421515,1367432956.104301
1367432956.432747,1367432956.430194
1367432956.581505,1367432956.447255
1367432956.828448,1367432956.593459
1367432956.950103,1367432956.841683
1367432957.0097,1367432956.958561
1367432957.193056,1367432957.025653
1367432957.236053,1367432957.202064
1367432957.291198,1367432957.245402
1367432957.625421,1367432957.309746
1367432958.465721,1367432957.645851
1367432958.513837,1367432958.476205
1367432958.650591,1367432958.528794
1367432958.703714,1367432958.660364
1367432958.917907,1367432958.721907
1367432959.054206,1367432958.933438
1367432959.068088,1367432959.059013
1367432959.155041,1367432959.078715
1367432959.264477,1367432959.168944
1367432959.373848,1367432959.27667
1367432959.446886,1367432959.383343
1367432959.540173,1367432959.459964
1367432959.552664,1367432959.545789
1367432959.642391,1367432959.560145
1367432959.721409,1367432959.646568
1367432960.846396,1367432959.7381
1367432961.095526,1367432960.864079
1367432961.116546,1367432961.113112
1367432961.315468,1367432961.127961
1367432962.242788,1367432961.330905
1367432963.558752,1367432962.258927
1367432963.638324,1367432963.56542
1367432963.8052,1367432963.644552
1367432963.854455,1367432963.809007
1367432963.995712,1367432963.860741
1367432964.443523,1367432964.006916
1367432964.972942,1367432964.509847
1367432964.978588,1367432964.978016
1367432964.995292,1367432964.99362
1367432965.821255,1367432965.007585
1367432965.950829,1367432965.865328
1367432966.13549,1367432965.958424
1367432967.308898,1367432966.153089
1367432967.381284,1367432967.315363
1367432968.873172,1367432967.421284
1367432970.054717,1367432968.985245
1367432970.685497,1367432970.066307
1367432971.459352,1367432970.697272
1367432971.53764,1367432971.464308
1367432972.188774,1367432971.54913
1367432973.173386,1367432972.302063
1367432973.805828,1367432973.241073
1367432974.640051,1367432973.916331
1367432974.646712,1367432974.645888
1367432975.574612,1367432974.743493
1367432977.620846,1367432975.83029
1367432978.23274,1367432977.674974
1367432978.792509,1367432978.351522
1367432978.800014,1367432978.798643
1367432978.983114,1367432978.804494
1367432979.664762,1367432978.990551
1367432981.368283,1367432979.78881
1367432982.380309,1367432981.404054
1367432982.595672,1367432982.494654
1367432983.976248,1367432982.656615
1367432984.63479,1367432984.048657
1367432985.334598,1367432984.692702
1367432985.421948,1367432985.366041
1367432986.903654,1367432985.432407
1367432989.2815,1367432987.014137
1367432990.015345,1367432989.36702
1367432990.123292,1367432990.021004
1367432991.070068,1367432990.134577
1367432992.790062,1367432991.142934
1367432993.013101,1367432992.873118
1367432994.790064,1367432993.102023
1367432996.910264,1367432994.899103
1367432997.611811,1367432997.02642
1367433000.197464,1367432997.835016
1367433000.615558,1367433000.206049
1367433006.287005,1367433000.691319
1367433006.990978,1367433006.394605
1367433007.008725,1367433007.008524
1367433009.29414,1367433007.158186
1367433009.566675,1367433009.410538
1367433009.792124,1367433009.570573
1367433011.533119,1367433009.917395
1367433012.094118,1367433011.556358
1367433012.271452,1367433012.197533
1367433012.382394,1367433012.27725
1367433013.140733,1367433012.394328
1367433014.738392,1367433013.277768
1367433014.863135,1367433014.744439
1367433016.488212,1367433014.9532
1367433019.46493,1367433016.651127
1367433020.093881,1367433019.551265
1367433021.279939,1367433020.230407
1367433022.417815,1367433021.388789
1367433022.797337,1367433022.534823
1367433022.854252,1367433022.805181
1367433024.352459,1367433022.970447
1367433024.975301,1367433024.364284
1367433025.544991,1367433024.992722
1367433026.278909,1367433025.557951
1367433026.36777,1367433026.289506
1367433026.802562,1367433026.43845
1367433027.319206,1367433026.814174
1367433028.406589,1367433027.336651
1367433028.935943,1367433028.420486
1367433029.995071,1367433029.013966
1367433030.215281,1367433030.005116
1367433030.464227,1367433030.222702
1367433030.570176,1367433030.469011
1367433031.366991,1367433030.581587
1367433031.598501,1367433031.373163
1367433032.160859,1367433031.607667
1367433032.435238,1367433032.170141
1367433032.539573,1367433032.445569
1367433032.633793,1367433032.550094
1367433032.663837,1367433032.641377
1367433032.787067,1367433032.678074
1367433032.839135,1367433032.795348
1367433032.988271,1367433032.849203
1367433033.06349,1367433032.998659
1367433033.234132,1367433033.078157
1367433033.260331,1367433033.240786
1367433033.358521,1367433033.272113
1367433033.517747,1367433033.373876
1367433033.523793,1367433033.522288
1367433033.670691,1367433033.538352
1367433033.80498,1367433033.686318
1367433033.949008,1367433033.822305
1367433033.958705,1367433033.954242
1367433034.373819,1367433033.977222
1367433034.68131,1367433034.387039
1367433034.687082,1367433034.686419
1367433034.768235,1367433034.696472
1367433035.006751,1367433034.78461
1367433035.035591,1367433035.01467
1367433035.093974,1367433035.044478
1367433035.152678,1367433035.102864
1367433035.162803,1367433035.159118
1367433035.219311,1367433035.169918
1367433035.259734,1367433035.226475
1367433035.301741,1367433035.266136
1367433035.345785,1367433035.309301
1367433035.466994,1367433035.361062
1367433035.695715,1367433035.486066
1367433035.776815,1367433035.708606
1367433035.88999,1367433035.790094
1367433036.105585,1367433035.906351
1367433036.238313,1367433036.122536
1367433036.2753,1367433036.246523
1367433036.383812,1367433036.284322
1367433036.554452,1367433036.395123
1367433036.637798,1367433036.565863
1367433036.719048,1367433036.648742
1367433036.795483,1367433036.729231
1367433036.807788,1367433036.799074
1367433036.885655,1367433036.818554
1367433036.979914,1367433036.897202
1367433037.177816,1367433036.997546
1367433037.184353,1367433037.183592
1367433037.197213,1367433037.188435
1367433037.202719,1367433037.201579
1367433037.351001,1367433037.21197
1367433037.472026,1367433037.365496
1367433037.804071,1367433037.486065
1367433037.937438,1367433037.818173
1367433037.967909,1367433037.94597
1367433038.004498,1367433037.975498
1367433038.184236,1367433038.022175
1367433038.194776,1367433038.192979
1367433038.236204,1367433038.20101
1367433038.333784,1367433038.246654
1367433038.451972,1367433038.34717
1367433038.646004,1367433038.465953
1367433038.861563,1367433038.663599
1367433038.937178,1367433038.872688
1367433039.002975,1367433038.948305
1367433039.203009,1367433039.015867
1367433039.326189,1367433039.219155
1367433039.405488,1367433039.338489
1367433039.41708,1367433039.412382
1367433039.436202,1367433039.422966
1367433039.600064,1367433039.451678
1367433039.640935,1367433039.609346
1367433039.72684,1367433039.652119
1367433039.887829,1367433039.743562
1367433039.977119,1367433039.901539
1367433040.101959,1367433039.992398
1367433040.244117,1367433040.11729
1367433040.364248,1367433040.25868
1367433040.429034,1367433040.374569
1367433040.45463,1367433040.435256
1367433040.530374,1367433040.464686
1367433040.612461,1367433040.543213
1367433040.633055,1367433040.619824
1367433040.73144,1367433040.64825
1367433040.938607,1367433040.748522
1367433040.949552,1367433040.94455
1367433041.042438,1367433040.960149
1367433041.275807,1367433041.062369
1367433041.368061,1367433041.290376
1367433041.39039,1367433041.374942
1367433041.44438,1367433041.398944
1367433041.51986,1367433041.449993
1367433041.590179,1367433041.530826
1367433041.604719,1367433041.602009
1367433041.69773,1367433041.616952
1367433041.713185,1367433041.703381
1367433041.786485,1367433041.723334
1367433041.803332,1367433041.792391
1367433041.871923,1367433041.811646
1367433042.101915,1367433041.891037
1367433042.279761,1367433042.115089
1367433042.436383,1367433042.29715
1367433042.45446,1367433042.452784
1367433042.562104,1367433042.468287
1367433042.624344,1367433042.573665
1367433042.81118,1367433042.639432
1367433043.0482,1367433042.827383
1367433043.243648,1367433043.068247
1367433043.251524,1367433043.249411
1367433043.408432,1367433043.261964
1367433043.485746,1367433043.419552
1367433043.509044,1367433043.49183
1367433043.623407,1367433043.521715
1367433043.643199,1367433043.629018
1367433043.734875,1367433043.655008
1367433043.83143,1367433043.747923
1367433044.049732,1367433043.849903
1367433044.147268,1367433044.064183
1367433044.247666,1367433044.161025
1367433044.340115,1367433044.261075
1367433044.422212,1367433044.35258
1367433044.583006,1367433044.438135
1367433044.598661,1367433044.590603
1367433044.608346,1367433044.606759
1367433044.687283,1367433044.619314
1367433044.784512,1367433044.700104
1367433045.299255,1367433044.803098
1367433045.308937,1367433045.306729
1367433045.32001,1367433045.314316
1367433045.353534,1367433045.327247
1367433045.377938,1367433045.359923
1367433045.568642,1367433045.395925
1367433045.602113,1367433045.576846
1367433045.755802,1367433045.618888
1367433045.890998,1367433045.768379
1367433046.094085,1367433045.911274
1367433046.265426,1367433046.11239
1367433046.332647,1367433046.27844
1367433046.389675,1367433046.342492
1367433046.426291,1367433046.397839
1367433046.532421,1367433046.440461
1367433046.544143,1367433046.538766
1367433046.852778,1367433046.557005
1367433046.964346,1367433046.868037
1367433047.119452,1367433046.979735
1367433047.355173,1367433047.139559
1367433047.366698,1367433047.365284
1367433047.55021,1367433047.383005
1367433047.565354,1367433047.557244
1367433047.57044,1367433047.569428
1367433047.630995,1367433047.574209
1367433047.724862,1367433047.638555
1367433048.177444,1367433047.736799
1367433048.566084,1367433048.188995
1367433049.003168,1367433048.636555
1367433049.516502,1367433049.012789
1367433049.764213,1367433049.525436
1367433050.291656,1367433049.775669
1367433050.43378,1367433050.298804
1367433050.643937,1367433050.441797
1367433051.872124,1367433050.659055
1367433052.064101,1367433051.880527
1367433052.426173,1367433052.073601
1367433052.484228,1367433052.431504
1367433052.491238,1367433052.489668
1367433052.544691,1367433052.496034
1367433052.555245,1367433052.5543
1367433053.260642,1367433052.567711
1367433053.326011,1367433053.318045
1367433054.714512,1367433053.33686
1367433054.818058,1367433054.719905
1367433055.782985,1367433054.927588
1367433055.90108,1367433055.789559
1367433056.33514,1367433055.908938
1367433058.066825,1367433056.447286
1367433059.097135,1367433058.177646
1367433059.537081,1367433059.10639
1367433060.832616,1367433059.648936
1367433062.959264,1367433060.951611
1367433064.974307,1367433063.089642
1367433065.195559,1367433065.193896
1367433065.337735,1367433065.20242
1367433066.006039,1367433065.445473
1367433066.095431,1367433066.093937
1367433067.224443,1367433066.205201
1367433067.73371,1367433067.284122
1367433068.196492,1367433067.81547
1367433069.054015,1367433068.269286
1367433069.281755,1367433069.262212
1367433069.441265,1367433069.331823
1367433069.514177,1367433069.513296
1367433069.63393,1367433069.520113
1367433070.151807,1367433069.642152
1367433070.762923,1367433070.270698
1367433071.703556,1367433070.874176
1367433073.472184,1367433071.904319
1367433076.730393,1367433073.646558
1367433078.363794,1367433076.845252
1367433079.41806,1367433078.428749
1367433079.712472,1367433079.523935
1367433079.96695,1367433079.720257
1367433082.21698,1367433079.976824
1367433083.408205,1367433082.338798
1367433083.644366,1367433083.547203
1367433084.791549,1367433083.65811
1367433085.058525,1367433084.800459
1367433087.234899,1367433085.184772
1367433090.150609,1367433087.471484
1367433091.654527,1367433090.263193
1367433092.22305,1367433091.761027
1367433092.549968,1367433092.231947
1367433092.723598,1367433092.605124
1367433094.900489,1367433092.882962
1367433095.57404,1367433094.908836
1367433095.923729,1367433095.725547
1367433096.250547,1367433096.028343
1367433097.082535,1367433096.322792
1367433098.332192,1367433097.19804
1367433099.819497,1367433098.459543
1367433100.005381,1367433100.003041
1367433101.626882,1367433100.18662
1367433105.006399,1367433101.838575
1367433105.793608,1367433105.12064
1367433106.982117,1367433105.971343
1367433107.140886,1367433107.038537
1367433108.182605,1367433107.230296
1367433108.830173,1367433108.269026
1367433110.496353,1367433109.043228
1367433110.727797,1367433110.59112
1367433110.785075,1367433110.781357
1367433111.924851,1367433110.971332
1367433112.132967,1367433111.934004
1367433112.55141,1367433112.143808
1367433113.68516,1367433112.569467
1367433114.529175,1367433113.703371
1367433114.532942,1367433114.532349
1367433114.840017,1367433114.542096
1367433114.894486,1367433114.845854
1367433116.794136,1367433114.912566
1367433117.469684,1367433116.806965
1367433117.595058,1367433117.483656
1367433117.70759,1367433117.609628
1367433117.722466,1367433117.712455
1367433118.555059,1367433117.738001
1367433118.590586,1367433118.564086
1367433118.669523,1367433118.601045
1367433118.701782,1367433118.67698
1367433118.730697,1367433118.708701
1367433118.812512,1367433118.74122
1367433118.924987,1367433118.82765
1367433118.967961,1367433118.933956
1367433119.114549,1367433118.984591
1367433119.15786,1367433119.125182
1367433119.16295,1367433119.162755
1367433119.246436,1367433119.172755
1367433119.342685,1367433119.255606
1367433119.372851,1367433119.35127
1367433119.422922,1367433119.383181
1367433119.43866,1367433119.428751
1367433120.397843,1367433119.455673
1367433120.410238,1367433120.408604
1367433120.488149,1367433120.419835
1367433120.717649,1367433120.506392
1367433121.274317,1367433120.738517
1367433121.593888,1367433121.294172
1367433121.869057,1367433121.608948
1367433121.883778,1367433121.882077
1367433121.9224,1367433121.8921
1367433121.942295,1367433121.940398
1367433122.072617,1367433121.959172
1367433122.380278,1367433122.088929
1367433122.421994,1367433122.387355
1367433122.436506,1367433122.434609
1367433122.493865,1367433122.444723
1367433122.636395,1367433122.511672
1367433122.874873,1367433122.663343
1367433123.113736,1367433122.89364
1367433123.307578,1367433123.131648
1367433123.685095,1367433123.33005
1367433123.700232,1367433123.697835
1367433123.804898,1367433123.714502
1367433123.89421,1367433123.82028
1367433124.156849,1367433123.918066
1367433124.16878,1367433124.167218
1367433124.286213,1367433124.185402
1367433124.295872,1367433124.292798
1367433124.389058,1367433124.307997
1367433124.454117,1367433124.398693
1367433124.47147,1367433124.461029
1367433124.524613,1367433124.479871
1367433124.638339,1367433124.540268
1367433125.501579,1367433124.654977
1367433125.730399,1367433125.522217
1367433125.830264,1367433125.74566
1367433125.970543,1367433125.84739
1367433126.484652,1367433125.991704
1367433127.422371,1367433126.504388
1367433127.435343,1367433127.433585
1367433127.53847,1367433127.452905
1367433127.626035,1367433127.547942
1367433127.695577,1367433127.635631
1367433127.704311,1367433127.699927
1367433127.736529,1367433127.712604
1367433127.790305,1367433127.745792
1367433127.976439,1367433127.81021
1367433127.991848,1367433127.989979
1367433128.1225,1367433128.005481
1367433128.344106,1367433128.144685
1367433128.412759,1367433128.35708
1367433128.58143,1367433128.430041
1367433128.60754,1367433128.588962
1367433128.717216,1367433128.619201
1367433129.301644,1367433128.736692
1367433129.330957,1367433129.310949
1367433129.359948,1367433129.338441
1367433129.467224,1367433129.375476
1367433129.583545,1367433129.481814
1367433129.607338,1367433129.591115
1367433129.6217,1367433129.612979
1367433129.640286,1367433129.628946
1367433129.887509,1367433129.656854
1367433129.985353,1367433129.901115
1367433130.250029,1367433130.006073
1367433130.458713,1367433130.26813
1367433130.577032,1367433130.473005
1367433130.671216,1367433130.590881
1367433130.79193,1367433130.685622
1367433130.890541,1367433130.807344
1367433130.946423,1367433130.902549
1367433131.105306,1367433130.964677
1367433131.157603,1367433131.113587
1367433131.334127,1367433131.173128
1367433131.354885,1367433131.340687
1367433131.36669,1367433131.365537
1367433131.546497,1367433131.38406
1367433131.827747,1367433131.563853
1367433131.854529,1367433131.83797
1367433132.069153,1367433131.870877
1367433132.09342,1367433132.08905
1367433132.175117,1367433132.105264
1367433132.383766,1367433132.188514
1367433132.422685,1367433132.391536
1367433132.485742,1367433132.432025
1367433132.490419,1367433132.489315
1367433132.691954,1367433132.502751
1367433132.726586,1367433132.700997
1367433132.800354,1367433132.73845
1367433132.806273,1367433132.805507
1367433133.066501,1367433132.887076
1367433133.153437,1367433133.07943
1367433133.170839,1367433133.169481
1367433133.214667,1367433133.18038
1367433133.408044,1367433133.232474
1367433133.516376,1367433133.418552
1367433134.17857,1367433133.526955
1367433135.472548,1367433134.288822
1367433135.684592,1367433135.553941
1367433136.270967,1367433135.743646
1367433136.57173,1367433136.352761
1367433136.579585,1367433136.576702
1367433137.888286,1367433136.700145
1367433138.658556,1367433138.009883
1367433139.040522,1367433138.665934
1367433139.249382,1367433139.129961
1367433149.297762,1367433139.437253
1367433149.391034,1367433149.390166
1367433150.805001,1367433149.503902
1367433150.882212,1367433150.863627
1367433151.018364,1367433150.93222
1367433153.876636,1367433151.130591
1367433154.245877,1367433153.931196
1367433154.33718,1367433154.335387
1367433154.553189,1367433154.441437
1367433154.650921,1367433154.558344
1367433156.580195,1367433154.838551
1367433156.916223,1367433156.661967
1367433157.138432,1367433156.997763
1367433157.274565,1367433157.273351
1367433158.718057,1367433157.398543
1367433159.233838,1367433158.908399
1367433160.667626,1367433159.297943
1367433160.915901,1367433160.747934
1367433162.3718,1367433160.974714
1367433163.753948,1367433162.463673
1367433166.6642,1367433164.566843
1367433168.068884,1367433166.769988
1367433168.724434,1367433168.185783
1367433173.570022,1367433168.914981
1367433175.053753,1367433173.794226
1367433176.093336,1367433175.200994
1367433178.099781,1367433176.190815
1367433178.425034,1367433178.206742
1367433179.184018,1367433178.545993
1367433179.641111,1367433179.290014
1367433183.329028,1367433179.828558
1367433184.317116,1367433183.440276
1367433185.871896,1367433184.395199
1367433186.50245,1367433185.994591
1367433188.067121,1367433186.67811
1367433189.120175,1367433188.19401
1367433190.078231,1367433189.160035
1367433190.416288,1367433190.17041
1367433192.337607,1367433190.5178
1367433192.735161,1367433192.425122
1367433193.875175,1367433192.897056
1367433194.580008,1367433193.927084
1367433194.681799,1367433194.681071
1367433196.868857,1367433194.868814
1367433197.999387,1367433197.077226
1367433198.204396,1367433198.041172
1367433200.142937,1367433198.274133
1367433200.662921,1367433200.228316
1367433202.290223,1367433200.838685
1367433202.499786,1367433202.357175
1367433202.673551,1367433202.511928
1367433202.882122,1367433202.694964
1367433202.928975,1367433202.892694
1367433203.016523,1367433202.941212
1367433203.029309,1367433203.028088
1367433203.329712,1367433203.042822
1367433203.421525,1367433203.339803
1367433203.726604,1367433203.442137
1367433203.743128,1367433203.734236
1367433203.788319,1367433203.751985
1367433203.980916,1367433203.804096
1367433204.044732,1367433203.994238
1367433204.132148,1367433204.058833
1367433204.284997,1367433204.150491
1367433204.342113,1367433204.295297
1367433204.415295,1367433204.355312
1367433204.507258,1367433204.427492
1367433204.689698,1367433204.526878
1367433204.833096,1367433204.705717
1367433204.857042,1367433204.839162
1367433204.910534,1367433204.869096
1367433204.922555,1367433204.916934
1367433205.05512,1367433204.938029
1367433205.36811,1367433205.068805
1367433205.496765,1367433205.3842
1367433205.527364,1367433205.506733
1367433205.550236,1367433205.535431
1367433205.570467,1367433205.556072
1367433205.645334,1367433205.581794
1367433205.821212,1367433205.662213
1367433205.830109,1367433205.828595
1367433205.949794,1367433205.842686
1367433205.972032,1367433205.957773
1367433205.990997,1367433205.978716
1367433206.021878,1367433205.997666
1367433206.159512,1367433206.036056
1367433206.206368,1367433206.167973
1367433206.228595,1367433206.226922
1367433206.747621,1367433206.247086
1367433206.823362,1367433206.759726
1367433206.875824,1367433206.83379
1367433206.973963,1367433206.888662
1367433206.981555,1367433206.980065
1367433207.056709,1367433206.992494
1367433207.071894,1367433207.070519
1367433207.089803,1367433207.077948
1367433207.10382,1367433207.094452
1367433207.439379,1367433207.120508
1367433207.585985,1367433207.457721
1367433207.861728,1367433207.606113
1367433208.063207,1367433207.874453
1367433208.30604,1367433208.080064
1367433208.454538,1367433208.322327
1367433208.657736,1367433208.474113
1367433208.680727,1367433208.665242
1367433209.087981,1367433208.698144
1367433209.262557,1367433209.107494
1367433209.308968,1367433209.27233
1367433209.528436,1367433209.329846
1367433209.62375,1367433209.543241
1367433209.802295,1367433209.639575
1367433209.819904,1367433209.811304
1367433209.827242,1367433209.82501
1367433210.041005,1367433209.845973
1367433210.214689,1367433210.060321
1367433210.40611,1367433210.232692
1367433210.805574,1367433210.428241
1367433210.951145,1367433210.821977
1367433211.202045,1367433210.973987
1367433211.405285,1367433211.219839
1367433211.575015,1367433211.423066
1367433211.63564,1367433211.587375
1367433211.670079,1367433211.645258
1367433211.694766,1367433211.677281
1367433211.769983,1367433211.704237
1367433211.866069,1367433211.784016
1367433212.010383,1367433211.880309
1367433212.060119,1367433212.019849
1367433212.114665,1367433212.069552
1367433213.00917,1367433212.1326
1367433213.343725,1367433213.027319
1367433213.451032,1367433213.358817
1367433213.46607,1367433213.45775
1367433213.507109,1367433213.475319
1367433213.705342,1367433213.519886
1367433213.907603,1367433213.725009
1367433213.914896,1367433213.914231
1367433213.944351,1367433213.920602
1367433214.095003,1367433213.959677
1367433214.144053,1367433214.107073
1367433214.286816,1367433214.160935
1367433214.332885,1367433214.296678
1367433214.353374,1367433214.351387
1367433214.420009,1367433214.367049
1367433214.727035,1367433214.436909
1367433214.741016,1367433214.740026
1367433215.388344,1367433214.758976
1367433215.465885,1367433215.401424
1367433215.496699,1367433215.474444
1367433215.604683,1367433215.511621
1367433215.725522,1367433215.616072
1367433215.794588,1367433215.735201
1367433215.95611,1367433215.811114
1367433216.003195,1367433215.966269
1367433216.07827,1367433216.014837
1367433216.143524,1367433216.085784
1367433216.199185,1367433216.154856
1367433216.223666,1367433216.207084
1367433216.479213,1367433216.242191
1367433216.651027,1367433216.499464
1367433216.891134,1367433216.672308
1367433217.269093,1367433216.907494
1367433217.409028,1367433217.286308
1367433217.43067,1367433217.415736
1367433217.459663,1367433217.438639
1367433217.662319,1367433217.473731
1367433218.460812,1367433217.677696
1367433218.474743,1367433218.473405
1367433218.689852,1367433218.483085
1367433220.211352,1367433218.706844
1367433220.388485,1367433220.328516
1367433221.57894,1367433220.509328
1367433222.761404,1367433221.835455
1367433222.868847,1367433222.86785
1367433223.299487,1367433222.987786
1367433225.151964,1367433223.391901
1367433226.885802,1367433225.332147
1367433228.449254,1367433227.105286
1367433230.068278,1367433228.575438
1367433230.534489,1367433230.157845
1367433231.787304,1367433230.63632
1367433233.197371,1367433231.914695
1367433233.454105,1367433233.206145
1367433233.690289,1367433233.46136
1367433234.459586,1367433233.702048
1367433235.437437,1367433234.666446
1367433235.606179,1367433235.604605
1367433235.699529,1367433235.611525
1367433235.906904,1367433235.704162
1367433236.425382,1367433235.967235
1367433236.69791,1367433236.496373
1367433237.880423,1367433236.873762
1367433238.302228,1367433237.974049
1367433240.864898,1367433238.394752
1367433242.030231,1367433240.961146
1367433242.393804,1367433242.184152
1367433242.586305,1367433242.584872
1367433244.113522,1367433242.809682
1367433245.608741,1367433244.239901
1367433247.426597,1367433245.713142
1367433248.555357,1367433247.636824
1367433249.290711,1367433248.666044
1367433250.102909,1367433249.421119
1367433251.196792,1367433250.20026
1367433251.333466,1367433251.298945
1367433253.083175,1367433251.435215
1367433255.382814,1367433253.306762
1367433255.897641,1367433255.49039
1367433257.272575,1367433255.969995
1367433257.797714,1367433257.391432
1367433258.762064,1367433257.859312
1367433259.614876,1367433258.850344
1367433261.216865,1367433259.787492
1367433261.617352,1367433261.335039
1367433264.076136,1367433261.854108
1367433265.239806,1367433264.110922
1367433266.126239,1367433265.334652
1367433267.18432,1367433266.177901
1367433267.192424,1367433267.191244
1367433267.380424,1367433267.27041
1367433267.825799,1367433267.488909
1367433269.991038,1367433267.936816
1367433270.207813,1367433270.106412
1367433270.654185,1367433270.220095
1367433270.772393,1367433270.664744
1367433271.150213,1367433270.784519
1367433271.40125,1367433271.156538
1367433273.15302,1367433271.529064
1367433273.814128,1367433273.254336
1367433275.209025,1367433273.915655
1367433276.399052,1367433275.410729
1367433277.406723,1367433276.448354
1367433277.632687,1367433277.630561
1367433277.799954,1367433277.640275
1367433278.281163,1367433277.849516
1367433278.469679,1367433278.362309
1367433279.555979,1367433278.570344
1367433280.037292,1367433279.664724
1367433280.112182,1367433280.103106
1367433280.171295,1367433280.167411
1367433281.555622,1367433280.370975
1367433281.883794,1367433281.642968
1367433282.716247,1367433281.960971
1367433283.435095,1367433282.875827
1367433284.166998,1367433283.544164
1367433284.6079,1367433284.235188
1367433285.173894,1367433284.717959
1367433285.818043,1367433285.397251
1367433285.868234,1367433285.828567
1367433286.010593,1367433285.883059
1367433286.281397,1367433286.027348
1367433286.482637,1367433286.303136
1367433286.5385,1367433286.496565
1367433286.552001,1367433286.545358
1367433286.564776,1367433286.563715
1367433287.340138,1367433286.580455
1367433287.553835,1367433287.358419
1367433287.563118,1367433287.558981
1367433287.752986,1367433287.584196
1367433287.926287,1367433287.772313
1367433287.944402,1367433287.943109
1367433288.250586,1367433287.957525
1367433288.373586,1367433288.266737
1367433288.436597,1367433288.385149
1367433288.485419,1367433288.445411
1367433288.592836,1367433288.498943
1367433289.326151,1367433288.609019
1367433289.361013,1367433289.335817
1367433289.546838,1367433289.378506
1367433289.556083,1367433289.555365
1367433289.696016,1367433289.570495
1367433289.764214,1367433289.708674
1367433289.81369,1367433289.774166
1367433289.852997,1367433289.820068
1367433290.017996,1367433289.869425
1367433290.032104,1367433290.030076
1367433290.059638,1367433290.041201
1367433290.627852,1367433290.08393
1367433290.718765,1367433290.642139
1367433290.918345,1367433290.737073
1367433290.988702,1367433290.927639
1367433291.092334,1367433291.002773
1367433291.170187,1367433291.105259
1367433291.299418,1367433291.185623
1367433291.421493,1367433291.314453
1367433291.643276,1367433291.437598
1367433291.817384,1367433291.661193
1367433291.849545,1367433291.828604
1367433291.98669,1367433291.866152
1367433292.003989,1367433291.994603
1367433292.141133,1367433292.019663
1367433292.247297,1367433292.154606
1367433292.261834,1367433292.25989
1367433292.288906,1367433292.27072
1367433292.319142,1367433292.297213
1367433292.32732,1367433292.324608
1367433292.44026,1367433292.336246
1367433292.648875,1367433292.460242
1367433292.848595,1367433292.666138
1367433292.925051,1367433292.861432
1367433293.026971,1367433292.937642
1367433293.116841,1367433293.038257
1367433293.26656,1367433293.129042
1367433293.401911,1367433293.28473
1367433293.632428,1367433293.424847
1367433293.650115,1367433293.641853
1367433293.785276,1367433293.667376
1367433293.915947,1367433293.801362
1367433294.143004,1367433293.93691
1367433294.356452,1367433294.165428
1367433294.432452,1367433294.368541
1367433294.608164,1367433294.447235
1367433294.777241,1367433294.625237
1367433294.824951,1367433294.786357
1367433294.904399,1367433294.838971
1367433295.036422,1367433294.92105
1367433295.845161,1367433295.056004
1367433295.899115,1367433295.857772
1367433296.126856,1367433295.917672
1367433296.395358,1367433296.149157
1367433296.709416,1367433296.410775
1367433296.807494,1367433296.723449
1367433296.815176,1367433296.813999
1367433296.891518,1367433296.827072
1367433296.94749,1367433296.901976
1367433296.953517,1367433296.952663
1367433296.95979,1367433296.958713
1367433297.104552,1367433296.972864
1367433297.304353,1367433297.12538
1367433297.331282,1367433297.314257
1367433297.357829,1367433297.338469
1367433297.422775,1367433297.368187
1367433297.653311,1367433297.443504
1367433297.770986,1367433297.668693
1367433297.853498,1367433297.78421
1367433297.991455,1367433297.869707
1367433298.291316,1367433298.012889
1367433298.440848,1367433298.309014
1367433298.458562,1367433298.448254
1367433298.504838,1367433298.46869
1367433298.845091,1367433298.521168
1367433298.914533,1367433298.860385
1367433299.070857,1367433298.934674
1367433299.555466,1367433299.08626
1367433299.581288,1367433299.577166
1367433299.594795,1367433299.593696
1367433299.623956,1367433299.602806
1367433299.768854,1367433299.635468
1367433299.777025,1367433299.773663
1367433300.119655,1367433299.796242
1367433300.178719,1367433300.135044
1367433300.222438,1367433300.189716
1367433300.730849,1367433300.240184
1367433302.206953,1367433300.850014
1367433302.458735,1367433302.216318
1367433302.856453,1367433302.470823
1367433303.00697,1367433302.869424
1367433303.738526,1367433303.021705
1367433303.996054,1367433303.749727
1367433304.110437,1367433304.003809
1367433305.109876,1367433304.127912
1367433306.645752,1367433305.335911
1367433307.219312,1367433306.754324
1367433307.407031,1367433307.301218
1367433308.370207,1367433307.509361
1367433309.583997,1367433308.494116
1367433309.735828,1367433309.617586
1367433309.967991,1367433309.742672
1367433310.498426,1367433310.029184
1367433311.20678,1367433310.512425
1367433311.655416,1367433311.324741
1367433312.668841,1367433311.790747
1367433313.926862,1367433312.790877
1367433314.724152,1367433313.972814
1367433316.559183,1367433314.949011
1367433316.687272,1367433316.575441
1367433318.061041,1367433316.847163
1367433318.593653,1367433318.145423
1367433320.453247,1367433318.83015
1367433321.726602,1367433320.652555
1367433322.403415,1367433321.773642
1367433324.101477,1367433322.526914
1367433324.292723,1367433324.11031
1367433325.900946,1367433324.494069
1367433327.194473,1367433326.136513
1367433327.735695,1367433327.264296
1367433328.846007,1367433327.84495
1367433330.175598,1367433329.079564
1367433330.841013,1367433330.298948
1367433331.119032,1367433330.849439
1367433332.310587,1367433331.228348
1367433333.586127,1367433332.469953
1367433334.071033,1367433333.691518
1367433334.636918,1367433334.128034
1367433334.827035,1367433334.646247
1367433335.271598,1367433334.837406
1367433336.92966,1367433335.385629
1367433338.385882,1367433337.030981
1367433338.609757,1367433338.390208
1367433340.697335,1367433338.738495
1367433342.538551,1367433340.955317
1367433344.008418,1367433342.651086
1367433344.241078,1367433344.089285
1367433345.943274,1367433344.330076
1367433346.829261,1367433345.954061
1367433354.409861,1367433346.988986
1367433355.011071,1367433354.520062
1367433355.229153,1367433355.10478
1367433355.290598,1367433355.289016
1367433355.395307,1367433355.394498
1367433355.656393,1367433355.500969
1367433356.670412,1367433355.752333
1367433357.410553,1367433356.835013
1367433358.900611,1367433357.507961
1367433359.145925,1367433358.933576
1367433359.707901,1367433359.265315
1367433360.657583,1367433359.720963
1367433361.548488,1367433360.668506
1367433363.444059,1367433361.663866
1367433365.271859,1367433363.561145
1367433365.866001,1367433365.412771
1367433367.493017,1367433365.97856
1367433368.734868,1367433367.715581
1367433368.979282,1367433368.824238
1367433369.463209,1367433369.063205
1367433370.44697,1367433369.587449
1367433371.595379,1367433370.575366
1367433372.026607,1367433371.608838
1367433372.666886,1367433372.0452
1367433372.735725,1367433372.6822
1367433372.758727,1367433372.744467
1367433372.806272,1367433372.768024
